[FimsReadDemon             ; 14:23:01] SKT FIMS INF READ DEMON START >>>>> 
[FimsReadDemon             ; 14:23:02]METS Db CONNECTION !! 
[FimsReadDemon             ; 14:23:02]2번>>>> 자재 수량 분배 신규 데이터 없음.
[FimsReadDemon             ; 14:23:02]5번>>>> 인수 승인 신규 데이터 없음.
[FimsReadDemon             ; 14:23:02]METS Db Dis_Conn !! 
[FimsReadDemon             ; 14:23:02]Program End.
[FimsSendDemon             ; 14:27:01] SKT FIMS INF SEND DEMON START >>>>> 
[FimsSendDemon             ; 14:27:02]METS Db CONNECTION !! 
[FimsSendDemon             ; 14:27:03]1번>>>> 납품지시내역 연동 시작: FimsOrdData_20190712142702.dat
[FimsSendDemon             ; 14:27:03]3번>>>> 제조사 배송 정보 신규 데이터 없음
[FimsSendDemon             ; 14:27:03]4번>>>> 제조사 배송 내역 신규 데이터 없음
[FimsSendDemon             ; 14:27:03]METS Db Dis_Conn !! 
[FimsSendDemon             ; 14:27:03]Program End.
[FimsReadDemon             ; 14:33:01] SKT FIMS INF READ DEMON START >>>>> 
[FimsReadDemon             ; 14:33:02]METS Db CONNECTION !! 
[FimsReadDemon             ; 14:33:02]2번>>>> 자재 수량 분배 신규 데이터 없음.
[FimsReadDemon             ; 14:33:02]5번>>>> 인수 승인 신규 데이터 없음.
[FimsReadDemon             ; 14:33:02]METS Db Dis_Conn !! 
[FimsReadDemon             ; 14:33:02]Program End.
[FimsSendDemon             ; 14:35:02] SKT FIMS INF SEND DEMON START >>>>> 
[FimsSendDemon             ; 14:35:03]METS Db CONNECTION !! 
[FimsSendDemon             ; 14:35:04]1번>>>> 납품지시내역 신규 데이터 없음
[FimsSendDemon             ; 14:35:04]3번>>>> 제조사 배송 정보 연동 시작: FimsDeliSco_20190712143504.dat
[FimsSendDemon             ; 14:35:04]4번>>>> 제조사 배송 내역 신규 데이터 없음
[FimsSendDemon             ; 14:35:04]METS Db Dis_Conn !! 
[FimsSendDemon             ; 14:35:04]Program End.
[FimsSendDemon             ; 14:37:01] SKT FIMS INF SEND DEMON START >>>>> 
[FimsSendDemon             ; 14:37:01]METS Db CONNECTION !! 
[FimsSendDemon             ; 14:37:01]1번>>>> 납품지시내역 신규 데이터 없음
[FimsSendDemon             ; 14:37:01]3번>>>> 제조사 배송 정보 신규 데이터 없음
[FimsSendDemon             ; 14:37:01]4번>>>> 제조사 배송 내역 연동 시작: FimsDeliDlvr_20190712143701.dat
[FimsSendDemon             ; 14:37:02]METS Db Dis_Conn !! 
[FimsSendDemon             ; 14:37:02]Program End.
[FimsReadDemon             ; 14:43:01] SKT FIMS INF READ DEMON START >>>>> 
[FimsReadDemon             ; 14:43:02]METS Db CONNECTION !! 
[FimsReadDemon             ; 14:43:02]2번>>>> 자재 수량 분배 신규 데이터 없음.
[FimsReadDemon             ; 14:43:02]5번>>>> 인수 승인 신규 데이터 없음.
[FimsReadDemon             ; 14:43:02]METS Db Dis_Conn !! 
[FimsReadDemon             ; 14:43:02]Program End.
[FimsSendDemon             ; 14:47:00] SKT FIMS INF SEND DEMON START >>>>> 
[FimsSendDemon             ; 14:47:01]METS Db CONNECTION !! 
[FimsSendDemon             ; 14:47:01]1번>>>> 납품지시내역 신규 데이터 없음
[FimsSendDemon             ; 14:47:01]3번>>>> 제조사 배송 정보 신규 데이터 없음
[FimsSendDemon             ; 14:47:01]4번>>>> 제조사 배송 내역 신규 데이터 없음
[FimsSendDemon             ; 14:47:01]METS Db Dis_Conn !! 
[FimsSendDemon             ; 14:47:01]Program End.
[FimsReadDemon             ; 14:53:01] SKT FIMS INF READ DEMON START >>>>> 
[FimsReadDemon             ; 14:53:02]METS Db CONNECTION !! 
[FimsReadDemon             ; 14:53:02]2번>>>> 자재 수량 분배 신규 데이터 없음.
[FimsReadDemon             ; 14:53:02]5번>>>> 인수 승인 신규 데이터 없음.
[FimsReadDemon             ; 14:53:02]METS Db Dis_Conn !! 
[FimsReadDemon             ; 14:53:02]Program End.
[FimsReadDemon             ; 15:03:01] SKT FIMS INF READ DEMON START >>>>> 
[FimsReadDemon             ; 15:03:02]METS Db CONNECTION !! 
[FimsReadDemon             ; 15:03:02]2번>>>> 자재 수량 분배 신규 데이터 없음.
[FimsReadDemon             ; 15:03:02]5번>>>> 인수 승인 신규 데이터 없음.
[FimsReadDemon             ; 15:03:02]METS Db Dis_Conn !! 
[FimsReadDemon             ; 15:03:02]Program End.
[FimsSendDemon             ; 15:05:02] SKT FIMS INF SEND DEMON START >>>>> 
[FimsSendDemon             ; 15:05:04]METS Db CONNECTION !! 
[FimsSendDemon             ; 15:05:04]1번>>>> 납품지시내역 신규 데이터 없음
[FimsSendDemon             ; 15:05:04]3번>>>> 제조사 배송 정보 신규 데이터 없음
[FimsSendDemon             ; 15:05:04]4번>>>> 제조사 배송 내역 신규 데이터 없음
[FimsSendDemon             ; 15:05:04]METS Db Dis_Conn !! 
[FimsSendDemon             ; 15:05:04]Program End.
[FimsReadDemon             ; 15:13:02] SKT FIMS INF READ DEMON START >>>>> 
[FimsReadDemon             ; 15:13:03]METS Db CONNECTION !! 
[FimsReadDemon             ; 15:13:03]2번>>>> 자재 수량 분배 신규 데이터 없음.
[FimsReadDemon             ; 15:13:03]5번>>>> 인수 승인 신규 데이터 없음.
[FimsReadDemon             ; 15:13:03]METS Db Dis_Conn !! 
[FimsReadDemon             ; 15:13:03]Program End.
[FimsReadDemon             ; 15:23:02] SKT FIMS INF READ DEMON START >>>>> 
[FimsReadDemon             ; 15:23:02]METS Db CONNECTION !! 
[FimsReadDemon             ; 15:23:03]2번>>>> 자재 수량 분배 신규 데이터 없음.
[FimsReadDemon             ; 15:23:03]5번>>>> 인수 승인 신규 데이터 없음.
[FimsReadDemon             ; 15:23:03]METS Db Dis_Conn !! 
[FimsReadDemon             ; 15:23:03]Program End.
[FimsReadDemon             ; 15:33:02] SKT FIMS INF READ DEMON START >>>>> 
[FimsReadDemon             ; 15:33:03]METS Db CONNECTION !! 
[FimsReadDemon             ; 15:33:03]2번>>>> 자재 수량 분배 신규 데이터 없음.
[FimsReadDemon             ; 15:33:03]5번>>>> 인수 승인 신규 데이터 없음.
[FimsReadDemon             ; 15:33:03]METS Db Dis_Conn !! 
[FimsReadDemon             ; 15:33:03]Program End.
[FimsSendDemon             ; 15:35:01] SKT FIMS INF SEND DEMON START >>>>> 
[FimsSendDemon             ; 15:35:03]METS Db CONNECTION !! 
[FimsSendDemon             ; 15:35:03]1번>>>> 납품지시내역 신규 데이터 없음
[FimsSendDemon             ; 15:35:03]3번>>>> 제조사 배송 정보 신규 데이터 없음
[FimsSendDemon             ; 15:35:03]4번>>>> 제조사 배송 내역 신규 데이터 없음
[FimsSendDemon             ; 15:35:03]METS Db Dis_Conn !! 
[FimsSendDemon             ; 15:35:03]Program End.
[FimsReadDemon             ; 15:43:01] SKT FIMS INF READ DEMON START >>>>> 
[FimsReadDemon             ; 15:43:02]METS Db CONNECTION !! 
[FimsReadDemon             ; 15:43:02]2번>>>> 자재 수량 분배 신규 데이터 없음.
[FimsReadDemon             ; 15:43:02]5번>>>> 인수 승인 신규 데이터 없음.
[FimsReadDemon             ; 15:43:02]METS Db Dis_Conn !! 
[FimsReadDemon             ; 15:43:02]Program End.
[FimsReadDemon             ; 15:53:01] SKT FIMS INF READ DEMON START >>>>> 
[FimsReadDemon             ; 15:53:02]METS Db CONNECTION !! 
[FimsReadDemon             ; 15:53:02]2번>>>> 자재 수량 분배 신규 데이터 없음.
[FimsReadDemon             ; 15:53:02]5번>>>> 인수 승인 신규 데이터 없음.
[FimsReadDemon             ; 15:53:02]METS Db Dis_Conn !! 
[FimsReadDemon             ; 15:53:02]Program End.
[FimsReadDemon             ; 16:03:02] SKT FIMS INF READ DEMON START >>>>> 
[FimsReadDemon             ; 16:03:03]METS Db CONNECTION !! 
[FimsReadDemon             ; 16:03:03]2번>>>> 자재 수량 분배 신규 데이터 없음.
[FimsReadDemon             ; 16:03:03]5번>>>> 인수 승인 신규 데이터 없음.
[FimsReadDemon             ; 16:03:03]METS Db Dis_Conn !! 
[FimsReadDemon             ; 16:03:03]Program End.
[FimsSendDemon             ; 16:05:02] SKT FIMS INF SEND DEMON START >>>>> 
[FimsSendDemon             ; 16:05:03]METS Db CONNECTION !! 
[FimsSendDemon             ; 16:05:04]1번>>>> 납품지시내역 신규 데이터 없음
[FimsSendDemon             ; 16:05:04]3번>>>> 제조사 배송 정보 신규 데이터 없음
[FimsSendDemon             ; 16:05:04]4번>>>> 제조사 배송 내역 신규 데이터 없음
[FimsSendDemon             ; 16:05:04]METS Db Dis_Conn !! 
[FimsSendDemon             ; 16:05:04]Program End.
[FimsReadDemon             ; 16:13:01] SKT FIMS INF READ DEMON START >>>>> 
[FimsReadDemon             ; 16:13:02]METS Db CONNECTION !! 
[FimsReadDemon             ; 16:13:02]2번>>>> 자재 수량 분배 신규 데이터 없음.
[FimsReadDemon             ; 16:13:02]5번>>>> 인수 승인 신규 데이터 없음.
[FimsReadDemon             ; 16:13:02]METS Db Dis_Conn !! 
[FimsReadDemon             ; 16:13:02]Program End.
[FimsReadDemon             ; 16:23:02] SKT FIMS INF READ DEMON START >>>>> 
[FimsReadDemon             ; 16:23:02]METS Db CONNECTION !! 
[FimsReadDemon             ; 16:23:02]2번>>>> 자재 수량 분배 신규 데이터 없음.
[FimsReadDemon             ; 16:23:03]5번>>>> 인수 승인 신규 데이터 없음.
[FimsReadDemon             ; 16:23:03]METS Db Dis_Conn !! 
[FimsReadDemon             ; 16:23:03]Program End.
[FimsReadDemon             ; 16:33:02] SKT FIMS INF READ DEMON START >>>>> 
[FimsReadDemon             ; 16:33:03]METS Db CONNECTION !! 
[FimsReadDemon             ; 16:33:03]2번>>>> 자재 수량 분배 신규 데이터 없음.
[FimsReadDemon             ; 16:33:03]5번>>>> 인수 승인 신규 데이터 없음.
[FimsReadDemon             ; 16:33:03]METS Db Dis_Conn !! 
[FimsReadDemon             ; 16:33:03]Program End.
[FimsSendDemon             ; 16:35:02] SKT FIMS INF SEND DEMON START >>>>> 
[FimsSendDemon             ; 16:35:03]METS Db CONNECTION !! 
[FimsSendDemon             ; 16:35:04]1번>>>> 납품지시내역 신규 데이터 없음
[FimsSendDemon             ; 16:35:04]3번>>>> 제조사 배송 정보 신규 데이터 없음
[FimsSendDemon             ; 16:35:04]4번>>>> 제조사 배송 내역 신규 데이터 없음
[FimsSendDemon             ; 16:35:04]METS Db Dis_Conn !! 
[FimsSendDemon             ; 16:35:04]Program End.
[FimsReadDemon             ; 16:43:02] SKT FIMS INF READ DEMON START >>>>> 
[FimsReadDemon             ; 16:43:03]METS Db CONNECTION !! 
[FimsReadDemon             ; 16:43:03]2번>>>> 자재 수량 분배 신규 데이터 없음.
[FimsReadDemon             ; 16:43:03]5번>>>> 인수 승인 신규 데이터 없음.
[FimsReadDemon             ; 16:43:03]METS Db Dis_Conn !! 
[FimsReadDemon             ; 16:43:03]Program End.
[FimsReadDemon             ; 16:53:02] SKT FIMS INF READ DEMON START >>>>> 
[FimsReadDemon             ; 16:53:02]METS Db CONNECTION !! 
[FimsReadDemon             ; 16:53:03]2번>>>> 자재 수량 분배 신규 데이터 없음.
[FimsReadDemon             ; 16:53:03]5번>>>> 인수 승인 신규 데이터 없음.
[FimsReadDemon             ; 16:53:03]METS Db Dis_Conn !! 
[FimsReadDemon             ; 16:53:03]Program End.
[FimsReadDemon             ; 17:03:02] SKT FIMS INF READ DEMON START >>>>> 
[FimsReadDemon             ; 17:03:03]METS Db CONNECTION !! 
[FimsReadDemon             ; 17:03:03]2번>>>> 자재 수량 분배 신규 데이터 없음.
[FimsReadDemon             ; 17:03:03]5번>>>> 인수 승인 신규 데이터 없음.
[FimsReadDemon             ; 17:03:03]METS Db Dis_Conn !! 
[FimsReadDemon             ; 17:03:03]Program End.
[FimsSendDemon             ; 17:05:02] SKT FIMS INF SEND DEMON START >>>>> 
[FimsSendDemon             ; 17:05:03]METS Db CONNECTION !! 
[FimsSendDemon             ; 17:05:04]1번>>>> 납품지시내역 신규 데이터 없음
[FimsSendDemon             ; 17:05:04]3번>>>> 제조사 배송 정보 신규 데이터 없음
[FimsSendDemon             ; 17:05:04]4번>>>> 제조사 배송 내역 신규 데이터 없음
[FimsSendDemon             ; 17:05:04]METS Db Dis_Conn !! 
[FimsSendDemon             ; 17:05:04]Program End.
[FimsReadDemon             ; 17:13:02] SKT FIMS INF READ DEMON START >>>>> 
[FimsReadDemon             ; 17:13:03]METS Db CONNECTION !! 
[FimsReadDemon             ; 17:13:03]2번>>>> 자재 수량 분배 신규 데이터 없음.
[FimsReadDemon             ; 17:13:03]5번>>>> 인수 승인 신규 데이터 없음.
[FimsReadDemon             ; 17:13:03]METS Db Dis_Conn !! 
[FimsReadDemon             ; 17:13:03]Program End.
[FimsReadDemon             ; 17:23:01] SKT FIMS INF READ DEMON START >>>>> 
[FimsReadDemon             ; 17:23:02]METS Db CONNECTION !! 
[FimsReadDemon             ; 17:23:03]2번>>>> 자재 수량 분배 신규 데이터 없음.
[FimsReadDemon             ; 17:23:03]5번>>>> 인수 승인 신규 데이터 없음.
[FimsReadDemon             ; 17:23:03]METS Db Dis_Conn !! 
[FimsReadDemon             ; 17:23:03]Program End.
[FimsReadDemon             ; 17:33:01] SKT FIMS INF READ DEMON START >>>>> 
[FimsReadDemon             ; 17:33:02]METS Db CONNECTION !! 
[FimsReadDemon             ; 17:33:02]2번>>>> 자재 수량 분배 신규 데이터 없음.
[FimsReadDemon             ; 17:33:02]5번>>>> 인수 승인 신규 데이터 없음.
[FimsReadDemon             ; 17:33:02]METS Db Dis_Conn !! 
[FimsReadDemon             ; 17:33:02]Program End.
[FimsSendDemon             ; 17:35:02] SKT FIMS INF SEND DEMON START >>>>> 
[FimsSendDemon             ; 17:35:03]METS Db CONNECTION !! 
[FimsSendDemon             ; 17:35:04]1번>>>> 납품지시내역 신규 데이터 없음
[FimsSendDemon             ; 17:35:04]3번>>>> 제조사 배송 정보 신규 데이터 없음
[FimsSendDemon             ; 17:35:04]4번>>>> 제조사 배송 내역 신규 데이터 없음
[FimsSendDemon             ; 17:35:04]METS Db Dis_Conn !! 
[FimsSendDemon             ; 17:35:04]Program End.
[FimsReadDemon             ; 17:43:01] SKT FIMS INF READ DEMON START >>>>> 
[FimsReadDemon             ; 17:43:02]METS Db CONNECTION !! 
[FimsReadDemon             ; 17:43:02]2번>>>> 자재 수량 분배 신규 데이터 없음.
[FimsReadDemon             ; 17:43:02]5번>>>> 인수 승인 신규 데이터 없음.
[FimsReadDemon             ; 17:43:03]METS Db Dis_Conn !! 
[FimsReadDemon             ; 17:43:03]Program End.
[FimsReadDemon             ; 17:53:01] SKT FIMS INF READ DEMON START >>>>> 
[FimsReadDemon             ; 17:53:02]METS Db CONNECTION !! 
[FimsReadDemon             ; 17:53:02]2번>>>> 자재 수량 분배 신규 데이터 없음.
[FimsReadDemon             ; 17:53:02]5번>>>> 인수 승인 신규 데이터 없음.
[FimsReadDemon             ; 17:53:02]METS Db Dis_Conn !! 
[FimsReadDemon             ; 17:53:02]Program End.
[FimsReadDemon             ; 18:03:01] SKT FIMS INF READ DEMON START >>>>> 
[FimsReadDemon             ; 18:03:02]METS Db CONNECTION !! 
[FimsReadDemon             ; 18:03:02]2번>>>> 자재 수량 분배 신규 데이터 없음.
[FimsReadDemon             ; 18:03:03]5번>>>> 인수 승인 신규 데이터 없음.
[FimsReadDemon             ; 18:03:03]METS Db Dis_Conn !! 
[FimsReadDemon             ; 18:03:03]Program End.
[FimsSendDemon             ; 18:05:01] SKT FIMS INF SEND DEMON START >>>>> 
[FimsSendDemon             ; 18:05:03]METS Db CONNECTION !! 
[FimsSendDemon             ; 18:05:03]1번>>>> 납품지시내역 신규 데이터 없음
[FimsSendDemon             ; 18:05:03]3번>>>> 제조사 배송 정보 신규 데이터 없음
[FimsSendDemon             ; 18:05:03]4번>>>> 제조사 배송 내역 신규 데이터 없음
[FimsSendDemon             ; 18:05:03]METS Db Dis_Conn !! 
[FimsSendDemon             ; 18:05:03]Program End.
[FimsReadDemon             ; 18:13:01] SKT FIMS INF READ DEMON START >>>>> 
[FimsReadDemon             ; 18:13:02]METS Db CONNECTION !! 
[FimsReadDemon             ; 18:13:02]2번>>>> 자재 수량 분배 신규 데이터 없음.
[FimsReadDemon             ; 18:13:02]5번>>>> 인수 승인 신규 데이터 없음.
[FimsReadDemon             ; 18:13:02]METS Db Dis_Conn !! 
[FimsReadDemon             ; 18:13:02]Program End.
[FimsReadDemon             ; 18:23:02] SKT FIMS INF READ DEMON START >>>>> 
[FimsReadDemon             ; 18:23:02]METS Db CONNECTION !! 
[FimsReadDemon             ; 18:23:03]2번>>>> 자재 수량 분배 신규 데이터 없음.
[FimsReadDemon             ; 18:23:03]5번>>>> 인수 승인 신규 데이터 없음.
[FimsReadDemon             ; 18:23:03]METS Db Dis_Conn !! 
[FimsReadDemon             ; 18:23:03]Program End.
[FimsReadDemon             ; 18:33:02] SKT FIMS INF READ DEMON START >>>>> 
[FimsReadDemon             ; 18:33:03]METS Db CONNECTION !! 
[FimsReadDemon             ; 18:33:03]2번>>>> 자재 수량 분배 신규 데이터 없음.
[FimsReadDemon             ; 18:33:03]5번>>>> 인수 승인 신규 데이터 없음.
[FimsReadDemon             ; 18:33:03]METS Db Dis_Conn !! 
[FimsReadDemon             ; 18:33:03]Program End.
[FimsSendDemon             ; 18:35:02] SKT FIMS INF SEND DEMON START >>>>> 
[FimsSendDemon             ; 18:35:03]METS Db CONNECTION !! 
[FimsSendDemon             ; 18:35:04]1번>>>> 납품지시내역 신규 데이터 없음
[FimsSendDemon             ; 18:35:04]3번>>>> 제조사 배송 정보 신규 데이터 없음
[FimsSendDemon             ; 18:35:04]4번>>>> 제조사 배송 내역 신규 데이터 없음
[FimsSendDemon             ; 18:35:04]METS Db Dis_Conn !! 
[FimsSendDemon             ; 18:35:04]Program End.
[FimsReadDemon             ; 18:43:02] SKT FIMS INF READ DEMON START >>>>> 
[FimsReadDemon             ; 18:43:03]METS Db CONNECTION !! 
[FimsReadDemon             ; 18:43:03]2번>>>> 자재 수량 분배 신규 데이터 없음.
[FimsReadDemon             ; 18:43:03]5번>>>> 인수 승인 신규 데이터 없음.
[FimsReadDemon             ; 18:43:03]METS Db Dis_Conn !! 
[FimsReadDemon             ; 18:43:03]Program End.
[FimsReadDemon             ; 18:53:02] SKT FIMS INF READ DEMON START >>>>> 
[FimsReadDemon             ; 18:53:03]METS Db CONNECTION !! 
[FimsReadDemon             ; 18:53:03]2번>>>> 자재 수량 분배 신규 데이터 없음.
[FimsReadDemon             ; 18:53:03]5번>>>> 인수 승인 신규 데이터 없음.
[FimsReadDemon             ; 18:53:03]METS Db Dis_Conn !! 
[FimsReadDemon             ; 18:53:03]Program End.
[FimsReadDemon             ; 19:03:02] SKT FIMS INF READ DEMON START >>>>> 
[FimsReadDemon             ; 19:03:02]METS Db CONNECTION !! 
[FimsReadDemon             ; 19:03:02]2번>>>> 자재 수량 분배 신규 데이터 없음.
[FimsReadDemon             ; 19:03:03]5번>>>> 인수 승인 신규 데이터 없음.
[FimsReadDemon             ; 19:03:03]METS Db Dis_Conn !! 
[FimsReadDemon             ; 19:03:03]Program End.
[FimsSendDemon             ; 19:05:02] SKT FIMS INF SEND DEMON START >>>>> 
[FimsSendDemon             ; 19:05:03]METS Db CONNECTION !! 
[FimsSendDemon             ; 19:05:03]1번>>>> 납품지시내역 신규 데이터 없음
[FimsSendDemon             ; 19:05:03]3번>>>> 제조사 배송 정보 신규 데이터 없음
[FimsSendDemon             ; 19:05:04]4번>>>> 제조사 배송 내역 신규 데이터 없음
[FimsSendDemon             ; 19:05:04]METS Db Dis_Conn !! 
[FimsSendDemon             ; 19:05:04]Program End.
[FimsReadDemon             ; 19:13:01] SKT FIMS INF READ DEMON START >>>>> 
[FimsReadDemon             ; 19:13:02]METS Db CONNECTION !! 
[FimsReadDemon             ; 19:13:02]2번>>>> 자재 수량 분배 신규 데이터 없음.
[FimsReadDemon             ; 19:13:02]5번>>>> 인수 승인 신규 데이터 없음.
[FimsReadDemon             ; 19:13:02]METS Db Dis_Conn !! 
[FimsReadDemon             ; 19:13:02]Program End.
[FimsReadDemon             ; 19:23:02] SKT FIMS INF READ DEMON START >>>>> 
[FimsReadDemon             ; 19:23:02]METS Db CONNECTION !! 
[FimsReadDemon             ; 19:23:02]2번>>>> 자재 수량 분배 신규 데이터 없음.
[FimsReadDemon             ; 19:23:03]5번>>>> 인수 승인 신규 데이터 없음.
[FimsReadDemon             ; 19:23:03]METS Db Dis_Conn !! 
[FimsReadDemon             ; 19:23:03]Program End.
[FimsReadDemon             ; 19:33:01] SKT FIMS INF READ DEMON START >>>>> 
[FimsReadDemon             ; 19:33:02]METS Db CONNECTION !! 
[FimsReadDemon             ; 19:33:02]2번>>>> 자재 수량 분배 신규 데이터 없음.
[FimsReadDemon             ; 19:33:02]5번>>>> 인수 승인 신규 데이터 없음.
[FimsReadDemon             ; 19:33:02]METS Db Dis_Conn !! 
[FimsReadDemon             ; 19:33:02]Program End.
[FimsSendDemon             ; 19:35:02] SKT FIMS INF SEND DEMON START >>>>> 
[FimsSendDemon             ; 19:35:03]METS Db CONNECTION !! 
[FimsSendDemon             ; 19:35:04]1번>>>> 납품지시내역 신규 데이터 없음
[FimsSendDemon             ; 19:35:04]3번>>>> 제조사 배송 정보 신규 데이터 없음
[FimsSendDemon             ; 19:35:04]4번>>>> 제조사 배송 내역 신규 데이터 없음
[FimsSendDemon             ; 19:35:04]METS Db Dis_Conn !! 
[FimsSendDemon             ; 19:35:04]Program End.
[FimsReadDemon             ; 19:43:02] SKT FIMS INF READ DEMON START >>>>> 
[FimsReadDemon             ; 19:43:02]METS Db CONNECTION !! 
[FimsReadDemon             ; 19:43:03]2번>>>> 자재 수량 분배 신규 데이터 없음.
[FimsReadDemon             ; 19:43:03]5번>>>> 인수 승인 신규 데이터 없음.
[FimsReadDemon             ; 19:43:03]METS Db Dis_Conn !! 
[FimsReadDemon             ; 19:43:03]Program End.
[FimsReadDemon             ; 19:53:02] SKT FIMS INF READ DEMON START >>>>> 
[FimsReadDemon             ; 19:53:03]METS Db CONNECTION !! 
[FimsReadDemon             ; 19:53:03]2번>>>> 자재 수량 분배 신규 데이터 없음.
[FimsReadDemon             ; 19:53:03]5번>>>> 인수 승인 신규 데이터 없음.
[FimsReadDemon             ; 19:53:03]METS Db Dis_Conn !! 
[FimsReadDemon             ; 19:53:03]Program End.
[FimsReadDemon             ; 20:03:02] SKT FIMS INF READ DEMON START >>>>> 
[FimsReadDemon             ; 20:03:03]METS Db CONNECTION !! 
[FimsReadDemon             ; 20:03:03]2번>>>> 자재 수량 분배 신규 데이터 없음.
[FimsReadDemon             ; 20:03:03]5번>>>> 인수 승인 신규 데이터 없음.
[FimsReadDemon             ; 20:03:03]METS Db Dis_Conn !! 
[FimsReadDemon             ; 20:03:03]Program End.
[FimsSendDemon             ; 20:05:01] SKT FIMS INF SEND DEMON START >>>>> 
[FimsSendDemon             ; 20:05:03]METS Db CONNECTION !! 
[FimsSendDemon             ; 20:05:03]1번>>>> 납품지시내역 신규 데이터 없음
[FimsSendDemon             ; 20:05:03]3번>>>> 제조사 배송 정보 신규 데이터 없음
[FimsSendDemon             ; 20:05:03]4번>>>> 제조사 배송 내역 신규 데이터 없음
[FimsSendDemon             ; 20:05:03]METS Db Dis_Conn !! 
[FimsSendDemon             ; 20:05:03]Program End.
[FimsReadDemon             ; 20:13:01] SKT FIMS INF READ DEMON START >>>>> 
[FimsReadDemon             ; 20:13:02]METS Db CONNECTION !! 
[FimsReadDemon             ; 20:13:02]2번>>>> 자재 수량 분배 신규 데이터 없음.
[FimsReadDemon             ; 20:13:02]5번>>>> 인수 승인 신규 데이터 없음.
[FimsReadDemon             ; 20:13:02]METS Db Dis_Conn !! 
[FimsReadDemon             ; 20:13:02]Program End.
[FimsReadDemon             ; 20:23:01] SKT FIMS INF READ DEMON START >>>>> 
[FimsReadDemon             ; 20:23:02]METS Db CONNECTION !! 
[FimsReadDemon             ; 20:23:02]2번>>>> 자재 수량 분배 신규 데이터 없음.
[FimsReadDemon             ; 20:23:02]5번>>>> 인수 승인 신규 데이터 없음.
[FimsReadDemon             ; 20:23:02]METS Db Dis_Conn !! 
[FimsReadDemon             ; 20:23:02]Program End.
[FimsReadDemon             ; 20:33:02] SKT FIMS INF READ DEMON START >>>>> 
[FimsReadDemon             ; 20:33:03]METS Db CONNECTION !! 
[FimsReadDemon             ; 20:33:03]2번>>>> 자재 수량 분배 신규 데이터 없음.
[FimsReadDemon             ; 20:33:03]5번>>>> 인수 승인 신규 데이터 없음.
[FimsReadDemon             ; 20:33:03]METS Db Dis_Conn !! 
[FimsReadDemon             ; 20:33:03]Program End.
[FimsSendDemon             ; 20:35:01] SKT FIMS INF SEND DEMON START >>>>> 
[FimsSendDemon             ; 20:35:03]METS Db CONNECTION !! 
[FimsSendDemon             ; 20:35:03]1번>>>> 납품지시내역 신규 데이터 없음
[FimsSendDemon             ; 20:35:03]3번>>>> 제조사 배송 정보 신규 데이터 없음
[FimsSendDemon             ; 20:35:03]4번>>>> 제조사 배송 내역 신규 데이터 없음
[FimsSendDemon             ; 20:35:03]METS Db Dis_Conn !! 
[FimsSendDemon             ; 20:35:03]Program End.
[FimsReadDemon             ; 20:43:01] SKT FIMS INF READ DEMON START >>>>> 
[FimsReadDemon             ; 20:43:02]METS Db CONNECTION !! 
[FimsReadDemon             ; 20:43:02]2번>>>> 자재 수량 분배 신규 데이터 없음.
[FimsReadDemon             ; 20:43:02]5번>>>> 인수 승인 신규 데이터 없음.
[FimsReadDemon             ; 20:43:02]METS Db Dis_Conn !! 
[FimsReadDemon             ; 20:43:02]Program End.
[FimsReadDemon             ; 20:53:01] SKT FIMS INF READ DEMON START >>>>> 
[FimsReadDemon             ; 20:53:02]METS Db CONNECTION !! 
[FimsReadDemon             ; 20:53:02]2번>>>> 자재 수량 분배 신규 데이터 없음.
[FimsReadDemon             ; 20:53:02]5번>>>> 인수 승인 신규 데이터 없음.
[FimsReadDemon             ; 20:53:02]METS Db Dis_Conn !! 
[FimsReadDemon             ; 20:53:02]Program End.
[FimsReadDemon             ; 21:03:02] SKT FIMS INF READ DEMON START >>>>> 
[FimsReadDemon             ; 21:03:03]METS Db CONNECTION !! 
[FimsReadDemon             ; 21:03:03]2번>>>> 자재 수량 분배 신규 데이터 없음.
[FimsReadDemon             ; 21:03:03]5번>>>> 인수 승인 신규 데이터 없음.
[FimsReadDemon             ; 21:03:03]METS Db Dis_Conn !! 
[FimsReadDemon             ; 21:03:03]Program End.
[FimsSendDemon             ; 21:05:02] SKT FIMS INF SEND DEMON START >>>>> 
[FimsSendDemon             ; 21:05:04]METS Db CONNECTION !! 
[FimsSendDemon             ; 21:05:04]1번>>>> 납품지시내역 신규 데이터 없음
[FimsSendDemon             ; 21:05:04]3번>>>> 제조사 배송 정보 신규 데이터 없음
[FimsSendDemon             ; 21:05:04]4번>>>> 제조사 배송 내역 신규 데이터 없음
[FimsSendDemon             ; 21:05:04]METS Db Dis_Conn !! 
[FimsSendDemon             ; 21:05:04]Program End.
[FimsReadDemon             ; 21:13:02] SKT FIMS INF READ DEMON START >>>>> 
[FimsReadDemon             ; 21:13:03]METS Db CONNECTION !! 
[FimsReadDemon             ; 21:13:03]2번>>>> 자재 수량 분배 신규 데이터 없음.
[FimsReadDemon             ; 21:13:03]5번>>>> 인수 승인 신규 데이터 없음.
[FimsReadDemon             ; 21:13:03]METS Db Dis_Conn !! 
[FimsReadDemon             ; 21:13:03]Program End.
[FimsReadDemon             ; 21:23:01] SKT FIMS INF READ DEMON START >>>>> 
[FimsReadDemon             ; 21:23:02]METS Db CONNECTION !! 
[FimsReadDemon             ; 21:23:02]2번>>>> 자재 수량 분배 신규 데이터 없음.
[FimsReadDemon             ; 21:23:02]5번>>>> 인수 승인 신규 데이터 없음.
[FimsReadDemon             ; 21:23:02]METS Db Dis_Conn !! 
[FimsReadDemon             ; 21:23:02]Program End.
[FimsReadDemon             ; 21:33:02] SKT FIMS INF READ DEMON START >>>>> 
[FimsReadDemon             ; 21:33:03]METS Db CONNECTION !! 
[FimsReadDemon             ; 21:33:03]2번>>>> 자재 수량 분배 신규 데이터 없음.
[FimsReadDemon             ; 21:33:03]5번>>>> 인수 승인 신규 데이터 없음.
[FimsReadDemon             ; 21:33:03]METS Db Dis_Conn !! 
[FimsReadDemon             ; 21:33:03]Program End.
[FimsSendDemon             ; 21:35:01] SKT FIMS INF SEND DEMON START >>>>> 
[FimsSendDemon             ; 21:35:03]METS Db CONNECTION !! 
[FimsSendDemon             ; 21:35:03]1번>>>> 납품지시내역 신규 데이터 없음
[FimsSendDemon             ; 21:35:04]3번>>>> 제조사 배송 정보 신규 데이터 없음
[FimsSendDemon             ; 21:35:04]4번>>>> 제조사 배송 내역 신규 데이터 없음
[FimsSendDemon             ; 21:35:04]METS Db Dis_Conn !! 
[FimsSendDemon             ; 21:35:04]Program End.
[FimsReadDemon             ; 21:43:01] SKT FIMS INF READ DEMON START >>>>> 
[FimsReadDemon             ; 21:43:02]METS Db CONNECTION !! 
[FimsReadDemon             ; 21:43:02]2번>>>> 자재 수량 분배 신규 데이터 없음.
[FimsReadDemon             ; 21:43:02]5번>>>> 인수 승인 신규 데이터 없음.
[FimsReadDemon             ; 21:43:02]METS Db Dis_Conn !! 
[FimsReadDemon             ; 21:43:02]Program End.
[FimsReadDemon             ; 21:53:01] SKT FIMS INF READ DEMON START >>>>> 
[FimsReadDemon             ; 21:53:02]METS Db CONNECTION !! 
[FimsReadDemon             ; 21:53:02]2번>>>> 자재 수량 분배 신규 데이터 없음.
[FimsReadDemon             ; 21:53:02]5번>>>> 인수 승인 신규 데이터 없음.
[FimsReadDemon             ; 21:53:02]METS Db Dis_Conn !! 
[FimsReadDemon             ; 21:53:02]Program End.
[FimsReadDemon             ; 22:03:01] SKT FIMS INF READ DEMON START >>>>> 
[FimsReadDemon             ; 22:03:02]METS Db CONNECTION !! 
[FimsReadDemon             ; 22:03:02]2번>>>> 자재 수량 분배 신규 데이터 없음.
[FimsReadDemon             ; 22:03:02]5번>>>> 인수 승인 신규 데이터 없음.
[FimsReadDemon             ; 22:03:02]METS Db Dis_Conn !! 
[FimsReadDemon             ; 22:03:02]Program End.
[FimsSendDemon             ; 22:05:02] SKT FIMS INF SEND DEMON START >>>>> 
[FimsSendDemon             ; 22:05:03]METS Db CONNECTION !! 
[FimsSendDemon             ; 22:05:04]1번>>>> 납품지시내역 신규 데이터 없음
[FimsSendDemon             ; 22:05:04]3번>>>> 제조사 배송 정보 신규 데이터 없음
[FimsSendDemon             ; 22:05:04]4번>>>> 제조사 배송 내역 신규 데이터 없음
[FimsSendDemon             ; 22:05:04]METS Db Dis_Conn !! 
[FimsSendDemon             ; 22:05:04]Program End.
[FimsReadDemon             ; 22:13:02] SKT FIMS INF READ DEMON START >>>>> 
[FimsReadDemon             ; 22:16:47]METS Db CONNECTION !! 
[FimsReadDemon             ; 22:16:47]2번>>>> 자재 수량 분배 신규 데이터 없음.
[FimsReadDemon             ; 22:16:47]5번>>>> 인수 승인 신규 데이터 없음.
[FimsReadDemon             ; 22:16:47]METS Db Dis_Conn !! 
[FimsReadDemon             ; 22:16:47]Program End.
[FimsReadDemon             ; 22:23:02] SKT FIMS INF READ DEMON START >>>>> 
[FimsReadDemon             ; 22:26:47]METS Db CONNECTION !! 
[FimsReadDemon             ; 22:26:47]2번>>>> 자재 수량 분배 신규 데이터 없음.
[FimsReadDemon             ; 22:26:47]5번>>>> 인수 승인 신규 데이터 없음.
[FimsReadDemon             ; 22:26:47]METS Db Dis_Conn !! 
[FimsReadDemon             ; 22:26:47]Program End.
[FimsReadDemon             ; 22:33:02] SKT FIMS INF READ DEMON START >>>>> 
[FimsSendDemon             ; 22:35:02] SKT FIMS INF SEND DEMON START >>>>> 
[FimsReadDemon             ; 22:36:47]METS Db CONNECTION !! 
[FimsReadDemon             ; 22:36:47]2번>>>> 자재 수량 분배 신규 데이터 없음.
[FimsReadDemon             ; 22:36:47]5번>>>> 인수 승인 신규 데이터 없음.
[FimsReadDemon             ; 22:36:47]METS Db Dis_Conn !! 
[FimsReadDemon             ; 22:36:47]Program End.
[FimsSendDemon             ; 22:38:47]METS Db CONNECTION !! 
[FimsReadDemon             ; 22:43:01] SKT FIMS INF READ DEMON START >>>>> 
[FimsReadDemon             ; 22:46:46]METS Db CONNECTION !! 
[FimsReadDemon             ; 22:46:46]2번>>>> 자재 수량 분배 신규 데이터 없음.
[FimsReadDemon             ; 22:46:46]5번>>>> 인수 승인 신규 데이터 없음.
[FimsReadDemon             ; 22:46:46]METS Db Dis_Conn !! 
[FimsReadDemon             ; 22:46:46]Program End.
[FimsReadDemon             ; 22:53:01] SKT FIMS INF READ DEMON START >>>>> 
[FimsReadDemon             ; 22:53:01]METS Db CONNECTION !! 
[FimsReadDemon             ; 22:53:01]2번>>>> 자재 수량 분배 신규 데이터 없음.
[FimsReadDemon             ; 22:53:01]5번>>>> 인수 승인 신규 데이터 없음.
[FimsReadDemon             ; 22:53:01]METS Db Dis_Conn !! 
[FimsReadDemon             ; 22:53:01]Program End.
[FimsReadDemon             ; 23:03:01] SKT FIMS INF READ DEMON START >>>>> 
[FimsReadDemon             ; 23:03:02]METS Db CONNECTION !! 
[FimsReadDemon             ; 23:03:02]2번>>>> 자재 수량 분배 신규 데이터 없음.
[FimsReadDemon             ; 23:03:02]5번>>>> 인수 승인 신규 데이터 없음.
[FimsReadDemon             ; 23:03:02]METS Db Dis_Conn !! 
[FimsReadDemon             ; 23:03:02]Program End.
[FimsSendDemon             ; 23:05:02] SKT FIMS INF SEND DEMON START >>>>> 
[FimsSendDemon             ; 23:05:04]METS Db CONNECTION !! 
[FimsSendDemon             ; 23:05:05]1번>>>> 납품지시내역 신규 데이터 없음
[FimsSendDemon             ; 23:05:05]3번>>>> 제조사 배송 정보 신규 데이터 없음
[FimsSendDemon             ; 23:05:05]4번>>>> 제조사 배송 내역 신규 데이터 없음
[FimsSendDemon             ; 23:05:05]METS Db Dis_Conn !! 
[FimsSendDemon             ; 23:05:05]Program End.
[FimsReadDemon             ; 23:13:01] SKT FIMS INF READ DEMON START >>>>> 
[FimsReadDemon             ; 23:13:02]METS Db CONNECTION !! 
[FimsReadDemon             ; 23:13:02]2번>>>> 자재 수량 분배 신규 데이터 없음.
[FimsReadDemon             ; 23:13:02]5번>>>> 인수 승인 신규 데이터 없음.
[FimsReadDemon             ; 23:13:02]METS Db Dis_Conn !! 
[FimsReadDemon             ; 23:13:02]Program End.
[FimsReadDemon             ; 23:23:01] SKT FIMS INF READ DEMON START >>>>> 
[FimsReadDemon             ; 23:23:02]METS Db CONNECTION !! 
[FimsReadDemon             ; 23:23:02]2번>>>> 자재 수량 분배 신규 데이터 없음.
[FimsReadDemon             ; 23:23:02]5번>>>> 인수 승인 신규 데이터 없음.
[FimsReadDemon             ; 23:23:02]METS Db Dis_Conn !! 
[FimsReadDemon             ; 23:23:02]Program End.
[FimsReadDemon             ; 23:33:01] SKT FIMS INF READ DEMON START >>>>> 
[FimsReadDemon             ; 23:33:02]METS Db CONNECTION !! 
[FimsReadDemon             ; 23:33:02]2번>>>> 자재 수량 분배 신규 데이터 없음.
[FimsReadDemon             ; 23:33:02]5번>>>> 인수 승인 신규 데이터 없음.
[FimsReadDemon             ; 23:33:02]METS Db Dis_Conn !! 
[FimsReadDemon             ; 23:33:02]Program End.
[FimsSendDemon             ; 23:35:02] SKT FIMS INF SEND DEMON START >>>>> 
[FimsSendDemon             ; 23:35:03]METS Db CONNECTION !! 
[FimsSendDemon             ; 23:35:04]1번>>>> 납품지시내역 신규 데이터 없음
[FimsSendDemon             ; 23:35:04]3번>>>> 제조사 배송 정보 신규 데이터 없음
[FimsSendDemon             ; 23:35:04]4번>>>> 제조사 배송 내역 신규 데이터 없음
[FimsSendDemon             ; 23:35:04]METS Db Dis_Conn !! 
[FimsSendDemon             ; 23:35:04]Program End.
[FimsReadDemon             ; 23:43:02] SKT FIMS INF READ DEMON START >>>>> 
[FimsReadDemon             ; 23:43:02]METS Db CONNECTION !! 
[FimsReadDemon             ; 23:43:02]2번>>>> 자재 수량 분배 신규 데이터 없음.
[FimsReadDemon             ; 23:43:02]5번>>>> 인수 승인 신규 데이터 없음.
[FimsReadDemon             ; 23:43:02]METS Db Dis_Conn !! 
[FimsReadDemon             ; 23:43:02]Program End.
[FimsReadDemon             ; 23:53:01] SKT FIMS INF READ DEMON START >>>>> 
[FimsReadDemon             ; 23:53:02]METS Db CONNECTION !! 
[FimsReadDemon             ; 23:53:03]2번>>>> 자재 수량 분배 신규 데이터 없음.
[FimsReadDemon             ; 23:53:03]5번>>>> 인수 승인 신규 데이터 없음.
[FimsReadDemon             ; 23:53:03]METS Db Dis_Conn !! 
[FimsReadDemon             ; 23:53:03]Program End.
