[FimsReadDemon             ; 0:03:03] SKT FIMS INF READ DEMON START >>>>> 
[FimsReadDemon             ; 0:03:05]METS Db CONNECTION !! 
[FimsReadDemon             ; 0:03:05]2번>>>> 자재 수량 분배 신규 데이터 없음.
[FimsReadDemon             ; 0:03:05]5번>>>> 인수 승인 신규 데이터 없음.
[FimsReadDemon             ; 0:03:05]METS Db Dis_Conn !! 
[FimsReadDemon             ; 0:03:05]Program End.
[FimsSendDemon             ; 0:05:03] SKT FIMS INF SEND DEMON START >>>>> 
[FimsSendDemon             ; 0:05:05]METS Db CONNECTION !! 
[FimsSendDemon             ; 0:05:07]1번>>>> 납품지시내역 신규 데이터 없음
[FimsSendDemon             ; 0:05:07]3번>>>> 제조사 배송 정보 신규 데이터 없음
[FimsSendDemon             ; 0:05:07]4번>>>> 제조사 배송 내역 신규 데이터 없음
[FimsSendDemon             ; 0:05:07]METS Db Dis_Conn !! 
[FimsSendDemon             ; 0:05:07]Program End.
[FimsReadDemon             ; 0:13:02] SKT FIMS INF READ DEMON START >>>>> 
[FimsReadDemon             ; 0:13:03]METS Db CONNECTION !! 
[FimsReadDemon             ; 0:13:04]2번>>>> 자재 수량 분배 신규 데이터 없음.
[FimsReadDemon             ; 0:13:04]5번>>>> 인수 승인 신규 데이터 없음.
[FimsReadDemon             ; 0:13:04]METS Db Dis_Conn !! 
[FimsReadDemon             ; 0:13:04]Program End.
[FimsReadDemon             ; 0:23:01] SKT FIMS INF READ DEMON START >>>>> 
[FimsReadDemon             ; 0:23:02]METS Db CONNECTION !! 
[FimsReadDemon             ; 0:23:03]2번>>>> 자재 수량 분배 신규 데이터 없음.
[FimsReadDemon             ; 0:23:03]5번>>>> 인수 승인 신규 데이터 없음.
[FimsReadDemon             ; 0:23:03]METS Db Dis_Conn !! 
[FimsReadDemon             ; 0:23:03]Program End.
[FimsReadDemon             ; 0:33:02] SKT FIMS INF READ DEMON START >>>>> 
[FimsReadDemon             ; 0:33:03]METS Db CONNECTION !! 
[FimsReadDemon             ; 0:33:03]2번>>>> 자재 수량 분배 신규 데이터 없음.
[FimsReadDemon             ; 0:33:03]5번>>>> 인수 승인 신규 데이터 없음.
[FimsReadDemon             ; 0:33:03]METS Db Dis_Conn !! 
[FimsReadDemon             ; 0:33:03]Program End.
[FimsSendDemon             ; 0:35:01] SKT FIMS INF SEND DEMON START >>>>> 
[FimsSendDemon             ; 0:35:03]METS Db CONNECTION !! 
[FimsSendDemon             ; 0:35:03]1번>>>> 납품지시내역 신규 데이터 없음
[FimsSendDemon             ; 0:35:03]3번>>>> 제조사 배송 정보 신규 데이터 없음
[FimsSendDemon             ; 0:35:03]4번>>>> 제조사 배송 내역 신규 데이터 없음
[FimsSendDemon             ; 0:35:03]METS Db Dis_Conn !! 
[FimsSendDemon             ; 0:35:03]Program End.
[FimsReadDemon             ; 0:43:02] SKT FIMS INF READ DEMON START >>>>> 
[FimsReadDemon             ; 0:43:03]METS Db CONNECTION !! 
[FimsReadDemon             ; 0:43:03]2번>>>> 자재 수량 분배 신규 데이터 없음.
[FimsReadDemon             ; 0:43:03]5번>>>> 인수 승인 신규 데이터 없음.
[FimsReadDemon             ; 0:43:03]METS Db Dis_Conn !! 
[FimsReadDemon             ; 0:43:03]Program End.
[FimsReadDemon             ; 0:53:01] SKT FIMS INF READ DEMON START >>>>> 
[FimsReadDemon             ; 0:53:02]METS Db CONNECTION !! 
[FimsReadDemon             ; 0:53:02]2번>>>> 자재 수량 분배 신규 데이터 없음.
[FimsReadDemon             ; 0:53:02]5번>>>> 인수 승인 신규 데이터 없음.
[FimsReadDemon             ; 0:53:02]METS Db Dis_Conn !! 
[FimsReadDemon             ; 0:53:02]Program End.
[FimsReadDemon             ; 1:03:01] SKT FIMS INF READ DEMON START >>>>> 
[FimsReadDemon             ; 1:03:02]METS Db CONNECTION !! 
[FimsReadDemon             ; 1:03:02]2번>>>> 자재 수량 분배 신규 데이터 없음.
[FimsReadDemon             ; 1:03:02]5번>>>> 인수 승인 신규 데이터 없음.
[FimsReadDemon             ; 1:03:02]METS Db Dis_Conn !! 
[FimsReadDemon             ; 1:03:02]Program End.
[FimsSendDemon             ; 1:05:01] SKT FIMS INF SEND DEMON START >>>>> 
[FimsSendDemon             ; 1:05:03]METS Db CONNECTION !! 
[FimsSendDemon             ; 1:05:03]1번>>>> 납품지시내역 신규 데이터 없음
[FimsSendDemon             ; 1:05:03]3번>>>> 제조사 배송 정보 신규 데이터 없음
[FimsSendDemon             ; 1:05:03]4번>>>> 제조사 배송 내역 신규 데이터 없음
[FimsSendDemon             ; 1:05:03]METS Db Dis_Conn !! 
[FimsSendDemon             ; 1:05:03]Program End.
[FimsReadDemon             ; 1:13:01] SKT FIMS INF READ DEMON START >>>>> 
[FimsReadDemon             ; 1:13:02]METS Db CONNECTION !! 
[FimsReadDemon             ; 1:13:02]2번>>>> 자재 수량 분배 신규 데이터 없음.
[FimsReadDemon             ; 1:13:02]5번>>>> 인수 승인 신규 데이터 없음.
[FimsReadDemon             ; 1:13:02]METS Db Dis_Conn !! 
[FimsReadDemon             ; 1:13:02]Program End.
[FimsReadDemon             ; 1:23:02] SKT FIMS INF READ DEMON START >>>>> 
[FimsReadDemon             ; 1:23:03]METS Db CONNECTION !! 
[FimsReadDemon             ; 1:23:03]2번>>>> 자재 수량 분배 신규 데이터 없음.
[FimsReadDemon             ; 1:23:03]5번>>>> 인수 승인 신규 데이터 없음.
[FimsReadDemon             ; 1:23:03]METS Db Dis_Conn !! 
[FimsReadDemon             ; 1:23:03]Program End.
[FimsReadDemon             ; 1:33:02] SKT FIMS INF READ DEMON START >>>>> 
[FimsReadDemon             ; 1:33:02]METS Db CONNECTION !! 
[FimsReadDemon             ; 1:33:02]2번>>>> 자재 수량 분배 신규 데이터 없음.
[FimsReadDemon             ; 1:33:03]5번>>>> 인수 승인 신규 데이터 없음.
[FimsReadDemon             ; 1:33:03]METS Db Dis_Conn !! 
[FimsReadDemon             ; 1:33:03]Program End.
[FimsSendDemon             ; 1:35:02] SKT FIMS INF SEND DEMON START >>>>> 
[FimsSendDemon             ; 1:35:03]METS Db CONNECTION !! 
[FimsSendDemon             ; 1:35:04]1번>>>> 납품지시내역 신규 데이터 없음
[FimsSendDemon             ; 1:35:04]3번>>>> 제조사 배송 정보 신규 데이터 없음
[FimsSendDemon             ; 1:35:04]4번>>>> 제조사 배송 내역 신규 데이터 없음
[FimsSendDemon             ; 1:35:04]METS Db Dis_Conn !! 
[FimsSendDemon             ; 1:35:04]Program End.
[FimsReadDemon             ; 1:43:01] SKT FIMS INF READ DEMON START >>>>> 
[FimsReadDemon             ; 1:43:02]METS Db CONNECTION !! 
[FimsReadDemon             ; 1:43:02]2번>>>> 자재 수량 분배 신규 데이터 없음.
[FimsReadDemon             ; 1:43:02]5번>>>> 인수 승인 신규 데이터 없음.
[FimsReadDemon             ; 1:43:02]METS Db Dis_Conn !! 
[FimsReadDemon             ; 1:43:02]Program End.
[FimsReadDemon             ; 1:53:02] SKT FIMS INF READ DEMON START >>>>> 
[FimsReadDemon             ; 1:53:03]METS Db CONNECTION !! 
[FimsReadDemon             ; 1:53:03]2번>>>> 자재 수량 분배 신규 데이터 없음.
[FimsReadDemon             ; 1:53:03]5번>>>> 인수 승인 신규 데이터 없음.
[FimsReadDemon             ; 1:53:03]METS Db Dis_Conn !! 
[FimsReadDemon             ; 1:53:03]Program End.
[FimsReadDemon             ; 2:03:01] SKT FIMS INF READ DEMON START >>>>> 
[FimsReadDemon             ; 2:03:02]METS Db CONNECTION !! 
[FimsReadDemon             ; 2:03:02]2번>>>> 자재 수량 분배 신규 데이터 없음.
[FimsReadDemon             ; 2:03:02]5번>>>> 인수 승인 신규 데이터 없음.
[FimsReadDemon             ; 2:03:02]METS Db Dis_Conn !! 
[FimsReadDemon             ; 2:03:02]Program End.
[FimsSendDemon             ; 2:05:03] SKT FIMS INF SEND DEMON START >>>>> 
[FimsSendDemon             ; 2:05:05]METS Db CONNECTION !! 
[FimsSendDemon             ; 2:05:05]1번>>>> 납품지시내역 신규 데이터 없음
[FimsSendDemon             ; 2:05:05]3번>>>> 제조사 배송 정보 신규 데이터 없음
[FimsSendDemon             ; 2:05:05]4번>>>> 제조사 배송 내역 신규 데이터 없음
[FimsSendDemon             ; 2:05:05]METS Db Dis_Conn !! 
[FimsSendDemon             ; 2:05:05]Program End.
[FimsReadDemon             ; 2:13:02] SKT FIMS INF READ DEMON START >>>>> 
[FimsReadDemon             ; 2:13:03]METS Db CONNECTION !! 
[FimsReadDemon             ; 2:13:03]2번>>>> 자재 수량 분배 신규 데이터 없음.
[FimsReadDemon             ; 2:13:03]5번>>>> 인수 승인 신규 데이터 없음.
[FimsReadDemon             ; 2:13:03]METS Db Dis_Conn !! 
[FimsReadDemon             ; 2:13:03]Program End.
[FimsReadDemon             ; 2:23:01] SKT FIMS INF READ DEMON START >>>>> 
[FimsReadDemon             ; 2:23:02]METS Db CONNECTION !! 
[FimsReadDemon             ; 2:23:02]2번>>>> 자재 수량 분배 신규 데이터 없음.
[FimsReadDemon             ; 2:23:02]5번>>>> 인수 승인 신규 데이터 없음.
[FimsReadDemon             ; 2:23:02]METS Db Dis_Conn !! 
[FimsReadDemon             ; 2:23:02]Program End.
[FimsReadDemon             ; 2:33:01] SKT FIMS INF READ DEMON START >>>>> 
[FimsReadDemon             ; 2:33:02]METS Db CONNECTION !! 
[FimsReadDemon             ; 2:33:02]2번>>>> 자재 수량 분배 신규 데이터 없음.
[FimsReadDemon             ; 2:33:02]5번>>>> 인수 승인 신규 데이터 없음.
[FimsReadDemon             ; 2:33:02]METS Db Dis_Conn !! 
[FimsReadDemon             ; 2:33:02]Program End.
[FimsSendDemon             ; 2:35:01] SKT FIMS INF SEND DEMON START >>>>> 
[FimsSendDemon             ; 2:35:03]METS Db CONNECTION !! 
[FimsSendDemon             ; 2:35:04]1번>>>> 납품지시내역 신규 데이터 없음
[FimsSendDemon             ; 2:35:04]3번>>>> 제조사 배송 정보 신규 데이터 없음
[FimsSendDemon             ; 2:35:04]4번>>>> 제조사 배송 내역 신규 데이터 없음
[FimsSendDemon             ; 2:35:04]METS Db Dis_Conn !! 
[FimsSendDemon             ; 2:35:04]Program End.
[FimsReadDemon             ; 2:43:02] SKT FIMS INF READ DEMON START >>>>> 
[FimsReadDemon             ; 2:43:03]METS Db CONNECTION !! 
[FimsReadDemon             ; 2:43:03]2번>>>> 자재 수량 분배 신규 데이터 없음.
[FimsReadDemon             ; 2:43:03]5번>>>> 인수 승인 신규 데이터 없음.
[FimsReadDemon             ; 2:43:03]METS Db Dis_Conn !! 
[FimsReadDemon             ; 2:43:03]Program End.
[FimsReadDemon             ; 2:53:02] SKT FIMS INF READ DEMON START >>>>> 
[FimsReadDemon             ; 2:53:03]METS Db CONNECTION !! 
[FimsReadDemon             ; 2:53:03]2번>>>> 자재 수량 분배 신규 데이터 없음.
[FimsReadDemon             ; 2:53:03]5번>>>> 인수 승인 신규 데이터 없음.
[FimsReadDemon             ; 2:53:03]METS Db Dis_Conn !! 
[FimsReadDemon             ; 2:53:03]Program End.
[FimsReadDemon             ; 3:03:01] SKT FIMS INF READ DEMON START >>>>> 
[FimsReadDemon             ; 3:03:02]METS Db CONNECTION !! 
[FimsReadDemon             ; 3:03:02]2번>>>> 자재 수량 분배 신규 데이터 없음.
[FimsReadDemon             ; 3:03:02]5번>>>> 인수 승인 신규 데이터 없음.
[FimsReadDemon             ; 3:03:02]METS Db Dis_Conn !! 
[FimsReadDemon             ; 3:03:02]Program End.
[FimsSendDemon             ; 3:05:02] SKT FIMS INF SEND DEMON START >>>>> 
[FimsSendDemon             ; 3:05:03]METS Db CONNECTION !! 
[FimsSendDemon             ; 3:05:04]1번>>>> 납품지시내역 신규 데이터 없음
[FimsSendDemon             ; 3:05:04]3번>>>> 제조사 배송 정보 신규 데이터 없음
[FimsSendDemon             ; 3:05:04]4번>>>> 제조사 배송 내역 신규 데이터 없음
[FimsSendDemon             ; 3:05:04]METS Db Dis_Conn !! 
[FimsSendDemon             ; 3:05:04]Program End.
[FimsReadDemon             ; 3:13:02] SKT FIMS INF READ DEMON START >>>>> 
[FimsReadDemon             ; 3:13:03]METS Db CONNECTION !! 
[FimsReadDemon             ; 3:13:03]2번>>>> 자재 수량 분배 신규 데이터 없음.
[FimsReadDemon             ; 3:13:03]5번>>>> 인수 승인 신규 데이터 없음.
[FimsReadDemon             ; 3:13:03]METS Db Dis_Conn !! 
[FimsReadDemon             ; 3:13:03]Program End.
[FimsReadDemon             ; 3:23:02] SKT FIMS INF READ DEMON START >>>>> 
[FimsReadDemon             ; 3:23:02]METS Db CONNECTION !! 
[FimsReadDemon             ; 3:23:03]2번>>>> 자재 수량 분배 신규 데이터 없음.
[FimsReadDemon             ; 3:23:03]5번>>>> 인수 승인 신규 데이터 없음.
[FimsReadDemon             ; 3:23:03]METS Db Dis_Conn !! 
[FimsReadDemon             ; 3:23:03]Program End.
[FimsReadDemon             ; 3:33:02] SKT FIMS INF READ DEMON START >>>>> 
[FimsReadDemon             ; 3:33:03]METS Db CONNECTION !! 
[FimsReadDemon             ; 3:33:03]2번>>>> 자재 수량 분배 신규 데이터 없음.
[FimsReadDemon             ; 3:33:03]5번>>>> 인수 승인 신규 데이터 없음.
[FimsReadDemon             ; 3:33:03]METS Db Dis_Conn !! 
[FimsReadDemon             ; 3:33:03]Program End.
[FimsSendDemon             ; 3:35:02] SKT FIMS INF SEND DEMON START >>>>> 
[FimsSendDemon             ; 3:35:03]METS Db CONNECTION !! 
[FimsSendDemon             ; 3:35:04]1번>>>> 납품지시내역 신규 데이터 없음
[FimsSendDemon             ; 3:35:04]3번>>>> 제조사 배송 정보 신규 데이터 없음
[FimsSendDemon             ; 3:35:04]4번>>>> 제조사 배송 내역 신규 데이터 없음
[FimsSendDemon             ; 3:35:04]METS Db Dis_Conn !! 
[FimsSendDemon             ; 3:35:04]Program End.
[FimsReadDemon             ; 3:43:01] SKT FIMS INF READ DEMON START >>>>> 
[FimsReadDemon             ; 3:43:02]METS Db CONNECTION !! 
[FimsReadDemon             ; 3:43:02]2번>>>> 자재 수량 분배 신규 데이터 없음.
[FimsReadDemon             ; 3:43:02]5번>>>> 인수 승인 신규 데이터 없음.
[FimsReadDemon             ; 3:43:02]METS Db Dis_Conn !! 
[FimsReadDemon             ; 3:43:02]Program End.
[FimsReadDemon             ; 3:53:01] SKT FIMS INF READ DEMON START >>>>> 
[FimsReadDemon             ; 3:53:02]METS Db CONNECTION !! 
[FimsReadDemon             ; 3:53:02]2번>>>> 자재 수량 분배 신규 데이터 없음.
[FimsReadDemon             ; 3:53:02]5번>>>> 인수 승인 신규 데이터 없음.
[FimsReadDemon             ; 3:53:02]METS Db Dis_Conn !! 
[FimsReadDemon             ; 3:53:02]Program End.
[FimsReadDemon             ; 4:03:02] SKT FIMS INF READ DEMON START >>>>> 
[FimsReadDemon             ; 4:03:03]METS Db CONNECTION !! 
[FimsReadDemon             ; 4:03:03]2번>>>> 자재 수량 분배 신규 데이터 없음.
[FimsReadDemon             ; 4:03:03]5번>>>> 인수 승인 신규 데이터 없음.
[FimsReadDemon             ; 4:03:03]METS Db Dis_Conn !! 
[FimsReadDemon             ; 4:03:03]Program End.
[FimsSendDemon             ; 4:05:01] SKT FIMS INF SEND DEMON START >>>>> 
[FimsSendDemon             ; 4:05:02]METS Db CONNECTION !! 
[FimsSendDemon             ; 4:05:03]1번>>>> 납품지시내역 신규 데이터 없음
[FimsSendDemon             ; 4:05:03]3번>>>> 제조사 배송 정보 신규 데이터 없음
[FimsSendDemon             ; 4:05:03]4번>>>> 제조사 배송 내역 신규 데이터 없음
[FimsSendDemon             ; 4:05:03]METS Db Dis_Conn !! 
[FimsSendDemon             ; 4:05:03]Program End.
[FimsReadDemon             ; 4:13:02] SKT FIMS INF READ DEMON START >>>>> 
[FimsReadDemon             ; 4:13:03]METS Db CONNECTION !! 
[FimsReadDemon             ; 4:13:03]2번>>>> 자재 수량 분배 신규 데이터 없음.
[FimsReadDemon             ; 4:13:03]5번>>>> 인수 승인 신규 데이터 없음.
[FimsReadDemon             ; 4:13:03]METS Db Dis_Conn !! 
[FimsReadDemon             ; 4:13:03]Program End.
[FimsReadDemon             ; 4:23:01] SKT FIMS INF READ DEMON START >>>>> 
[FimsReadDemon             ; 4:23:02]METS Db CONNECTION !! 
[FimsReadDemon             ; 4:23:02]2번>>>> 자재 수량 분배 신규 데이터 없음.
[FimsReadDemon             ; 4:23:02]5번>>>> 인수 승인 신규 데이터 없음.
[FimsReadDemon             ; 4:23:02]METS Db Dis_Conn !! 
[FimsReadDemon             ; 4:23:02]Program End.
[FimsReadDemon             ; 4:33:02] SKT FIMS INF READ DEMON START >>>>> 
[FimsReadDemon             ; 4:33:03]METS Db CONNECTION !! 
[FimsReadDemon             ; 4:33:03]2번>>>> 자재 수량 분배 신규 데이터 없음.
[FimsReadDemon             ; 4:33:03]5번>>>> 인수 승인 신규 데이터 없음.
[FimsReadDemon             ; 4:33:03]METS Db Dis_Conn !! 
[FimsReadDemon             ; 4:33:03]Program End.
[FimsSendDemon             ; 4:35:02] SKT FIMS INF SEND DEMON START >>>>> 
[FimsSendDemon             ; 4:35:03]METS Db CONNECTION !! 
[FimsSendDemon             ; 4:35:04]1번>>>> 납품지시내역 신규 데이터 없음
[FimsSendDemon             ; 4:35:04]3번>>>> 제조사 배송 정보 신규 데이터 없음
[FimsSendDemon             ; 4:35:04]4번>>>> 제조사 배송 내역 신규 데이터 없음
[FimsSendDemon             ; 4:35:04]METS Db Dis_Conn !! 
[FimsSendDemon             ; 4:35:04]Program End.
[FimsReadDemon             ; 4:43:01] SKT FIMS INF READ DEMON START >>>>> 
[FimsReadDemon             ; 4:43:02]METS Db CONNECTION !! 
[FimsReadDemon             ; 4:43:02]2번>>>> 자재 수량 분배 신규 데이터 없음.
[FimsReadDemon             ; 4:43:02]5번>>>> 인수 승인 신규 데이터 없음.
[FimsReadDemon             ; 4:43:02]METS Db Dis_Conn !! 
[FimsReadDemon             ; 4:43:02]Program End.
[FimsReadDemon             ; 4:53:02] SKT FIMS INF READ DEMON START >>>>> 
[FimsReadDemon             ; 4:53:03]METS Db CONNECTION !! 
[FimsReadDemon             ; 4:53:03]2번>>>> 자재 수량 분배 신규 데이터 없음.
[FimsReadDemon             ; 4:53:03]5번>>>> 인수 승인 신규 데이터 없음.
[FimsReadDemon             ; 4:53:03]METS Db Dis_Conn !! 
[FimsReadDemon             ; 4:53:03]Program End.
[FimsReadDemon             ; 5:03:01] SKT FIMS INF READ DEMON START >>>>> 
[FimsReadDemon             ; 5:03:02]METS Db CONNECTION !! 
[FimsReadDemon             ; 5:03:02]2번>>>> 자재 수량 분배 신규 데이터 없음.
[FimsReadDemon             ; 5:03:02]5번>>>> 인수 승인 신규 데이터 없음.
[FimsReadDemon             ; 5:03:02]METS Db Dis_Conn !! 
[FimsReadDemon             ; 5:03:02]Program End.
[FimsSendDemon             ; 5:05:02] SKT FIMS INF SEND DEMON START >>>>> 
[FimsSendDemon             ; 5:05:03]METS Db CONNECTION !! 
[FimsSendDemon             ; 5:05:04]1번>>>> 납품지시내역 신규 데이터 없음
[FimsSendDemon             ; 5:05:04]3번>>>> 제조사 배송 정보 신규 데이터 없음
[FimsSendDemon             ; 5:05:04]4번>>>> 제조사 배송 내역 신규 데이터 없음
[FimsSendDemon             ; 5:05:04]METS Db Dis_Conn !! 
[FimsSendDemon             ; 5:05:04]Program End.
[FimsReadDemon             ; 5:13:01] SKT FIMS INF READ DEMON START >>>>> 
[FimsReadDemon             ; 5:13:02]METS Db CONNECTION !! 
[FimsReadDemon             ; 5:13:02]2번>>>> 자재 수량 분배 신규 데이터 없음.
[FimsReadDemon             ; 5:13:02]5번>>>> 인수 승인 신규 데이터 없음.
[FimsReadDemon             ; 5:13:02]METS Db Dis_Conn !! 
[FimsReadDemon             ; 5:13:02]Program End.
[FimsReadDemon             ; 5:23:02] SKT FIMS INF READ DEMON START >>>>> 
[FimsReadDemon             ; 5:23:03]METS Db CONNECTION !! 
[FimsReadDemon             ; 5:23:03]2번>>>> 자재 수량 분배 신규 데이터 없음.
[FimsReadDemon             ; 5:23:03]5번>>>> 인수 승인 신규 데이터 없음.
[FimsReadDemon             ; 5:23:03]METS Db Dis_Conn !! 
[FimsReadDemon             ; 5:23:03]Program End.
[FimsReadDemon             ; 5:33:02] SKT FIMS INF READ DEMON START >>>>> 
[FimsReadDemon             ; 5:33:03]METS Db CONNECTION !! 
[FimsReadDemon             ; 5:33:03]2번>>>> 자재 수량 분배 신규 데이터 없음.
[FimsReadDemon             ; 5:33:03]5번>>>> 인수 승인 신규 데이터 없음.
[FimsReadDemon             ; 5:33:03]METS Db Dis_Conn !! 
[FimsReadDemon             ; 5:33:03]Program End.
[FimsSendDemon             ; 5:35:02] SKT FIMS INF SEND DEMON START >>>>> 
[FimsSendDemon             ; 5:35:03]METS Db CONNECTION !! 
[FimsSendDemon             ; 5:35:04]1번>>>> 납품지시내역 신규 데이터 없음
[FimsSendDemon             ; 5:35:04]3번>>>> 제조사 배송 정보 신규 데이터 없음
[FimsSendDemon             ; 5:35:04]4번>>>> 제조사 배송 내역 신규 데이터 없음
[FimsSendDemon             ; 5:35:04]METS Db Dis_Conn !! 
[FimsSendDemon             ; 5:35:04]Program End.
[FimsReadDemon             ; 5:43:01] SKT FIMS INF READ DEMON START >>>>> 
[FimsReadDemon             ; 5:43:02]METS Db CONNECTION !! 
[FimsReadDemon             ; 5:43:02]2번>>>> 자재 수량 분배 신규 데이터 없음.
[FimsReadDemon             ; 5:43:02]5번>>>> 인수 승인 신규 데이터 없음.
[FimsReadDemon             ; 5:43:02]METS Db Dis_Conn !! 
[FimsReadDemon             ; 5:43:02]Program End.
[FimsReadDemon             ; 5:53:01] SKT FIMS INF READ DEMON START >>>>> 
[FimsReadDemon             ; 5:53:02]METS Db CONNECTION !! 
[FimsReadDemon             ; 5:53:02]2번>>>> 자재 수량 분배 신규 데이터 없음.
[FimsReadDemon             ; 5:53:02]5번>>>> 인수 승인 신규 데이터 없음.
[FimsReadDemon             ; 5:53:02]METS Db Dis_Conn !! 
[FimsReadDemon             ; 5:53:02]Program End.
[FimsReadDemon             ; 6:03:01] SKT FIMS INF READ DEMON START >>>>> 
[FimsReadDemon             ; 6:03:02]METS Db CONNECTION !! 
[FimsReadDemon             ; 6:03:02]2번>>>> 자재 수량 분배 신규 데이터 없음.
[FimsReadDemon             ; 6:03:02]5번>>>> 인수 승인 신규 데이터 없음.
[FimsReadDemon             ; 6:03:02]METS Db Dis_Conn !! 
[FimsReadDemon             ; 6:03:02]Program End.
[FimsSendDemon             ; 6:05:01] SKT FIMS INF SEND DEMON START >>>>> 
[FimsSendDemon             ; 6:05:03]METS Db CONNECTION !! 
[FimsSendDemon             ; 6:05:04]1번>>>> 납품지시내역 신규 데이터 없음
[FimsSendDemon             ; 6:05:04]3번>>>> 제조사 배송 정보 신규 데이터 없음
[FimsSendDemon             ; 6:05:04]4번>>>> 제조사 배송 내역 신규 데이터 없음
[FimsSendDemon             ; 6:05:04]METS Db Dis_Conn !! 
[FimsSendDemon             ; 6:05:04]Program End.
[FimsReadDemon             ; 6:13:01] SKT FIMS INF READ DEMON START >>>>> 
[FimsReadDemon             ; 6:13:02]METS Db CONNECTION !! 
[FimsReadDemon             ; 6:13:02]2번>>>> 자재 수량 분배 신규 데이터 없음.
[FimsReadDemon             ; 6:13:02]5번>>>> 인수 승인 신규 데이터 없음.
[FimsReadDemon             ; 6:13:02]METS Db Dis_Conn !! 
[FimsReadDemon             ; 6:13:02]Program End.
[FimsReadDemon             ; 6:23:02] SKT FIMS INF READ DEMON START >>>>> 
[FimsReadDemon             ; 6:23:03]METS Db CONNECTION !! 
[FimsReadDemon             ; 6:23:03]2번>>>> 자재 수량 분배 신규 데이터 없음.
[FimsReadDemon             ; 6:23:03]5번>>>> 인수 승인 신규 데이터 없음.
[FimsReadDemon             ; 6:23:03]METS Db Dis_Conn !! 
[FimsReadDemon             ; 6:23:03]Program End.
[FimsReadDemon             ; 6:33:01] SKT FIMS INF READ DEMON START >>>>> 
[FimsReadDemon             ; 6:33:02]METS Db CONNECTION !! 
[FimsReadDemon             ; 6:33:02]2번>>>> 자재 수량 분배 신규 데이터 없음.
[FimsReadDemon             ; 6:33:02]5번>>>> 인수 승인 신규 데이터 없음.
[FimsReadDemon             ; 6:33:02]METS Db Dis_Conn !! 
[FimsReadDemon             ; 6:33:02]Program End.
[FimsSendDemon             ; 6:35:02] SKT FIMS INF SEND DEMON START >>>>> 
[FimsSendDemon             ; 6:35:03]METS Db CONNECTION !! 
[FimsSendDemon             ; 6:35:04]1번>>>> 납품지시내역 신규 데이터 없음
[FimsSendDemon             ; 6:35:04]3번>>>> 제조사 배송 정보 신규 데이터 없음
[FimsSendDemon             ; 6:35:04]4번>>>> 제조사 배송 내역 신규 데이터 없음
[FimsSendDemon             ; 6:35:04]METS Db Dis_Conn !! 
[FimsSendDemon             ; 6:35:04]Program End.
[FimsReadDemon             ; 6:43:01] SKT FIMS INF READ DEMON START >>>>> 
[FimsReadDemon             ; 6:43:02]METS Db CONNECTION !! 
[FimsReadDemon             ; 6:43:02]2번>>>> 자재 수량 분배 신규 데이터 없음.
[FimsReadDemon             ; 6:43:02]5번>>>> 인수 승인 신규 데이터 없음.
[FimsReadDemon             ; 6:43:02]METS Db Dis_Conn !! 
[FimsReadDemon             ; 6:43:02]Program End.
[FimsReadDemon             ; 6:53:01] SKT FIMS INF READ DEMON START >>>>> 
[FimsReadDemon             ; 6:53:02]METS Db CONNECTION !! 
[FimsReadDemon             ; 6:53:02]2번>>>> 자재 수량 분배 신규 데이터 없음.
[FimsReadDemon             ; 6:53:02]5번>>>> 인수 승인 신규 데이터 없음.
[FimsReadDemon             ; 6:53:02]METS Db Dis_Conn !! 
[FimsReadDemon             ; 6:53:02]Program End.
[FimsReadDemon             ; 7:03:01] SKT FIMS INF READ DEMON START >>>>> 
[FimsReadDemon             ; 7:03:02]METS Db CONNECTION !! 
[FimsReadDemon             ; 7:03:02]2번>>>> 자재 수량 분배 신규 데이터 없음.
[FimsReadDemon             ; 7:03:03]5번>>>> 인수 승인 신규 데이터 없음.
[FimsReadDemon             ; 7:03:03]METS Db Dis_Conn !! 
[FimsReadDemon             ; 7:03:03]Program End.
[FimsSendDemon             ; 7:05:02] SKT FIMS INF SEND DEMON START >>>>> 
[FimsSendDemon             ; 7:05:03]METS Db CONNECTION !! 
[FimsSendDemon             ; 7:05:04]1번>>>> 납품지시내역 신규 데이터 없음
[FimsSendDemon             ; 7:05:04]3번>>>> 제조사 배송 정보 신규 데이터 없음
[FimsSendDemon             ; 7:05:04]4번>>>> 제조사 배송 내역 신규 데이터 없음
[FimsSendDemon             ; 7:05:04]METS Db Dis_Conn !! 
[FimsSendDemon             ; 7:05:04]Program End.
[FimsReadDemon             ; 7:13:02] SKT FIMS INF READ DEMON START >>>>> 
[FimsReadDemon             ; 7:13:03]METS Db CONNECTION !! 
[FimsReadDemon             ; 7:13:03]2번>>>> 자재 수량 분배 신규 데이터 없음.
[FimsReadDemon             ; 7:13:03]5번>>>> 인수 승인 신규 데이터 없음.
[FimsReadDemon             ; 7:13:03]METS Db Dis_Conn !! 
[FimsReadDemon             ; 7:13:03]Program End.
[FimsReadDemon             ; 7:23:01] SKT FIMS INF READ DEMON START >>>>> 
[FimsReadDemon             ; 7:23:02]METS Db CONNECTION !! 
[FimsReadDemon             ; 7:23:02]2번>>>> 자재 수량 분배 신규 데이터 없음.
[FimsReadDemon             ; 7:23:02]5번>>>> 인수 승인 신규 데이터 없음.
[FimsReadDemon             ; 7:23:02]METS Db Dis_Conn !! 
[FimsReadDemon             ; 7:23:02]Program End.
[FimsReadDemon             ; 7:33:01] SKT FIMS INF READ DEMON START >>>>> 
[FimsReadDemon             ; 7:33:02]METS Db CONNECTION !! 
[FimsReadDemon             ; 7:33:02]2번>>>> 자재 수량 분배 신규 데이터 없음.
[FimsReadDemon             ; 7:33:02]5번>>>> 인수 승인 신규 데이터 없음.
[FimsReadDemon             ; 7:33:02]METS Db Dis_Conn !! 
[FimsReadDemon             ; 7:33:02]Program End.
[FimsSendDemon             ; 7:35:01] SKT FIMS INF SEND DEMON START >>>>> 
[FimsSendDemon             ; 7:35:02]METS Db CONNECTION !! 
[FimsSendDemon             ; 7:35:03]1번>>>> 납품지시내역 신규 데이터 없음
[FimsSendDemon             ; 7:35:03]3번>>>> 제조사 배송 정보 신규 데이터 없음
[FimsSendDemon             ; 7:35:03]4번>>>> 제조사 배송 내역 신규 데이터 없음
[FimsSendDemon             ; 7:35:03]METS Db Dis_Conn !! 
[FimsSendDemon             ; 7:35:03]Program End.
[FimsReadDemon             ; 7:43:01] SKT FIMS INF READ DEMON START >>>>> 
[FimsReadDemon             ; 7:43:02]METS Db CONNECTION !! 
[FimsReadDemon             ; 7:43:02]2번>>>> 자재 수량 분배 신규 데이터 없음.
[FimsReadDemon             ; 7:43:02]5번>>>> 인수 승인 신규 데이터 없음.
[FimsReadDemon             ; 7:43:02]METS Db Dis_Conn !! 
[FimsReadDemon             ; 7:43:02]Program End.
[FimsReadDemon             ; 7:53:01] SKT FIMS INF READ DEMON START >>>>> 
[FimsReadDemon             ; 7:53:02]METS Db CONNECTION !! 
[FimsReadDemon             ; 7:53:02]2번>>>> 자재 수량 분배 신규 데이터 없음.
[FimsReadDemon             ; 7:53:02]5번>>>> 인수 승인 신규 데이터 없음.
[FimsReadDemon             ; 7:53:02]METS Db Dis_Conn !! 
[FimsReadDemon             ; 7:53:02]Program End.
[FimsReadDemon             ; 8:03:02] SKT FIMS INF READ DEMON START >>>>> 
[FimsReadDemon             ; 8:03:02]METS Db CONNECTION !! 
[FimsReadDemon             ; 8:03:02]2번>>>> 자재 수량 분배 신규 데이터 없음.
[FimsReadDemon             ; 8:03:03]5번>>>> 인수 승인 신규 데이터 없음.
[FimsReadDemon             ; 8:03:03]METS Db Dis_Conn !! 
[FimsReadDemon             ; 8:03:03]Program End.
[FimsSendDemon             ; 8:05:02] SKT FIMS INF SEND DEMON START >>>>> 
[FimsSendDemon             ; 8:05:03]METS Db CONNECTION !! 
[FimsSendDemon             ; 8:05:04]1번>>>> 납품지시내역 신규 데이터 없음
[FimsSendDemon             ; 8:05:04]3번>>>> 제조사 배송 정보 신규 데이터 없음
[FimsSendDemon             ; 8:05:04]4번>>>> 제조사 배송 내역 신규 데이터 없음
[FimsSendDemon             ; 8:05:04]METS Db Dis_Conn !! 
[FimsSendDemon             ; 8:05:04]Program End.
[FimsReadDemon             ; 8:13:01] SKT FIMS INF READ DEMON START >>>>> 
[FimsReadDemon             ; 8:13:02]METS Db CONNECTION !! 
[FimsReadDemon             ; 8:13:02]2번>>>> 자재 수량 분배 신규 데이터 없음.
[FimsReadDemon             ; 8:13:02]5번>>>> 인수 승인 신규 데이터 없음.
[FimsReadDemon             ; 8:13:03]METS Db Dis_Conn !! 
[FimsReadDemon             ; 8:13:03]Program End.
[FimsReadDemon             ; 8:23:01] SKT FIMS INF READ DEMON START >>>>> 
[FimsReadDemon             ; 8:23:02]METS Db CONNECTION !! 
[FimsReadDemon             ; 8:23:02]2번>>>> 자재 수량 분배 신규 데이터 없음.
[FimsReadDemon             ; 8:23:03]5번>>>> 인수 승인 신규 데이터 없음.
[FimsReadDemon             ; 8:23:03]METS Db Dis_Conn !! 
[FimsReadDemon             ; 8:23:03]Program End.
[FimsReadDemon             ; 8:33:01] SKT FIMS INF READ DEMON START >>>>> 
[FimsReadDemon             ; 8:33:02]METS Db CONNECTION !! 
[FimsReadDemon             ; 8:33:02]2번>>>> 자재 수량 분배 신규 데이터 없음.
[FimsReadDemon             ; 8:33:02]5번>>>> 인수 승인 신규 데이터 없음.
[FimsReadDemon             ; 8:33:03]METS Db Dis_Conn !! 
[FimsReadDemon             ; 8:33:03]Program End.
[FimsSendDemon             ; 8:35:02] SKT FIMS INF SEND DEMON START >>>>> 
[FimsSendDemon             ; 8:35:04]METS Db CONNECTION !! 
[FimsSendDemon             ; 8:35:04]1번>>>> 납품지시내역 신규 데이터 없음
[FimsSendDemon             ; 8:35:04]3번>>>> 제조사 배송 정보 신규 데이터 없음
[FimsSendDemon             ; 8:35:04]4번>>>> 제조사 배송 내역 신규 데이터 없음
[FimsSendDemon             ; 8:35:04]METS Db Dis_Conn !! 
[FimsSendDemon             ; 8:35:04]Program End.
[FimsReadDemon             ; 8:43:02] SKT FIMS INF READ DEMON START >>>>> 
[FimsReadDemon             ; 8:43:02]METS Db CONNECTION !! 
[FimsReadDemon             ; 8:43:03]2번>>>> 자재 수량 분배 신규 데이터 없음.
[FimsReadDemon             ; 8:43:03]5번>>>> 인수 승인 신규 데이터 없음.
[FimsReadDemon             ; 8:43:03]METS Db Dis_Conn !! 
[FimsReadDemon             ; 8:43:03]Program End.
[FimsReadDemon             ; 8:53:02] SKT FIMS INF READ DEMON START >>>>> 
[FimsReadDemon             ; 8:53:03]METS Db CONNECTION !! 
[FimsReadDemon             ; 8:53:03]2번>>>> 자재 수량 분배 신규 데이터 없음.
[FimsReadDemon             ; 8:53:03]5번>>>> 인수 승인 신규 데이터 없음.
[FimsReadDemon             ; 8:53:03]METS Db Dis_Conn !! 
[FimsReadDemon             ; 8:53:03]Program End.
[FimsReadDemon             ; 9:03:02] SKT FIMS INF READ DEMON START >>>>> 
[FimsReadDemon             ; 9:03:02]METS Db CONNECTION !! 
[FimsReadDemon             ; 9:03:02]2번>>>> 자재 수량 분배 신규 데이터 없음.
[FimsReadDemon             ; 9:03:02]5번>>>> 인수 승인 신규 데이터 없음.
[FimsReadDemon             ; 9:03:02]METS Db Dis_Conn !! 
[FimsReadDemon             ; 9:03:02]Program End.
[FimsSendDemon             ; 9:05:02] SKT FIMS INF SEND DEMON START >>>>> 
[FimsSendDemon             ; 9:05:04]METS Db CONNECTION !! 
[FimsSendDemon             ; 9:05:05]1번>>>> 납품지시내역 신규 데이터 없음
[FimsSendDemon             ; 9:05:05]3번>>>> 제조사 배송 정보 신규 데이터 없음
[FimsSendDemon             ; 9:05:05]4번>>>> 제조사 배송 내역 신규 데이터 없음
[FimsSendDemon             ; 9:05:05]METS Db Dis_Conn !! 
[FimsSendDemon             ; 9:05:05]Program End.
[FimsReadDemon             ; 9:13:02] SKT FIMS INF READ DEMON START >>>>> 
[FimsReadDemon             ; 9:13:03]METS Db CONNECTION !! 
[FimsReadDemon             ; 9:13:03]2번>>>> 자재 수량 분배 신규 데이터 없음.
[FimsReadDemon             ; 9:13:03]5번>>>> 인수 승인 신규 데이터 없음.
[FimsReadDemon             ; 9:13:03]METS Db Dis_Conn !! 
[FimsReadDemon             ; 9:13:03]Program End.
[FimsReadDemon             ; 9:23:02] SKT FIMS INF READ DEMON START >>>>> 
[FimsReadDemon             ; 9:23:03]METS Db CONNECTION !! 
[FimsReadDemon             ; 9:23:03]2번>>>> 자재 수량 분배 신규 데이터 없음.
[FimsReadDemon             ; 9:23:03]5번>>>> 인수 승인 신규 데이터 없음.
[FimsReadDemon             ; 9:23:03]METS Db Dis_Conn !! 
[FimsReadDemon             ; 9:23:03]Program End.
[FimsReadDemon             ; 9:33:02] SKT FIMS INF READ DEMON START >>>>> 
[FimsReadDemon             ; 9:33:03]METS Db CONNECTION !! 
[FimsReadDemon             ; 9:33:03]2번>>>> 자재 수량 분배 신규 데이터 없음.
[FimsReadDemon             ; 9:33:03]5번>>>> 인수 승인 내역 다운로드 시작: HavisDlvrInsuData_20190926093003.dat
[FimsReadDemon             ; 9:33:03]5번>>>> 다운로드 완료 / 건수: 1
[FimsReadDemon             ; 9:33:03]METS Db Dis_Conn !! 
[FimsReadDemon             ; 9:33:03]Program End.
[FimsSendDemon             ; 9:35:03] SKT FIMS INF SEND DEMON START >>>>> 
[FimsSendDemon             ; 9:35:05]METS Db CONNECTION !! 
[FimsSendDemon             ; 9:35:05]1번>>>> 납품지시내역 신규 데이터 없음
[FimsSendDemon             ; 9:35:05]3번>>>> 제조사 배송 정보 신규 데이터 없음
[FimsSendDemon             ; 9:35:05]4번>>>> 제조사 배송 내역 신규 데이터 없음
[FimsSendDemon             ; 9:35:05]METS Db Dis_Conn !! 
[FimsSendDemon             ; 9:35:05]Program End.
[FimsReadDemon             ; 9:43:02] SKT FIMS INF READ DEMON START >>>>> 
[FimsReadDemon             ; 9:43:03]METS Db CONNECTION !! 
[FimsReadDemon             ; 9:43:03]2번>>>> 자재 수량 분배 신규 데이터 없음.
[FimsReadDemon             ; 9:43:03]5번>>>> 인수 승인 신규 데이터 없음.
[FimsReadDemon             ; 9:43:03]METS Db Dis_Conn !! 
[FimsReadDemon             ; 9:43:03]Program End.
[FimsReadDemon             ; 9:53:02] SKT FIMS INF READ DEMON START >>>>> 
[FimsReadDemon             ; 9:53:03]METS Db CONNECTION !! 
[FimsReadDemon             ; 9:53:03]2번>>>> 자재 수량 분배 신규 데이터 없음.
[FimsReadDemon             ; 9:53:03]5번>>>> 인수 승인 신규 데이터 없음.
[FimsReadDemon             ; 9:53:03]METS Db Dis_Conn !! 
[FimsReadDemon             ; 9:53:03]Program End.
[FimsReadDemon             ; 10:03:01] SKT FIMS INF READ DEMON START >>>>> 
[FimsReadDemon             ; 10:03:02]METS Db CONNECTION !! 
[FimsReadDemon             ; 10:03:02]2번>>>> 자재 수량 분배 신규 데이터 없음.
[FimsReadDemon             ; 10:03:02]5번>>>> 인수 승인 신규 데이터 없음.
[FimsReadDemon             ; 10:03:02]METS Db Dis_Conn !! 
[FimsReadDemon             ; 10:03:02]Program End.
[FimsSendDemon             ; 10:05:02] SKT FIMS INF SEND DEMON START >>>>> 
[FimsSendDemon             ; 10:05:03]METS Db CONNECTION !! 
[FimsSendDemon             ; 10:05:04]1번>>>> 납품지시내역 신규 데이터 없음
[FimsSendDemon             ; 10:05:04]3번>>>> 제조사 배송 정보 신규 데이터 없음
[FimsSendDemon             ; 10:05:04]4번>>>> 제조사 배송 내역 신규 데이터 없음
[FimsSendDemon             ; 10:05:04]METS Db Dis_Conn !! 
[FimsSendDemon             ; 10:05:04]Program End.
[FimsReadDemon             ; 10:13:02] SKT FIMS INF READ DEMON START >>>>> 
[FimsReadDemon             ; 10:13:03]METS Db CONNECTION !! 
[FimsReadDemon             ; 10:13:03]2번>>>> 자재 수량 분배 신규 데이터 없음.
[FimsReadDemon             ; 10:13:03]5번>>>> 인수 승인 신규 데이터 없음.
[FimsReadDemon             ; 10:13:03]METS Db Dis_Conn !! 
[FimsReadDemon             ; 10:13:03]Program End.
[FimsReadDemon             ; 10:23:02] SKT FIMS INF READ DEMON START >>>>> 
[FimsReadDemon             ; 10:23:02]METS Db CONNECTION !! 
[FimsReadDemon             ; 10:23:03]2번>>>> 자재 수량 분배 신규 데이터 없음.
[FimsReadDemon             ; 10:23:03]5번>>>> 인수 승인 신규 데이터 없음.
[FimsReadDemon             ; 10:23:03]METS Db Dis_Conn !! 
[FimsReadDemon             ; 10:23:03]Program End.
[FimsReadDemon             ; 10:33:02] SKT FIMS INF READ DEMON START >>>>> 
[FimsReadDemon             ; 10:33:03]METS Db CONNECTION !! 
[FimsReadDemon             ; 10:33:03]2번>>>> 자재 수량 분배 신규 데이터 없음.
[FimsReadDemon             ; 10:33:03]5번>>>> 인수 승인 신규 데이터 없음.
[FimsReadDemon             ; 10:33:03]METS Db Dis_Conn !! 
[FimsReadDemon             ; 10:33:03]Program End.
[FimsSendDemon             ; 10:35:04] SKT FIMS INF SEND DEMON START >>>>> 
[FimsSendDemon             ; 10:35:05]METS Db CONNECTION !! 
[FimsSendDemon             ; 10:35:06]1번>>>> 납품지시내역 신규 데이터 없음
[FimsSendDemon             ; 10:35:06]3번>>>> 제조사 배송 정보 신규 데이터 없음
[FimsSendDemon             ; 10:35:06]4번>>>> 제조사 배송 내역 신규 데이터 없음
[FimsSendDemon             ; 10:35:06]METS Db Dis_Conn !! 
[FimsSendDemon             ; 10:35:06]Program End.
[FimsReadDemon             ; 10:43:02] SKT FIMS INF READ DEMON START >>>>> 
[FimsReadDemon             ; 10:43:03]METS Db CONNECTION !! 
[FimsReadDemon             ; 10:43:04]2번>>>> 자재 수량 분배 신규 데이터 없음.
[FimsReadDemon             ; 10:43:04]5번>>>> 인수 승인 내역 다운로드 시작: HavisDlvrInsuData_20190926104004.dat
[FimsReadDemon             ; 10:43:04]5번>>>> 다운로드 완료 / 건수: 10
[FimsReadDemon             ; 10:43:04]METS Db Dis_Conn !! 
[FimsReadDemon             ; 10:43:04]Program End.
[FimsReadDemon             ; 10:53:02] SKT FIMS INF READ DEMON START >>>>> 
[FimsReadDemon             ; 10:53:03]METS Db CONNECTION !! 
[FimsReadDemon             ; 10:53:03]2번>>>> 자재 수량 분배 신규 데이터 없음.
[FimsReadDemon             ; 10:53:03]5번>>>> 인수 승인 신규 데이터 없음.
[FimsReadDemon             ; 10:53:03]METS Db Dis_Conn !! 
[FimsReadDemon             ; 10:53:03]Program End.
[FimsReadDemon             ; 11:03:02] SKT FIMS INF READ DEMON START >>>>> 
[FimsReadDemon             ; 11:03:03]METS Db CONNECTION !! 
[FimsReadDemon             ; 11:03:03]2번>>>> 자재 수량 분배 신규 데이터 없음.
[FimsReadDemon             ; 11:03:03]5번>>>> 인수 승인 신규 데이터 없음.
[FimsReadDemon             ; 11:03:03]METS Db Dis_Conn !! 
[FimsReadDemon             ; 11:03:03]Program End.
[FimsSendDemon             ; 11:05:02] SKT FIMS INF SEND DEMON START >>>>> 
[FimsSendDemon             ; 11:05:04]METS Db CONNECTION !! 
[FimsSendDemon             ; 11:05:04]1번>>>> 납품지시내역 신규 데이터 없음
[FimsSendDemon             ; 11:05:04]3번>>>> 제조사 배송 정보 신규 데이터 없음
[FimsSendDemon             ; 11:05:04]4번>>>> 제조사 배송 내역 연동 시작: FimsDeliDlvr_20190926110504.dat
[FimsSendDemon             ; 11:05:05]METS Db Dis_Conn !! 
[FimsSendDemon             ; 11:05:05]Program End.
[FimsReadDemon             ; 11:13:01] SKT FIMS INF READ DEMON START >>>>> 
[FimsReadDemon             ; 11:13:03]METS Db CONNECTION !! 
[FimsReadDemon             ; 11:13:03]2번>>>> 자재 수량 분배 신규 데이터 없음.
[FimsReadDemon             ; 11:13:03]5번>>>> 인수 승인 내역 다운로드 시작: HavisDlvrInsuData_20190926111002.dat
[FimsReadDemon             ; 11:13:03]5번>>>> 다운로드 완료 / 건수: 2
[FimsReadDemon             ; 11:13:03]METS Db Dis_Conn !! 
[FimsReadDemon             ; 11:13:03]Program End.
[FimsReadDemon             ; 11:23:02] SKT FIMS INF READ DEMON START >>>>> 
[FimsReadDemon             ; 11:23:03]METS Db CONNECTION !! 
[FimsReadDemon             ; 11:23:03]2번>>>> 자재 수량 분배 신규 데이터 없음.
[FimsReadDemon             ; 11:23:04]5번>>>> 인수 승인 신규 데이터 없음.
[FimsReadDemon             ; 11:23:04]METS Db Dis_Conn !! 
[FimsReadDemon             ; 11:23:04]Program End.
[FimsReadDemon             ; 11:33:02] SKT FIMS INF READ DEMON START >>>>> 
[FimsReadDemon             ; 11:33:03]METS Db CONNECTION !! 
[FimsReadDemon             ; 11:33:03]2번>>>> 자재 수량 분배 신규 데이터 없음.
[FimsReadDemon             ; 11:33:03]5번>>>> 인수 승인 신규 데이터 없음.
[FimsReadDemon             ; 11:33:03]METS Db Dis_Conn !! 
[FimsReadDemon             ; 11:33:03]Program End.
[FimsSendDemon             ; 11:35:02] SKT FIMS INF SEND DEMON START >>>>> 
[FimsSendDemon             ; 11:35:03]METS Db CONNECTION !! 
[FimsSendDemon             ; 11:35:04]1번>>>> 납품지시내역 신규 데이터 없음
[FimsSendDemon             ; 11:35:04]3번>>>> 제조사 배송 정보 신규 데이터 없음
[FimsSendDemon             ; 11:35:04]4번>>>> 제조사 배송 내역 신규 데이터 없음
[FimsSendDemon             ; 11:35:04]METS Db Dis_Conn !! 
[FimsSendDemon             ; 11:35:04]Program End.
[FimsReadDemon             ; 11:43:01] SKT FIMS INF READ DEMON START >>>>> 
[FimsReadDemon             ; 11:43:02]METS Db CONNECTION !! 
[FimsReadDemon             ; 11:43:02]2번>>>> 자재 수량 분배 신규 데이터 없음.
[FimsReadDemon             ; 11:43:02]5번>>>> 인수 승인 신규 데이터 없음.
[FimsReadDemon             ; 11:43:03]METS Db Dis_Conn !! 
[FimsReadDemon             ; 11:43:03]Program End.
[FimsReadDemon             ; 11:53:02] SKT FIMS INF READ DEMON START >>>>> 
[FimsReadDemon             ; 11:53:03]METS Db CONNECTION !! 
[FimsReadDemon             ; 11:53:03]2번>>>> 자재 수량 분배 신규 데이터 없음.
[FimsReadDemon             ; 11:53:03]5번>>>> 인수 승인 신규 데이터 없음.
[FimsReadDemon             ; 11:53:03]METS Db Dis_Conn !! 
[FimsReadDemon             ; 11:53:03]Program End.
[FimsReadDemon             ; 12:03:01] SKT FIMS INF READ DEMON START >>>>> 
[FimsReadDemon             ; 12:03:02]METS Db CONNECTION !! 
[FimsReadDemon             ; 12:03:02]2번>>>> 자재 수량 분배 신규 데이터 없음.
[FimsReadDemon             ; 12:03:02]5번>>>> 인수 승인 신규 데이터 없음.
[FimsReadDemon             ; 12:03:02]METS Db Dis_Conn !! 
[FimsReadDemon             ; 12:03:02]Program End.
[FimsSendDemon             ; 12:05:03] SKT FIMS INF SEND DEMON START >>>>> 
[FimsSendDemon             ; 12:05:04]METS Db CONNECTION !! 
[FimsSendDemon             ; 12:05:04]1번>>>> 납품지시내역 신규 데이터 없음
[FimsSendDemon             ; 12:05:04]3번>>>> 제조사 배송 정보 신규 데이터 없음
[FimsSendDemon             ; 12:05:04]4번>>>> 제조사 배송 내역 신규 데이터 없음
[FimsSendDemon             ; 12:05:04]METS Db Dis_Conn !! 
[FimsSendDemon             ; 12:05:04]Program End.
[FimsReadDemon             ; 12:13:01] SKT FIMS INF READ DEMON START >>>>> 
[FimsReadDemon             ; 12:13:02]METS Db CONNECTION !! 
[FimsReadDemon             ; 12:13:02]2번>>>> 자재 수량 분배 신규 데이터 없음.
[FimsReadDemon             ; 12:13:02]5번>>>> 인수 승인 신규 데이터 없음.
[FimsReadDemon             ; 12:13:02]METS Db Dis_Conn !! 
[FimsReadDemon             ; 12:13:02]Program End.
[FimsReadDemon             ; 12:23:02] SKT FIMS INF READ DEMON START >>>>> 
[FimsReadDemon             ; 12:23:02]METS Db CONNECTION !! 
[FimsReadDemon             ; 12:23:02]2번>>>> 자재 수량 분배 신규 데이터 없음.
[FimsReadDemon             ; 12:23:02]5번>>>> 인수 승인 신규 데이터 없음.
[FimsReadDemon             ; 12:23:03]METS Db Dis_Conn !! 
[FimsReadDemon             ; 12:23:03]Program End.
[FimsReadDemon             ; 12:33:01] SKT FIMS INF READ DEMON START >>>>> 
[FimsReadDemon             ; 12:33:02]METS Db CONNECTION !! 
[FimsReadDemon             ; 12:33:02]2번>>>> 자재 수량 분배 신규 데이터 없음.
[FimsReadDemon             ; 12:33:02]5번>>>> 인수 승인 신규 데이터 없음.
[FimsReadDemon             ; 12:33:02]METS Db Dis_Conn !! 
[FimsReadDemon             ; 12:33:02]Program End.
[FimsSendDemon             ; 12:35:02] SKT FIMS INF SEND DEMON START >>>>> 
[FimsSendDemon             ; 12:35:03]METS Db CONNECTION !! 
[FimsSendDemon             ; 12:35:04]1번>>>> 납품지시내역 신규 데이터 없음
[FimsSendDemon             ; 12:35:04]3번>>>> 제조사 배송 정보 신규 데이터 없음
[FimsSendDemon             ; 12:35:04]4번>>>> 제조사 배송 내역 신규 데이터 없음
[FimsSendDemon             ; 12:35:04]METS Db Dis_Conn !! 
[FimsSendDemon             ; 12:35:04]Program End.
[FimsReadDemon             ; 12:43:01] SKT FIMS INF READ DEMON START >>>>> 
[FimsReadDemon             ; 12:43:02]METS Db CONNECTION !! 
[FimsReadDemon             ; 12:43:02]2번>>>> 자재 수량 분배 신규 데이터 없음.
[FimsReadDemon             ; 12:43:02]5번>>>> 인수 승인 신규 데이터 없음.
[FimsReadDemon             ; 12:43:02]METS Db Dis_Conn !! 
[FimsReadDemon             ; 12:43:02]Program End.
[FimsReadDemon             ; 12:53:01] SKT FIMS INF READ DEMON START >>>>> 
[FimsReadDemon             ; 12:53:02]METS Db CONNECTION !! 
[FimsReadDemon             ; 12:53:02]2번>>>> 자재 수량 분배 신규 데이터 없음.
[FimsReadDemon             ; 12:53:02]5번>>>> 인수 승인 신규 데이터 없음.
[FimsReadDemon             ; 12:53:02]METS Db Dis_Conn !! 
[FimsReadDemon             ; 12:53:02]Program End.
[FimsReadDemon             ; 13:03:02] SKT FIMS INF READ DEMON START >>>>> 
[FimsReadDemon             ; 13:03:02]METS Db CONNECTION !! 
[FimsReadDemon             ; 13:03:02]2번>>>> 자재 수량 분배 신규 데이터 없음.
[FimsReadDemon             ; 13:03:02]5번>>>> 인수 승인 신규 데이터 없음.
[FimsReadDemon             ; 13:03:02]METS Db Dis_Conn !! 
[FimsReadDemon             ; 13:03:02]Program End.
[FimsSendDemon             ; 13:05:02] SKT FIMS INF SEND DEMON START >>>>> 
[FimsSendDemon             ; 13:05:03]METS Db CONNECTION !! 
[FimsSendDemon             ; 13:05:04]1번>>>> 납품지시내역 신규 데이터 없음
[FimsSendDemon             ; 13:05:04]3번>>>> 제조사 배송 정보 신규 데이터 없음
[FimsSendDemon             ; 13:05:04]4번>>>> 제조사 배송 내역 신규 데이터 없음
[FimsSendDemon             ; 13:05:04]METS Db Dis_Conn !! 
[FimsSendDemon             ; 13:05:04]Program End.
[FimsReadDemon             ; 13:13:02] SKT FIMS INF READ DEMON START >>>>> 
[FimsReadDemon             ; 13:13:03]METS Db CONNECTION !! 
[FimsReadDemon             ; 13:13:03]2번>>>> 자재 수량 분배 신규 데이터 없음.
[FimsReadDemon             ; 13:13:03]5번>>>> 인수 승인 신규 데이터 없음.
[FimsReadDemon             ; 13:13:03]METS Db Dis_Conn !! 
[FimsReadDemon             ; 13:13:03]Program End.
[FimsReadDemon             ; 13:23:02] SKT FIMS INF READ DEMON START >>>>> 
[FimsReadDemon             ; 13:23:03]METS Db CONNECTION !! 
[FimsReadDemon             ; 13:23:03]2번>>>> 자재 수량 분배 신규 데이터 없음.
[FimsReadDemon             ; 13:23:03]5번>>>> 인수 승인 신규 데이터 없음.
[FimsReadDemon             ; 13:23:03]METS Db Dis_Conn !! 
[FimsReadDemon             ; 13:23:03]Program End.
[FimsReadDemon             ; 13:33:02] SKT FIMS INF READ DEMON START >>>>> 
[FimsReadDemon             ; 13:33:03]METS Db CONNECTION !! 
[FimsReadDemon             ; 13:33:03]2번>>>> 자재 수량 분배 신규 데이터 없음.
[FimsReadDemon             ; 13:33:03]5번>>>> 인수 승인 신규 데이터 없음.
[FimsReadDemon             ; 13:33:03]METS Db Dis_Conn !! 
[FimsReadDemon             ; 13:33:03]Program End.
[FimsSendDemon             ; 13:35:02] SKT FIMS INF SEND DEMON START >>>>> 
[FimsSendDemon             ; 13:35:03]METS Db CONNECTION !! 
[FimsSendDemon             ; 13:35:04]1번>>>> 납품지시내역 신규 데이터 없음
[FimsSendDemon             ; 13:35:04]3번>>>> 제조사 배송 정보 신규 데이터 없음
[FimsSendDemon             ; 13:35:04]4번>>>> 제조사 배송 내역 신규 데이터 없음
[FimsSendDemon             ; 13:35:04]METS Db Dis_Conn !! 
[FimsSendDemon             ; 13:35:04]Program End.
[FimsReadDemon             ; 13:43:01] SKT FIMS INF READ DEMON START >>>>> 
[FimsReadDemon             ; 13:43:02]METS Db CONNECTION !! 
[FimsReadDemon             ; 13:43:02]2번>>>> 자재 수량 분배 신규 데이터 없음.
[FimsReadDemon             ; 13:43:02]5번>>>> 인수 승인 신규 데이터 없음.
[FimsReadDemon             ; 13:43:02]METS Db Dis_Conn !! 
[FimsReadDemon             ; 13:43:02]Program End.
[FimsReadDemon             ; 13:53:02] SKT FIMS INF READ DEMON START >>>>> 
[FimsReadDemon             ; 13:53:02]METS Db CONNECTION !! 
[FimsReadDemon             ; 13:53:02]2번>>>> 자재 수량 분배 신규 데이터 없음.
[FimsReadDemon             ; 13:53:02]5번>>>> 인수 승인 내역 다운로드 시작: HavisDlvrInsuData_20190926135003.dat
[FimsReadDemon             ; 13:53:03]5번>>>> 다운로드 완료 / 건수: 4
[FimsReadDemon             ; 13:53:03]METS Db Dis_Conn !! 
[FimsReadDemon             ; 13:53:03]Program End.
[FimsReadDemon             ; 14:03:01] SKT FIMS INF READ DEMON START >>>>> 
[FimsReadDemon             ; 14:03:02]METS Db CONNECTION !! 
[FimsReadDemon             ; 14:03:02]2번>>>> 자재 수량 분배 신규 데이터 없음.
[FimsReadDemon             ; 14:03:02]5번>>>> 인수 승인 신규 데이터 없음.
[FimsReadDemon             ; 14:03:02]METS Db Dis_Conn !! 
[FimsReadDemon             ; 14:03:02]Program End.
[FimsSendDemon             ; 14:05:03] SKT FIMS INF SEND DEMON START >>>>> 
[FimsSendDemon             ; 14:05:04]METS Db CONNECTION !! 
[FimsSendDemon             ; 14:05:05]1번>>>> 납품지시내역 신규 데이터 없음
[FimsSendDemon             ; 14:05:05]3번>>>> 제조사 배송 정보 신규 데이터 없음
[FimsSendDemon             ; 14:05:05]4번>>>> 제조사 배송 내역 신규 데이터 없음
[FimsSendDemon             ; 14:05:05]METS Db Dis_Conn !! 
[FimsSendDemon             ; 14:05:05]Program End.
[FimsReadDemon             ; 14:13:02] SKT FIMS INF READ DEMON START >>>>> 
[FimsReadDemon             ; 14:13:03]METS Db CONNECTION !! 
[FimsReadDemon             ; 14:13:03]2번>>>> 자재 수량 분배 신규 데이터 없음.
[FimsReadDemon             ; 14:13:03]5번>>>> 인수 승인 신규 데이터 없음.
[FimsReadDemon             ; 14:13:03]METS Db Dis_Conn !! 
[FimsReadDemon             ; 14:13:03]Program End.
[FimsReadDemon             ; 14:23:02] SKT FIMS INF READ DEMON START >>>>> 
[FimsReadDemon             ; 14:23:04]METS Db CONNECTION !! 
[FimsReadDemon             ; 14:23:04]2번>>>> 자재 수량 분배 신규 데이터 없음.
[FimsReadDemon             ; 14:23:04]5번>>>> 인수 승인 내역 다운로드 시작: HavisDlvrInsuData_20190926142004.dat
[FimsReadDemon             ; 14:23:05]5번>>>> 다운로드 완료 / 건수: 1
[FimsReadDemon             ; 14:23:05]METS Db Dis_Conn !! 
[FimsReadDemon             ; 14:23:05]Program End.
[FimsReadDemon             ; 14:33:01] SKT FIMS INF READ DEMON START >>>>> 
[FimsReadDemon             ; 14:33:02]METS Db CONNECTION !! 
[FimsReadDemon             ; 14:33:02]2번>>>> 자재 수량 분배 신규 데이터 없음.
[FimsReadDemon             ; 14:33:02]5번>>>> 인수 승인 신규 데이터 없음.
[FimsReadDemon             ; 14:33:02]METS Db Dis_Conn !! 
[FimsReadDemon             ; 14:33:02]Program End.
[FimsSendDemon             ; 14:35:04] SKT FIMS INF SEND DEMON START >>>>> 
[FimsSendDemon             ; 14:35:06]METS Db CONNECTION !! 
[FimsSendDemon             ; 14:35:07]1번>>>> 납품지시내역 신규 데이터 없음
[FimsSendDemon             ; 14:35:07]3번>>>> 제조사 배송 정보 신규 데이터 없음
[FimsSendDemon             ; 14:35:07]4번>>>> 제조사 배송 내역 신규 데이터 없음
[FimsSendDemon             ; 14:35:07]METS Db Dis_Conn !! 
[FimsSendDemon             ; 14:35:07]Program End.
[FimsReadDemon             ; 14:43:01] SKT FIMS INF READ DEMON START >>>>> 
[FimsReadDemon             ; 14:43:02]METS Db CONNECTION !! 
[FimsReadDemon             ; 14:43:02]2번>>>> 자재 수량 분배 신규 데이터 없음.
[FimsReadDemon             ; 14:43:02]5번>>>> 인수 승인 신규 데이터 없음.
[FimsReadDemon             ; 14:43:02]METS Db Dis_Conn !! 
[FimsReadDemon             ; 14:43:02]Program End.
[FimsReadDemon             ; 14:53:02] SKT FIMS INF READ DEMON START >>>>> 
[FimsReadDemon             ; 14:53:03]METS Db CONNECTION !! 
[FimsReadDemon             ; 14:53:03]2번>>>> 자재 수량 분배 신규 데이터 없음.
[FimsReadDemon             ; 14:53:03]5번>>>> 인수 승인 내역 다운로드 시작: HavisDlvrInsuData_20190926145003.dat
[FimsReadDemon             ; 14:53:04]5번>>>> 다운로드 완료 / 건수: 1
[FimsReadDemon             ; 14:53:04]METS Db Dis_Conn !! 
[FimsReadDemon             ; 14:53:04]Program End.
[FimsReadDemon             ; 15:03:03] SKT FIMS INF READ DEMON START >>>>> 
[FimsReadDemon             ; 15:03:04]METS Db CONNECTION !! 
[FimsReadDemon             ; 15:03:04]2번>>>> 자재 수량 분배 신규 데이터 없음.
[FimsReadDemon             ; 15:03:04]5번>>>> 인수 승인 내역 다운로드 시작: HavisDlvrInsuData_20190926150003.dat
[FimsReadDemon             ; 15:03:05]5번>>>> 다운로드 완료 / 건수: 2
[FimsReadDemon             ; 15:03:05]METS Db Dis_Conn !! 
[FimsReadDemon             ; 15:03:05]Program End.
[FimsSendDemon             ; 15:05:02] SKT FIMS INF SEND DEMON START >>>>> 
[FimsSendDemon             ; 15:05:04]METS Db CONNECTION !! 
[FimsSendDemon             ; 15:05:04]1번>>>> 납품지시내역 신규 데이터 없음
[FimsSendDemon             ; 15:05:04]3번>>>> 제조사 배송 정보 신규 데이터 없음
[FimsSendDemon             ; 15:05:04]4번>>>> 제조사 배송 내역 신규 데이터 없음
[FimsSendDemon             ; 15:05:04]METS Db Dis_Conn !! 
[FimsSendDemon             ; 15:05:04]Program End.
[FimsReadDemon             ; 15:13:02] SKT FIMS INF READ DEMON START >>>>> 
[FimsReadDemon             ; 15:13:03]METS Db CONNECTION !! 
[FimsReadDemon             ; 15:13:03]2번>>>> 자재 수량 분배 신규 데이터 없음.
[FimsReadDemon             ; 15:13:03]5번>>>> 인수 승인 신규 데이터 없음.
[FimsReadDemon             ; 15:13:03]METS Db Dis_Conn !! 
[FimsReadDemon             ; 15:13:03]Program End.
[FimsReadDemon             ; 15:23:02] SKT FIMS INF READ DEMON START >>>>> 
[FimsReadDemon             ; 15:23:03]METS Db CONNECTION !! 
[FimsReadDemon             ; 15:23:03]2번>>>> 자재 수량 분배 신규 데이터 없음.
[FimsReadDemon             ; 15:23:03]5번>>>> 인수 승인 신규 데이터 없음.
[FimsReadDemon             ; 15:23:03]METS Db Dis_Conn !! 
[FimsReadDemon             ; 15:23:03]Program End.
[FimsReadDemon             ; 15:33:02] SKT FIMS INF READ DEMON START >>>>> 
[FimsReadDemon             ; 15:33:03]METS Db CONNECTION !! 
[FimsReadDemon             ; 15:33:03]2번>>>> 자재 수량 분배 신규 데이터 없음.
[FimsReadDemon             ; 15:33:03]5번>>>> 인수 승인 신규 데이터 없음.
[FimsReadDemon             ; 15:33:03]METS Db Dis_Conn !! 
[FimsReadDemon             ; 15:33:03]Program End.
[FimsSendDemon             ; 15:35:04] SKT FIMS INF SEND DEMON START >>>>> 
[FimsSendDemon             ; 15:35:06]METS Db CONNECTION !! 
[FimsSendDemon             ; 15:35:07]1번>>>> 납품지시내역 신규 데이터 없음
[FimsSendDemon             ; 15:35:07]3번>>>> 제조사 배송 정보 신규 데이터 없음
[FimsSendDemon             ; 15:35:07]4번>>>> 제조사 배송 내역 신규 데이터 없음
[FimsSendDemon             ; 15:35:07]METS Db Dis_Conn !! 
[FimsSendDemon             ; 15:35:07]Program End.
[FimsReadDemon             ; 15:43:01] SKT FIMS INF READ DEMON START >>>>> 
[FimsReadDemon             ; 15:43:02]METS Db CONNECTION !! 
[FimsReadDemon             ; 15:43:02]2번>>>> 자재 수량 분배 신규 데이터 없음.
[FimsReadDemon             ; 15:43:02]5번>>>> 인수 승인 신규 데이터 없음.
[FimsReadDemon             ; 15:43:02]METS Db Dis_Conn !! 
[FimsReadDemon             ; 15:43:02]Program End.
[FimsReadDemon             ; 15:53:02] SKT FIMS INF READ DEMON START >>>>> 
[FimsReadDemon             ; 15:53:03]METS Db CONNECTION !! 
[FimsReadDemon             ; 15:53:03]2번>>>> 자재 수량 분배 신규 데이터 없음.
[FimsReadDemon             ; 15:53:03]5번>>>> 인수 승인 신규 데이터 없음.
[FimsReadDemon             ; 15:53:03]METS Db Dis_Conn !! 
[FimsReadDemon             ; 15:53:03]Program End.
[FimsReadDemon             ; 16:03:01] SKT FIMS INF READ DEMON START >>>>> 
[FimsReadDemon             ; 16:03:02]METS Db CONNECTION !! 
[FimsReadDemon             ; 16:03:02]2번>>>> 자재 수량 분배 신규 데이터 없음.
[FimsReadDemon             ; 16:03:02]5번>>>> 인수 승인 신규 데이터 없음.
[FimsReadDemon             ; 16:03:02]METS Db Dis_Conn !! 
[FimsReadDemon             ; 16:03:02]Program End.
[FimsSendDemon             ; 16:05:02] SKT FIMS INF SEND DEMON START >>>>> 
[FimsSendDemon             ; 16:05:04]METS Db CONNECTION !! 
[FimsSendDemon             ; 16:05:04]1번>>>> 납품지시내역 연동 시작: FimsOrdData_20190926160504.dat
[FimsSendDemon             ; 16:05:05]3번>>>> 제조사 배송 정보 신규 데이터 없음
[FimsSendDemon             ; 16:05:05]4번>>>> 제조사 배송 내역 신규 데이터 없음
[FimsSendDemon             ; 16:05:05]METS Db Dis_Conn !! 
[FimsSendDemon             ; 16:05:05]Program End.
[FimsReadDemon             ; 16:13:02] SKT FIMS INF READ DEMON START >>>>> 
[FimsReadDemon             ; 16:13:03]METS Db CONNECTION !! 
[FimsReadDemon             ; 16:13:03]2번>>>> 자재 수량 분배 신규 데이터 없음.
[FimsReadDemon             ; 16:13:03]5번>>>> 인수 승인 신규 데이터 없음.
[FimsReadDemon             ; 16:13:03]METS Db Dis_Conn !! 
[FimsReadDemon             ; 16:13:03]Program End.
[FimsReadDemon             ; 16:23:02] SKT FIMS INF READ DEMON START >>>>> 
[FimsReadDemon             ; 16:23:03]METS Db CONNECTION !! 
[FimsReadDemon             ; 16:23:03]2번>>>> 자재 수량 분배 신규 데이터 없음.
[FimsReadDemon             ; 16:23:03]5번>>>> 인수 승인 신규 데이터 없음.
[FimsReadDemon             ; 16:23:03]METS Db Dis_Conn !! 
[FimsReadDemon             ; 16:23:03]Program End.
[FimsReadDemon             ; 16:33:02] SKT FIMS INF READ DEMON START >>>>> 
[FimsReadDemon             ; 16:33:03]METS Db CONNECTION !! 
[FimsReadDemon             ; 16:33:03]2번>>>> 자재 수량 분배 신규 데이터 없음.
[FimsReadDemon             ; 16:33:03]5번>>>> 인수 승인 신규 데이터 없음.
[FimsReadDemon             ; 16:33:03]METS Db Dis_Conn !! 
[FimsReadDemon             ; 16:33:03]Program End.
[FimsSendDemon             ; 16:35:03] SKT FIMS INF SEND DEMON START >>>>> 
[FimsSendDemon             ; 16:35:04]METS Db CONNECTION !! 
[FimsSendDemon             ; 16:35:05]1번>>>> 납품지시내역 신규 데이터 없음
[FimsSendDemon             ; 16:35:05]3번>>>> 제조사 배송 정보 신규 데이터 없음
[FimsSendDemon             ; 16:35:05]4번>>>> 제조사 배송 내역 신규 데이터 없음
[FimsSendDemon             ; 16:35:05]METS Db Dis_Conn !! 
[FimsSendDemon             ; 16:35:05]Program End.
[FimsReadDemon             ; 16:43:02] SKT FIMS INF READ DEMON START >>>>> 
[FimsReadDemon             ; 16:43:03]METS Db CONNECTION !! 
[FimsReadDemon             ; 16:43:03]2번>>>> 자재 수량 분배 신규 데이터 없음.
[FimsReadDemon             ; 16:43:03]5번>>>> 인수 승인 신규 데이터 없음.
[FimsReadDemon             ; 16:43:03]METS Db Dis_Conn !! 
[FimsReadDemon             ; 16:43:03]Program End.
[FimsReadDemon             ; 16:53:02] SKT FIMS INF READ DEMON START >>>>> 
[FimsReadDemon             ; 16:53:02]METS Db CONNECTION !! 
[FimsReadDemon             ; 16:53:02]2번>>>> 자재 수량 분배 신규 데이터 없음.
[FimsReadDemon             ; 16:53:03]5번>>>> 인수 승인 신규 데이터 없음.
[FimsReadDemon             ; 16:53:03]METS Db Dis_Conn !! 
[FimsReadDemon             ; 16:53:03]Program End.
[FimsReadDemon             ; 17:03:01] SKT FIMS INF READ DEMON START >>>>> 
[FimsReadDemon             ; 17:03:02]METS Db CONNECTION !! 
[FimsReadDemon             ; 17:03:02]2번>>>> 자재 수량 분배 신규 데이터 없음.
[FimsReadDemon             ; 17:03:02]5번>>>> 인수 승인 신규 데이터 없음.
[FimsReadDemon             ; 17:03:02]METS Db Dis_Conn !! 
[FimsReadDemon             ; 17:03:02]Program End.
[FimsSendDemon             ; 17:05:02] SKT FIMS INF SEND DEMON START >>>>> 
[FimsSendDemon             ; 17:05:04]METS Db CONNECTION !! 
[FimsSendDemon             ; 17:05:05]1번>>>> 납품지시내역 신규 데이터 없음
[FimsSendDemon             ; 17:05:05]3번>>>> 제조사 배송 정보 신규 데이터 없음
[FimsSendDemon             ; 17:05:05]4번>>>> 제조사 배송 내역 신규 데이터 없음
[FimsSendDemon             ; 17:05:05]METS Db Dis_Conn !! 
[FimsSendDemon             ; 17:05:05]Program End.
[FimsReadDemon             ; 17:13:01] SKT FIMS INF READ DEMON START >>>>> 
[FimsReadDemon             ; 17:13:02]METS Db CONNECTION !! 
[FimsReadDemon             ; 17:13:02]2번>>>> 자재 수량 분배 신규 데이터 없음.
[FimsReadDemon             ; 17:13:02]5번>>>> 인수 승인 신규 데이터 없음.
[FimsReadDemon             ; 17:13:02]METS Db Dis_Conn !! 
[FimsReadDemon             ; 17:13:02]Program End.
[FimsSendDemon             ; 17:16:33] SKT FIMS INF SEND DEMON START >>>>> 
[FimsSendDemon             ; 17:16:33]METS Db CONNECTION !! 
[FimsSendDemon             ; 17:16:34]1번>>>> 납품지시내역 신규 데이터 없음
[FimsSendDemon             ; 17:16:34]3번>>>> 제조사 배송 정보 신규 데이터 없음
[FimsSendDemon             ; 17:16:34]4번>>>> 제조사 배송 내역 연동 시작: FimsDeliDlvr_20190926171634.dat
[FimsSendDemon             ; 17:16:34]METS Db Dis_Conn !! 
[FimsSendDemon             ; 17:16:34]Program End.
[FimsReadDemon             ; 17:23:02] SKT FIMS INF READ DEMON START >>>>> 
[FimsReadDemon             ; 17:23:02]METS Db CONNECTION !! 
[FimsReadDemon             ; 17:23:02]2번>>>> 자재 수량 분배 신규 데이터 없음.
[FimsReadDemon             ; 17:23:03]5번>>>> 인수 승인 신규 데이터 없음.
[FimsReadDemon             ; 17:23:03]METS Db Dis_Conn !! 
[FimsReadDemon             ; 17:23:03]Program End.
[FimsReadDemon             ; 17:33:02] SKT FIMS INF READ DEMON START >>>>> 
[FimsReadDemon             ; 17:33:03]METS Db CONNECTION !! 
[FimsReadDemon             ; 17:33:03]2번>>>> 자재 수량 분배 신규 데이터 없음.
[FimsReadDemon             ; 17:33:03]5번>>>> 인수 승인 신규 데이터 없음.
[FimsReadDemon             ; 17:33:03]METS Db Dis_Conn !! 
[FimsReadDemon             ; 17:33:03]Program End.
[FimsSendDemon             ; 17:35:02] SKT FIMS INF SEND DEMON START >>>>> 
[FimsSendDemon             ; 17:35:03]METS Db CONNECTION !! 
[FimsSendDemon             ; 17:35:04]1번>>>> 납품지시내역 연동 시작: FimsOrdData_20190926173503.dat
[FimsSendDemon             ; 17:35:04]3번>>>> 제조사 배송 정보 연동 시작: FimsDeliSco_20190926173504.dat
[FimsSendDemon             ; 17:35:04]4번>>>> 제조사 배송 내역 연동 시작: FimsDeliDlvr_20190926173504.dat
[FimsSendDemon             ; 17:35:05]METS Db Dis_Conn !! 
[FimsSendDemon             ; 17:35:05]Program End.
[FimsReadDemon             ; 17:43:01] SKT FIMS INF READ DEMON START >>>>> 
[FimsReadDemon             ; 17:43:02]METS Db CONNECTION !! 
[FimsReadDemon             ; 17:43:02]2번>>>> 자재 수량 분배 신규 데이터 없음.
[FimsReadDemon             ; 17:43:02]5번>>>> 인수 승인 내역 다운로드 시작: HavisDlvrInsuData_20190926174004.dat
[FimsReadDemon             ; 17:43:03]5번>>>> 다운로드 완료 / 건수: 8
[FimsReadDemon             ; 17:43:03]METS Db Dis_Conn !! 
[FimsReadDemon             ; 17:43:03]Program End.
[FimsReadDemon             ; 17:53:02] SKT FIMS INF READ DEMON START >>>>> 
[FimsReadDemon             ; 17:53:03]METS Db CONNECTION !! 
[FimsReadDemon             ; 17:53:03]2번>>>> 자재 수량 분배 신규 데이터 없음.
[FimsReadDemon             ; 17:53:03]5번>>>> 인수 승인 신규 데이터 없음.
[FimsReadDemon             ; 17:53:03]METS Db Dis_Conn !! 
[FimsReadDemon             ; 17:53:03]Program End.
[FimsReadDemon             ; 18:03:02] SKT FIMS INF READ DEMON START >>>>> 
[FimsReadDemon             ; 18:03:03]METS Db CONNECTION !! 
[FimsReadDemon             ; 18:03:03]2번>>>> 자재 수량 분배 신규 데이터 없음.
[FimsReadDemon             ; 18:03:03]5번>>>> 인수 승인 신규 데이터 없음.
[FimsReadDemon             ; 18:03:03]METS Db Dis_Conn !! 
[FimsReadDemon             ; 18:03:03]Program End.
[FimsSendDemon             ; 18:05:02] SKT FIMS INF SEND DEMON START >>>>> 
[FimsSendDemon             ; 18:05:03]METS Db CONNECTION !! 
[FimsSendDemon             ; 18:05:04]1번>>>> 납품지시내역 연동 시작: FimsOrdData_20190926180503.dat
[FimsSendDemon             ; 18:05:05]3번>>>> 제조사 배송 정보 신규 데이터 없음
[FimsSendDemon             ; 18:05:05]4번>>>> 제조사 배송 내역 연동 시작: FimsDeliDlvr_20190926180505.dat
[FimsSendDemon             ; 18:05:05]METS Db Dis_Conn !! 
[FimsSendDemon             ; 18:05:05]Program End.
[FimsReadDemon             ; 18:13:01] SKT FIMS INF READ DEMON START >>>>> 
[FimsReadDemon             ; 18:13:02]METS Db CONNECTION !! 
[FimsReadDemon             ; 18:13:02]2번>>>> 자재 수량 분배 신규 데이터 없음.
[FimsReadDemon             ; 18:13:02]5번>>>> 인수 승인 신규 데이터 없음.
[FimsReadDemon             ; 18:13:02]METS Db Dis_Conn !! 
[FimsReadDemon             ; 18:13:02]Program End.
[FimsReadDemon             ; 18:23:02] SKT FIMS INF READ DEMON START >>>>> 
[FimsReadDemon             ; 18:23:02]METS Db CONNECTION !! 
[FimsReadDemon             ; 18:23:03]2번>>>> 자재 수량 분배 신규 데이터 없음.
[FimsReadDemon             ; 18:23:03]5번>>>> 인수 승인 내역 다운로드 시작: HavisDlvrInsuData_20190926182003.dat
[FimsReadDemon             ; 18:23:03]5번>>>> 다운로드 완료 / 건수: 2
[FimsReadDemon             ; 18:23:03]METS Db Dis_Conn !! 
[FimsReadDemon             ; 18:23:03]Program End.
[FimsReadDemon             ; 18:33:01] SKT FIMS INF READ DEMON START >>>>> 
[FimsReadDemon             ; 18:33:02]METS Db CONNECTION !! 
[FimsReadDemon             ; 18:33:02]2번>>>> 자재 수량 분배 신규 데이터 없음.
[FimsReadDemon             ; 18:33:02]5번>>>> 인수 승인 신규 데이터 없음.
[FimsReadDemon             ; 18:33:02]METS Db Dis_Conn !! 
[FimsReadDemon             ; 18:33:02]Program End.
[FimsSendDemon             ; 18:35:02] SKT FIMS INF SEND DEMON START >>>>> 
[FimsSendDemon             ; 18:35:03]METS Db CONNECTION !! 
[FimsSendDemon             ; 18:35:03]1번>>>> 납품지시내역 신규 데이터 없음
[FimsSendDemon             ; 18:35:03]3번>>>> 제조사 배송 정보 신규 데이터 없음
[FimsSendDemon             ; 18:35:04]4번>>>> 제조사 배송 내역 신규 데이터 없음
[FimsSendDemon             ; 18:35:04]METS Db Dis_Conn !! 
[FimsSendDemon             ; 18:35:04]Program End.
[FimsReadDemon             ; 18:43:01] SKT FIMS INF READ DEMON START >>>>> 
[FimsReadDemon             ; 18:43:02]METS Db CONNECTION !! 
[FimsReadDemon             ; 18:43:02]2번>>>> 자재 수량 분배 신규 데이터 없음.
[FimsReadDemon             ; 18:43:02]5번>>>> 인수 승인 신규 데이터 없음.
[FimsReadDemon             ; 18:43:02]METS Db Dis_Conn !! 
[FimsReadDemon             ; 18:43:02]Program End.
[FimsReadDemon             ; 18:53:01] SKT FIMS INF READ DEMON START >>>>> 
[FimsReadDemon             ; 18:53:02]METS Db CONNECTION !! 
[FimsReadDemon             ; 18:53:02]2번>>>> 자재 수량 분배 신규 데이터 없음.
[FimsReadDemon             ; 18:53:02]5번>>>> 인수 승인 신규 데이터 없음.
[FimsReadDemon             ; 18:53:02]METS Db Dis_Conn !! 
[FimsReadDemon             ; 18:53:02]Program End.
[FimsReadDemon             ; 19:03:01] SKT FIMS INF READ DEMON START >>>>> 
[FimsReadDemon             ; 19:03:02]METS Db CONNECTION !! 
[FimsReadDemon             ; 19:03:02]2번>>>> 자재 수량 분배 신규 데이터 없음.
[FimsReadDemon             ; 19:03:02]5번>>>> 인수 승인 신규 데이터 없음.
[FimsReadDemon             ; 19:03:02]METS Db Dis_Conn !! 
[FimsReadDemon             ; 19:03:02]Program End.
[FimsSendDemon             ; 19:05:02] SKT FIMS INF SEND DEMON START >>>>> 
[FimsSendDemon             ; 19:05:03]METS Db CONNECTION !! 
[FimsSendDemon             ; 19:05:04]1번>>>> 납품지시내역 신규 데이터 없음
[FimsSendDemon             ; 19:05:04]3번>>>> 제조사 배송 정보 신규 데이터 없음
[FimsSendDemon             ; 19:05:04]4번>>>> 제조사 배송 내역 신규 데이터 없음
[FimsSendDemon             ; 19:05:04]METS Db Dis_Conn !! 
[FimsSendDemon             ; 19:05:04]Program End.
[FimsReadDemon             ; 19:13:01] SKT FIMS INF READ DEMON START >>>>> 
[FimsReadDemon             ; 19:13:02]METS Db CONNECTION !! 
[FimsReadDemon             ; 19:13:02]2번>>>> 자재 수량 분배 신규 데이터 없음.
[FimsReadDemon             ; 19:13:03]5번>>>> 인수 승인 신규 데이터 없음.
[FimsReadDemon             ; 19:13:03]METS Db Dis_Conn !! 
[FimsReadDemon             ; 19:13:03]Program End.
[FimsReadDemon             ; 19:23:01] SKT FIMS INF READ DEMON START >>>>> 
[FimsReadDemon             ; 19:23:02]METS Db CONNECTION !! 
[FimsReadDemon             ; 19:23:02]2번>>>> 자재 수량 분배 신규 데이터 없음.
[FimsReadDemon             ; 19:23:02]5번>>>> 인수 승인 신규 데이터 없음.
[FimsReadDemon             ; 19:23:02]METS Db Dis_Conn !! 
[FimsReadDemon             ; 19:23:02]Program End.
[FimsReadDemon             ; 19:33:01] SKT FIMS INF READ DEMON START >>>>> 
[FimsReadDemon             ; 19:33:02]METS Db CONNECTION !! 
[FimsReadDemon             ; 19:33:02]2번>>>> 자재 수량 분배 신규 데이터 없음.
[FimsReadDemon             ; 19:33:02]5번>>>> 인수 승인 신규 데이터 없음.
[FimsReadDemon             ; 19:33:02]METS Db Dis_Conn !! 
[FimsReadDemon             ; 19:33:02]Program End.
[FimsSendDemon             ; 19:35:02] SKT FIMS INF SEND DEMON START >>>>> 
[FimsSendDemon             ; 19:35:03]METS Db CONNECTION !! 
[FimsSendDemon             ; 19:35:04]1번>>>> 납품지시내역 신규 데이터 없음
[FimsSendDemon             ; 19:35:04]3번>>>> 제조사 배송 정보 신규 데이터 없음
[FimsSendDemon             ; 19:35:04]4번>>>> 제조사 배송 내역 신규 데이터 없음
[FimsSendDemon             ; 19:35:04]METS Db Dis_Conn !! 
[FimsSendDemon             ; 19:35:04]Program End.
[FimsReadDemon             ; 19:43:01] SKT FIMS INF READ DEMON START >>>>> 
[FimsReadDemon             ; 19:43:02]METS Db CONNECTION !! 
[FimsReadDemon             ; 19:43:03]2번>>>> 자재 수량 분배 신규 데이터 없음.
[FimsReadDemon             ; 19:43:03]5번>>>> 인수 승인 신규 데이터 없음.
[FimsReadDemon             ; 19:43:03]METS Db Dis_Conn !! 
[FimsReadDemon             ; 19:43:03]Program End.
[FimsReadDemon             ; 19:53:01] SKT FIMS INF READ DEMON START >>>>> 
[FimsReadDemon             ; 19:53:02]METS Db CONNECTION !! 
[FimsReadDemon             ; 19:53:02]2번>>>> 자재 수량 분배 신규 데이터 없음.
[FimsReadDemon             ; 19:53:02]5번>>>> 인수 승인 신규 데이터 없음.
[FimsReadDemon             ; 19:53:03]METS Db Dis_Conn !! 
[FimsReadDemon             ; 19:53:03]Program End.
[FimsReadDemon             ; 20:03:01] SKT FIMS INF READ DEMON START >>>>> 
[FimsReadDemon             ; 20:03:02]METS Db CONNECTION !! 
[FimsReadDemon             ; 20:03:02]2번>>>> 자재 수량 분배 신규 데이터 없음.
[FimsReadDemon             ; 20:03:02]5번>>>> 인수 승인 신규 데이터 없음.
[FimsReadDemon             ; 20:03:02]METS Db Dis_Conn !! 
[FimsReadDemon             ; 20:03:02]Program End.
[FimsSendDemon             ; 20:05:01] SKT FIMS INF SEND DEMON START >>>>> 
[FimsSendDemon             ; 20:05:03]METS Db CONNECTION !! 
[FimsSendDemon             ; 20:05:03]1번>>>> 납품지시내역 신규 데이터 없음
[FimsSendDemon             ; 20:05:03]3번>>>> 제조사 배송 정보 신규 데이터 없음
[FimsSendDemon             ; 20:05:03]4번>>>> 제조사 배송 내역 신규 데이터 없음
[FimsSendDemon             ; 20:05:03]METS Db Dis_Conn !! 
[FimsSendDemon             ; 20:05:03]Program End.
[FimsReadDemon             ; 20:13:01] SKT FIMS INF READ DEMON START >>>>> 
[FimsReadDemon             ; 20:13:02]METS Db CONNECTION !! 
[FimsReadDemon             ; 20:13:02]2번>>>> 자재 수량 분배 신규 데이터 없음.
[FimsReadDemon             ; 20:13:02]5번>>>> 인수 승인 신규 데이터 없음.
[FimsReadDemon             ; 20:13:02]METS Db Dis_Conn !! 
[FimsReadDemon             ; 20:13:02]Program End.
[FimsReadDemon             ; 20:23:01] SKT FIMS INF READ DEMON START >>>>> 
[FimsReadDemon             ; 20:23:02]METS Db CONNECTION !! 
[FimsReadDemon             ; 20:23:02]2번>>>> 자재 수량 분배 신규 데이터 없음.
[FimsReadDemon             ; 20:23:02]5번>>>> 인수 승인 신규 데이터 없음.
[FimsReadDemon             ; 20:23:02]METS Db Dis_Conn !! 
[FimsReadDemon             ; 20:23:02]Program End.
[FimsReadDemon             ; 20:33:02] SKT FIMS INF READ DEMON START >>>>> 
[FimsReadDemon             ; 20:33:03]METS Db CONNECTION !! 
[FimsReadDemon             ; 20:33:03]2번>>>> 자재 수량 분배 신규 데이터 없음.
[FimsReadDemon             ; 20:33:03]5번>>>> 인수 승인 신규 데이터 없음.
[FimsReadDemon             ; 20:33:03]METS Db Dis_Conn !! 
[FimsReadDemon             ; 20:33:03]Program End.
[FimsSendDemon             ; 20:35:02] SKT FIMS INF SEND DEMON START >>>>> 
[FimsSendDemon             ; 20:35:04]METS Db CONNECTION !! 
[FimsSendDemon             ; 20:35:05]1번>>>> 납품지시내역 신규 데이터 없음
[FimsSendDemon             ; 20:35:05]3번>>>> 제조사 배송 정보 신규 데이터 없음
[FimsSendDemon             ; 20:35:05]4번>>>> 제조사 배송 내역 신규 데이터 없음
[FimsSendDemon             ; 20:35:05]METS Db Dis_Conn !! 
[FimsSendDemon             ; 20:35:05]Program End.
[FimsReadDemon             ; 20:43:02] SKT FIMS INF READ DEMON START >>>>> 
[FimsReadDemon             ; 20:43:03]METS Db CONNECTION !! 
[FimsReadDemon             ; 20:43:03]2번>>>> 자재 수량 분배 신규 데이터 없음.
[FimsReadDemon             ; 20:43:03]5번>>>> 인수 승인 신규 데이터 없음.
[FimsReadDemon             ; 20:43:03]METS Db Dis_Conn !! 
[FimsReadDemon             ; 20:43:03]Program End.
[FimsReadDemon             ; 20:53:01] SKT FIMS INF READ DEMON START >>>>> 
[FimsReadDemon             ; 20:53:02]METS Db CONNECTION !! 
[FimsReadDemon             ; 20:53:02]2번>>>> 자재 수량 분배 신규 데이터 없음.
[FimsReadDemon             ; 20:53:02]5번>>>> 인수 승인 신규 데이터 없음.
[FimsReadDemon             ; 20:53:02]METS Db Dis_Conn !! 
[FimsReadDemon             ; 20:53:02]Program End.
[FimsReadDemon             ; 21:03:02] SKT FIMS INF READ DEMON START >>>>> 
[FimsReadDemon             ; 21:03:02]METS Db CONNECTION !! 
[FimsReadDemon             ; 21:03:02]2번>>>> 자재 수량 분배 신규 데이터 없음.
[FimsReadDemon             ; 21:03:02]5번>>>> 인수 승인 신규 데이터 없음.
[FimsReadDemon             ; 21:03:03]METS Db Dis_Conn !! 
[FimsReadDemon             ; 21:03:03]Program End.
[FimsSendDemon             ; 21:05:02] SKT FIMS INF SEND DEMON START >>>>> 
[FimsSendDemon             ; 21:05:03]METS Db CONNECTION !! 
[FimsSendDemon             ; 21:05:04]1번>>>> 납품지시내역 신규 데이터 없음
[FimsSendDemon             ; 21:05:04]3번>>>> 제조사 배송 정보 신규 데이터 없음
[FimsSendDemon             ; 21:05:04]4번>>>> 제조사 배송 내역 신규 데이터 없음
[FimsSendDemon             ; 21:05:04]METS Db Dis_Conn !! 
[FimsSendDemon             ; 21:05:04]Program End.
[FimsReadDemon             ; 21:13:02] SKT FIMS INF READ DEMON START >>>>> 
[FimsReadDemon             ; 21:13:03]METS Db CONNECTION !! 
[FimsReadDemon             ; 21:13:03]2번>>>> 자재 수량 분배 신규 데이터 없음.
[FimsReadDemon             ; 21:13:03]5번>>>> 인수 승인 신규 데이터 없음.
[FimsReadDemon             ; 21:13:03]METS Db Dis_Conn !! 
[FimsReadDemon             ; 21:13:03]Program End.
[FimsReadDemon             ; 21:23:01] SKT FIMS INF READ DEMON START >>>>> 
[FimsReadDemon             ; 21:23:02]METS Db CONNECTION !! 
[FimsReadDemon             ; 21:23:02]2번>>>> 자재 수량 분배 신규 데이터 없음.
[FimsReadDemon             ; 21:23:02]5번>>>> 인수 승인 신규 데이터 없음.
[FimsReadDemon             ; 21:23:02]METS Db Dis_Conn !! 
[FimsReadDemon             ; 21:23:02]Program End.
[FimsReadDemon             ; 21:33:01] SKT FIMS INF READ DEMON START >>>>> 
[FimsReadDemon             ; 21:33:02]METS Db CONNECTION !! 
[FimsReadDemon             ; 21:33:02]2번>>>> 자재 수량 분배 신규 데이터 없음.
[FimsReadDemon             ; 21:33:02]5번>>>> 인수 승인 신규 데이터 없음.
[FimsReadDemon             ; 21:33:02]METS Db Dis_Conn !! 
[FimsReadDemon             ; 21:33:02]Program End.
[FimsSendDemon             ; 21:35:01] SKT FIMS INF SEND DEMON START >>>>> 
[FimsSendDemon             ; 21:35:03]METS Db CONNECTION !! 
[FimsSendDemon             ; 21:35:04]1번>>>> 납품지시내역 신규 데이터 없음
[FimsSendDemon             ; 21:35:04]3번>>>> 제조사 배송 정보 신규 데이터 없음
[FimsSendDemon             ; 21:35:04]4번>>>> 제조사 배송 내역 신규 데이터 없음
[FimsSendDemon             ; 21:35:04]METS Db Dis_Conn !! 
[FimsSendDemon             ; 21:35:04]Program End.
[FimsReadDemon             ; 21:43:01] SKT FIMS INF READ DEMON START >>>>> 
[FimsReadDemon             ; 21:43:02]METS Db CONNECTION !! 
[FimsReadDemon             ; 21:43:02]2번>>>> 자재 수량 분배 신규 데이터 없음.
[FimsReadDemon             ; 21:43:03]5번>>>> 인수 승인 신규 데이터 없음.
[FimsReadDemon             ; 21:43:03]METS Db Dis_Conn !! 
[FimsReadDemon             ; 21:43:03]Program End.
[FimsReadDemon             ; 21:53:01] SKT FIMS INF READ DEMON START >>>>> 
[FimsReadDemon             ; 21:53:02]METS Db CONNECTION !! 
[FimsReadDemon             ; 21:53:02]2번>>>> 자재 수량 분배 신규 데이터 없음.
[FimsReadDemon             ; 21:53:02]5번>>>> 인수 승인 신규 데이터 없음.
[FimsReadDemon             ; 21:53:02]METS Db Dis_Conn !! 
[FimsReadDemon             ; 21:53:02]Program End.
[FimsReadDemon             ; 22:03:02] SKT FIMS INF READ DEMON START >>>>> 
[FimsReadDemon             ; 22:03:02]METS Db CONNECTION !! 
[FimsReadDemon             ; 22:03:02]2번>>>> 자재 수량 분배 신규 데이터 없음.
[FimsReadDemon             ; 22:03:02]5번>>>> 인수 승인 신규 데이터 없음.
[FimsReadDemon             ; 22:03:03]METS Db Dis_Conn !! 
[FimsReadDemon             ; 22:03:03]Program End.
[FimsSendDemon             ; 22:05:02] SKT FIMS INF SEND DEMON START >>>>> 
[FimsSendDemon             ; 22:05:03]METS Db CONNECTION !! 
[FimsSendDemon             ; 22:05:04]1번>>>> 납품지시내역 신규 데이터 없음
[FimsSendDemon             ; 22:05:04]3번>>>> 제조사 배송 정보 신규 데이터 없음
[FimsSendDemon             ; 22:05:04]4번>>>> 제조사 배송 내역 신규 데이터 없음
[FimsSendDemon             ; 22:05:04]METS Db Dis_Conn !! 
[FimsSendDemon             ; 22:05:04]Program End.
[FimsReadDemon             ; 22:13:02] SKT FIMS INF READ DEMON START >>>>> 
[FimsReadDemon             ; 22:13:03]METS Db CONNECTION !! 
[FimsReadDemon             ; 22:13:03]2번>>>> 자재 수량 분배 신규 데이터 없음.
[FimsReadDemon             ; 22:13:03]5번>>>> 인수 승인 신규 데이터 없음.
[FimsReadDemon             ; 22:13:03]METS Db Dis_Conn !! 
[FimsReadDemon             ; 22:13:03]Program End.
[FimsReadDemon             ; 22:23:02] SKT FIMS INF READ DEMON START >>>>> 
[FimsReadDemon             ; 22:23:03]METS Db CONNECTION !! 
[FimsReadDemon             ; 22:23:03]2번>>>> 자재 수량 분배 신규 데이터 없음.
[FimsReadDemon             ; 22:23:03]5번>>>> 인수 승인 신규 데이터 없음.
[FimsReadDemon             ; 22:23:03]METS Db Dis_Conn !! 
[FimsReadDemon             ; 22:23:03]Program End.
[FimsReadDemon             ; 22:33:02] SKT FIMS INF READ DEMON START >>>>> 
[FimsReadDemon             ; 22:33:03]METS Db CONNECTION !! 
[FimsReadDemon             ; 22:33:03]2번>>>> 자재 수량 분배 신규 데이터 없음.
[FimsReadDemon             ; 22:33:03]5번>>>> 인수 승인 신규 데이터 없음.
[FimsReadDemon             ; 22:33:03]METS Db Dis_Conn !! 
[FimsReadDemon             ; 22:33:03]Program End.
[FimsSendDemon             ; 22:35:01] SKT FIMS INF SEND DEMON START >>>>> 
[FimsSendDemon             ; 22:35:03]METS Db CONNECTION !! 
[FimsSendDemon             ; 22:35:04]1번>>>> 납품지시내역 신규 데이터 없음
[FimsSendDemon             ; 22:35:04]3번>>>> 제조사 배송 정보 신규 데이터 없음
[FimsSendDemon             ; 22:35:04]4번>>>> 제조사 배송 내역 신규 데이터 없음
[FimsSendDemon             ; 22:35:04]METS Db Dis_Conn !! 
[FimsSendDemon             ; 22:35:04]Program End.
[FimsReadDemon             ; 22:43:01] SKT FIMS INF READ DEMON START >>>>> 
[FimsReadDemon             ; 22:43:02]METS Db CONNECTION !! 
[FimsReadDemon             ; 22:43:02]2번>>>> 자재 수량 분배 신규 데이터 없음.
[FimsReadDemon             ; 22:43:02]5번>>>> 인수 승인 신규 데이터 없음.
[FimsReadDemon             ; 22:43:02]METS Db Dis_Conn !! 
[FimsReadDemon             ; 22:43:02]Program End.
[FimsReadDemon             ; 22:53:01] SKT FIMS INF READ DEMON START >>>>> 
[FimsReadDemon             ; 22:53:02]METS Db CONNECTION !! 
[FimsReadDemon             ; 22:53:02]2번>>>> 자재 수량 분배 신규 데이터 없음.
[FimsReadDemon             ; 22:53:02]5번>>>> 인수 승인 신규 데이터 없음.
[FimsReadDemon             ; 22:53:02]METS Db Dis_Conn !! 
[FimsReadDemon             ; 22:53:02]Program End.
[FimsReadDemon             ; 23:03:02] SKT FIMS INF READ DEMON START >>>>> 
[FimsReadDemon             ; 23:03:03]METS Db CONNECTION !! 
[FimsReadDemon             ; 23:03:03]2번>>>> 자재 수량 분배 신규 데이터 없음.
[FimsReadDemon             ; 23:03:03]5번>>>> 인수 승인 신규 데이터 없음.
[FimsReadDemon             ; 23:03:03]METS Db Dis_Conn !! 
[FimsReadDemon             ; 23:03:03]Program End.
[FimsSendDemon             ; 23:05:03] SKT FIMS INF SEND DEMON START >>>>> 
[FimsSendDemon             ; 23:05:05]METS Db CONNECTION !! 
[FimsSendDemon             ; 23:05:05]1번>>>> 납품지시내역 신규 데이터 없음
[FimsSendDemon             ; 23:05:05]3번>>>> 제조사 배송 정보 신규 데이터 없음
[FimsSendDemon             ; 23:05:05]4번>>>> 제조사 배송 내역 신규 데이터 없음
[FimsSendDemon             ; 23:05:05]METS Db Dis_Conn !! 
[FimsSendDemon             ; 23:05:05]Program End.
[FimsReadDemon             ; 23:13:02] SKT FIMS INF READ DEMON START >>>>> 
[FimsReadDemon             ; 23:13:03]METS Db CONNECTION !! 
[FimsReadDemon             ; 23:13:03]2번>>>> 자재 수량 분배 신규 데이터 없음.
[FimsReadDemon             ; 23:13:03]5번>>>> 인수 승인 신규 데이터 없음.
[FimsReadDemon             ; 23:13:03]METS Db Dis_Conn !! 
[FimsReadDemon             ; 23:13:03]Program End.
[FimsReadDemon             ; 23:23:02] SKT FIMS INF READ DEMON START >>>>> 
[FimsReadDemon             ; 23:23:03]METS Db CONNECTION !! 
[FimsReadDemon             ; 23:23:03]2번>>>> 자재 수량 분배 신규 데이터 없음.
[FimsReadDemon             ; 23:23:03]5번>>>> 인수 승인 신규 데이터 없음.
[FimsReadDemon             ; 23:23:03]METS Db Dis_Conn !! 
[FimsReadDemon             ; 23:23:03]Program End.
[FimsReadDemon             ; 23:33:02] SKT FIMS INF READ DEMON START >>>>> 
[FimsReadDemon             ; 23:33:03]METS Db CONNECTION !! 
[FimsReadDemon             ; 23:33:03]2번>>>> 자재 수량 분배 신규 데이터 없음.
[FimsReadDemon             ; 23:33:03]5번>>>> 인수 승인 신규 데이터 없음.
[FimsReadDemon             ; 23:33:03]METS Db Dis_Conn !! 
[FimsReadDemon             ; 23:33:03]Program End.
[FimsSendDemon             ; 23:35:03] SKT FIMS INF SEND DEMON START >>>>> 
[FimsSendDemon             ; 23:35:04]METS Db CONNECTION !! 
[FimsSendDemon             ; 23:35:05]1번>>>> 납품지시내역 신규 데이터 없음
[FimsSendDemon             ; 23:35:05]3번>>>> 제조사 배송 정보 신규 데이터 없음
[FimsSendDemon             ; 23:35:05]4번>>>> 제조사 배송 내역 신규 데이터 없음
[FimsSendDemon             ; 23:35:05]METS Db Dis_Conn !! 
[FimsSendDemon             ; 23:35:05]Program End.
[FimsReadDemon             ; 23:43:01] SKT FIMS INF READ DEMON START >>>>> 
[FimsReadDemon             ; 23:43:02]METS Db CONNECTION !! 
[FimsReadDemon             ; 23:43:02]2번>>>> 자재 수량 분배 신규 데이터 없음.
[FimsReadDemon             ; 23:43:02]5번>>>> 인수 승인 신규 데이터 없음.
[FimsReadDemon             ; 23:43:02]METS Db Dis_Conn !! 
[FimsReadDemon             ; 23:43:02]Program End.
[FimsReadDemon             ; 23:53:02] SKT FIMS INF READ DEMON START >>>>> 
[FimsReadDemon             ; 23:53:03]METS Db CONNECTION !! 
[FimsReadDemon             ; 23:53:03]2번>>>> 자재 수량 분배 신규 데이터 없음.
[FimsReadDemon             ; 23:53:03]5번>>>> 인수 승인 신규 데이터 없음.
[FimsReadDemon             ; 23:53:03]METS Db Dis_Conn !! 
[FimsReadDemon             ; 23:53:03]Program End.
