[FimsReadDemon             ; 0:03:01] SKT FIMS INF READ DEMON START >>>>> 
[FimsReadDemon             ; 0:03:01]METS Db CONNECTION !! 
[FimsReadDemon             ; 0:03:01]2번>>>> 자재 수량 분배 신규 데이터 없음.
[FimsReadDemon             ; 0:03:01]5번>>>> 인수 승인 신규 데이터 없음.
[FimsReadDemon             ; 0:03:01]METS Db Dis_Conn !! 
[FimsReadDemon             ; 0:03:01]Program End.
[FimsSendDemon             ; 0:05:01] SKT FIMS INF SEND DEMON START >>>>> 
[FimsSendDemon             ; 0:05:02]METS Db CONNECTION !! 
[FimsSendDemon             ; 0:05:02]1번>>>> 납품지시내역 신규 데이터 없음
[FimsSendDemon             ; 0:05:02]METS Db Dis_Conn !! 
[FimsSendDemon             ; 0:05:02]Program End.
[FimsSendDemon             ; 0:08:01] SKT FIMS INF 10MIN SEND DEMON START >>>>> 
[FimsSendDemon - 10min     ; 0:08:02]METS Db CONNECTION !! 
[FimsSendDemon             ; 0:08:02]3번>>>> 제조사 배송 정보 신규 데이터 없음
[FimsSendDemon             ; 0:08:02]4번>>>> 제조사 배송 내역 신규 데이터 없음
[FimsSendDemon             ; 0:08:02]METS Db Dis_Conn !! 
[FimsSendDemon             ; 0:08:02]Program End.
[FimsReadDemon             ; 0:13:02] SKT FIMS INF READ DEMON START >>>>> 
[FimsReadDemon             ; 0:13:02]METS Db CONNECTION !! 
[FimsReadDemon             ; 0:13:02]2번>>>> 자재 수량 분배 신규 데이터 없음.
[FimsReadDemon             ; 0:13:02]5번>>>> 인수 승인 신규 데이터 없음.
[FimsReadDemon             ; 0:13:02]METS Db Dis_Conn !! 
[FimsReadDemon             ; 0:13:02]Program End.
[FimsSendDemon             ; 0:18:01] SKT FIMS INF 10MIN SEND DEMON START >>>>> 
[FimsSendDemon - 10min     ; 0:18:01]METS Db CONNECTION !! 
[FimsSendDemon             ; 0:18:01]3번>>>> 제조사 배송 정보 신규 데이터 없음
[FimsSendDemon             ; 0:18:01]4번>>>> 제조사 배송 내역 신규 데이터 없음
[FimsSendDemon             ; 0:18:01]METS Db Dis_Conn !! 
[FimsSendDemon             ; 0:18:01]Program End.
[FimsReadDemon             ; 0:23:01] SKT FIMS INF READ DEMON START >>>>> 
[FimsReadDemon             ; 0:23:01]METS Db CONNECTION !! 
[FimsReadDemon             ; 0:23:01]2번>>>> 자재 수량 분배 신규 데이터 없음.
[FimsReadDemon             ; 0:23:02]5번>>>> 인수 승인 신규 데이터 없음.
[FimsReadDemon             ; 0:23:02]METS Db Dis_Conn !! 
[FimsReadDemon             ; 0:23:02]Program End.
[FimsSendDemon             ; 0:28:01] SKT FIMS INF 10MIN SEND DEMON START >>>>> 
[FimsSendDemon - 10min     ; 0:28:01]METS Db CONNECTION !! 
[FimsSendDemon             ; 0:28:01]3번>>>> 제조사 배송 정보 신규 데이터 없음
[FimsSendDemon             ; 0:28:01]4번>>>> 제조사 배송 내역 신규 데이터 없음
[FimsSendDemon             ; 0:28:01]METS Db Dis_Conn !! 
[FimsSendDemon             ; 0:28:01]Program End.
[FimsReadDemon             ; 0:33:01] SKT FIMS INF READ DEMON START >>>>> 
[FimsReadDemon             ; 0:33:02]METS Db CONNECTION !! 
[FimsReadDemon             ; 0:33:02]2번>>>> 자재 수량 분배 신규 데이터 없음.
[FimsReadDemon             ; 0:33:02]5번>>>> 인수 승인 신규 데이터 없음.
[FimsReadDemon             ; 0:33:02]METS Db Dis_Conn !! 
[FimsReadDemon             ; 0:33:02]Program End.
[FimsSendDemon             ; 0:35:02] SKT FIMS INF SEND DEMON START >>>>> 
[FimsSendDemon             ; 0:35:02]METS Db CONNECTION !! 
[FimsSendDemon             ; 0:35:02]1번>>>> 납품지시내역 신규 데이터 없음
[FimsSendDemon             ; 0:35:02]METS Db Dis_Conn !! 
[FimsSendDemon             ; 0:35:02]Program End.
[FimsSendDemon             ; 0:38:01] SKT FIMS INF 10MIN SEND DEMON START >>>>> 
[FimsSendDemon - 10min     ; 0:38:01]METS Db CONNECTION !! 
[FimsSendDemon             ; 0:38:01]3번>>>> 제조사 배송 정보 신규 데이터 없음
[FimsSendDemon             ; 0:38:01]4번>>>> 제조사 배송 내역 신규 데이터 없음
[FimsSendDemon             ; 0:38:01]METS Db Dis_Conn !! 
[FimsSendDemon             ; 0:38:01]Program End.
[FimsReadDemon             ; 0:43:01] SKT FIMS INF READ DEMON START >>>>> 
[FimsReadDemon             ; 0:43:01]METS Db CONNECTION !! 
[FimsReadDemon             ; 0:43:01]2번>>>> 자재 수량 분배 신규 데이터 없음.
[FimsReadDemon             ; 0:43:01]5번>>>> 인수 승인 신규 데이터 없음.
[FimsReadDemon             ; 0:43:01]METS Db Dis_Conn !! 
[FimsReadDemon             ; 0:43:01]Program End.
[FimsSendDemon             ; 0:48:02] SKT FIMS INF 10MIN SEND DEMON START >>>>> 
[FimsSendDemon - 10min     ; 0:48:02]METS Db CONNECTION !! 
[FimsSendDemon             ; 0:48:02]3번>>>> 제조사 배송 정보 신규 데이터 없음
[FimsSendDemon             ; 0:48:02]4번>>>> 제조사 배송 내역 신규 데이터 없음
[FimsSendDemon             ; 0:48:02]METS Db Dis_Conn !! 
[FimsSendDemon             ; 0:48:02]Program End.
[FimsReadDemon             ; 0:53:02] SKT FIMS INF READ DEMON START >>>>> 
[FimsReadDemon             ; 0:53:02]METS Db CONNECTION !! 
[FimsReadDemon             ; 0:53:02]2번>>>> 자재 수량 분배 신규 데이터 없음.
[FimsReadDemon             ; 0:53:02]5번>>>> 인수 승인 신규 데이터 없음.
[FimsReadDemon             ; 0:53:02]METS Db Dis_Conn !! 
[FimsReadDemon             ; 0:53:02]Program End.
[FimsSendDemon             ; 0:58:01] SKT FIMS INF 10MIN SEND DEMON START >>>>> 
[FimsSendDemon - 10min     ; 0:58:01]METS Db CONNECTION !! 
[FimsSendDemon             ; 0:58:01]3번>>>> 제조사 배송 정보 신규 데이터 없음
[FimsSendDemon             ; 0:58:01]4번>>>> 제조사 배송 내역 신규 데이터 없음
[FimsSendDemon             ; 0:58:01]METS Db Dis_Conn !! 
[FimsSendDemon             ; 0:58:01]Program End.
[FimsReadDemon             ; 1:03:01] SKT FIMS INF READ DEMON START >>>>> 
[FimsReadDemon             ; 1:03:01]METS Db CONNECTION !! 
[FimsReadDemon             ; 1:03:01]2번>>>> 자재 수량 분배 신규 데이터 없음.
[FimsReadDemon             ; 1:03:01]5번>>>> 인수 승인 신규 데이터 없음.
[FimsReadDemon             ; 1:03:01]METS Db Dis_Conn !! 
[FimsReadDemon             ; 1:03:01]Program End.
[FimsSendDemon             ; 1:05:01] SKT FIMS INF SEND DEMON START >>>>> 
[FimsSendDemon             ; 1:05:01]METS Db CONNECTION !! 
[FimsSendDemon             ; 1:05:01]1번>>>> 납품지시내역 신규 데이터 없음
[FimsSendDemon             ; 1:05:01]METS Db Dis_Conn !! 
[FimsSendDemon             ; 1:05:01]Program End.
[FimsSendDemon             ; 1:08:02] SKT FIMS INF 10MIN SEND DEMON START >>>>> 
[FimsSendDemon - 10min     ; 1:08:02]METS Db CONNECTION !! 
[FimsSendDemon             ; 1:08:02]3번>>>> 제조사 배송 정보 신규 데이터 없음
[FimsSendDemon             ; 1:08:02]4번>>>> 제조사 배송 내역 신규 데이터 없음
[FimsSendDemon             ; 1:08:02]METS Db Dis_Conn !! 
[FimsSendDemon             ; 1:08:02]Program End.
[FimsReadDemon             ; 1:13:01] SKT FIMS INF READ DEMON START >>>>> 
[FimsReadDemon             ; 1:13:02]METS Db CONNECTION !! 
[FimsReadDemon             ; 1:13:02]2번>>>> 자재 수량 분배 신규 데이터 없음.
[FimsReadDemon             ; 1:13:02]5번>>>> 인수 승인 신규 데이터 없음.
[FimsReadDemon             ; 1:13:02]METS Db Dis_Conn !! 
[FimsReadDemon             ; 1:13:02]Program End.
[FimsSendDemon             ; 1:18:01] SKT FIMS INF 10MIN SEND DEMON START >>>>> 
[FimsSendDemon - 10min     ; 1:18:02]METS Db CONNECTION !! 
[FimsSendDemon             ; 1:18:02]3번>>>> 제조사 배송 정보 신규 데이터 없음
[FimsSendDemon             ; 1:18:02]4번>>>> 제조사 배송 내역 신규 데이터 없음
[FimsSendDemon             ; 1:18:02]METS Db Dis_Conn !! 
[FimsSendDemon             ; 1:18:02]Program End.
[FimsReadDemon             ; 1:23:01] SKT FIMS INF READ DEMON START >>>>> 
[FimsReadDemon             ; 1:23:02]METS Db CONNECTION !! 
[FimsReadDemon             ; 1:23:02]2번>>>> 자재 수량 분배 신규 데이터 없음.
[FimsReadDemon             ; 1:23:02]5번>>>> 인수 승인 신규 데이터 없음.
[FimsReadDemon             ; 1:23:02]METS Db Dis_Conn !! 
[FimsReadDemon             ; 1:23:02]Program End.
[FimsSendDemon             ; 1:28:01] SKT FIMS INF 10MIN SEND DEMON START >>>>> 
[FimsSendDemon - 10min     ; 1:28:02]METS Db CONNECTION !! 
[FimsSendDemon             ; 1:28:03]3번>>>> 제조사 배송 정보 신규 데이터 없음
[FimsSendDemon             ; 1:28:03]4번>>>> 제조사 배송 내역 신규 데이터 없음
[FimsSendDemon             ; 1:28:03]METS Db Dis_Conn !! 
[FimsSendDemon             ; 1:28:03]Program End.
[FimsReadDemon             ; 1:33:01] SKT FIMS INF READ DEMON START >>>>> 
[FimsReadDemon             ; 1:33:02]METS Db CONNECTION !! 
[FimsReadDemon             ; 1:33:02]2번>>>> 자재 수량 분배 신규 데이터 없음.
[FimsReadDemon             ; 1:33:02]5번>>>> 인수 승인 신규 데이터 없음.
[FimsReadDemon             ; 1:33:02]METS Db Dis_Conn !! 
[FimsReadDemon             ; 1:33:02]Program End.
[FimsSendDemon             ; 1:35:01] SKT FIMS INF SEND DEMON START >>>>> 
[FimsSendDemon             ; 1:35:02]METS Db CONNECTION !! 
[FimsSendDemon             ; 1:35:02]1번>>>> 납품지시내역 신규 데이터 없음
[FimsSendDemon             ; 1:35:02]METS Db Dis_Conn !! 
[FimsSendDemon             ; 1:35:02]Program End.
[FimsSendDemon             ; 1:38:01] SKT FIMS INF 10MIN SEND DEMON START >>>>> 
[FimsSendDemon - 10min     ; 1:38:01]METS Db CONNECTION !! 
[FimsSendDemon             ; 1:38:01]3번>>>> 제조사 배송 정보 신규 데이터 없음
[FimsSendDemon             ; 1:38:02]4번>>>> 제조사 배송 내역 신규 데이터 없음
[FimsSendDemon             ; 1:38:02]METS Db Dis_Conn !! 
[FimsSendDemon             ; 1:38:02]Program End.
[FimsReadDemon             ; 1:43:01] SKT FIMS INF READ DEMON START >>>>> 
[FimsReadDemon             ; 1:43:02]METS Db CONNECTION !! 
[FimsReadDemon             ; 1:43:02]2번>>>> 자재 수량 분배 신규 데이터 없음.
[FimsReadDemon             ; 1:43:02]5번>>>> 인수 승인 신규 데이터 없음.
[FimsReadDemon             ; 1:43:02]METS Db Dis_Conn !! 
[FimsReadDemon             ; 1:43:02]Program End.
[FimsSendDemon             ; 1:48:01] SKT FIMS INF 10MIN SEND DEMON START >>>>> 
[FimsSendDemon - 10min     ; 1:48:02]METS Db CONNECTION !! 
[FimsSendDemon             ; 1:48:03]3번>>>> 제조사 배송 정보 신규 데이터 없음
[FimsSendDemon             ; 1:48:03]4번>>>> 제조사 배송 내역 신규 데이터 없음
[FimsSendDemon             ; 1:48:03]METS Db Dis_Conn !! 
[FimsSendDemon             ; 1:48:03]Program End.
[FimsReadDemon             ; 1:53:01] SKT FIMS INF READ DEMON START >>>>> 
[FimsReadDemon             ; 1:53:02]METS Db CONNECTION !! 
[FimsReadDemon             ; 1:53:02]2번>>>> 자재 수량 분배 신규 데이터 없음.
[FimsReadDemon             ; 1:53:02]5번>>>> 인수 승인 신규 데이터 없음.
[FimsReadDemon             ; 1:53:02]METS Db Dis_Conn !! 
[FimsReadDemon             ; 1:53:02]Program End.
[FimsSendDemon             ; 1:58:01] SKT FIMS INF 10MIN SEND DEMON START >>>>> 
[FimsSendDemon - 10min     ; 1:58:02]METS Db CONNECTION !! 
[FimsSendDemon             ; 1:58:02]3번>>>> 제조사 배송 정보 신규 데이터 없음
[FimsSendDemon             ; 1:58:02]4번>>>> 제조사 배송 내역 신규 데이터 없음
[FimsSendDemon             ; 1:58:02]METS Db Dis_Conn !! 
[FimsSendDemon             ; 1:58:02]Program End.
[FimsReadDemon             ; 2:03:02] SKT FIMS INF READ DEMON START >>>>> 
[FimsReadDemon             ; 2:03:02]METS Db CONNECTION !! 
[FimsReadDemon             ; 2:03:02]2번>>>> 자재 수량 분배 신규 데이터 없음.
[FimsReadDemon             ; 2:03:02]5번>>>> 인수 승인 신규 데이터 없음.
[FimsReadDemon             ; 2:03:02]METS Db Dis_Conn !! 
[FimsReadDemon             ; 2:03:02]Program End.
[FimsSendDemon             ; 2:05:01] SKT FIMS INF SEND DEMON START >>>>> 
[FimsSendDemon             ; 2:05:02]METS Db CONNECTION !! 
[FimsSendDemon             ; 2:05:02]1번>>>> 납품지시내역 신규 데이터 없음
[FimsSendDemon             ; 2:05:03]METS Db Dis_Conn !! 
[FimsSendDemon             ; 2:05:03]Program End.
[FimsSendDemon             ; 2:08:01] SKT FIMS INF 10MIN SEND DEMON START >>>>> 
[FimsSendDemon - 10min     ; 2:08:01]METS Db CONNECTION !! 
[FimsSendDemon             ; 2:08:01]3번>>>> 제조사 배송 정보 신규 데이터 없음
[FimsSendDemon             ; 2:08:01]4번>>>> 제조사 배송 내역 신규 데이터 없음
[FimsSendDemon             ; 2:08:01]METS Db Dis_Conn !! 
[FimsSendDemon             ; 2:08:01]Program End.
[FimsReadDemon             ; 2:13:02] SKT FIMS INF READ DEMON START >>>>> 
[FimsReadDemon             ; 2:13:02]METS Db CONNECTION !! 
[FimsReadDemon             ; 2:13:02]2번>>>> 자재 수량 분배 신규 데이터 없음.
[FimsReadDemon             ; 2:13:02]5번>>>> 인수 승인 신규 데이터 없음.
[FimsReadDemon             ; 2:13:02]METS Db Dis_Conn !! 
[FimsReadDemon             ; 2:13:02]Program End.
[FimsSendDemon             ; 2:18:01] SKT FIMS INF 10MIN SEND DEMON START >>>>> 
[FimsSendDemon - 10min     ; 2:18:02]METS Db CONNECTION !! 
[FimsSendDemon             ; 2:18:02]3번>>>> 제조사 배송 정보 신규 데이터 없음
[FimsSendDemon             ; 2:18:02]4번>>>> 제조사 배송 내역 신규 데이터 없음
[FimsSendDemon             ; 2:18:02]METS Db Dis_Conn !! 
[FimsSendDemon             ; 2:18:02]Program End.
[FimsReadDemon             ; 2:23:01] SKT FIMS INF READ DEMON START >>>>> 
[FimsReadDemon             ; 2:23:03]METS Db CONNECTION !! 
[FimsReadDemon             ; 2:23:03]2번>>>> 자재 수량 분배 신규 데이터 없음.
[FimsReadDemon             ; 2:23:03]5번>>>> 인수 승인 신규 데이터 없음.
[FimsReadDemon             ; 2:23:03]METS Db Dis_Conn !! 
[FimsReadDemon             ; 2:23:03]Program End.
[FimsSendDemon             ; 2:28:01] SKT FIMS INF 10MIN SEND DEMON START >>>>> 
[FimsSendDemon - 10min     ; 2:28:02]METS Db CONNECTION !! 
[FimsSendDemon             ; 2:28:02]3번>>>> 제조사 배송 정보 신규 데이터 없음
[FimsSendDemon             ; 2:28:02]4번>>>> 제조사 배송 내역 신규 데이터 없음
[FimsSendDemon             ; 2:28:02]METS Db Dis_Conn !! 
[FimsSendDemon             ; 2:28:02]Program End.
[FimsReadDemon             ; 2:33:01] SKT FIMS INF READ DEMON START >>>>> 
[FimsReadDemon             ; 2:33:02]METS Db CONNECTION !! 
[FimsReadDemon             ; 2:33:02]2번>>>> 자재 수량 분배 신규 데이터 없음.
[FimsReadDemon             ; 2:33:02]5번>>>> 인수 승인 신규 데이터 없음.
[FimsReadDemon             ; 2:33:02]METS Db Dis_Conn !! 
[FimsReadDemon             ; 2:33:02]Program End.
[FimsSendDemon             ; 2:35:01] SKT FIMS INF SEND DEMON START >>>>> 
[FimsSendDemon             ; 2:35:02]METS Db CONNECTION !! 
[FimsSendDemon             ; 2:35:02]1번>>>> 납품지시내역 신규 데이터 없음
[FimsSendDemon             ; 2:35:02]METS Db Dis_Conn !! 
[FimsSendDemon             ; 2:35:02]Program End.
[FimsSendDemon             ; 2:38:01] SKT FIMS INF 10MIN SEND DEMON START >>>>> 
[FimsSendDemon - 10min     ; 2:38:02]METS Db CONNECTION !! 
[FimsSendDemon             ; 2:38:03]3번>>>> 제조사 배송 정보 신규 데이터 없음
[FimsSendDemon             ; 2:38:03]4번>>>> 제조사 배송 내역 신규 데이터 없음
[FimsSendDemon             ; 2:38:03]METS Db Dis_Conn !! 
[FimsSendDemon             ; 2:38:03]Program End.
[FimsReadDemon             ; 2:43:01] SKT FIMS INF READ DEMON START >>>>> 
[FimsReadDemon             ; 2:43:02]METS Db CONNECTION !! 
[FimsReadDemon             ; 2:43:02]2번>>>> 자재 수량 분배 신규 데이터 없음.
[FimsReadDemon             ; 2:43:02]5번>>>> 인수 승인 신규 데이터 없음.
[FimsReadDemon             ; 2:43:02]METS Db Dis_Conn !! 
[FimsReadDemon             ; 2:43:02]Program End.
[FimsSendDemon             ; 2:48:02] SKT FIMS INF 10MIN SEND DEMON START >>>>> 
[FimsSendDemon - 10min     ; 2:48:03]METS Db CONNECTION !! 
[FimsSendDemon             ; 2:48:03]3번>>>> 제조사 배송 정보 신규 데이터 없음
[FimsSendDemon             ; 2:48:03]4번>>>> 제조사 배송 내역 신규 데이터 없음
[FimsSendDemon             ; 2:48:03]METS Db Dis_Conn !! 
[FimsSendDemon             ; 2:48:03]Program End.
[FimsReadDemon             ; 2:53:01] SKT FIMS INF READ DEMON START >>>>> 
[FimsReadDemon             ; 2:53:02]METS Db CONNECTION !! 
[FimsReadDemon             ; 2:53:02]2번>>>> 자재 수량 분배 신규 데이터 없음.
[FimsReadDemon             ; 2:53:02]5번>>>> 인수 승인 신규 데이터 없음.
[FimsReadDemon             ; 2:53:02]METS Db Dis_Conn !! 
[FimsReadDemon             ; 2:53:02]Program End.
[FimsSendDemon             ; 2:58:01] SKT FIMS INF 10MIN SEND DEMON START >>>>> 
[FimsSendDemon - 10min     ; 2:58:02]METS Db CONNECTION !! 
[FimsSendDemon             ; 2:58:02]3번>>>> 제조사 배송 정보 신규 데이터 없음
[FimsSendDemon             ; 2:58:02]4번>>>> 제조사 배송 내역 신규 데이터 없음
[FimsSendDemon             ; 2:58:02]METS Db Dis_Conn !! 
[FimsSendDemon             ; 2:58:02]Program End.
[FimsReadDemon             ; 3:03:01] SKT FIMS INF READ DEMON START >>>>> 
[FimsReadDemon             ; 3:03:02]METS Db CONNECTION !! 
[FimsReadDemon             ; 3:03:02]2번>>>> 자재 수량 분배 신규 데이터 없음.
[FimsReadDemon             ; 3:03:02]5번>>>> 인수 승인 신규 데이터 없음.
[FimsReadDemon             ; 3:03:02]METS Db Dis_Conn !! 
[FimsReadDemon             ; 3:03:02]Program End.
[FimsSendDemon             ; 3:05:01] SKT FIMS INF SEND DEMON START >>>>> 
[FimsSendDemon             ; 3:05:02]METS Db CONNECTION !! 
[FimsSendDemon             ; 3:05:02]1번>>>> 납품지시내역 신규 데이터 없음
[FimsSendDemon             ; 3:05:02]METS Db Dis_Conn !! 
[FimsSendDemon             ; 3:05:02]Program End.
[FimsSendDemon             ; 3:08:01] SKT FIMS INF 10MIN SEND DEMON START >>>>> 
[FimsSendDemon - 10min     ; 3:08:02]METS Db CONNECTION !! 
[FimsSendDemon             ; 3:08:02]3번>>>> 제조사 배송 정보 신규 데이터 없음
[FimsSendDemon             ; 3:08:02]4번>>>> 제조사 배송 내역 신규 데이터 없음
[FimsSendDemon             ; 3:08:02]METS Db Dis_Conn !! 
[FimsSendDemon             ; 3:08:02]Program End.
[FimsReadDemon             ; 3:13:01] SKT FIMS INF READ DEMON START >>>>> 
[FimsReadDemon             ; 3:13:02]METS Db CONNECTION !! 
[FimsReadDemon             ; 3:13:02]2번>>>> 자재 수량 분배 신규 데이터 없음.
[FimsReadDemon             ; 3:13:02]5번>>>> 인수 승인 신규 데이터 없음.
[FimsReadDemon             ; 3:13:02]METS Db Dis_Conn !! 
[FimsReadDemon             ; 3:13:02]Program End.
[FimsSendDemon             ; 3:18:02] SKT FIMS INF 10MIN SEND DEMON START >>>>> 
[FimsSendDemon - 10min     ; 3:18:03]METS Db CONNECTION !! 
[FimsSendDemon             ; 3:18:03]3번>>>> 제조사 배송 정보 신규 데이터 없음
[FimsSendDemon             ; 3:18:03]4번>>>> 제조사 배송 내역 신규 데이터 없음
[FimsSendDemon             ; 3:18:03]METS Db Dis_Conn !! 
[FimsSendDemon             ; 3:18:03]Program End.
[FimsReadDemon             ; 3:23:01] SKT FIMS INF READ DEMON START >>>>> 
[FimsReadDemon             ; 3:23:03]METS Db CONNECTION !! 
[FimsReadDemon             ; 3:23:03]2번>>>> 자재 수량 분배 신규 데이터 없음.
[FimsReadDemon             ; 3:23:03]5번>>>> 인수 승인 신규 데이터 없음.
[FimsReadDemon             ; 3:23:03]METS Db Dis_Conn !! 
[FimsReadDemon             ; 3:23:03]Program End.
[FimsSendDemon             ; 3:28:01] SKT FIMS INF 10MIN SEND DEMON START >>>>> 
[FimsSendDemon - 10min     ; 3:28:02]METS Db CONNECTION !! 
[FimsSendDemon             ; 3:28:03]3번>>>> 제조사 배송 정보 신규 데이터 없음
[FimsSendDemon             ; 3:28:03]4번>>>> 제조사 배송 내역 신규 데이터 없음
[FimsSendDemon             ; 3:28:03]METS Db Dis_Conn !! 
[FimsSendDemon             ; 3:28:03]Program End.
[FimsReadDemon             ; 3:33:01] SKT FIMS INF READ DEMON START >>>>> 
[FimsReadDemon             ; 3:33:01]METS Db CONNECTION !! 
[FimsReadDemon             ; 3:33:01]2번>>>> 자재 수량 분배 신규 데이터 없음.
[FimsReadDemon             ; 3:33:01]5번>>>> 인수 승인 신규 데이터 없음.
[FimsReadDemon             ; 3:33:01]METS Db Dis_Conn !! 
[FimsReadDemon             ; 3:33:01]Program End.
[FimsSendDemon             ; 3:35:01] SKT FIMS INF SEND DEMON START >>>>> 
[FimsSendDemon             ; 3:35:03]METS Db CONNECTION !! 
[FimsSendDemon             ; 3:35:03]1번>>>> 납품지시내역 신규 데이터 없음
[FimsSendDemon             ; 3:35:03]METS Db Dis_Conn !! 
[FimsSendDemon             ; 3:35:03]Program End.
[FimsSendDemon             ; 3:38:02] SKT FIMS INF 10MIN SEND DEMON START >>>>> 
[FimsSendDemon - 10min     ; 3:38:02]METS Db CONNECTION !! 
[FimsSendDemon             ; 3:38:02]3번>>>> 제조사 배송 정보 신규 데이터 없음
[FimsSendDemon             ; 3:38:02]4번>>>> 제조사 배송 내역 신규 데이터 없음
[FimsSendDemon             ; 3:38:03]METS Db Dis_Conn !! 
[FimsSendDemon             ; 3:38:03]Program End.
[FimsReadDemon             ; 3:43:01] SKT FIMS INF READ DEMON START >>>>> 
[FimsReadDemon             ; 3:43:03]METS Db CONNECTION !! 
[FimsReadDemon             ; 3:43:03]2번>>>> 자재 수량 분배 신규 데이터 없음.
[FimsReadDemon             ; 3:43:03]5번>>>> 인수 승인 신규 데이터 없음.
[FimsReadDemon             ; 3:43:03]METS Db Dis_Conn !! 
[FimsReadDemon             ; 3:43:03]Program End.
[FimsSendDemon             ; 3:48:01] SKT FIMS INF 10MIN SEND DEMON START >>>>> 
[FimsSendDemon - 10min     ; 3:48:01]METS Db CONNECTION !! 
[FimsSendDemon             ; 3:48:02]3번>>>> 제조사 배송 정보 신규 데이터 없음
[FimsSendDemon             ; 3:48:02]4번>>>> 제조사 배송 내역 신규 데이터 없음
[FimsSendDemon             ; 3:48:02]METS Db Dis_Conn !! 
[FimsSendDemon             ; 3:48:02]Program End.
[FimsReadDemon             ; 3:53:02] SKT FIMS INF READ DEMON START >>>>> 
[FimsReadDemon             ; 3:53:02]METS Db CONNECTION !! 
[FimsReadDemon             ; 3:53:02]2번>>>> 자재 수량 분배 신규 데이터 없음.
[FimsReadDemon             ; 3:53:02]5번>>>> 인수 승인 신규 데이터 없음.
[FimsReadDemon             ; 3:53:02]METS Db Dis_Conn !! 
[FimsReadDemon             ; 3:53:02]Program End.
[FimsSendDemon             ; 3:58:01] SKT FIMS INF 10MIN SEND DEMON START >>>>> 
[FimsSendDemon - 10min     ; 3:58:01]METS Db CONNECTION !! 
[FimsSendDemon             ; 3:58:02]3번>>>> 제조사 배송 정보 신규 데이터 없음
[FimsSendDemon             ; 3:58:02]4번>>>> 제조사 배송 내역 신규 데이터 없음
[FimsSendDemon             ; 3:58:02]METS Db Dis_Conn !! 
[FimsSendDemon             ; 3:58:02]Program End.
[FimsReadDemon             ; 4:03:01] SKT FIMS INF READ DEMON START >>>>> 
[FimsReadDemon             ; 4:03:02]METS Db CONNECTION !! 
[FimsReadDemon             ; 4:03:02]2번>>>> 자재 수량 분배 신규 데이터 없음.
[FimsReadDemon             ; 4:03:02]5번>>>> 인수 승인 신규 데이터 없음.
[FimsReadDemon             ; 4:03:02]METS Db Dis_Conn !! 
[FimsReadDemon             ; 4:03:02]Program End.
[FimsSendDemon             ; 4:05:01] SKT FIMS INF SEND DEMON START >>>>> 
[FimsSendDemon             ; 4:05:02]METS Db CONNECTION !! 
[FimsSendDemon             ; 4:05:02]1번>>>> 납품지시내역 신규 데이터 없음
[FimsSendDemon             ; 4:05:03]METS Db Dis_Conn !! 
[FimsSendDemon             ; 4:05:03]Program End.
[FimsSendDemon             ; 4:08:01] SKT FIMS INF 10MIN SEND DEMON START >>>>> 
[FimsSendDemon - 10min     ; 4:08:02]METS Db CONNECTION !! 
[FimsSendDemon             ; 4:08:02]3번>>>> 제조사 배송 정보 신규 데이터 없음
[FimsSendDemon             ; 4:08:02]4번>>>> 제조사 배송 내역 신규 데이터 없음
[FimsSendDemon             ; 4:08:02]METS Db Dis_Conn !! 
[FimsSendDemon             ; 4:08:02]Program End.
[FimsReadDemon             ; 4:13:01] SKT FIMS INF READ DEMON START >>>>> 
[FimsReadDemon             ; 4:13:02]METS Db CONNECTION !! 
[FimsReadDemon             ; 4:13:02]2번>>>> 자재 수량 분배 신규 데이터 없음.
[FimsReadDemon             ; 4:13:02]5번>>>> 인수 승인 신규 데이터 없음.
[FimsReadDemon             ; 4:13:02]METS Db Dis_Conn !! 
[FimsReadDemon             ; 4:13:02]Program End.
[FimsSendDemon             ; 4:18:01] SKT FIMS INF 10MIN SEND DEMON START >>>>> 
[FimsSendDemon - 10min     ; 4:18:02]METS Db CONNECTION !! 
[FimsSendDemon             ; 4:18:02]3번>>>> 제조사 배송 정보 신규 데이터 없음
[FimsSendDemon             ; 4:18:02]4번>>>> 제조사 배송 내역 신규 데이터 없음
[FimsSendDemon             ; 4:18:02]METS Db Dis_Conn !! 
[FimsSendDemon             ; 4:18:02]Program End.
[FimsReadDemon             ; 4:23:01] SKT FIMS INF READ DEMON START >>>>> 
[FimsReadDemon             ; 4:23:02]METS Db CONNECTION !! 
[FimsReadDemon             ; 4:23:02]2번>>>> 자재 수량 분배 신규 데이터 없음.
[FimsReadDemon             ; 4:23:02]5번>>>> 인수 승인 신규 데이터 없음.
[FimsReadDemon             ; 4:23:02]METS Db Dis_Conn !! 
[FimsReadDemon             ; 4:23:02]Program End.
[FimsSendDemon             ; 4:28:01] SKT FIMS INF 10MIN SEND DEMON START >>>>> 
[FimsSendDemon - 10min     ; 4:28:02]METS Db CONNECTION !! 
[FimsSendDemon             ; 4:28:02]3번>>>> 제조사 배송 정보 신규 데이터 없음
[FimsSendDemon             ; 4:28:02]4번>>>> 제조사 배송 내역 신규 데이터 없음
[FimsSendDemon             ; 4:28:02]METS Db Dis_Conn !! 
[FimsSendDemon             ; 4:28:02]Program End.
[FimsReadDemon             ; 4:33:02] SKT FIMS INF READ DEMON START >>>>> 
[FimsReadDemon             ; 4:33:02]METS Db CONNECTION !! 
[FimsReadDemon             ; 4:33:02]2번>>>> 자재 수량 분배 신규 데이터 없음.
[FimsReadDemon             ; 4:33:02]5번>>>> 인수 승인 신규 데이터 없음.
[FimsReadDemon             ; 4:33:02]METS Db Dis_Conn !! 
[FimsReadDemon             ; 4:33:02]Program End.
[FimsSendDemon             ; 4:35:01] SKT FIMS INF SEND DEMON START >>>>> 
[FimsSendDemon             ; 4:35:02]METS Db CONNECTION !! 
[FimsSendDemon             ; 4:35:02]1번>>>> 납품지시내역 신규 데이터 없음
[FimsSendDemon             ; 4:35:02]METS Db Dis_Conn !! 
[FimsSendDemon             ; 4:35:02]Program End.
[FimsSendDemon             ; 4:38:01] SKT FIMS INF 10MIN SEND DEMON START >>>>> 
[FimsSendDemon - 10min     ; 4:38:01]METS Db CONNECTION !! 
[FimsSendDemon             ; 4:38:02]3번>>>> 제조사 배송 정보 신규 데이터 없음
[FimsSendDemon             ; 4:38:02]4번>>>> 제조사 배송 내역 신규 데이터 없음
[FimsSendDemon             ; 4:38:02]METS Db Dis_Conn !! 
[FimsSendDemon             ; 4:38:02]Program End.
[FimsReadDemon             ; 4:43:02] SKT FIMS INF READ DEMON START >>>>> 
[FimsReadDemon             ; 4:43:02]METS Db CONNECTION !! 
[FimsReadDemon             ; 4:43:02]2번>>>> 자재 수량 분배 신규 데이터 없음.
[FimsReadDemon             ; 4:43:02]5번>>>> 인수 승인 신규 데이터 없음.
[FimsReadDemon             ; 4:43:02]METS Db Dis_Conn !! 
[FimsReadDemon             ; 4:43:02]Program End.
[FimsSendDemon             ; 4:48:02] SKT FIMS INF 10MIN SEND DEMON START >>>>> 
[FimsSendDemon - 10min     ; 4:48:02]METS Db CONNECTION !! 
[FimsSendDemon             ; 4:48:02]3번>>>> 제조사 배송 정보 신규 데이터 없음
[FimsSendDemon             ; 4:48:02]4번>>>> 제조사 배송 내역 신규 데이터 없음
[FimsSendDemon             ; 4:48:02]METS Db Dis_Conn !! 
[FimsSendDemon             ; 4:48:02]Program End.
[FimsReadDemon             ; 4:53:02] SKT FIMS INF READ DEMON START >>>>> 
[FimsReadDemon             ; 4:53:02]METS Db CONNECTION !! 
[FimsReadDemon             ; 4:53:02]2번>>>> 자재 수량 분배 신규 데이터 없음.
[FimsReadDemon             ; 4:53:02]5번>>>> 인수 승인 신규 데이터 없음.
[FimsReadDemon             ; 4:53:02]METS Db Dis_Conn !! 
[FimsReadDemon             ; 4:53:02]Program End.
[FimsSendDemon             ; 4:58:01] SKT FIMS INF 10MIN SEND DEMON START >>>>> 
[FimsSendDemon - 10min     ; 4:58:01]METS Db CONNECTION !! 
[FimsSendDemon             ; 4:58:01]3번>>>> 제조사 배송 정보 신규 데이터 없음
[FimsSendDemon             ; 4:58:01]4번>>>> 제조사 배송 내역 신규 데이터 없음
[FimsSendDemon             ; 4:58:01]METS Db Dis_Conn !! 
[FimsSendDemon             ; 4:58:01]Program End.
[FimsReadDemon             ; 5:03:01] SKT FIMS INF READ DEMON START >>>>> 
[FimsReadDemon             ; 5:03:02]METS Db CONNECTION !! 
[FimsReadDemon             ; 5:03:02]2번>>>> 자재 수량 분배 신규 데이터 없음.
[FimsReadDemon             ; 5:03:02]5번>>>> 인수 승인 신규 데이터 없음.
[FimsReadDemon             ; 5:03:02]METS Db Dis_Conn !! 
[FimsReadDemon             ; 5:03:02]Program End.
[FimsSendDemon             ; 5:05:02] SKT FIMS INF SEND DEMON START >>>>> 
[FimsSendDemon             ; 5:05:02]METS Db CONNECTION !! 
[FimsSendDemon             ; 5:05:03]1번>>>> 납품지시내역 신규 데이터 없음
[FimsSendDemon             ; 5:05:03]METS Db Dis_Conn !! 
[FimsSendDemon             ; 5:05:03]Program End.
[FimsSendDemon             ; 5:08:01] SKT FIMS INF 10MIN SEND DEMON START >>>>> 
[FimsSendDemon - 10min     ; 5:08:01]METS Db CONNECTION !! 
[FimsSendDemon             ; 5:08:01]3번>>>> 제조사 배송 정보 신규 데이터 없음
[FimsSendDemon             ; 5:08:01]4번>>>> 제조사 배송 내역 신규 데이터 없음
[FimsSendDemon             ; 5:08:01]METS Db Dis_Conn !! 
[FimsSendDemon             ; 5:08:01]Program End.
[FimsReadDemon             ; 5:13:01] SKT FIMS INF READ DEMON START >>>>> 
[FimsReadDemon             ; 5:13:02]METS Db CONNECTION !! 
[FimsReadDemon             ; 5:13:02]2번>>>> 자재 수량 분배 신규 데이터 없음.
[FimsReadDemon             ; 5:13:02]5번>>>> 인수 승인 신규 데이터 없음.
[FimsReadDemon             ; 5:13:02]METS Db Dis_Conn !! 
[FimsReadDemon             ; 5:13:02]Program End.
[FimsSendDemon             ; 5:18:01] SKT FIMS INF 10MIN SEND DEMON START >>>>> 
[FimsSendDemon - 10min     ; 5:18:01]METS Db CONNECTION !! 
[FimsSendDemon             ; 5:18:01]3번>>>> 제조사 배송 정보 신규 데이터 없음
[FimsSendDemon             ; 5:18:01]4번>>>> 제조사 배송 내역 신규 데이터 없음
[FimsSendDemon             ; 5:18:01]METS Db Dis_Conn !! 
[FimsSendDemon             ; 5:18:01]Program End.
[FimsReadDemon             ; 5:23:02] SKT FIMS INF READ DEMON START >>>>> 
[FimsReadDemon             ; 5:23:02]METS Db CONNECTION !! 
[FimsReadDemon             ; 5:23:02]2번>>>> 자재 수량 분배 신규 데이터 없음.
[FimsReadDemon             ; 5:23:02]5번>>>> 인수 승인 신규 데이터 없음.
[FimsReadDemon             ; 5:23:02]METS Db Dis_Conn !! 
[FimsReadDemon             ; 5:23:02]Program End.
[FimsSendDemon             ; 5:28:01] SKT FIMS INF 10MIN SEND DEMON START >>>>> 
[FimsSendDemon - 10min     ; 5:28:01]METS Db CONNECTION !! 
[FimsSendDemon             ; 5:28:01]3번>>>> 제조사 배송 정보 신규 데이터 없음
[FimsSendDemon             ; 5:28:01]4번>>>> 제조사 배송 내역 신규 데이터 없음
[FimsSendDemon             ; 5:28:01]METS Db Dis_Conn !! 
[FimsSendDemon             ; 5:28:01]Program End.
[FimsReadDemon             ; 5:33:01] SKT FIMS INF READ DEMON START >>>>> 
[FimsReadDemon             ; 5:33:02]METS Db CONNECTION !! 
[FimsReadDemon             ; 5:33:02]2번>>>> 자재 수량 분배 신규 데이터 없음.
[FimsReadDemon             ; 5:33:02]5번>>>> 인수 승인 신규 데이터 없음.
[FimsReadDemon             ; 5:33:02]METS Db Dis_Conn !! 
[FimsReadDemon             ; 5:33:02]Program End.
[FimsSendDemon             ; 5:35:02] SKT FIMS INF SEND DEMON START >>>>> 
[FimsSendDemon             ; 5:35:03]METS Db CONNECTION !! 
[FimsSendDemon             ; 5:35:03]1번>>>> 납품지시내역 신규 데이터 없음
[FimsSendDemon             ; 5:35:03]METS Db Dis_Conn !! 
[FimsSendDemon             ; 5:35:03]Program End.
[FimsSendDemon             ; 5:38:01] SKT FIMS INF 10MIN SEND DEMON START >>>>> 
[FimsSendDemon - 10min     ; 5:38:02]METS Db CONNECTION !! 
[FimsSendDemon             ; 5:38:02]3번>>>> 제조사 배송 정보 신규 데이터 없음
[FimsSendDemon             ; 5:38:02]4번>>>> 제조사 배송 내역 신규 데이터 없음
[FimsSendDemon             ; 5:38:02]METS Db Dis_Conn !! 
[FimsSendDemon             ; 5:38:02]Program End.
[FimsReadDemon             ; 5:43:01] SKT FIMS INF READ DEMON START >>>>> 
[FimsReadDemon             ; 5:43:01]METS Db CONNECTION !! 
[FimsReadDemon             ; 5:43:01]2번>>>> 자재 수량 분배 신규 데이터 없음.
[FimsReadDemon             ; 5:43:01]5번>>>> 인수 승인 신규 데이터 없음.
[FimsReadDemon             ; 5:43:01]METS Db Dis_Conn !! 
[FimsReadDemon             ; 5:43:01]Program End.
[FimsSendDemon             ; 5:48:01] SKT FIMS INF 10MIN SEND DEMON START >>>>> 
[FimsSendDemon - 10min     ; 5:48:02]METS Db CONNECTION !! 
[FimsSendDemon             ; 5:48:02]3번>>>> 제조사 배송 정보 신규 데이터 없음
[FimsSendDemon             ; 5:48:02]4번>>>> 제조사 배송 내역 신규 데이터 없음
[FimsSendDemon             ; 5:48:02]METS Db Dis_Conn !! 
[FimsSendDemon             ; 5:48:02]Program End.
[FimsReadDemon             ; 5:53:01] SKT FIMS INF READ DEMON START >>>>> 
[FimsReadDemon             ; 5:53:01]METS Db CONNECTION !! 
[FimsReadDemon             ; 5:53:01]2번>>>> 자재 수량 분배 신규 데이터 없음.
[FimsReadDemon             ; 5:53:01]5번>>>> 인수 승인 신규 데이터 없음.
[FimsReadDemon             ; 5:53:01]METS Db Dis_Conn !! 
[FimsReadDemon             ; 5:53:01]Program End.
[FimsSendDemon             ; 5:58:01] SKT FIMS INF 10MIN SEND DEMON START >>>>> 
[FimsSendDemon - 10min     ; 5:58:02]METS Db CONNECTION !! 
[FimsSendDemon             ; 5:58:02]3번>>>> 제조사 배송 정보 신규 데이터 없음
[FimsSendDemon             ; 5:58:02]4번>>>> 제조사 배송 내역 신규 데이터 없음
[FimsSendDemon             ; 5:58:02]METS Db Dis_Conn !! 
[FimsSendDemon             ; 5:58:02]Program End.
[FimsReadDemon             ; 6:03:01] SKT FIMS INF READ DEMON START >>>>> 
[FimsReadDemon             ; 6:03:02]METS Db CONNECTION !! 
[FimsReadDemon             ; 6:03:02]2번>>>> 자재 수량 분배 신규 데이터 없음.
[FimsReadDemon             ; 6:03:02]5번>>>> 인수 승인 신규 데이터 없음.
[FimsReadDemon             ; 6:03:02]METS Db Dis_Conn !! 
[FimsReadDemon             ; 6:03:02]Program End.
[FimsSendDemon             ; 6:05:01] SKT FIMS INF SEND DEMON START >>>>> 
[FimsSendDemon             ; 6:05:02]METS Db CONNECTION !! 
[FimsSendDemon             ; 6:05:02]1번>>>> 납품지시내역 신규 데이터 없음
[FimsSendDemon             ; 6:05:02]METS Db Dis_Conn !! 
[FimsSendDemon             ; 6:05:02]Program End.
[FimsSendDemon             ; 6:08:01] SKT FIMS INF 10MIN SEND DEMON START >>>>> 
[FimsSendDemon - 10min     ; 6:08:02]METS Db CONNECTION !! 
[FimsSendDemon             ; 6:08:02]3번>>>> 제조사 배송 정보 신규 데이터 없음
[FimsSendDemon             ; 6:08:02]4번>>>> 제조사 배송 내역 신규 데이터 없음
[FimsSendDemon             ; 6:08:02]METS Db Dis_Conn !! 
[FimsSendDemon             ; 6:08:02]Program End.
[FimsReadDemon             ; 6:13:01] SKT FIMS INF READ DEMON START >>>>> 
[FimsReadDemon             ; 6:13:01]METS Db CONNECTION !! 
[FimsReadDemon             ; 6:13:02]2번>>>> 자재 수량 분배 신규 데이터 없음.
[FimsReadDemon             ; 6:13:02]5번>>>> 인수 승인 신규 데이터 없음.
[FimsReadDemon             ; 6:13:02]METS Db Dis_Conn !! 
[FimsReadDemon             ; 6:13:02]Program End.
[FimsSendDemon             ; 6:18:01] SKT FIMS INF 10MIN SEND DEMON START >>>>> 
[FimsSendDemon - 10min     ; 6:18:02]METS Db CONNECTION !! 
[FimsSendDemon             ; 6:18:03]3번>>>> 제조사 배송 정보 신규 데이터 없음
[FimsSendDemon             ; 6:18:03]4번>>>> 제조사 배송 내역 신규 데이터 없음
[FimsSendDemon             ; 6:18:03]METS Db Dis_Conn !! 
[FimsSendDemon             ; 6:18:03]Program End.
[FimsReadDemon             ; 6:23:01] SKT FIMS INF READ DEMON START >>>>> 
[FimsReadDemon             ; 6:23:02]METS Db CONNECTION !! 
[FimsReadDemon             ; 6:23:02]2번>>>> 자재 수량 분배 신규 데이터 없음.
[FimsReadDemon             ; 6:23:02]5번>>>> 인수 승인 신규 데이터 없음.
[FimsReadDemon             ; 6:23:02]METS Db Dis_Conn !! 
[FimsReadDemon             ; 6:23:02]Program End.
[FimsSendDemon             ; 6:28:01] SKT FIMS INF 10MIN SEND DEMON START >>>>> 
[FimsSendDemon - 10min     ; 6:28:01]METS Db CONNECTION !! 
[FimsSendDemon             ; 6:28:01]3번>>>> 제조사 배송 정보 신규 데이터 없음
[FimsSendDemon             ; 6:28:01]4번>>>> 제조사 배송 내역 신규 데이터 없음
[FimsSendDemon             ; 6:28:01]METS Db Dis_Conn !! 
[FimsSendDemon             ; 6:28:01]Program End.
[FimsReadDemon             ; 6:33:01] SKT FIMS INF READ DEMON START >>>>> 
[FimsReadDemon             ; 6:33:01]METS Db CONNECTION !! 
[FimsReadDemon             ; 6:33:01]2번>>>> 자재 수량 분배 신규 데이터 없음.
[FimsReadDemon             ; 6:33:02]5번>>>> 인수 승인 신규 데이터 없음.
[FimsReadDemon             ; 6:33:02]METS Db Dis_Conn !! 
[FimsReadDemon             ; 6:33:02]Program End.
[FimsSendDemon             ; 6:35:01] SKT FIMS INF SEND DEMON START >>>>> 
[FimsSendDemon             ; 6:35:01]METS Db CONNECTION !! 
[FimsSendDemon             ; 6:35:01]1번>>>> 납품지시내역 신규 데이터 없음
[FimsSendDemon             ; 6:35:01]METS Db Dis_Conn !! 
[FimsSendDemon             ; 6:35:01]Program End.
[FimsSendDemon             ; 6:38:01] SKT FIMS INF 10MIN SEND DEMON START >>>>> 
[FimsSendDemon - 10min     ; 6:38:02]METS Db CONNECTION !! 
[FimsSendDemon             ; 6:38:02]3번>>>> 제조사 배송 정보 신규 데이터 없음
[FimsSendDemon             ; 6:38:02]4번>>>> 제조사 배송 내역 신규 데이터 없음
[FimsSendDemon             ; 6:38:02]METS Db Dis_Conn !! 
[FimsSendDemon             ; 6:38:02]Program End.
[FimsReadDemon             ; 6:43:01] SKT FIMS INF READ DEMON START >>>>> 
[FimsReadDemon             ; 6:43:02]METS Db CONNECTION !! 
[FimsReadDemon             ; 6:43:02]2번>>>> 자재 수량 분배 신규 데이터 없음.
[FimsReadDemon             ; 6:43:02]5번>>>> 인수 승인 신규 데이터 없음.
[FimsReadDemon             ; 6:43:02]METS Db Dis_Conn !! 
[FimsReadDemon             ; 6:43:02]Program End.
[FimsSendDemon             ; 6:48:01] SKT FIMS INF 10MIN SEND DEMON START >>>>> 
[FimsSendDemon - 10min     ; 6:48:02]METS Db CONNECTION !! 
[FimsSendDemon             ; 6:48:02]3번>>>> 제조사 배송 정보 신규 데이터 없음
[FimsSendDemon             ; 6:48:02]4번>>>> 제조사 배송 내역 신규 데이터 없음
[FimsSendDemon             ; 6:48:02]METS Db Dis_Conn !! 
[FimsSendDemon             ; 6:48:02]Program End.
[FimsReadDemon             ; 6:53:01] SKT FIMS INF READ DEMON START >>>>> 
[FimsReadDemon             ; 6:53:03]METS Db CONNECTION !! 
[FimsReadDemon             ; 6:53:03]2번>>>> 자재 수량 분배 신규 데이터 없음.
[FimsReadDemon             ; 6:53:03]5번>>>> 인수 승인 신규 데이터 없음.
[FimsReadDemon             ; 6:53:03]METS Db Dis_Conn !! 
[FimsReadDemon             ; 6:53:03]Program End.
[FimsSendDemon             ; 6:58:01] SKT FIMS INF 10MIN SEND DEMON START >>>>> 
[FimsSendDemon - 10min     ; 6:58:01]METS Db CONNECTION !! 
[FimsSendDemon             ; 6:58:01]3번>>>> 제조사 배송 정보 신규 데이터 없음
[FimsSendDemon             ; 6:58:01]4번>>>> 제조사 배송 내역 신규 데이터 없음
[FimsSendDemon             ; 6:58:01]METS Db Dis_Conn !! 
[FimsSendDemon             ; 6:58:01]Program End.
[FimsReadDemon             ; 7:03:01] SKT FIMS INF READ DEMON START >>>>> 
[FimsReadDemon             ; 7:03:02]METS Db CONNECTION !! 
[FimsReadDemon             ; 7:03:02]2번>>>> 자재 수량 분배 신규 데이터 없음.
[FimsReadDemon             ; 7:03:02]5번>>>> 인수 승인 신규 데이터 없음.
[FimsReadDemon             ; 7:03:02]METS Db Dis_Conn !! 
[FimsReadDemon             ; 7:03:02]Program End.
[FimsSendDemon             ; 7:05:01] SKT FIMS INF SEND DEMON START >>>>> 
[FimsSendDemon             ; 7:05:02]METS Db CONNECTION !! 
[FimsSendDemon             ; 7:05:03]1번>>>> 납품지시내역 신규 데이터 없음
[FimsSendDemon             ; 7:05:03]METS Db Dis_Conn !! 
[FimsSendDemon             ; 7:05:03]Program End.
[FimsSendDemon             ; 7:08:02] SKT FIMS INF 10MIN SEND DEMON START >>>>> 
[FimsSendDemon - 10min     ; 7:08:02]METS Db CONNECTION !! 
[FimsSendDemon             ; 7:08:02]3번>>>> 제조사 배송 정보 신규 데이터 없음
[FimsSendDemon             ; 7:08:02]4번>>>> 제조사 배송 내역 신규 데이터 없음
[FimsSendDemon             ; 7:08:02]METS Db Dis_Conn !! 
[FimsSendDemon             ; 7:08:02]Program End.
[FimsReadDemon             ; 7:13:01] SKT FIMS INF READ DEMON START >>>>> 
[FimsReadDemon             ; 7:13:02]METS Db CONNECTION !! 
[FimsReadDemon             ; 7:13:02]2번>>>> 자재 수량 분배 신규 데이터 없음.
[FimsReadDemon             ; 7:13:02]5번>>>> 인수 승인 신규 데이터 없음.
[FimsReadDemon             ; 7:13:02]METS Db Dis_Conn !! 
[FimsReadDemon             ; 7:13:02]Program End.
[FimsSendDemon             ; 7:18:02] SKT FIMS INF 10MIN SEND DEMON START >>>>> 
[FimsSendDemon - 10min     ; 7:18:02]METS Db CONNECTION !! 
[FimsSendDemon             ; 7:18:02]3번>>>> 제조사 배송 정보 신규 데이터 없음
[FimsSendDemon             ; 7:18:02]4번>>>> 제조사 배송 내역 신규 데이터 없음
[FimsSendDemon             ; 7:18:02]METS Db Dis_Conn !! 
[FimsSendDemon             ; 7:18:02]Program End.
[FimsReadDemon             ; 7:23:01] SKT FIMS INF READ DEMON START >>>>> 
[FimsReadDemon             ; 7:23:02]METS Db CONNECTION !! 
[FimsReadDemon             ; 7:23:02]2번>>>> 자재 수량 분배 신규 데이터 없음.
[FimsReadDemon             ; 7:23:02]5번>>>> 인수 승인 신규 데이터 없음.
[FimsReadDemon             ; 7:23:02]METS Db Dis_Conn !! 
[FimsReadDemon             ; 7:23:02]Program End.
[FimsSendDemon             ; 7:28:01] SKT FIMS INF 10MIN SEND DEMON START >>>>> 
[FimsSendDemon - 10min     ; 7:28:01]METS Db CONNECTION !! 
[FimsSendDemon             ; 7:28:01]3번>>>> 제조사 배송 정보 신규 데이터 없음
[FimsSendDemon             ; 7:28:01]4번>>>> 제조사 배송 내역 신규 데이터 없음
[FimsSendDemon             ; 7:28:01]METS Db Dis_Conn !! 
[FimsSendDemon             ; 7:28:01]Program End.
[FimsReadDemon             ; 7:33:01] SKT FIMS INF READ DEMON START >>>>> 
[FimsReadDemon             ; 7:33:02]METS Db CONNECTION !! 
[FimsReadDemon             ; 7:33:02]2번>>>> 자재 수량 분배 신규 데이터 없음.
[FimsReadDemon             ; 7:33:02]5번>>>> 인수 승인 신규 데이터 없음.
[FimsReadDemon             ; 7:33:02]METS Db Dis_Conn !! 
[FimsReadDemon             ; 7:33:02]Program End.
[FimsSendDemon             ; 7:35:02] SKT FIMS INF SEND DEMON START >>>>> 
[FimsSendDemon             ; 7:35:02]METS Db CONNECTION !! 
[FimsSendDemon             ; 7:35:02]1번>>>> 납품지시내역 신규 데이터 없음
[FimsSendDemon             ; 7:35:02]METS Db Dis_Conn !! 
[FimsSendDemon             ; 7:35:02]Program End.
[FimsSendDemon             ; 7:38:02] SKT FIMS INF 10MIN SEND DEMON START >>>>> 
[FimsSendDemon - 10min     ; 7:38:03]METS Db CONNECTION !! 
[FimsSendDemon             ; 7:38:03]3번>>>> 제조사 배송 정보 신규 데이터 없음
[FimsSendDemon             ; 7:38:03]4번>>>> 제조사 배송 내역 신규 데이터 없음
[FimsSendDemon             ; 7:38:03]METS Db Dis_Conn !! 
[FimsSendDemon             ; 7:38:03]Program End.
[FimsReadDemon             ; 7:43:01] SKT FIMS INF READ DEMON START >>>>> 
[FimsReadDemon             ; 7:43:04]METS Db CONNECTION !! 
[FimsReadDemon             ; 7:43:04]2번>>>> 자재 수량 분배 신규 데이터 없음.
[FimsReadDemon             ; 7:43:04]5번>>>> 인수 승인 신규 데이터 없음.
[FimsReadDemon             ; 7:43:04]METS Db Dis_Conn !! 
[FimsReadDemon             ; 7:43:04]Program End.
[FimsSendDemon             ; 7:48:01] SKT FIMS INF 10MIN SEND DEMON START >>>>> 
[FimsSendDemon - 10min     ; 7:48:02]METS Db CONNECTION !! 
[FimsSendDemon             ; 7:48:02]3번>>>> 제조사 배송 정보 신규 데이터 없음
[FimsSendDemon             ; 7:48:02]4번>>>> 제조사 배송 내역 신규 데이터 없음
[FimsSendDemon             ; 7:48:02]METS Db Dis_Conn !! 
[FimsSendDemon             ; 7:48:02]Program End.
[FimsReadDemon             ; 7:53:01] SKT FIMS INF READ DEMON START >>>>> 
[FimsReadDemon             ; 7:53:02]METS Db CONNECTION !! 
[FimsReadDemon             ; 7:53:02]2번>>>> 자재 수량 분배 신규 데이터 없음.
[FimsReadDemon             ; 7:53:02]5번>>>> 인수 승인 신규 데이터 없음.
[FimsReadDemon             ; 7:53:02]METS Db Dis_Conn !! 
[FimsReadDemon             ; 7:53:02]Program End.
[FimsSendDemon             ; 7:58:02] SKT FIMS INF 10MIN SEND DEMON START >>>>> 
[FimsSendDemon - 10min     ; 7:58:03]METS Db CONNECTION !! 
[FimsSendDemon             ; 7:58:03]3번>>>> 제조사 배송 정보 신규 데이터 없음
[FimsSendDemon             ; 7:58:03]4번>>>> 제조사 배송 내역 신규 데이터 없음
[FimsSendDemon             ; 7:58:04]METS Db Dis_Conn !! 
[FimsSendDemon             ; 7:58:04]Program End.
[FimsReadDemon             ; 8:03:01] SKT FIMS INF READ DEMON START >>>>> 
[FimsReadDemon             ; 8:03:04]METS Db CONNECTION !! 
[FimsReadDemon             ; 8:03:04]2번>>>> 자재 수량 분배 신규 데이터 없음.
[FimsReadDemon             ; 8:03:04]5번>>>> 인수 승인 신규 데이터 없음.
[FimsReadDemon             ; 8:03:04]METS Db Dis_Conn !! 
[FimsReadDemon             ; 8:03:04]Program End.
[FimsSendDemon             ; 8:05:01] SKT FIMS INF SEND DEMON START >>>>> 
[FimsSendDemon             ; 8:05:25]METS Db CONNECTION !! 
[FimsSendDemon             ; 8:05:26]1번>>>> 납품지시내역 신규 데이터 없음
[FimsSendDemon             ; 8:05:27]METS Db Dis_Conn !! 
[FimsSendDemon             ; 8:05:27]Program End.
[FimsSendDemon             ; 8:08:01] SKT FIMS INF 10MIN SEND DEMON START >>>>> 
[FimsSendDemon - 10min     ; 8:08:06]METS Db CONNECTION !! 
[FimsSendDemon             ; 8:08:06]3번>>>> 제조사 배송 정보 신규 데이터 없음
[FimsSendDemon             ; 8:08:06]4번>>>> 제조사 배송 내역 신규 데이터 없음
[FimsSendDemon             ; 8:08:06]METS Db Dis_Conn !! 
[FimsSendDemon             ; 8:08:06]Program End.
[FimsReadDemon             ; 8:13:01] SKT FIMS INF READ DEMON START >>>>> 
[FimsReadDemon             ; 8:13:16]METS Db CONNECTION !! 
[FimsReadDemon             ; 8:13:16]2번>>>> 자재 수량 분배 신규 데이터 없음.
[FimsReadDemon             ; 8:13:16]5번>>>> 인수 승인 신규 데이터 없음.
[FimsReadDemon             ; 8:13:16]METS Db Dis_Conn !! 
[FimsReadDemon             ; 8:13:16]Program End.
[FimsSendDemon             ; 8:18:01] SKT FIMS INF 10MIN SEND DEMON START >>>>> 
[FimsSendDemon - 10min     ; 8:20:04]METS Db CONNECTION !! 
[FimsSendDemon             ; 8:20:07]3번>>>> 제조사 배송 정보 신규 데이터 없음
[FimsSendDemon             ; 8:20:07]4번>>>> 제조사 배송 내역 신규 데이터 없음
[FimsSendDemon             ; 8:20:07]METS Db Dis_Conn !! 
[FimsSendDemon             ; 8:20:07]Program End.
[FimsReadDemon             ; 8:23:01] SKT FIMS INF READ DEMON START >>>>> 
[FimsSendDemon             ; 8:28:01] SKT FIMS INF 10MIN SEND DEMON START >>>>> 
[FimsReadDemon             ; 8:31:39]METS Db CONNECTION !! 
[FimsReadDemon             ; 8:31:39]2번>>>> 자재 수량 분배 신규 데이터 없음.
[FimsReadDemon             ; 8:31:39]5번>>>> 인수 승인 신규 데이터 없음.
[FimsReadDemon             ; 8:31:39]METS Db Dis_Conn !! 
[FimsReadDemon             ; 8:31:39]Program End.
[FimsReadDemon             ; 8:33:02] SKT FIMS INF READ DEMON START >>>>> 
[FimsSendDemon             ; 8:35:02] SKT FIMS INF SEND DEMON START >>>>> 
[FimsSendDemon             ; 8:38:02] SKT FIMS INF 10MIN SEND DEMON START >>>>> 
[FimsReadDemon             ; 8:43:02] SKT FIMS INF READ DEMON START >>>>> 
[FimsSendDemon             ; 8:48:02] SKT FIMS INF 10MIN SEND DEMON START >>>>> 
[FimsSendDemon - 10min     ; 8:48:45]METS Db CONNECTION !! 
[FimsSendDemon             ; 8:51:23]3번>>>> 제조사 배송 정보 신규 데이터 없음
[FimsSendDemon             ; 8:51:23]4번>>>> 제조사 배송 내역 신규 데이터 없음
[FimsSendDemon             ; 8:51:23]METS Db Dis_Conn !! 
[FimsSendDemon             ; 8:51:23]Program End.
[FimsReadDemon             ; 8:53:01] SKT FIMS INF READ DEMON START >>>>> 
[FimsReadDemon             ; 8:53:05]METS Db CONNECTION !! 
[FimsReadDemon             ; 8:53:05]2번>>>> 자재 수량 분배 신규 데이터 없음.
[FimsReadDemon             ; 8:53:05]5번>>>> 인수 승인 신규 데이터 없음.
[FimsReadDemon             ; 8:53:05]METS Db Dis_Conn !! 
[FimsReadDemon             ; 8:53:05]Program End.
[FimsSendDemon             ; 8:55:27]METS Db CONNECTION !! 
[FimsSendDemon             ; 8:55:32]1번>>>> 납품지시내역 신규 데이터 없음
[FimsSendDemon             ; 8:55:32]METS Db Dis_Conn !! 
[FimsSendDemon             ; 8:55:32]Program End.
[FimsSendDemon - 10min     ; 8:57:12]METS Db CONNECTION !! 
[FimsSendDemon             ; 8:57:13]3번>>>> 제조사 배송 정보 신규 데이터 없음
[FimsSendDemon             ; 8:57:13]4번>>>> 제조사 배송 내역 신규 데이터 없음
[FimsSendDemon             ; 8:57:13]METS Db Dis_Conn !! 
[FimsSendDemon             ; 8:57:13]Program End.
[FimsSendDemon             ; 8:58:01] SKT FIMS INF 10MIN SEND DEMON START >>>>> 
[FimsReadDemon             ; 9:00:04]METS Db CONNECTION !! 
[FimsReadDemon             ; 9:00:04]2번>>>> 자재 수량 분배 신규 데이터 없음.
[FimsReadDemon             ; 9:00:04]5번>>>> 인수 승인 신규 데이터 없음.
[FimsReadDemon             ; 9:00:04]METS Db Dis_Conn !! 
[FimsReadDemon             ; 9:00:04]Program End.
[FimsReadDemon             ; 9:03:01] SKT FIMS INF READ DEMON START >>>>> 
[FimsSendDemon - 10min     ; 9:03:25]METS Db CONNECTION !! 
[FimsSendDemon             ; 9:03:25]3번>>>> 제조사 배송 정보 신규 데이터 없음
[FimsSendDemon             ; 9:03:25]4번>>>> 제조사 배송 내역 신규 데이터 없음
[FimsSendDemon             ; 9:03:25]METS Db Dis_Conn !! 
[FimsSendDemon             ; 9:03:25]Program End.
[FimsSendDemon             ; 9:05:01] SKT FIMS INF SEND DEMON START >>>>> 
[FimsReadDemon             ; 9:07:13]METS Db CONNECTION !! 
[FimsReadDemon             ; 9:07:13]2번>>>> 자재 수량 분배 신규 데이터 없음.
[FimsReadDemon             ; 9:07:13]5번>>>> 인수 승인 신규 데이터 없음.
[FimsReadDemon             ; 9:07:13]METS Db Dis_Conn !! 
[FimsReadDemon             ; 9:07:13]Program End.
[FimsSendDemon - 10min     ; 9:07:45]METS Db CONNECTION !! 
[FimsReadDemon             ; 9:07:47]METS Db CONNECTION !! 
[FimsReadDemon             ; 9:07:47]2번>>>> 자재 수량 분배 신규 데이터 없음.
[FimsReadDemon             ; 9:07:47]5번>>>> 인수 승인 신규 데이터 없음.
[FimsReadDemon             ; 9:07:47]METS Db Dis_Conn !! 
[FimsReadDemon             ; 9:07:47]Program End.
[FimsSendDemon             ; 9:07:49]METS Db CONNECTION !! 
[FimsSendDemon             ; 9:08:01] SKT FIMS INF 10MIN SEND DEMON START >>>>> 
[FimsSendDemon - 10min     ; 9:08:01]METS Db CONNECTION !! 
[FimsReadDemon             ; 9:13:01] SKT FIMS INF READ DEMON START >>>>> 
[FimsReadDemon             ; 9:13:02]METS Db CONNECTION !! 
[FimsReadDemon             ; 9:13:02]2번>>>> 자재 수량 분배 신규 데이터 없음.
[FimsReadDemon             ; 9:13:02]5번>>>> 인수 승인 신규 데이터 없음.
[FimsReadDemon             ; 9:13:02]METS Db Dis_Conn !! 
[FimsReadDemon             ; 9:13:02]Program End.
[FimsSendDemon             ; 9:18:01] SKT FIMS INF 10MIN SEND DEMON START >>>>> 
[FimsSendDemon - 10min     ; 9:18:02]METS Db CONNECTION !! 
[FimsSendDemon             ; 9:18:02]3번>>>> 제조사 배송 정보 신규 데이터 없음
[FimsSendDemon             ; 9:18:02]4번>>>> 제조사 배송 내역 신규 데이터 없음
[FimsSendDemon             ; 9:18:02]METS Db Dis_Conn !! 
[FimsSendDemon             ; 9:18:02]Program End.
[FimsReadDemon             ; 9:23:01] SKT FIMS INF READ DEMON START >>>>> 
[FimsReadDemon             ; 9:23:01]METS Db CONNECTION !! 
[FimsReadDemon             ; 9:23:01]2번>>>> 자재 수량 분배 신규 데이터 없음.
[FimsReadDemon             ; 9:23:01]5번>>>> 인수 승인 내역 다운로드 시작: HavisDlvrInsuData_20200626092003.dat
[FimsReadDemon             ; 9:23:01]5번>>>> 다운로드 완료 / 건수: 2
[FimsReadDemon             ; 9:23:01]METS Db Dis_Conn !! 
[FimsReadDemon             ; 9:23:01]Program End.
[FimsSendDemon             ; 9:28:01] SKT FIMS INF 10MIN SEND DEMON START >>>>> 
[FimsSendDemon - 10min     ; 9:28:02]METS Db CONNECTION !! 
[FimsSendDemon             ; 9:28:02]3번>>>> 제조사 배송 정보 신규 데이터 없음
[FimsSendDemon             ; 9:28:02]4번>>>> 제조사 배송 내역 신규 데이터 없음
[FimsSendDemon             ; 9:28:02]METS Db Dis_Conn !! 
[FimsSendDemon             ; 9:28:02]Program End.
[FimsReadDemon             ; 9:33:01] SKT FIMS INF READ DEMON START >>>>> 
[FimsReadDemon             ; 9:33:07]METS Db CONNECTION !! 
[FimsReadDemon             ; 9:33:07]2번>>>> 자재 수량 분배 신규 데이터 없음.
[FimsReadDemon             ; 9:33:07]5번>>>> 인수 승인 신규 데이터 없음.
[FimsReadDemon             ; 9:33:07]METS Db Dis_Conn !! 
[FimsReadDemon             ; 9:33:07]Program End.
[FimsSendDemon             ; 9:35:01] SKT FIMS INF SEND DEMON START >>>>> 
[FimsSendDemon             ; 9:35:01]METS Db CONNECTION !! 
[FimsSendDemon             ; 9:35:02]1번>>>> 납품지시내역 연동 시작: FimsOrdData_20200626093501.dat
[FimsSendDemon             ; 9:35:02]METS Db Dis_Conn !! 
[FimsSendDemon             ; 9:35:02]Program End.
[FimsSendDemon             ; 9:38:02] SKT FIMS INF 10MIN SEND DEMON START >>>>> 
[FimsSendDemon - 10min     ; 9:38:08]METS Db CONNECTION !! 
[FimsSendDemon             ; 9:38:08]3번>>>> 제조사 배송 정보 신규 데이터 없음
[FimsSendDemon             ; 9:38:08]4번>>>> 제조사 배송 내역 신규 데이터 없음
[FimsSendDemon             ; 9:38:08]METS Db Dis_Conn !! 
[FimsSendDemon             ; 9:38:08]Program End.
[FimsReadDemon             ; 9:43:01] SKT FIMS INF READ DEMON START >>>>> 
[FimsReadDemon             ; 9:43:15]METS Db CONNECTION !! 
[FimsReadDemon             ; 9:43:15]2번>>>> 자재 수량 분배 신규 데이터 없음.
[FimsReadDemon             ; 9:43:15]5번>>>> 인수 승인 내역 다운로드 시작: HavisDlvrInsuData_20200626094004.dat
[FimsReadDemon             ; 9:43:17]5번>>>> 다운로드 완료 / 건수: 2
[FimsReadDemon             ; 9:43:17]METS Db Dis_Conn !! 
[FimsReadDemon             ; 9:43:17]Program End.
[FimsSendDemon             ; 9:48:01] SKT FIMS INF 10MIN SEND DEMON START >>>>> 
[FimsSendDemon - 10min     ; 9:48:37]METS Db CONNECTION !! 
[FimsSendDemon             ; 9:48:41]3번>>>> 제조사 배송 정보 신규 데이터 없음
[FimsSendDemon             ; 9:48:41]4번>>>> 제조사 배송 내역 신규 데이터 없음
[FimsSendDemon             ; 9:48:41]METS Db Dis_Conn !! 
[FimsSendDemon             ; 9:48:41]Program End.
[FimsReadDemon             ; 9:53:01] SKT FIMS INF READ DEMON START >>>>> 
[FimsReadDemon             ; 9:53:43]METS Db CONNECTION !! 
[FimsReadDemon             ; 9:53:43]2번>>>> 자재 수량 분배 신규 데이터 없음.
[FimsReadDemon             ; 9:53:43]5번>>>> 인수 승인 신규 데이터 없음.
[FimsReadDemon             ; 9:53:43]METS Db Dis_Conn !! 
[FimsReadDemon             ; 9:53:43]Program End.
[FimsSendDemon             ; 9:58:01] SKT FIMS INF 10MIN SEND DEMON START >>>>> 
[FimsSendDemon - 10min     ; 9:58:58]METS Db CONNECTION !! 
[FimsSendDemon             ; 9:59:02]3번>>>> 제조사 배송 정보 신규 데이터 없음
[FimsSendDemon             ; 9:59:02]4번>>>> 제조사 배송 내역 신규 데이터 없음
[FimsSendDemon             ; 9:59:02]METS Db Dis_Conn !! 
[FimsSendDemon             ; 9:59:02]Program End.
[FimsReadDemon             ; 10:03:01] SKT FIMS INF READ DEMON START >>>>> 
[FimsReadDemon             ; 10:04:15]METS Db CONNECTION !! 
[FimsReadDemon             ; 10:04:15]2번>>>> 자재 수량 분배 신규 데이터 없음.
[FimsReadDemon             ; 10:04:15]5번>>>> 인수 승인 신규 데이터 없음.
[FimsReadDemon             ; 10:04:15]METS Db Dis_Conn !! 
[FimsReadDemon             ; 10:04:15]Program End.
[FimsSendDemon             ; 10:05:01] SKT FIMS INF SEND DEMON START >>>>> 
[FimsSendDemon             ; 10:06:45]METS Db CONNECTION !! 
[FimsSendDemon             ; 10:06:45]1번>>>> 납품지시내역 연동 시작: FimsOrdData_20200626100645.dat
[FimsSendDemon             ; 10:06:46]METS Db Dis_Conn !! 
[FimsSendDemon             ; 10:06:46]Program End.
[FimsSendDemon             ; 10:08:01] SKT FIMS INF 10MIN SEND DEMON START >>>>> 
[FimsSendDemon - 10min     ; 10:09:28]METS Db CONNECTION !! 
[FimsSendDemon             ; 10:09:29]3번>>>> 제조사 배송 정보 신규 데이터 없음
[FimsSendDemon             ; 10:09:29]4번>>>> 제조사 배송 내역 신규 데이터 없음
[FimsSendDemon             ; 10:09:29]METS Db Dis_Conn !! 
[FimsSendDemon             ; 10:09:29]Program End.
[FimsReadDemon             ; 10:13:02] SKT FIMS INF READ DEMON START >>>>> 
[FimsReadDemon             ; 10:15:41]METS Db CONNECTION !! 
[FimsReadDemon             ; 10:15:41]2번>>>> 자재 수량 분배 신규 데이터 없음.
[FimsReadDemon             ; 10:15:41]5번>>>> 인수 승인 신규 데이터 없음.
[FimsReadDemon             ; 10:15:41]METS Db Dis_Conn !! 
[FimsReadDemon             ; 10:15:41]Program End.
[FimsSendDemon             ; 10:18:01] SKT FIMS INF 10MIN SEND DEMON START >>>>> 
[FimsSendDemon - 10min     ; 10:22:36]METS Db CONNECTION !! 
[FimsSendDemon             ; 10:22:37]3번>>>> 제조사 배송 정보 신규 데이터 없음
[FimsSendDemon             ; 10:22:37]4번>>>> 제조사 배송 내역 신규 데이터 없음
[FimsSendDemon             ; 10:22:37]METS Db Dis_Conn !! 
[FimsSendDemon             ; 10:22:37]Program End.
[FimsReadDemon             ; 10:23:01] SKT FIMS INF READ DEMON START >>>>> 
[FimsSendDemon             ; 10:28:02] SKT FIMS INF 10MIN SEND DEMON START >>>>> 
[FimsReadDemon             ; 10:29:41]METS Db CONNECTION !! 
[FimsReadDemon             ; 10:29:41]2번>>>> 자재 수량 분배 신규 데이터 없음.
[FimsReadDemon             ; 10:29:41]5번>>>> 인수 승인 신규 데이터 없음.
[FimsReadDemon             ; 10:29:41]METS Db Dis_Conn !! 
[FimsReadDemon             ; 10:29:41]Program End.
[FimsReadDemon             ; 10:33:01] SKT FIMS INF READ DEMON START >>>>> 
[FimsSendDemon - 10min     ; 10:33:22]METS Db CONNECTION !! 
[FimsSendDemon             ; 10:33:23]3번>>>> 제조사 배송 정보 신규 데이터 없음
[FimsSendDemon             ; 10:33:23]4번>>>> 제조사 배송 내역 신규 데이터 없음
[FimsSendDemon             ; 10:33:23]METS Db Dis_Conn !! 
[FimsSendDemon             ; 10:33:23]Program End.
[FimsReadDemon             ; 10:34:34]METS Db CONNECTION !! 
[FimsReadDemon             ; 10:34:34]2번>>>> 자재 수량 분배 신규 데이터 없음.
[FimsReadDemon             ; 10:34:34]5번>>>> 인수 승인 내역 다운로드 시작: HavisDlvrInsuData_20200626103003.dat
[FimsReadDemon             ; 10:34:34]5번>>>> 다운로드 완료 / 건수: 2
[FimsReadDemon             ; 10:34:34]METS Db Dis_Conn !! 
[FimsReadDemon             ; 10:34:34]Program End.
[FimsSendDemon             ; 10:35:02] SKT FIMS INF SEND DEMON START >>>>> 
[FimsSendDemon             ; 10:35:14]METS Db CONNECTION !! 
[FimsSendDemon             ; 10:35:14]1번>>>> 납품지시내역 신규 데이터 없음
[FimsSendDemon             ; 10:35:14]METS Db Dis_Conn !! 
[FimsSendDemon             ; 10:35:14]Program End.
[FimsSendDemon             ; 10:38:01] SKT FIMS INF 10MIN SEND DEMON START >>>>> 
[FimsSendDemon - 10min     ; 10:38:04]METS Db CONNECTION !! 
[FimsSendDemon             ; 10:38:04]3번>>>> 제조사 배송 정보 신규 데이터 없음
[FimsSendDemon             ; 10:38:04]4번>>>> 제조사 배송 내역 신규 데이터 없음
[FimsSendDemon             ; 10:38:04]METS Db Dis_Conn !! 
[FimsSendDemon             ; 10:38:04]Program End.
[FimsReadDemon             ; 10:43:01] SKT FIMS INF READ DEMON START >>>>> 
[FimsReadDemon             ; 10:44:05]METS Db CONNECTION !! 
[FimsReadDemon             ; 10:44:05]2번>>>> 자재 수량 분배 신규 데이터 없음.
[FimsReadDemon             ; 10:44:05]5번>>>> 인수 승인 신규 데이터 없음.
[FimsReadDemon             ; 10:44:05]METS Db Dis_Conn !! 
[FimsReadDemon             ; 10:44:05]Program End.
[FimsSendDemon             ; 10:48:01] SKT FIMS INF 10MIN SEND DEMON START >>>>> 
[FimsSendDemon - 10min     ; 10:52:28]METS Db CONNECTION !! 
[FimsSendDemon             ; 10:52:28]3번>>>> 제조사 배송 정보 신규 데이터 없음
[FimsSendDemon             ; 10:52:28]4번>>>> 제조사 배송 내역 신규 데이터 없음
[FimsSendDemon             ; 10:52:28]METS Db Dis_Conn !! 
[FimsSendDemon             ; 10:52:28]Program End.
[FimsReadDemon             ; 10:53:01] SKT FIMS INF READ DEMON START >>>>> 
[FimsSendDemon             ; 10:58:01] SKT FIMS INF 10MIN SEND DEMON START >>>>> 
[FimsReadDemon             ; 11:01:47]METS Db CONNECTION !! 
[FimsReadDemon             ; 11:01:47]2번>>>> 자재 수량 분배 신규 데이터 없음.
[FimsReadDemon             ; 11:01:47]5번>>>> 인수 승인 신규 데이터 없음.
[FimsReadDemon             ; 11:01:47]METS Db Dis_Conn !! 
[FimsReadDemon             ; 11:01:47]Program End.
[FimsReadDemon             ; 11:03:01] SKT FIMS INF READ DEMON START >>>>> 
[FimsSendDemon             ; 11:05:01] SKT FIMS INF SEND DEMON START >>>>> 
[FimsSendDemon             ; 11:08:01] SKT FIMS INF 10MIN SEND DEMON START >>>>> 
[FimsSendDemon - 10min     ; 11:12:10]METS Db CONNECTION !! 
[FimsSendDemon             ; 11:12:14]3번>>>> 제조사 배송 정보 신규 데이터 없음
[FimsSendDemon             ; 11:12:14]4번>>>> 제조사 배송 내역 신규 데이터 없음
[FimsSendDemon             ; 11:12:14]METS Db Dis_Conn !! 
[FimsSendDemon             ; 11:12:14]Program End.
[FimsReadDemon             ; 11:13:01] SKT FIMS INF READ DEMON START >>>>> 
[FimsSendDemon             ; 11:18:01] SKT FIMS INF 10MIN SEND DEMON START >>>>> 
[FimsReadDemon             ; 11:20:09]METS Db CONNECTION !! 
[FimsReadDemon             ; 11:20:09]2번>>>> 자재 수량 분배 신규 데이터 없음.
[FimsReadDemon             ; 11:20:09]5번>>>> 인수 승인 신규 데이터 없음.
[FimsReadDemon             ; 11:20:09]METS Db Dis_Conn !! 
[FimsReadDemon             ; 11:20:09]Program End.
[FimsReadDemon             ; 11:23:02] SKT FIMS INF READ DEMON START >>>>> 
[FimsSendDemon             ; 11:24:32]METS Db CONNECTION !! 
[FimsSendDemon             ; 11:24:38]1번>>>> 납품지시내역 신규 데이터 없음
[FimsSendDemon             ; 11:24:38]METS Db Dis_Conn !! 
[FimsSendDemon             ; 11:24:38]Program End.
[FimsReadDemon             ; 11:25:09]METS Db CONNECTION !! 
[FimsReadDemon             ; 11:25:09]2번>>>> 자재 수량 분배 신규 데이터 없음.
[FimsReadDemon             ; 11:25:09]5번>>>> 인수 승인 신규 데이터 없음.
[FimsReadDemon             ; 11:25:09]METS Db Dis_Conn !! 
[FimsReadDemon             ; 11:25:09]Program End.
[FimsSendDemon - 10min     ; 11:27:42]METS Db CONNECTION !! 
[FimsSendDemon             ; 11:27:42]3번>>>> 제조사 배송 정보 신규 데이터 없음
[FimsSendDemon             ; 11:27:42]4번>>>> 제조사 배송 내역 신규 데이터 없음
[FimsSendDemon             ; 11:27:42]METS Db Dis_Conn !! 
[FimsSendDemon             ; 11:27:42]Program End.
[FimsSendDemon             ; 11:28:01] SKT FIMS INF 10MIN SEND DEMON START >>>>> 
[FimsReadDemon             ; 11:31:40]METS Db CONNECTION !! 
[FimsReadDemon             ; 11:31:40]2번>>>> 자재 수량 분배 신규 데이터 없음.
[FimsReadDemon             ; 11:31:40]5번>>>> 인수 승인 신규 데이터 없음.
[FimsReadDemon             ; 11:31:41]METS Db Dis_Conn !! 
[FimsReadDemon             ; 11:31:41]Program End.
[FimsReadDemon             ; 11:33:01] SKT FIMS INF READ DEMON START >>>>> 
[FimsSendDemon - 10min     ; 11:34:02]METS Db CONNECTION !! 
[FimsSendDemon             ; 11:34:02]3번>>>> 제조사 배송 정보 신규 데이터 없음
[FimsSendDemon             ; 11:34:02]4번>>>> 제조사 배송 내역 신규 데이터 없음
[FimsSendDemon             ; 11:34:02]METS Db Dis_Conn !! 
[FimsSendDemon             ; 11:34:02]Program End.
[FimsSendDemon             ; 11:35:01] SKT FIMS INF SEND DEMON START >>>>> 
[FimsSendDemon - 10min     ; 11:37:09]METS Db CONNECTION !! 
[FimsSendDemon             ; 11:37:09]3번>>>> 제조사 배송 정보 신규 데이터 없음
[FimsSendDemon             ; 11:37:09]4번>>>> 제조사 배송 내역 신규 데이터 없음
[FimsSendDemon             ; 11:37:09]METS Db Dis_Conn !! 
[FimsSendDemon             ; 11:37:09]Program End.
[FimsSendDemon             ; 11:38:01] SKT FIMS INF 10MIN SEND DEMON START >>>>> 
[FimsReadDemon             ; 11:38:34]METS Db CONNECTION !! 
[FimsReadDemon             ; 11:38:34]2번>>>> 자재 수량 분배 신규 데이터 없음.
[FimsReadDemon             ; 11:38:34]5번>>>> 인수 승인 신규 데이터 없음.
[FimsReadDemon             ; 11:38:34]METS Db Dis_Conn !! 
[FimsReadDemon             ; 11:38:34]Program End.
[FimsSendDemon             ; 11:38:52]METS Db CONNECTION !! 
[FimsSendDemon             ; 11:38:52]1번>>>> 납품지시내역 신규 데이터 없음
[FimsSendDemon             ; 11:38:52]METS Db Dis_Conn !! 
[FimsSendDemon             ; 11:38:52]Program End.
[FimsSendDemon - 10min     ; 11:39:56]METS Db CONNECTION !! 
[FimsSendDemon             ; 11:39:56]3번>>>> 제조사 배송 정보 신규 데이터 없음
[FimsSendDemon             ; 11:39:56]4번>>>> 제조사 배송 내역 신규 데이터 없음
[FimsSendDemon             ; 11:39:56]METS Db Dis_Conn !! 
[FimsSendDemon             ; 11:39:56]Program End.
[FimsReadDemon             ; 11:43:01] SKT FIMS INF READ DEMON START >>>>> 
[FimsReadDemon             ; 11:43:07]METS Db CONNECTION !! 
[FimsReadDemon             ; 11:43:07]2번>>>> 자재 수량 분배 신규 데이터 없음.
[FimsReadDemon             ; 11:43:07]5번>>>> 인수 승인 내역 다운로드 시작: HavisDlvrInsuData_20200626114002.dat
[FimsReadDemon             ; 11:43:08]5번>>>> 다운로드 완료 / 건수: 1
[FimsReadDemon             ; 11:43:08]METS Db Dis_Conn !! 
[FimsReadDemon             ; 11:43:08]Program End.
[FimsSendDemon             ; 11:48:01] SKT FIMS INF 10MIN SEND DEMON START >>>>> 
[FimsSendDemon - 10min     ; 11:48:35]METS Db CONNECTION !! 
[FimsSendDemon             ; 11:48:36]3번>>>> 제조사 배송 정보 신규 데이터 없음
[FimsSendDemon             ; 11:48:36]4번>>>> 제조사 배송 내역 신규 데이터 없음
[FimsSendDemon             ; 11:48:36]METS Db Dis_Conn !! 
[FimsSendDemon             ; 11:48:36]Program End.
[FimsReadDemon             ; 11:53:01] SKT FIMS INF READ DEMON START >>>>> 
[FimsReadDemon             ; 11:53:37]METS Db CONNECTION !! 
[FimsReadDemon             ; 11:53:37]2번>>>> 자재 수량 분배 신규 데이터 없음.
[FimsReadDemon             ; 11:53:37]5번>>>> 인수 승인 신규 데이터 없음.
[FimsReadDemon             ; 11:53:37]METS Db Dis_Conn !! 
[FimsReadDemon             ; 11:53:37]Program End.
[FimsSendDemon             ; 11:58:01] SKT FIMS INF 10MIN SEND DEMON START >>>>> 
[FimsSendDemon - 10min     ; 11:59:09]METS Db CONNECTION !! 
[FimsSendDemon             ; 11:59:14]3번>>>> 제조사 배송 정보 신규 데이터 없음
[FimsSendDemon             ; 11:59:14]4번>>>> 제조사 배송 내역 신규 데이터 없음
[FimsSendDemon             ; 11:59:14]METS Db Dis_Conn !! 
[FimsSendDemon             ; 11:59:14]Program End.
[FimsReadDemon             ; 12:03:01] SKT FIMS INF READ DEMON START >>>>> 
[FimsReadDemon             ; 12:03:22]METS Db CONNECTION !! 
[FimsReadDemon             ; 12:03:22]2번>>>> 자재 수량 분배 신규 데이터 없음.
[FimsReadDemon             ; 12:03:23]5번>>>> 인수 승인 신규 데이터 없음.
[FimsReadDemon             ; 12:03:23]METS Db Dis_Conn !! 
[FimsReadDemon             ; 12:03:23]Program End.
[FimsSendDemon             ; 12:05:01] SKT FIMS INF SEND DEMON START >>>>> 
[FimsSendDemon             ; 12:05:26]METS Db CONNECTION !! 
[FimsSendDemon             ; 12:05:28]1번>>>> 납품지시내역 신규 데이터 없음
[FimsSendDemon             ; 12:05:28]METS Db Dis_Conn !! 
[FimsSendDemon             ; 12:05:28]Program End.
[FimsSendDemon             ; 12:08:01] SKT FIMS INF 10MIN SEND DEMON START >>>>> 
[FimsSendDemon - 10min     ; 12:08:01]METS Db CONNECTION !! 
[FimsReadDemon             ; 12:13:01] SKT FIMS INF READ DEMON START >>>>> 
[FimsReadDemon             ; 12:13:01]METS Db CONNECTION !! 
[FimsReadDemon             ; 12:13:01]2번>>>> 자재 수량 분배 신규 데이터 없음.
[FimsReadDemon             ; 12:13:01]5번>>>> 인수 승인 신규 데이터 없음.
[FimsReadDemon             ; 12:13:01]METS Db Dis_Conn !! 
[FimsReadDemon             ; 12:13:01]Program End.
[FimsSendDemon             ; 12:18:01] SKT FIMS INF 10MIN SEND DEMON START >>>>> 
[FimsSendDemon - 10min     ; 12:18:01]METS Db CONNECTION !! 
[FimsReadDemon             ; 12:23:02] SKT FIMS INF READ DEMON START >>>>> 
[FimsReadDemon             ; 12:23:02]METS Db CONNECTION !! 
[FimsReadDemon             ; 12:23:02]2번>>>> 자재 수량 분배 신규 데이터 없음.
[FimsReadDemon             ; 12:23:02]5번>>>> 인수 승인 신규 데이터 없음.
[FimsReadDemon             ; 12:23:02]METS Db Dis_Conn !! 
[FimsReadDemon             ; 12:23:02]Program End.
[FimsSendDemon             ; 12:28:01] SKT FIMS INF 10MIN SEND DEMON START >>>>> 
[FimsSendDemon - 10min     ; 12:28:02]METS Db CONNECTION !! 
[FimsReadDemon             ; 12:33:01] SKT FIMS INF READ DEMON START >>>>> 
[FimsReadDemon             ; 12:33:01]METS Db CONNECTION !! 
[FimsReadDemon             ; 12:33:01]2번>>>> 자재 수량 분배 신규 데이터 없음.
[FimsReadDemon             ; 12:33:01]5번>>>> 인수 승인 신규 데이터 없음.
[FimsReadDemon             ; 12:33:01]METS Db Dis_Conn !! 
[FimsReadDemon             ; 12:33:01]Program End.
[FimsSendDemon             ; 12:35:02] SKT FIMS INF SEND DEMON START >>>>> 
[FimsSendDemon             ; 12:35:02]METS Db CONNECTION !! 
[FimsSendDemon             ; 12:38:01] SKT FIMS INF 10MIN SEND DEMON START >>>>> 
[FimsSendDemon - 10min     ; 12:38:01]METS Db CONNECTION !! 
[FimsReadDemon             ; 12:43:01] SKT FIMS INF READ DEMON START >>>>> 
[FimsReadDemon             ; 12:43:01]METS Db CONNECTION !! 
[FimsReadDemon             ; 12:43:01]2번>>>> 자재 수량 분배 신규 데이터 없음.
[FimsReadDemon             ; 12:43:01]5번>>>> 인수 승인 신규 데이터 없음.
[FimsReadDemon             ; 12:43:01]METS Db Dis_Conn !! 
[FimsReadDemon             ; 12:43:01]Program End.
[FimsSendDemon             ; 12:48:01] SKT FIMS INF 10MIN SEND DEMON START >>>>> 
[FimsSendDemon - 10min     ; 12:48:01]METS Db CONNECTION !! 
[FimsReadDemon             ; 12:53:02] SKT FIMS INF READ DEMON START >>>>> 
[FimsReadDemon             ; 12:53:02]METS Db CONNECTION !! 
[FimsReadDemon             ; 12:53:02]2번>>>> 자재 수량 분배 신규 데이터 없음.
[FimsReadDemon             ; 12:53:02]5번>>>> 인수 승인 신규 데이터 없음.
[FimsReadDemon             ; 12:53:02]METS Db Dis_Conn !! 
[FimsReadDemon             ; 12:53:02]Program End.
[FimsSendDemon             ; 12:58:01] SKT FIMS INF 10MIN SEND DEMON START >>>>> 
[FimsSendDemon - 10min     ; 12:58:02]METS Db CONNECTION !! 
[FimsReadDemon             ; 13:03:01] SKT FIMS INF READ DEMON START >>>>> 
[FimsReadDemon             ; 13:03:01]METS Db CONNECTION !! 
[FimsReadDemon             ; 13:03:01]2번>>>> 자재 수량 분배 신규 데이터 없음.
[FimsReadDemon             ; 13:03:01]5번>>>> 인수 승인 신규 데이터 없음.
[FimsReadDemon             ; 13:03:01]METS Db Dis_Conn !! 
[FimsReadDemon             ; 13:03:01]Program End.
[FimsSendDemon             ; 13:05:01] SKT FIMS INF SEND DEMON START >>>>> 
[FimsSendDemon             ; 13:05:01]METS Db CONNECTION !! 
[FimsSendDemon             ; 13:08:01] SKT FIMS INF 10MIN SEND DEMON START >>>>> 
[FimsSendDemon - 10min     ; 13:08:01]METS Db CONNECTION !! 
[FimsReadDemon             ; 13:13:01] SKT FIMS INF READ DEMON START >>>>> 
[FimsReadDemon             ; 13:13:01]METS Db CONNECTION !! 
[FimsReadDemon             ; 13:13:01]2번>>>> 자재 수량 분배 신규 데이터 없음.
[FimsReadDemon             ; 13:13:01]5번>>>> 인수 승인 신규 데이터 없음.
[FimsReadDemon             ; 13:13:01]METS Db Dis_Conn !! 
[FimsReadDemon             ; 13:13:01]Program End.
[FimsSendDemon             ; 13:18:01] SKT FIMS INF 10MIN SEND DEMON START >>>>> 
[FimsSendDemon - 10min     ; 13:18:01]METS Db CONNECTION !! 
[FimsReadDemon             ; 13:23:01] SKT FIMS INF READ DEMON START >>>>> 
[FimsReadDemon             ; 13:23:01]METS Db CONNECTION !! 
[FimsReadDemon             ; 13:23:01]2번>>>> 자재 수량 분배 신규 데이터 없음.
[FimsReadDemon             ; 13:23:01]5번>>>> 인수 승인 신규 데이터 없음.
[FimsReadDemon             ; 13:23:01]METS Db Dis_Conn !! 
[FimsReadDemon             ; 13:23:01]Program End.
[FimsSendDemon             ; 13:28:02] SKT FIMS INF 10MIN SEND DEMON START >>>>> 
[FimsSendDemon - 10min     ; 13:28:02]METS Db CONNECTION !! 
[FimsReadDemon             ; 13:33:01] SKT FIMS INF READ DEMON START >>>>> 
[FimsReadDemon             ; 13:33:01]METS Db CONNECTION !! 
[FimsReadDemon             ; 13:33:01]2번>>>> 자재 수량 분배 신규 데이터 없음.
[FimsReadDemon             ; 13:33:02]5번>>>> 인수 승인 신규 데이터 없음.
[FimsReadDemon             ; 13:33:02]METS Db Dis_Conn !! 
[FimsReadDemon             ; 13:33:02]Program End.
[FimsSendDemon             ; 13:35:01] SKT FIMS INF SEND DEMON START >>>>> 
[FimsSendDemon             ; 13:35:01]METS Db CONNECTION !! 
[FimsSendDemon             ; 13:38:01] SKT FIMS INF 10MIN SEND DEMON START >>>>> 
[FimsSendDemon - 10min     ; 13:38:01]METS Db CONNECTION !! 
[FimsReadDemon             ; 13:43:01] SKT FIMS INF READ DEMON START >>>>> 
[FimsReadDemon             ; 13:43:01]METS Db CONNECTION !! 
[FimsReadDemon             ; 13:43:01]2번>>>> 자재 수량 분배 신규 데이터 없음.
[FimsReadDemon             ; 13:43:01]5번>>>> 인수 승인 내역 다운로드 시작: HavisDlvrInsuData_20200626134003.dat
[FimsSendDemon             ; 13:48:01] SKT FIMS INF 10MIN SEND DEMON START >>>>> 
[FimsSendDemon - 10min     ; 13:48:02]METS Db CONNECTION !! 
[FimsReadDemon             ; 13:53:01] SKT FIMS INF READ DEMON START >>>>> 
[FimsReadDemon             ; 13:53:01]METS Db CONNECTION !! 
[FimsReadDemon             ; 13:53:01]2번>>>> 자재 수량 분배 신규 데이터 없음.
[FimsReadDemon             ; 13:53:01]5번>>>> 인수 승인 내역 다운로드 시작: HavisDlvrInsuData_20200626134003.dat
[FimsSendDemon             ; 13:58:01] SKT FIMS INF 10MIN SEND DEMON START >>>>> 
[FimsSendDemon - 10min     ; 13:58:01]METS Db CONNECTION !! 
[FimsReadDemon             ; 14:03:02] SKT FIMS INF READ DEMON START >>>>> 
[FimsReadDemon             ; 14:03:02]METS Db CONNECTION !! 
[FimsReadDemon             ; 14:03:02]2번>>>> 자재 수량 분배 신규 데이터 없음.
[FimsReadDemon             ; 14:03:02]5번>>>> 인수 승인 내역 다운로드 시작: HavisDlvrInsuData_20200626134003.dat
[FimsSendDemon             ; 14:05:01] SKT FIMS INF SEND DEMON START >>>>> 
[FimsSendDemon             ; 14:05:02]METS Db CONNECTION !! 
[FimsSendDemon             ; 14:08:01] SKT FIMS INF 10MIN SEND DEMON START >>>>> 
[FimsSendDemon - 10min     ; 14:08:01]METS Db CONNECTION !! 
[FimsReadDemon             ; 14:13:02] SKT FIMS INF READ DEMON START >>>>> 
[FimsReadDemon             ; 14:13:02]METS Db CONNECTION !! 
[FimsReadDemon             ; 14:13:02]2번>>>> 자재 수량 분배 신규 데이터 없음.
[FimsReadDemon             ; 14:13:02]5번>>>> 인수 승인 내역 다운로드 시작: HavisDlvrInsuData_20200626134003.dat
[FimsSendDemon             ; 14:18:01] SKT FIMS INF 10MIN SEND DEMON START >>>>> 
[FimsSendDemon - 10min     ; 14:18:01]METS Db CONNECTION !! 
[FimsReadDemon             ; 14:23:02] SKT FIMS INF READ DEMON START >>>>> 
[FimsReadDemon             ; 14:23:02]METS Db CONNECTION !! 
[FimsReadDemon             ; 14:23:02]2번>>>> 자재 수량 분배 신규 데이터 없음.
[FimsReadDemon             ; 14:23:02]5번>>>> 인수 승인 내역 다운로드 시작: HavisDlvrInsuData_20200626134003.dat
[FimsSendDemon             ; 14:28:01] SKT FIMS INF 10MIN SEND DEMON START >>>>> 
[FimsSendDemon - 10min     ; 14:28:02]METS Db CONNECTION !! 
[FimsReadDemon             ; 14:33:01] SKT FIMS INF READ DEMON START >>>>> 
[FimsReadDemon             ; 14:33:01]METS Db CONNECTION !! 
[FimsReadDemon             ; 14:33:01]2번>>>> 자재 수량 분배 신규 데이터 없음.
[FimsReadDemon             ; 14:33:01]5번>>>> 인수 승인 내역 다운로드 시작: HavisDlvrInsuData_20200626134003.dat
[FimsSendDemon             ; 14:35:01] SKT FIMS INF SEND DEMON START >>>>> 
[FimsSendDemon             ; 14:35:01]METS Db CONNECTION !! 
[FimsSendDemon             ; 14:38:01] SKT FIMS INF 10MIN SEND DEMON START >>>>> 
[FimsSendDemon - 10min     ; 14:38:01]METS Db CONNECTION !! 
[FimsReadDemon             ; 14:43:01] SKT FIMS INF READ DEMON START >>>>> 
[FimsReadDemon             ; 14:43:01]METS Db CONNECTION !! 
[FimsReadDemon             ; 14:43:01]2번>>>> 자재 수량 분배 신규 데이터 없음.
[FimsReadDemon             ; 14:43:01]5번>>>> 인수 승인 내역 다운로드 시작: HavisDlvrInsuData_20200626134003.dat
[FimsSendDemon             ; 14:48:01] SKT FIMS INF 10MIN SEND DEMON START >>>>> 
[FimsSendDemon - 10min     ; 14:48:01]METS Db CONNECTION !! 
[FimsReadDemon             ; 14:53:01] SKT FIMS INF READ DEMON START >>>>> 
[FimsReadDemon             ; 14:53:01]METS Db CONNECTION !! 
[FimsReadDemon             ; 14:53:01]2번>>>> 자재 수량 분배 신규 데이터 없음.
[FimsReadDemon             ; 14:53:01]5번>>>> 인수 승인 내역 다운로드 시작: HavisDlvrInsuData_20200626134003.dat
[FimsSendDemon             ; 14:58:02] SKT FIMS INF 10MIN SEND DEMON START >>>>> 
[FimsSendDemon - 10min     ; 14:58:02]METS Db CONNECTION !! 
[FimsReadDemon             ; 15:03:01] SKT FIMS INF READ DEMON START >>>>> 
[FimsReadDemon             ; 15:03:02]METS Db CONNECTION !! 
[FimsReadDemon             ; 15:03:02]2번>>>> 자재 수량 분배 신규 데이터 없음.
[FimsReadDemon             ; 15:03:02]5번>>>> 인수 승인 내역 다운로드 시작: HavisDlvrInsuData_20200626134003.dat
[FimsSendDemon             ; 15:05:01] SKT FIMS INF SEND DEMON START >>>>> 
[FimsSendDemon             ; 15:05:01]METS Db CONNECTION !! 
[FimsSendDemon             ; 15:08:02] SKT FIMS INF 10MIN SEND DEMON START >>>>> 
[FimsSendDemon - 10min     ; 15:08:02]METS Db CONNECTION !! 
[FimsReadDemon             ; 15:13:01] SKT FIMS INF READ DEMON START >>>>> 
[FimsReadDemon             ; 15:13:01]METS Db CONNECTION !! 
[FimsReadDemon             ; 15:13:01]2번>>>> 자재 수량 분배 신규 데이터 없음.
[FimsReadDemon             ; 15:13:02]5번>>>> 인수 승인 내역 다운로드 시작: HavisDlvrInsuData_20200626134003.dat
[FimsSendDemon             ; 15:18:01] SKT FIMS INF 10MIN SEND DEMON START >>>>> 
[FimsSendDemon - 10min     ; 15:18:01]METS Db CONNECTION !! 
[FimsReadDemon             ; 21:13:01] SKT FIMS INF READ DEMON START >>>>> 
[FimsReadDemon             ; 21:13:01]METS Db CONNECTION !! 
[FimsReadDemon             ; 21:13:01]2번>>>> 자재 수량 분배 신규 데이터 없음.
[FimsReadDemon             ; 21:13:01]5번>>>> 인수 승인 내역 다운로드 시작: HavisDlvrInsuData_20200626134003.dat
[FimsReadDemon             ; 21:13:01]5번>>>> 다운로드 완료 / 건수: 2
[FimsReadDemon             ; 21:13:01]5번>>>> 인수 승인 내역 다운로드 시작: HavisDlvrInsuData_20200626142003.dat
[FimsReadDemon             ; 21:13:01]5번>>>> 다운로드 완료 / 건수: 1
[FimsReadDemon             ; 21:13:01]5번>>>> 인수 승인 내역 다운로드 시작: HavisDlvrInsuData_20200626154003.dat
[FimsReadDemon             ; 21:13:02]5번>>>> 다운로드 완료 / 건수: 4
[FimsReadDemon             ; 21:13:02]5번>>>> 인수 승인 내역 다운로드 시작: HavisDlvrInsuData_20200626161003.dat
[FimsReadDemon             ; 21:13:02]5번>>>> 다운로드 완료 / 건수: 1
[FimsReadDemon             ; 21:13:02]5번>>>> 인수 승인 내역 다운로드 시작: HavisDlvrInsuData_20200626162004.dat
[FimsReadDemon             ; 21:13:02]5번>>>> 다운로드 완료 / 건수: 3
[FimsReadDemon             ; 21:13:02]METS Db Dis_Conn !! 
[FimsReadDemon             ; 21:13:02]Program End.
[FimsSendDemon             ; 21:18:01] SKT FIMS INF 10MIN SEND DEMON START >>>>> 
[FimsSendDemon - 10min     ; 21:18:01]METS Db CONNECTION !! 
[FimsSendDemon             ; 21:18:01]3번>>>> 제조사 배송 정보 신규 데이터 없음
[FimsSendDemon             ; 21:18:01]4번>>>> 제조사 배송 내역 신규 데이터 없음
[FimsSendDemon             ; 21:18:01]METS Db Dis_Conn !! 
[FimsSendDemon             ; 21:18:01]Program End.
[FimsReadDemon             ; 21:23:01] SKT FIMS INF READ DEMON START >>>>> 
[FimsReadDemon             ; 21:23:01]METS Db CONNECTION !! 
[FimsReadDemon             ; 21:23:02]2번>>>> 자재 수량 분배 신규 데이터 없음.
[FimsReadDemon             ; 21:23:02]5번>>>> 인수 승인 신규 데이터 없음.
[FimsReadDemon             ; 21:23:02]METS Db Dis_Conn !! 
[FimsReadDemon             ; 21:23:02]Program End.
[FimsSendDemon             ; 21:28:02] SKT FIMS INF 10MIN SEND DEMON START >>>>> 
[FimsSendDemon - 10min     ; 21:28:02]METS Db CONNECTION !! 
[FimsSendDemon             ; 21:28:02]3번>>>> 제조사 배송 정보 신규 데이터 없음
[FimsSendDemon             ; 21:28:02]4번>>>> 제조사 배송 내역 신규 데이터 없음
[FimsSendDemon             ; 21:28:02]METS Db Dis_Conn !! 
[FimsSendDemon             ; 21:28:02]Program End.
[FimsReadDemon             ; 21:33:01] SKT FIMS INF READ DEMON START >>>>> 
[FimsReadDemon             ; 21:33:02]METS Db CONNECTION !! 
[FimsReadDemon             ; 21:33:02]2번>>>> 자재 수량 분배 신규 데이터 없음.
[FimsReadDemon             ; 21:33:02]5번>>>> 인수 승인 신규 데이터 없음.
[FimsReadDemon             ; 21:33:02]METS Db Dis_Conn !! 
[FimsReadDemon             ; 21:33:02]Program End.
[FimsSendDemon             ; 21:35:01] SKT FIMS INF SEND DEMON START >>>>> 
[FimsSendDemon             ; 21:35:02]METS Db CONNECTION !! 
[FimsSendDemon             ; 21:35:02]1번>>>> 납품지시내역 신규 데이터 없음
[FimsSendDemon             ; 21:35:02]METS Db Dis_Conn !! 
[FimsSendDemon             ; 21:35:02]Program End.
[FimsSendDemon             ; 21:38:01] SKT FIMS INF 10MIN SEND DEMON START >>>>> 
[FimsSendDemon - 10min     ; 21:38:01]METS Db CONNECTION !! 
[FimsSendDemon             ; 21:38:01]3번>>>> 제조사 배송 정보 신규 데이터 없음
[FimsSendDemon             ; 21:38:01]4번>>>> 제조사 배송 내역 신규 데이터 없음
[FimsSendDemon             ; 21:38:01]METS Db Dis_Conn !! 
[FimsSendDemon             ; 21:38:01]Program End.
[FimsReadDemon             ; 21:43:01] SKT FIMS INF READ DEMON START >>>>> 
[FimsReadDemon             ; 21:43:02]METS Db CONNECTION !! 
[FimsReadDemon             ; 21:43:02]2번>>>> 자재 수량 분배 신규 데이터 없음.
[FimsReadDemon             ; 21:43:02]5번>>>> 인수 승인 신규 데이터 없음.
[FimsReadDemon             ; 21:43:02]METS Db Dis_Conn !! 
[FimsReadDemon             ; 21:43:02]Program End.
[FimsSendDemon             ; 21:48:02] SKT FIMS INF 10MIN SEND DEMON START >>>>> 
[FimsSendDemon - 10min     ; 21:48:02]METS Db CONNECTION !! 
[FimsSendDemon             ; 21:48:02]3번>>>> 제조사 배송 정보 신규 데이터 없음
[FimsSendDemon             ; 21:48:02]4번>>>> 제조사 배송 내역 신규 데이터 없음
[FimsSendDemon             ; 21:48:02]METS Db Dis_Conn !! 
[FimsSendDemon             ; 21:48:02]Program End.
[FimsReadDemon             ; 21:53:02] SKT FIMS INF READ DEMON START >>>>> 
[FimsReadDemon             ; 21:53:02]METS Db CONNECTION !! 
[FimsReadDemon             ; 21:53:02]2번>>>> 자재 수량 분배 신규 데이터 없음.
[FimsReadDemon             ; 21:53:02]5번>>>> 인수 승인 신규 데이터 없음.
[FimsReadDemon             ; 21:53:02]METS Db Dis_Conn !! 
[FimsReadDemon             ; 21:53:02]Program End.
[FimsSendDemon             ; 21:58:01] SKT FIMS INF 10MIN SEND DEMON START >>>>> 
[FimsSendDemon - 10min     ; 21:58:01]METS Db CONNECTION !! 
[FimsSendDemon             ; 21:58:02]3번>>>> 제조사 배송 정보 신규 데이터 없음
[FimsSendDemon             ; 21:58:02]4번>>>> 제조사 배송 내역 신규 데이터 없음
[FimsSendDemon             ; 21:58:02]METS Db Dis_Conn !! 
[FimsSendDemon             ; 21:58:02]Program End.
[FimsReadDemon             ; 22:03:01] SKT FIMS INF READ DEMON START >>>>> 
[FimsReadDemon             ; 22:03:01]METS Db CONNECTION !! 
[FimsReadDemon             ; 22:03:01]2번>>>> 자재 수량 분배 신규 데이터 없음.
[FimsReadDemon             ; 22:03:01]5번>>>> 인수 승인 신규 데이터 없음.
[FimsReadDemon             ; 22:03:01]METS Db Dis_Conn !! 
[FimsReadDemon             ; 22:03:01]Program End.
[FimsSendDemon             ; 22:05:01] SKT FIMS INF SEND DEMON START >>>>> 
[FimsSendDemon             ; 22:05:02]METS Db CONNECTION !! 
[FimsSendDemon             ; 22:05:02]1번>>>> 납품지시내역 신규 데이터 없음
[FimsSendDemon             ; 22:05:02]METS Db Dis_Conn !! 
[FimsSendDemon             ; 22:05:02]Program End.
[FimsSendDemon             ; 22:08:02] SKT FIMS INF 10MIN SEND DEMON START >>>>> 
[FimsSendDemon - 10min     ; 22:08:02]METS Db CONNECTION !! 
[FimsSendDemon             ; 22:08:02]3번>>>> 제조사 배송 정보 신규 데이터 없음
[FimsSendDemon             ; 22:08:02]4번>>>> 제조사 배송 내역 신규 데이터 없음
[FimsSendDemon             ; 22:08:02]METS Db Dis_Conn !! 
[FimsSendDemon             ; 22:08:02]Program End.
[FimsReadDemon             ; 22:13:01] SKT FIMS INF READ DEMON START >>>>> 
[FimsReadDemon             ; 22:13:01]METS Db CONNECTION !! 
[FimsReadDemon             ; 22:13:01]2번>>>> 자재 수량 분배 신규 데이터 없음.
[FimsReadDemon             ; 22:13:01]5번>>>> 인수 승인 신규 데이터 없음.
[FimsReadDemon             ; 22:13:01]METS Db Dis_Conn !! 
[FimsReadDemon             ; 22:13:01]Program End.
[FimsSendDemon             ; 22:18:01] SKT FIMS INF 10MIN SEND DEMON START >>>>> 
[FimsSendDemon - 10min     ; 22:18:01]METS Db CONNECTION !! 
[FimsSendDemon             ; 22:18:01]3번>>>> 제조사 배송 정보 신규 데이터 없음
[FimsSendDemon             ; 22:18:01]4번>>>> 제조사 배송 내역 신규 데이터 없음
[FimsSendDemon             ; 22:18:01]METS Db Dis_Conn !! 
[FimsSendDemon             ; 22:18:01]Program End.
[FimsReadDemon             ; 22:23:01] SKT FIMS INF READ DEMON START >>>>> 
[FimsReadDemon             ; 22:23:01]METS Db CONNECTION !! 
[FimsReadDemon             ; 22:23:02]2번>>>> 자재 수량 분배 신규 데이터 없음.
[FimsReadDemon             ; 22:23:02]5번>>>> 인수 승인 신규 데이터 없음.
[FimsReadDemon             ; 22:23:02]METS Db Dis_Conn !! 
[FimsReadDemon             ; 22:23:02]Program End.
[FimsSendDemon             ; 22:28:01] SKT FIMS INF 10MIN SEND DEMON START >>>>> 
[FimsSendDemon - 10min     ; 22:28:01]METS Db CONNECTION !! 
[FimsSendDemon             ; 22:28:02]3번>>>> 제조사 배송 정보 신규 데이터 없음
[FimsSendDemon             ; 22:28:02]4번>>>> 제조사 배송 내역 신규 데이터 없음
[FimsSendDemon             ; 22:28:02]METS Db Dis_Conn !! 
[FimsSendDemon             ; 22:28:02]Program End.
[FimsReadDemon             ; 22:33:01] SKT FIMS INF READ DEMON START >>>>> 
[FimsReadDemon             ; 22:33:01]METS Db CONNECTION !! 
[FimsReadDemon             ; 22:33:01]2번>>>> 자재 수량 분배 신규 데이터 없음.
[FimsReadDemon             ; 22:33:01]5번>>>> 인수 승인 신규 데이터 없음.
[FimsReadDemon             ; 22:33:01]METS Db Dis_Conn !! 
[FimsReadDemon             ; 22:33:01]Program End.
[FimsSendDemon             ; 22:35:01] SKT FIMS INF SEND DEMON START >>>>> 
[FimsSendDemon             ; 22:35:01]METS Db CONNECTION !! 
[FimsSendDemon             ; 22:35:01]1번>>>> 납품지시내역 신규 데이터 없음
[FimsSendDemon             ; 22:35:01]METS Db Dis_Conn !! 
[FimsSendDemon             ; 22:35:01]Program End.
[FimsSendDemon             ; 22:38:01] SKT FIMS INF 10MIN SEND DEMON START >>>>> 
[FimsSendDemon - 10min     ; 22:38:01]METS Db CONNECTION !! 
[FimsSendDemon             ; 22:38:01]3번>>>> 제조사 배송 정보 신규 데이터 없음
[FimsSendDemon             ; 22:38:01]4번>>>> 제조사 배송 내역 신규 데이터 없음
[FimsSendDemon             ; 22:38:01]METS Db Dis_Conn !! 
[FimsSendDemon             ; 22:38:01]Program End.
[FimsReadDemon             ; 22:43:01] SKT FIMS INF READ DEMON START >>>>> 
[FimsReadDemon             ; 22:43:01]METS Db CONNECTION !! 
[FimsReadDemon             ; 22:43:01]2번>>>> 자재 수량 분배 신규 데이터 없음.
[FimsReadDemon             ; 22:43:01]5번>>>> 인수 승인 신규 데이터 없음.
[FimsReadDemon             ; 22:43:01]METS Db Dis_Conn !! 
[FimsReadDemon             ; 22:43:01]Program End.
[FimsSendDemon             ; 22:48:01] SKT FIMS INF 10MIN SEND DEMON START >>>>> 
[FimsSendDemon - 10min     ; 22:48:01]METS Db CONNECTION !! 
[FimsSendDemon             ; 22:48:02]3번>>>> 제조사 배송 정보 신규 데이터 없음
[FimsSendDemon             ; 22:48:02]4번>>>> 제조사 배송 내역 신규 데이터 없음
[FimsSendDemon             ; 22:48:02]METS Db Dis_Conn !! 
[FimsSendDemon             ; 22:48:02]Program End.
[FimsReadDemon             ; 22:53:01] SKT FIMS INF READ DEMON START >>>>> 
[FimsReadDemon             ; 22:53:02]METS Db CONNECTION !! 
[FimsReadDemon             ; 22:53:02]2번>>>> 자재 수량 분배 신규 데이터 없음.
[FimsReadDemon             ; 22:53:02]5번>>>> 인수 승인 신규 데이터 없음.
[FimsReadDemon             ; 22:53:02]METS Db Dis_Conn !! 
[FimsReadDemon             ; 22:53:02]Program End.
[FimsSendDemon             ; 22:58:01] SKT FIMS INF 10MIN SEND DEMON START >>>>> 
[FimsSendDemon - 10min     ; 22:58:01]METS Db CONNECTION !! 
[FimsSendDemon             ; 22:58:01]3번>>>> 제조사 배송 정보 신규 데이터 없음
[FimsSendDemon             ; 22:58:01]4번>>>> 제조사 배송 내역 신규 데이터 없음
[FimsSendDemon             ; 22:58:01]METS Db Dis_Conn !! 
[FimsSendDemon             ; 22:58:01]Program End.
[FimsReadDemon             ; 23:03:01] SKT FIMS INF READ DEMON START >>>>> 
[FimsReadDemon             ; 23:03:02]METS Db CONNECTION !! 
[FimsReadDemon             ; 23:03:02]2번>>>> 자재 수량 분배 신규 데이터 없음.
[FimsReadDemon             ; 23:03:02]5번>>>> 인수 승인 신규 데이터 없음.
[FimsReadDemon             ; 23:03:02]METS Db Dis_Conn !! 
[FimsReadDemon             ; 23:03:02]Program End.
[FimsSendDemon             ; 23:05:01] SKT FIMS INF SEND DEMON START >>>>> 
[FimsSendDemon             ; 23:05:01]METS Db CONNECTION !! 
[FimsSendDemon             ; 23:05:01]1번>>>> 납품지시내역 신규 데이터 없음
[FimsSendDemon             ; 23:05:01]METS Db Dis_Conn !! 
[FimsSendDemon             ; 23:05:01]Program End.
[FimsSendDemon             ; 23:08:01] SKT FIMS INF 10MIN SEND DEMON START >>>>> 
[FimsSendDemon - 10min     ; 23:08:01]METS Db CONNECTION !! 
[FimsSendDemon             ; 23:08:01]3번>>>> 제조사 배송 정보 신규 데이터 없음
[FimsSendDemon             ; 23:08:01]4번>>>> 제조사 배송 내역 신규 데이터 없음
[FimsSendDemon             ; 23:08:01]METS Db Dis_Conn !! 
[FimsSendDemon             ; 23:08:01]Program End.
[FimsReadDemon             ; 23:13:01] SKT FIMS INF READ DEMON START >>>>> 
[FimsReadDemon             ; 23:13:01]METS Db CONNECTION !! 
[FimsReadDemon             ; 23:13:01]2번>>>> 자재 수량 분배 신규 데이터 없음.
[FimsReadDemon             ; 23:13:01]5번>>>> 인수 승인 신규 데이터 없음.
[FimsReadDemon             ; 23:13:01]METS Db Dis_Conn !! 
[FimsReadDemon             ; 23:13:01]Program End.
[FimsSendDemon             ; 23:18:01] SKT FIMS INF 10MIN SEND DEMON START >>>>> 
[FimsSendDemon - 10min     ; 23:18:01]METS Db CONNECTION !! 
[FimsSendDemon             ; 23:18:01]3번>>>> 제조사 배송 정보 신규 데이터 없음
[FimsSendDemon             ; 23:18:01]4번>>>> 제조사 배송 내역 신규 데이터 없음
[FimsSendDemon             ; 23:18:01]METS Db Dis_Conn !! 
[FimsSendDemon             ; 23:18:01]Program End.
[FimsReadDemon             ; 23:23:01] SKT FIMS INF READ DEMON START >>>>> 
[FimsReadDemon             ; 23:23:01]METS Db CONNECTION !! 
[FimsReadDemon             ; 23:23:01]2번>>>> 자재 수량 분배 신규 데이터 없음.
[FimsReadDemon             ; 23:23:01]5번>>>> 인수 승인 신규 데이터 없음.
[FimsReadDemon             ; 23:23:01]METS Db Dis_Conn !! 
[FimsReadDemon             ; 23:23:01]Program End.
[FimsSendDemon             ; 23:28:01] SKT FIMS INF 10MIN SEND DEMON START >>>>> 
[FimsSendDemon - 10min     ; 23:28:01]METS Db CONNECTION !! 
[FimsSendDemon             ; 23:28:01]3번>>>> 제조사 배송 정보 신규 데이터 없음
[FimsSendDemon             ; 23:28:01]4번>>>> 제조사 배송 내역 신규 데이터 없음
[FimsSendDemon             ; 23:28:01]METS Db Dis_Conn !! 
[FimsSendDemon             ; 23:28:01]Program End.
[FimsReadDemon             ; 23:33:01] SKT FIMS INF READ DEMON START >>>>> 
[FimsReadDemon             ; 23:33:02]METS Db CONNECTION !! 
[FimsReadDemon             ; 23:33:02]2번>>>> 자재 수량 분배 신규 데이터 없음.
[FimsReadDemon             ; 23:33:02]5번>>>> 인수 승인 신규 데이터 없음.
[FimsReadDemon             ; 23:33:02]METS Db Dis_Conn !! 
[FimsReadDemon             ; 23:33:02]Program End.
[FimsSendDemon             ; 23:35:01] SKT FIMS INF SEND DEMON START >>>>> 
[FimsSendDemon             ; 23:35:01]METS Db CONNECTION !! 
[FimsSendDemon             ; 23:35:01]1번>>>> 납품지시내역 신규 데이터 없음
[FimsSendDemon             ; 23:35:01]METS Db Dis_Conn !! 
[FimsSendDemon             ; 23:35:01]Program End.
[FimsSendDemon             ; 23:38:01] SKT FIMS INF 10MIN SEND DEMON START >>>>> 
[FimsSendDemon - 10min     ; 23:38:01]METS Db CONNECTION !! 
[FimsSendDemon             ; 23:38:02]3번>>>> 제조사 배송 정보 신규 데이터 없음
[FimsSendDemon             ; 23:38:02]4번>>>> 제조사 배송 내역 신규 데이터 없음
[FimsSendDemon             ; 23:38:02]METS Db Dis_Conn !! 
[FimsSendDemon             ; 23:38:02]Program End.
[FimsReadDemon             ; 23:43:01] SKT FIMS INF READ DEMON START >>>>> 
[FimsReadDemon             ; 23:43:01]METS Db CONNECTION !! 
[FimsReadDemon             ; 23:43:01]2번>>>> 자재 수량 분배 신규 데이터 없음.
[FimsReadDemon             ; 23:43:01]5번>>>> 인수 승인 신규 데이터 없음.
[FimsReadDemon             ; 23:43:01]METS Db Dis_Conn !! 
[FimsReadDemon             ; 23:43:01]Program End.
[FimsSendDemon             ; 23:48:01] SKT FIMS INF 10MIN SEND DEMON START >>>>> 
[FimsSendDemon - 10min     ; 23:48:01]METS Db CONNECTION !! 
[FimsSendDemon             ; 23:48:01]3번>>>> 제조사 배송 정보 신규 데이터 없음
[FimsSendDemon             ; 23:48:01]4번>>>> 제조사 배송 내역 신규 데이터 없음
[FimsSendDemon             ; 23:48:01]METS Db Dis_Conn !! 
[FimsSendDemon             ; 23:48:01]Program End.
[FimsReadDemon             ; 23:53:02] SKT FIMS INF READ DEMON START >>>>> 
[FimsReadDemon             ; 23:53:02]METS Db CONNECTION !! 
[FimsReadDemon             ; 23:53:02]2번>>>> 자재 수량 분배 신규 데이터 없음.
[FimsReadDemon             ; 23:53:02]5번>>>> 인수 승인 신규 데이터 없음.
[FimsReadDemon             ; 23:53:02]METS Db Dis_Conn !! 
[FimsReadDemon             ; 23:53:02]Program End.
[FimsSendDemon             ; 23:58:01] SKT FIMS INF 10MIN SEND DEMON START >>>>> 
[FimsSendDemon - 10min     ; 23:58:01]METS Db CONNECTION !! 
[FimsSendDemon             ; 23:58:01]3번>>>> 제조사 배송 정보 신규 데이터 없음
[FimsSendDemon             ; 23:58:01]4번>>>> 제조사 배송 내역 신규 데이터 없음
[FimsSendDemon             ; 23:58:01]METS Db Dis_Conn !! 
[FimsSendDemon             ; 23:58:01]Program End.
