[FimsReadDemon             ; 0:03:05] SKT FIMS INF READ DEMON START >>>>> 
[FimsReadDemon             ; 0:03:06]METS Db CONNECTION !! 
[FimsReadDemon             ; 0:03:07]2번>>>> 자재 수량 분배 신규 데이터 없음.
[FimsReadDemon             ; 0:03:07]5번>>>> 인수 승인 신규 데이터 없음.
[FimsReadDemon             ; 0:03:07]METS Db Dis_Conn !! 
[FimsReadDemon             ; 0:03:07]Program End.
[FimsSendDemon             ; 0:05:05] SKT FIMS INF SEND DEMON START >>>>> 
[FimsSendDemon             ; 0:05:06]METS Db CONNECTION !! 
[FimsSendDemon             ; 0:05:07]1번>>>> 납품지시내역 신규 데이터 없음
[FimsSendDemon             ; 0:05:07]METS Db Dis_Conn !! 
[FimsSendDemon             ; 0:05:07]Program End.
[FimsSendDemon             ; 0:08:05] SKT FIMS INF 10MIN SEND DEMON START >>>>> 
[FimsSendDemon - 10min     ; 0:08:07]METS Db CONNECTION !! 
[FimsSendDemon             ; 0:08:08]3번>>>> 제조사 배송 정보 신규 데이터 없음
[FimsSendDemon             ; 0:08:08]4번>>>> 제조사 배송 내역 신규 데이터 없음
[FimsSendDemon             ; 0:08:08]METS Db Dis_Conn !! 
[FimsSendDemon             ; 0:08:08]Program End.
[FimsReadDemon             ; 0:13:03] SKT FIMS INF READ DEMON START >>>>> 
[FimsReadDemon             ; 0:13:04]METS Db CONNECTION !! 
[FimsReadDemon             ; 0:13:04]2번>>>> 자재 수량 분배 신규 데이터 없음.
[FimsReadDemon             ; 0:13:04]5번>>>> 인수 승인 신규 데이터 없음.
[FimsReadDemon             ; 0:13:04]METS Db Dis_Conn !! 
[FimsReadDemon             ; 0:13:04]Program End.
[FimsSendDemon             ; 0:18:01] SKT FIMS INF 10MIN SEND DEMON START >>>>> 
[FimsSendDemon - 10min     ; 0:18:01]METS Db CONNECTION !! 
[FimsSendDemon             ; 0:18:02]3번>>>> 제조사 배송 정보 신규 데이터 없음
[FimsSendDemon             ; 0:18:02]4번>>>> 제조사 배송 내역 신규 데이터 없음
[FimsSendDemon             ; 0:18:02]METS Db Dis_Conn !! 
[FimsSendDemon             ; 0:18:02]Program End.
[FimsReadDemon             ; 0:23:01] SKT FIMS INF READ DEMON START >>>>> 
[FimsReadDemon             ; 0:23:02]METS Db CONNECTION !! 
[FimsReadDemon             ; 0:23:02]2번>>>> 자재 수량 분배 신규 데이터 없음.
[FimsReadDemon             ; 0:23:02]5번>>>> 인수 승인 신규 데이터 없음.
[FimsReadDemon             ; 0:23:02]METS Db Dis_Conn !! 
[FimsReadDemon             ; 0:23:02]Program End.
[FimsSendDemon             ; 0:28:00] SKT FIMS INF 10MIN SEND DEMON START >>>>> 
[FimsSendDemon - 10min     ; 0:28:01]METS Db CONNECTION !! 
[FimsSendDemon             ; 0:28:01]3번>>>> 제조사 배송 정보 신규 데이터 없음
[FimsSendDemon             ; 0:28:01]4번>>>> 제조사 배송 내역 신규 데이터 없음
[FimsSendDemon             ; 0:28:01]METS Db Dis_Conn !! 
[FimsSendDemon             ; 0:28:01]Program End.
[FimsReadDemon             ; 0:33:02] SKT FIMS INF READ DEMON START >>>>> 
[FimsReadDemon             ; 0:33:03]METS Db CONNECTION !! 
[FimsReadDemon             ; 0:33:03]2번>>>> 자재 수량 분배 신규 데이터 없음.
[FimsReadDemon             ; 0:33:03]5번>>>> 인수 승인 신규 데이터 없음.
[FimsReadDemon             ; 0:33:03]METS Db Dis_Conn !! 
[FimsReadDemon             ; 0:33:03]Program End.
[FimsSendDemon             ; 0:35:02] SKT FIMS INF SEND DEMON START >>>>> 
[FimsSendDemon             ; 0:35:03]METS Db CONNECTION !! 
[FimsSendDemon             ; 0:35:03]1번>>>> 납품지시내역 신규 데이터 없음
[FimsSendDemon             ; 0:35:03]METS Db Dis_Conn !! 
[FimsSendDemon             ; 0:35:03]Program End.
[FimsSendDemon             ; 0:38:00] SKT FIMS INF 10MIN SEND DEMON START >>>>> 
[FimsSendDemon - 10min     ; 0:38:01]METS Db CONNECTION !! 
[FimsSendDemon             ; 0:38:01]3번>>>> 제조사 배송 정보 신규 데이터 없음
[FimsSendDemon             ; 0:38:01]4번>>>> 제조사 배송 내역 신규 데이터 없음
[FimsSendDemon             ; 0:38:01]METS Db Dis_Conn !! 
[FimsSendDemon             ; 0:38:01]Program End.
[FimsReadDemon             ; 0:43:02] SKT FIMS INF READ DEMON START >>>>> 
[FimsReadDemon             ; 0:43:03]METS Db CONNECTION !! 
[FimsReadDemon             ; 0:43:03]2번>>>> 자재 수량 분배 신규 데이터 없음.
[FimsReadDemon             ; 0:43:04]5번>>>> 인수 승인 신규 데이터 없음.
[FimsReadDemon             ; 0:43:04]METS Db Dis_Conn !! 
[FimsReadDemon             ; 0:43:04]Program End.
[FimsSendDemon             ; 0:48:01] SKT FIMS INF 10MIN SEND DEMON START >>>>> 
[FimsSendDemon - 10min     ; 0:48:01]METS Db CONNECTION !! 
[FimsSendDemon             ; 0:48:02]3번>>>> 제조사 배송 정보 신규 데이터 없음
[FimsSendDemon             ; 0:48:02]4번>>>> 제조사 배송 내역 신규 데이터 없음
[FimsSendDemon             ; 0:48:02]METS Db Dis_Conn !! 
[FimsSendDemon             ; 0:48:02]Program End.
[FimsReadDemon             ; 0:53:02] SKT FIMS INF READ DEMON START >>>>> 
[FimsReadDemon             ; 0:53:03]METS Db CONNECTION !! 
[FimsReadDemon             ; 0:53:03]2번>>>> 자재 수량 분배 신규 데이터 없음.
[FimsReadDemon             ; 0:53:03]5번>>>> 인수 승인 신규 데이터 없음.
[FimsReadDemon             ; 0:53:03]METS Db Dis_Conn !! 
[FimsReadDemon             ; 0:53:03]Program End.
[FimsSendDemon             ; 0:58:01] SKT FIMS INF 10MIN SEND DEMON START >>>>> 
[FimsSendDemon - 10min     ; 0:58:01]METS Db CONNECTION !! 
[FimsSendDemon             ; 0:58:01]3번>>>> 제조사 배송 정보 신규 데이터 없음
[FimsSendDemon             ; 0:58:02]4번>>>> 제조사 배송 내역 신규 데이터 없음
[FimsSendDemon             ; 0:58:02]METS Db Dis_Conn !! 
[FimsSendDemon             ; 0:58:02]Program End.
[FimsReadDemon             ; 1:03:01] SKT FIMS INF READ DEMON START >>>>> 
[FimsReadDemon             ; 1:03:02]METS Db CONNECTION !! 
[FimsReadDemon             ; 1:03:02]2번>>>> 자재 수량 분배 신규 데이터 없음.
[FimsReadDemon             ; 1:03:02]5번>>>> 인수 승인 신규 데이터 없음.
[FimsReadDemon             ; 1:03:02]METS Db Dis_Conn !! 
[FimsReadDemon             ; 1:03:02]Program End.
[FimsSendDemon             ; 1:05:02] SKT FIMS INF SEND DEMON START >>>>> 
[FimsSendDemon             ; 1:05:02]METS Db CONNECTION !! 
[FimsSendDemon             ; 1:05:03]1번>>>> 납품지시내역 신규 데이터 없음
[FimsSendDemon             ; 1:05:03]METS Db Dis_Conn !! 
[FimsSendDemon             ; 1:05:03]Program End.
[FimsSendDemon             ; 1:08:01] SKT FIMS INF 10MIN SEND DEMON START >>>>> 
[FimsSendDemon - 10min     ; 1:08:02]METS Db CONNECTION !! 
[FimsSendDemon             ; 1:08:02]3번>>>> 제조사 배송 정보 신규 데이터 없음
[FimsSendDemon             ; 1:08:02]4번>>>> 제조사 배송 내역 신규 데이터 없음
[FimsSendDemon             ; 1:08:02]METS Db Dis_Conn !! 
[FimsSendDemon             ; 1:08:02]Program End.
[FimsReadDemon             ; 1:13:02] SKT FIMS INF READ DEMON START >>>>> 
[FimsReadDemon             ; 1:13:03]METS Db CONNECTION !! 
[FimsReadDemon             ; 1:13:03]2번>>>> 자재 수량 분배 신규 데이터 없음.
[FimsReadDemon             ; 1:13:03]5번>>>> 인수 승인 신규 데이터 없음.
[FimsReadDemon             ; 1:13:03]METS Db Dis_Conn !! 
[FimsReadDemon             ; 1:13:03]Program End.
[FimsSendDemon             ; 1:18:01] SKT FIMS INF 10MIN SEND DEMON START >>>>> 
[FimsSendDemon - 10min     ; 1:18:01]METS Db CONNECTION !! 
[FimsSendDemon             ; 1:18:02]3번>>>> 제조사 배송 정보 신규 데이터 없음
[FimsSendDemon             ; 1:18:02]4번>>>> 제조사 배송 내역 신규 데이터 없음
[FimsSendDemon             ; 1:18:02]METS Db Dis_Conn !! 
[FimsSendDemon             ; 1:18:02]Program End.
[FimsReadDemon             ; 1:23:01] SKT FIMS INF READ DEMON START >>>>> 
[FimsReadDemon             ; 1:23:02]METS Db CONNECTION !! 
[FimsReadDemon             ; 1:23:02]2번>>>> 자재 수량 분배 신규 데이터 없음.
[FimsReadDemon             ; 1:23:02]5번>>>> 인수 승인 신규 데이터 없음.
[FimsReadDemon             ; 1:23:02]METS Db Dis_Conn !! 
[FimsReadDemon             ; 1:23:02]Program End.
[FimsSendDemon             ; 1:28:00] SKT FIMS INF 10MIN SEND DEMON START >>>>> 
[FimsSendDemon - 10min     ; 1:28:01]METS Db CONNECTION !! 
[FimsSendDemon             ; 1:28:01]3번>>>> 제조사 배송 정보 신규 데이터 없음
[FimsSendDemon             ; 1:28:01]4번>>>> 제조사 배송 내역 신규 데이터 없음
[FimsSendDemon             ; 1:28:01]METS Db Dis_Conn !! 
[FimsSendDemon             ; 1:28:01]Program End.
[FimsReadDemon             ; 1:33:01] SKT FIMS INF READ DEMON START >>>>> 
[FimsReadDemon             ; 1:33:02]METS Db CONNECTION !! 
[FimsReadDemon             ; 1:33:02]2번>>>> 자재 수량 분배 신규 데이터 없음.
[FimsReadDemon             ; 1:33:02]5번>>>> 인수 승인 신규 데이터 없음.
[FimsReadDemon             ; 1:33:02]METS Db Dis_Conn !! 
[FimsReadDemon             ; 1:33:02]Program End.
[FimsSendDemon             ; 1:35:02] SKT FIMS INF SEND DEMON START >>>>> 
[FimsSendDemon             ; 1:35:03]METS Db CONNECTION !! 
[FimsSendDemon             ; 1:35:03]1번>>>> 납품지시내역 신규 데이터 없음
[FimsSendDemon             ; 1:35:03]METS Db Dis_Conn !! 
[FimsSendDemon             ; 1:35:03]Program End.
[FimsSendDemon             ; 1:38:01] SKT FIMS INF 10MIN SEND DEMON START >>>>> 
[FimsSendDemon - 10min     ; 1:38:01]METS Db CONNECTION !! 
[FimsSendDemon             ; 1:38:02]3번>>>> 제조사 배송 정보 신규 데이터 없음
[FimsSendDemon             ; 1:38:02]4번>>>> 제조사 배송 내역 신규 데이터 없음
[FimsSendDemon             ; 1:38:02]METS Db Dis_Conn !! 
[FimsSendDemon             ; 1:38:02]Program End.
[FimsReadDemon             ; 1:43:02] SKT FIMS INF READ DEMON START >>>>> 
[FimsReadDemon             ; 1:43:03]METS Db CONNECTION !! 
[FimsReadDemon             ; 1:43:03]2번>>>> 자재 수량 분배 신규 데이터 없음.
[FimsReadDemon             ; 1:43:03]5번>>>> 인수 승인 신규 데이터 없음.
[FimsReadDemon             ; 1:43:03]METS Db Dis_Conn !! 
[FimsReadDemon             ; 1:43:03]Program End.
[FimsSendDemon             ; 1:48:01] SKT FIMS INF 10MIN SEND DEMON START >>>>> 
[FimsSendDemon - 10min     ; 1:48:01]METS Db CONNECTION !! 
[FimsSendDemon             ; 1:48:02]3번>>>> 제조사 배송 정보 신규 데이터 없음
[FimsSendDemon             ; 1:48:02]4번>>>> 제조사 배송 내역 신규 데이터 없음
[FimsSendDemon             ; 1:48:02]METS Db Dis_Conn !! 
[FimsSendDemon             ; 1:48:02]Program End.
[FimsReadDemon             ; 1:53:02] SKT FIMS INF READ DEMON START >>>>> 
[FimsReadDemon             ; 1:53:03]METS Db CONNECTION !! 
[FimsReadDemon             ; 1:53:03]2번>>>> 자재 수량 분배 신규 데이터 없음.
[FimsReadDemon             ; 1:53:03]5번>>>> 인수 승인 신규 데이터 없음.
[FimsReadDemon             ; 1:53:03]METS Db Dis_Conn !! 
[FimsReadDemon             ; 1:53:03]Program End.
[FimsSendDemon             ; 1:58:01] SKT FIMS INF 10MIN SEND DEMON START >>>>> 
[FimsSendDemon - 10min     ; 1:58:01]METS Db CONNECTION !! 
[FimsSendDemon             ; 1:58:01]3번>>>> 제조사 배송 정보 신규 데이터 없음
[FimsSendDemon             ; 1:58:02]4번>>>> 제조사 배송 내역 신규 데이터 없음
[FimsSendDemon             ; 1:58:02]METS Db Dis_Conn !! 
[FimsSendDemon             ; 1:58:02]Program End.
[FimsReadDemon             ; 2:03:02] SKT FIMS INF READ DEMON START >>>>> 
[FimsReadDemon             ; 2:03:03]METS Db CONNECTION !! 
[FimsReadDemon             ; 2:03:03]2번>>>> 자재 수량 분배 신규 데이터 없음.
[FimsReadDemon             ; 2:03:03]5번>>>> 인수 승인 신규 데이터 없음.
[FimsReadDemon             ; 2:03:03]METS Db Dis_Conn !! 
[FimsReadDemon             ; 2:03:03]Program End.
[FimsSendDemon             ; 2:05:01] SKT FIMS INF SEND DEMON START >>>>> 
[FimsSendDemon             ; 2:05:02]METS Db CONNECTION !! 
[FimsSendDemon             ; 2:05:03]1번>>>> 납품지시내역 신규 데이터 없음
[FimsSendDemon             ; 2:05:03]METS Db Dis_Conn !! 
[FimsSendDemon             ; 2:05:03]Program End.
[FimsSendDemon             ; 2:08:00] SKT FIMS INF 10MIN SEND DEMON START >>>>> 
[FimsSendDemon - 10min     ; 2:08:01]METS Db CONNECTION !! 
[FimsSendDemon             ; 2:08:01]3번>>>> 제조사 배송 정보 신규 데이터 없음
[FimsSendDemon             ; 2:08:01]4번>>>> 제조사 배송 내역 신규 데이터 없음
[FimsSendDemon             ; 2:08:01]METS Db Dis_Conn !! 
[FimsSendDemon             ; 2:08:01]Program End.
[FimsReadDemon             ; 2:13:02] SKT FIMS INF READ DEMON START >>>>> 
[FimsReadDemon             ; 2:13:03]METS Db CONNECTION !! 
[FimsReadDemon             ; 2:13:03]2번>>>> 자재 수량 분배 신규 데이터 없음.
[FimsReadDemon             ; 2:13:03]5번>>>> 인수 승인 신규 데이터 없음.
[FimsReadDemon             ; 2:13:03]METS Db Dis_Conn !! 
[FimsReadDemon             ; 2:13:03]Program End.
[FimsSendDemon             ; 2:18:01] SKT FIMS INF 10MIN SEND DEMON START >>>>> 
[FimsSendDemon - 10min     ; 2:18:01]METS Db CONNECTION !! 
[FimsSendDemon             ; 2:18:02]3번>>>> 제조사 배송 정보 신규 데이터 없음
[FimsSendDemon             ; 2:18:02]4번>>>> 제조사 배송 내역 신규 데이터 없음
[FimsSendDemon             ; 2:18:02]METS Db Dis_Conn !! 
[FimsSendDemon             ; 2:18:02]Program End.
[FimsReadDemon             ; 2:23:02] SKT FIMS INF READ DEMON START >>>>> 
[FimsReadDemon             ; 2:23:03]METS Db CONNECTION !! 
[FimsReadDemon             ; 2:23:03]2번>>>> 자재 수량 분배 신규 데이터 없음.
[FimsReadDemon             ; 2:23:03]5번>>>> 인수 승인 신규 데이터 없음.
[FimsReadDemon             ; 2:23:03]METS Db Dis_Conn !! 
[FimsReadDemon             ; 2:23:03]Program End.
[FimsSendDemon             ; 2:28:01] SKT FIMS INF 10MIN SEND DEMON START >>>>> 
[FimsSendDemon - 10min     ; 2:28:01]METS Db CONNECTION !! 
[FimsSendDemon             ; 2:28:01]3번>>>> 제조사 배송 정보 신규 데이터 없음
[FimsSendDemon             ; 2:28:01]4번>>>> 제조사 배송 내역 신규 데이터 없음
[FimsSendDemon             ; 2:28:01]METS Db Dis_Conn !! 
[FimsSendDemon             ; 2:28:01]Program End.
[FimsReadDemon             ; 2:33:01] SKT FIMS INF READ DEMON START >>>>> 
[FimsReadDemon             ; 2:33:03]METS Db CONNECTION !! 
[FimsReadDemon             ; 2:33:03]2번>>>> 자재 수량 분배 신규 데이터 없음.
[FimsReadDemon             ; 2:33:03]5번>>>> 인수 승인 신규 데이터 없음.
[FimsReadDemon             ; 2:33:03]METS Db Dis_Conn !! 
[FimsReadDemon             ; 2:33:03]Program End.
[FimsSendDemon             ; 2:35:01] SKT FIMS INF SEND DEMON START >>>>> 
[FimsSendDemon             ; 2:35:02]METS Db CONNECTION !! 
[FimsSendDemon             ; 2:35:03]1번>>>> 납품지시내역 신규 데이터 없음
[FimsSendDemon             ; 2:35:03]METS Db Dis_Conn !! 
[FimsSendDemon             ; 2:35:03]Program End.
[FimsSendDemon             ; 2:38:01] SKT FIMS INF 10MIN SEND DEMON START >>>>> 
[FimsSendDemon - 10min     ; 2:38:01]METS Db CONNECTION !! 
[FimsSendDemon             ; 2:38:02]3번>>>> 제조사 배송 정보 신규 데이터 없음
[FimsSendDemon             ; 2:38:02]4번>>>> 제조사 배송 내역 신규 데이터 없음
[FimsSendDemon             ; 2:38:02]METS Db Dis_Conn !! 
[FimsSendDemon             ; 2:38:02]Program End.
[FimsReadDemon             ; 2:43:02] SKT FIMS INF READ DEMON START >>>>> 
[FimsReadDemon             ; 2:43:03]METS Db CONNECTION !! 
[FimsReadDemon             ; 2:43:03]2번>>>> 자재 수량 분배 신규 데이터 없음.
[FimsReadDemon             ; 2:43:03]5번>>>> 인수 승인 신규 데이터 없음.
[FimsReadDemon             ; 2:43:03]METS Db Dis_Conn !! 
[FimsReadDemon             ; 2:43:03]Program End.
[FimsSendDemon             ; 2:48:00] SKT FIMS INF 10MIN SEND DEMON START >>>>> 
[FimsSendDemon - 10min     ; 2:48:01]METS Db CONNECTION !! 
[FimsSendDemon             ; 2:48:01]3번>>>> 제조사 배송 정보 신규 데이터 없음
[FimsSendDemon             ; 2:48:01]4번>>>> 제조사 배송 내역 신규 데이터 없음
[FimsSendDemon             ; 2:48:01]METS Db Dis_Conn !! 
[FimsSendDemon             ; 2:48:01]Program End.
[FimsReadDemon             ; 2:53:01] SKT FIMS INF READ DEMON START >>>>> 
[FimsReadDemon             ; 2:53:02]METS Db CONNECTION !! 
[FimsReadDemon             ; 2:53:02]2번>>>> 자재 수량 분배 신규 데이터 없음.
[FimsReadDemon             ; 2:53:02]5번>>>> 인수 승인 신규 데이터 없음.
[FimsReadDemon             ; 2:53:02]METS Db Dis_Conn !! 
[FimsReadDemon             ; 2:53:02]Program End.
[FimsSendDemon             ; 2:58:01] SKT FIMS INF 10MIN SEND DEMON START >>>>> 
[FimsSendDemon - 10min     ; 2:58:01]METS Db CONNECTION !! 
[FimsSendDemon             ; 2:58:02]3번>>>> 제조사 배송 정보 신규 데이터 없음
[FimsSendDemon             ; 2:58:02]4번>>>> 제조사 배송 내역 신규 데이터 없음
[FimsSendDemon             ; 2:58:02]METS Db Dis_Conn !! 
[FimsSendDemon             ; 2:58:02]Program End.
[FimsReadDemon             ; 3:03:02] SKT FIMS INF READ DEMON START >>>>> 
[FimsReadDemon             ; 3:03:03]METS Db CONNECTION !! 
[FimsReadDemon             ; 3:03:03]2번>>>> 자재 수량 분배 신규 데이터 없음.
[FimsReadDemon             ; 3:03:03]5번>>>> 인수 승인 신규 데이터 없음.
[FimsReadDemon             ; 3:03:03]METS Db Dis_Conn !! 
[FimsReadDemon             ; 3:03:03]Program End.
[FimsSendDemon             ; 3:05:01] SKT FIMS INF SEND DEMON START >>>>> 
[FimsSendDemon             ; 3:05:02]METS Db CONNECTION !! 
[FimsSendDemon             ; 3:05:03]1번>>>> 납품지시내역 신규 데이터 없음
[FimsSendDemon             ; 3:05:03]METS Db Dis_Conn !! 
[FimsSendDemon             ; 3:05:03]Program End.
[FimsSendDemon             ; 3:08:01] SKT FIMS INF 10MIN SEND DEMON START >>>>> 
[FimsSendDemon - 10min     ; 3:08:01]METS Db CONNECTION !! 
[FimsSendDemon             ; 3:08:02]3번>>>> 제조사 배송 정보 신규 데이터 없음
[FimsSendDemon             ; 3:08:02]4번>>>> 제조사 배송 내역 신규 데이터 없음
[FimsSendDemon             ; 3:08:02]METS Db Dis_Conn !! 
[FimsSendDemon             ; 3:08:02]Program End.
[FimsReadDemon             ; 3:13:02] SKT FIMS INF READ DEMON START >>>>> 
[FimsReadDemon             ; 3:13:03]METS Db CONNECTION !! 
[FimsReadDemon             ; 3:13:03]2번>>>> 자재 수량 분배 신규 데이터 없음.
[FimsReadDemon             ; 3:13:03]5번>>>> 인수 승인 신규 데이터 없음.
[FimsReadDemon             ; 3:13:03]METS Db Dis_Conn !! 
[FimsReadDemon             ; 3:13:03]Program End.
[FimsSendDemon             ; 3:18:01] SKT FIMS INF 10MIN SEND DEMON START >>>>> 
[FimsSendDemon - 10min     ; 3:18:01]METS Db CONNECTION !! 
[FimsSendDemon             ; 3:18:02]3번>>>> 제조사 배송 정보 신규 데이터 없음
[FimsSendDemon             ; 3:18:02]4번>>>> 제조사 배송 내역 신규 데이터 없음
[FimsSendDemon             ; 3:18:02]METS Db Dis_Conn !! 
[FimsSendDemon             ; 3:18:02]Program End.
[FimsReadDemon             ; 3:23:02] SKT FIMS INF READ DEMON START >>>>> 
[FimsReadDemon             ; 3:23:03]METS Db CONNECTION !! 
[FimsReadDemon             ; 3:23:03]2번>>>> 자재 수량 분배 신규 데이터 없음.
[FimsReadDemon             ; 3:23:03]5번>>>> 인수 승인 신규 데이터 없음.
[FimsReadDemon             ; 3:23:03]METS Db Dis_Conn !! 
[FimsReadDemon             ; 3:23:03]Program End.
[FimsSendDemon             ; 3:28:01] SKT FIMS INF 10MIN SEND DEMON START >>>>> 
[FimsSendDemon - 10min     ; 3:28:02]METS Db CONNECTION !! 
[FimsSendDemon             ; 3:28:02]3번>>>> 제조사 배송 정보 신규 데이터 없음
[FimsSendDemon             ; 3:28:02]4번>>>> 제조사 배송 내역 신규 데이터 없음
[FimsSendDemon             ; 3:28:02]METS Db Dis_Conn !! 
[FimsSendDemon             ; 3:28:02]Program End.
[FimsReadDemon             ; 3:33:01] SKT FIMS INF READ DEMON START >>>>> 
[FimsReadDemon             ; 3:33:02]METS Db CONNECTION !! 
[FimsReadDemon             ; 3:33:03]2번>>>> 자재 수량 분배 신규 데이터 없음.
[FimsReadDemon             ; 3:33:03]5번>>>> 인수 승인 신규 데이터 없음.
[FimsReadDemon             ; 3:33:03]METS Db Dis_Conn !! 
[FimsReadDemon             ; 3:33:03]Program End.
[FimsSendDemon             ; 3:35:01] SKT FIMS INF SEND DEMON START >>>>> 
[FimsSendDemon             ; 3:35:02]METS Db CONNECTION !! 
[FimsSendDemon             ; 3:35:03]1번>>>> 납품지시내역 신규 데이터 없음
[FimsSendDemon             ; 3:35:03]METS Db Dis_Conn !! 
[FimsSendDemon             ; 3:35:03]Program End.
[FimsSendDemon             ; 3:38:00] SKT FIMS INF 10MIN SEND DEMON START >>>>> 
[FimsSendDemon - 10min     ; 3:38:01]METS Db CONNECTION !! 
[FimsSendDemon             ; 3:38:01]3번>>>> 제조사 배송 정보 신규 데이터 없음
[FimsSendDemon             ; 3:38:01]4번>>>> 제조사 배송 내역 신규 데이터 없음
[FimsSendDemon             ; 3:38:01]METS Db Dis_Conn !! 
[FimsSendDemon             ; 3:38:01]Program End.
[FimsReadDemon             ; 3:43:01] SKT FIMS INF READ DEMON START >>>>> 
[FimsReadDemon             ; 3:43:02]METS Db CONNECTION !! 
[FimsReadDemon             ; 3:43:02]2번>>>> 자재 수량 분배 신규 데이터 없음.
[FimsReadDemon             ; 3:43:02]5번>>>> 인수 승인 신규 데이터 없음.
[FimsReadDemon             ; 3:43:02]METS Db Dis_Conn !! 
[FimsReadDemon             ; 3:43:02]Program End.
[FimsSendDemon             ; 3:48:01] SKT FIMS INF 10MIN SEND DEMON START >>>>> 
[FimsSendDemon - 10min     ; 3:48:02]METS Db CONNECTION !! 
[FimsSendDemon             ; 3:48:02]3번>>>> 제조사 배송 정보 신규 데이터 없음
[FimsSendDemon             ; 3:48:02]4번>>>> 제조사 배송 내역 신규 데이터 없음
[FimsSendDemon             ; 3:48:02]METS Db Dis_Conn !! 
[FimsSendDemon             ; 3:48:02]Program End.
[FimsReadDemon             ; 3:53:01] SKT FIMS INF READ DEMON START >>>>> 
[FimsReadDemon             ; 3:53:02]METS Db CONNECTION !! 
[FimsReadDemon             ; 3:53:02]2번>>>> 자재 수량 분배 신규 데이터 없음.
[FimsReadDemon             ; 3:53:02]5번>>>> 인수 승인 신규 데이터 없음.
[FimsReadDemon             ; 3:53:02]METS Db Dis_Conn !! 
[FimsReadDemon             ; 3:53:02]Program End.
[FimsSendDemon             ; 3:58:01] SKT FIMS INF 10MIN SEND DEMON START >>>>> 
[FimsSendDemon - 10min     ; 3:58:01]METS Db CONNECTION !! 
[FimsSendDemon             ; 3:58:02]3번>>>> 제조사 배송 정보 신규 데이터 없음
[FimsSendDemon             ; 3:58:02]4번>>>> 제조사 배송 내역 신규 데이터 없음
[FimsSendDemon             ; 3:58:02]METS Db Dis_Conn !! 
[FimsSendDemon             ; 3:58:02]Program End.
[FimsReadDemon             ; 4:03:02] SKT FIMS INF READ DEMON START >>>>> 
[FimsReadDemon             ; 4:03:03]METS Db CONNECTION !! 
[FimsReadDemon             ; 4:03:03]2번>>>> 자재 수량 분배 신규 데이터 없음.
[FimsReadDemon             ; 4:03:03]5번>>>> 인수 승인 신규 데이터 없음.
[FimsReadDemon             ; 4:03:03]METS Db Dis_Conn !! 
[FimsReadDemon             ; 4:03:03]Program End.
[FimsSendDemon             ; 4:05:01] SKT FIMS INF SEND DEMON START >>>>> 
[FimsSendDemon             ; 4:05:02]METS Db CONNECTION !! 
[FimsSendDemon             ; 4:05:03]1번>>>> 납품지시내역 신규 데이터 없음
[FimsSendDemon             ; 4:05:03]METS Db Dis_Conn !! 
[FimsSendDemon             ; 4:05:03]Program End.
[FimsSendDemon             ; 4:08:01] SKT FIMS INF 10MIN SEND DEMON START >>>>> 
[FimsSendDemon - 10min     ; 4:08:01]METS Db CONNECTION !! 
[FimsSendDemon             ; 4:08:02]3번>>>> 제조사 배송 정보 신규 데이터 없음
[FimsSendDemon             ; 4:08:02]4번>>>> 제조사 배송 내역 신규 데이터 없음
[FimsSendDemon             ; 4:08:02]METS Db Dis_Conn !! 
[FimsSendDemon             ; 4:08:02]Program End.
[FimsReadDemon             ; 4:13:01] SKT FIMS INF READ DEMON START >>>>> 
[FimsReadDemon             ; 4:13:02]METS Db CONNECTION !! 
[FimsReadDemon             ; 4:13:02]2번>>>> 자재 수량 분배 신규 데이터 없음.
[FimsReadDemon             ; 4:13:03]5번>>>> 인수 승인 신규 데이터 없음.
[FimsReadDemon             ; 4:13:03]METS Db Dis_Conn !! 
[FimsReadDemon             ; 4:13:03]Program End.
[FimsSendDemon             ; 4:18:01] SKT FIMS INF 10MIN SEND DEMON START >>>>> 
[FimsSendDemon - 10min     ; 4:18:01]METS Db CONNECTION !! 
[FimsSendDemon             ; 4:18:02]3번>>>> 제조사 배송 정보 신규 데이터 없음
[FimsSendDemon             ; 4:18:02]4번>>>> 제조사 배송 내역 신규 데이터 없음
[FimsSendDemon             ; 4:18:02]METS Db Dis_Conn !! 
[FimsSendDemon             ; 4:18:02]Program End.
[FimsReadDemon             ; 4:23:02] SKT FIMS INF READ DEMON START >>>>> 
[FimsReadDemon             ; 4:23:03]METS Db CONNECTION !! 
[FimsReadDemon             ; 4:23:03]2번>>>> 자재 수량 분배 신규 데이터 없음.
[FimsReadDemon             ; 4:23:03]5번>>>> 인수 승인 신규 데이터 없음.
[FimsReadDemon             ; 4:23:03]METS Db Dis_Conn !! 
[FimsReadDemon             ; 4:23:03]Program End.
[FimsSendDemon             ; 4:28:01] SKT FIMS INF 10MIN SEND DEMON START >>>>> 
[FimsSendDemon - 10min     ; 4:28:02]METS Db CONNECTION !! 
[FimsSendDemon             ; 4:28:02]3번>>>> 제조사 배송 정보 신규 데이터 없음
[FimsSendDemon             ; 4:28:02]4번>>>> 제조사 배송 내역 신규 데이터 없음
[FimsSendDemon             ; 4:28:02]METS Db Dis_Conn !! 
[FimsSendDemon             ; 4:28:02]Program End.
[FimsReadDemon             ; 4:33:01] SKT FIMS INF READ DEMON START >>>>> 
[FimsReadDemon             ; 4:33:02]METS Db CONNECTION !! 
[FimsReadDemon             ; 4:33:02]2번>>>> 자재 수량 분배 신규 데이터 없음.
[FimsReadDemon             ; 4:33:02]5번>>>> 인수 승인 신규 데이터 없음.
[FimsReadDemon             ; 4:33:02]METS Db Dis_Conn !! 
[FimsReadDemon             ; 4:33:02]Program End.
[FimsSendDemon             ; 4:35:02] SKT FIMS INF SEND DEMON START >>>>> 
[FimsSendDemon             ; 4:35:03]METS Db CONNECTION !! 
[FimsSendDemon             ; 4:35:03]1번>>>> 납품지시내역 신규 데이터 없음
[FimsSendDemon             ; 4:35:03]METS Db Dis_Conn !! 
[FimsSendDemon             ; 4:35:03]Program End.
[FimsSendDemon             ; 4:38:01] SKT FIMS INF 10MIN SEND DEMON START >>>>> 
[FimsSendDemon - 10min     ; 4:38:01]METS Db CONNECTION !! 
[FimsSendDemon             ; 4:38:02]3번>>>> 제조사 배송 정보 신규 데이터 없음
[FimsSendDemon             ; 4:38:02]4번>>>> 제조사 배송 내역 신규 데이터 없음
[FimsSendDemon             ; 4:38:02]METS Db Dis_Conn !! 
[FimsSendDemon             ; 4:38:02]Program End.
[FimsReadDemon             ; 4:43:01] SKT FIMS INF READ DEMON START >>>>> 
[FimsReadDemon             ; 4:43:02]METS Db CONNECTION !! 
[FimsReadDemon             ; 4:43:02]2번>>>> 자재 수량 분배 신규 데이터 없음.
[FimsReadDemon             ; 4:43:02]5번>>>> 인수 승인 신규 데이터 없음.
[FimsReadDemon             ; 4:43:02]METS Db Dis_Conn !! 
[FimsReadDemon             ; 4:43:02]Program End.
[FimsSendDemon             ; 4:48:01] SKT FIMS INF 10MIN SEND DEMON START >>>>> 
[FimsSendDemon - 10min     ; 4:48:01]METS Db CONNECTION !! 
[FimsSendDemon             ; 4:48:02]3번>>>> 제조사 배송 정보 신규 데이터 없음
[FimsSendDemon             ; 4:48:02]4번>>>> 제조사 배송 내역 신규 데이터 없음
[FimsSendDemon             ; 4:48:02]METS Db Dis_Conn !! 
[FimsSendDemon             ; 4:48:02]Program End.
[FimsReadDemon             ; 4:53:01] SKT FIMS INF READ DEMON START >>>>> 
[FimsReadDemon             ; 4:53:02]METS Db CONNECTION !! 
[FimsReadDemon             ; 4:53:02]2번>>>> 자재 수량 분배 신규 데이터 없음.
[FimsReadDemon             ; 4:53:02]5번>>>> 인수 승인 신규 데이터 없음.
[FimsReadDemon             ; 4:53:02]METS Db Dis_Conn !! 
[FimsReadDemon             ; 4:53:02]Program End.
[FimsSendDemon             ; 4:58:00] SKT FIMS INF 10MIN SEND DEMON START >>>>> 
[FimsSendDemon - 10min     ; 4:58:01]METS Db CONNECTION !! 
[FimsSendDemon             ; 4:58:01]3번>>>> 제조사 배송 정보 신규 데이터 없음
[FimsSendDemon             ; 4:58:01]4번>>>> 제조사 배송 내역 신규 데이터 없음
[FimsSendDemon             ; 4:58:01]METS Db Dis_Conn !! 
[FimsSendDemon             ; 4:58:01]Program End.
[FimsReadDemon             ; 5:03:01] SKT FIMS INF READ DEMON START >>>>> 
[FimsReadDemon             ; 5:03:02]METS Db CONNECTION !! 
[FimsReadDemon             ; 5:03:02]2번>>>> 자재 수량 분배 신규 데이터 없음.
[FimsReadDemon             ; 5:03:03]5번>>>> 인수 승인 신규 데이터 없음.
[FimsReadDemon             ; 5:03:03]METS Db Dis_Conn !! 
[FimsReadDemon             ; 5:03:03]Program End.
[FimsSendDemon             ; 5:05:01] SKT FIMS INF SEND DEMON START >>>>> 
[FimsSendDemon             ; 5:05:02]METS Db CONNECTION !! 
[FimsSendDemon             ; 5:05:02]1번>>>> 납품지시내역 신규 데이터 없음
[FimsSendDemon             ; 5:05:02]METS Db Dis_Conn !! 
[FimsSendDemon             ; 5:05:02]Program End.
[FimsSendDemon             ; 5:08:00] SKT FIMS INF 10MIN SEND DEMON START >>>>> 
[FimsSendDemon - 10min     ; 5:08:01]METS Db CONNECTION !! 
[FimsSendDemon             ; 5:08:01]3번>>>> 제조사 배송 정보 신규 데이터 없음
[FimsSendDemon             ; 5:08:01]4번>>>> 제조사 배송 내역 신규 데이터 없음
[FimsSendDemon             ; 5:08:01]METS Db Dis_Conn !! 
[FimsSendDemon             ; 5:08:01]Program End.
[FimsReadDemon             ; 5:13:01] SKT FIMS INF READ DEMON START >>>>> 
[FimsReadDemon             ; 5:13:02]METS Db CONNECTION !! 
[FimsReadDemon             ; 5:13:03]2번>>>> 자재 수량 분배 신규 데이터 없음.
[FimsReadDemon             ; 5:13:03]5번>>>> 인수 승인 신규 데이터 없음.
[FimsReadDemon             ; 5:13:03]METS Db Dis_Conn !! 
[FimsReadDemon             ; 5:13:03]Program End.
[FimsSendDemon             ; 5:18:01] SKT FIMS INF 10MIN SEND DEMON START >>>>> 
[FimsSendDemon - 10min     ; 5:18:01]METS Db CONNECTION !! 
[FimsSendDemon             ; 5:18:02]3번>>>> 제조사 배송 정보 신규 데이터 없음
[FimsSendDemon             ; 5:18:02]4번>>>> 제조사 배송 내역 신규 데이터 없음
[FimsSendDemon             ; 5:18:02]METS Db Dis_Conn !! 
[FimsSendDemon             ; 5:18:02]Program End.
[FimsReadDemon             ; 5:23:01] SKT FIMS INF READ DEMON START >>>>> 
[FimsReadDemon             ; 5:23:02]METS Db CONNECTION !! 
[FimsReadDemon             ; 5:23:02]2번>>>> 자재 수량 분배 신규 데이터 없음.
[FimsReadDemon             ; 5:23:02]5번>>>> 인수 승인 신규 데이터 없음.
[FimsReadDemon             ; 5:23:02]METS Db Dis_Conn !! 
[FimsReadDemon             ; 5:23:02]Program End.
[FimsSendDemon             ; 5:28:00] SKT FIMS INF 10MIN SEND DEMON START >>>>> 
[FimsSendDemon - 10min     ; 5:28:01]METS Db CONNECTION !! 
[FimsSendDemon             ; 5:28:01]3번>>>> 제조사 배송 정보 신규 데이터 없음
[FimsSendDemon             ; 5:28:01]4번>>>> 제조사 배송 내역 신규 데이터 없음
[FimsSendDemon             ; 5:28:01]METS Db Dis_Conn !! 
[FimsSendDemon             ; 5:28:01]Program End.
[FimsReadDemon             ; 5:33:01] SKT FIMS INF READ DEMON START >>>>> 
[FimsReadDemon             ; 5:33:02]METS Db CONNECTION !! 
[FimsReadDemon             ; 5:33:02]2번>>>> 자재 수량 분배 신규 데이터 없음.
[FimsReadDemon             ; 5:33:02]5번>>>> 인수 승인 신규 데이터 없음.
[FimsReadDemon             ; 5:33:02]METS Db Dis_Conn !! 
[FimsReadDemon             ; 5:33:02]Program End.
[FimsSendDemon             ; 5:35:02] SKT FIMS INF SEND DEMON START >>>>> 
[FimsSendDemon             ; 5:35:03]METS Db CONNECTION !! 
[FimsSendDemon             ; 5:35:03]1번>>>> 납품지시내역 신규 데이터 없음
[FimsSendDemon             ; 5:35:03]METS Db Dis_Conn !! 
[FimsSendDemon             ; 5:35:03]Program End.
[FimsSendDemon             ; 5:38:01] SKT FIMS INF 10MIN SEND DEMON START >>>>> 
[FimsSendDemon - 10min     ; 5:38:01]METS Db CONNECTION !! 
[FimsSendDemon             ; 5:38:01]3번>>>> 제조사 배송 정보 신규 데이터 없음
[FimsSendDemon             ; 5:38:01]4번>>>> 제조사 배송 내역 신규 데이터 없음
[FimsSendDemon             ; 5:38:01]METS Db Dis_Conn !! 
[FimsSendDemon             ; 5:38:01]Program End.
[FimsReadDemon             ; 5:43:01] SKT FIMS INF READ DEMON START >>>>> 
[FimsReadDemon             ; 5:43:02]METS Db CONNECTION !! 
[FimsReadDemon             ; 5:43:02]2번>>>> 자재 수량 분배 신규 데이터 없음.
[FimsReadDemon             ; 5:43:02]5번>>>> 인수 승인 신규 데이터 없음.
[FimsReadDemon             ; 5:43:02]METS Db Dis_Conn !! 
[FimsReadDemon             ; 5:43:02]Program End.
[FimsSendDemon             ; 5:48:01] SKT FIMS INF 10MIN SEND DEMON START >>>>> 
[FimsSendDemon - 10min     ; 5:48:01]METS Db CONNECTION !! 
[FimsSendDemon             ; 5:48:02]3번>>>> 제조사 배송 정보 신규 데이터 없음
[FimsSendDemon             ; 5:48:02]4번>>>> 제조사 배송 내역 신규 데이터 없음
[FimsSendDemon             ; 5:48:02]METS Db Dis_Conn !! 
[FimsSendDemon             ; 5:48:02]Program End.
[FimsReadDemon             ; 5:53:02] SKT FIMS INF READ DEMON START >>>>> 
[FimsReadDemon             ; 5:53:03]METS Db CONNECTION !! 
[FimsReadDemon             ; 5:53:03]2번>>>> 자재 수량 분배 신규 데이터 없음.
[FimsReadDemon             ; 5:53:03]5번>>>> 인수 승인 신규 데이터 없음.
[FimsReadDemon             ; 5:53:03]METS Db Dis_Conn !! 
[FimsReadDemon             ; 5:53:03]Program End.
[FimsSendDemon             ; 5:58:01] SKT FIMS INF 10MIN SEND DEMON START >>>>> 
[FimsSendDemon - 10min     ; 5:58:02]METS Db CONNECTION !! 
[FimsSendDemon             ; 5:58:02]3번>>>> 제조사 배송 정보 신규 데이터 없음
[FimsSendDemon             ; 5:58:02]4번>>>> 제조사 배송 내역 신규 데이터 없음
[FimsSendDemon             ; 5:58:02]METS Db Dis_Conn !! 
[FimsSendDemon             ; 5:58:02]Program End.
[FimsReadDemon             ; 6:03:02] SKT FIMS INF READ DEMON START >>>>> 
[FimsReadDemon             ; 6:03:03]METS Db CONNECTION !! 
[FimsReadDemon             ; 6:03:03]2번>>>> 자재 수량 분배 신규 데이터 없음.
[FimsReadDemon             ; 6:03:03]5번>>>> 인수 승인 신규 데이터 없음.
[FimsReadDemon             ; 6:03:03]METS Db Dis_Conn !! 
[FimsReadDemon             ; 6:03:03]Program End.
[FimsSendDemon             ; 6:05:02] SKT FIMS INF SEND DEMON START >>>>> 
[FimsSendDemon             ; 6:05:02]METS Db CONNECTION !! 
[FimsSendDemon             ; 6:05:03]1번>>>> 납품지시내역 신규 데이터 없음
[FimsSendDemon             ; 6:05:03]METS Db Dis_Conn !! 
[FimsSendDemon             ; 6:05:03]Program End.
[FimsSendDemon             ; 6:08:01] SKT FIMS INF 10MIN SEND DEMON START >>>>> 
[FimsSendDemon - 10min     ; 6:08:01]METS Db CONNECTION !! 
[FimsSendDemon             ; 6:08:01]3번>>>> 제조사 배송 정보 신규 데이터 없음
[FimsSendDemon             ; 6:08:01]4번>>>> 제조사 배송 내역 신규 데이터 없음
[FimsSendDemon             ; 6:08:01]METS Db Dis_Conn !! 
[FimsSendDemon             ; 6:08:01]Program End.
[FimsReadDemon             ; 6:13:01] SKT FIMS INF READ DEMON START >>>>> 
[FimsReadDemon             ; 6:13:02]METS Db CONNECTION !! 
[FimsReadDemon             ; 6:13:03]2번>>>> 자재 수량 분배 신규 데이터 없음.
[FimsReadDemon             ; 6:13:03]5번>>>> 인수 승인 신규 데이터 없음.
[FimsReadDemon             ; 6:13:03]METS Db Dis_Conn !! 
[FimsReadDemon             ; 6:13:03]Program End.
[FimsSendDemon             ; 6:18:01] SKT FIMS INF 10MIN SEND DEMON START >>>>> 
[FimsSendDemon - 10min     ; 6:18:02]METS Db CONNECTION !! 
[FimsSendDemon             ; 6:18:02]3번>>>> 제조사 배송 정보 신규 데이터 없음
[FimsSendDemon             ; 6:18:02]4번>>>> 제조사 배송 내역 신규 데이터 없음
[FimsSendDemon             ; 6:18:02]METS Db Dis_Conn !! 
[FimsSendDemon             ; 6:18:02]Program End.
[FimsReadDemon             ; 6:23:02] SKT FIMS INF READ DEMON START >>>>> 
[FimsReadDemon             ; 6:23:03]METS Db CONNECTION !! 
[FimsReadDemon             ; 6:23:03]2번>>>> 자재 수량 분배 신규 데이터 없음.
[FimsReadDemon             ; 6:23:03]5번>>>> 인수 승인 신규 데이터 없음.
[FimsReadDemon             ; 6:23:03]METS Db Dis_Conn !! 
[FimsReadDemon             ; 6:23:03]Program End.
[FimsSendDemon             ; 6:28:01] SKT FIMS INF 10MIN SEND DEMON START >>>>> 
[FimsSendDemon - 10min     ; 6:28:02]METS Db CONNECTION !! 
[FimsSendDemon             ; 6:28:02]3번>>>> 제조사 배송 정보 신규 데이터 없음
[FimsSendDemon             ; 6:28:02]4번>>>> 제조사 배송 내역 신규 데이터 없음
[FimsSendDemon             ; 6:28:02]METS Db Dis_Conn !! 
[FimsSendDemon             ; 6:28:02]Program End.
[FimsReadDemon             ; 6:33:02] SKT FIMS INF READ DEMON START >>>>> 
[FimsReadDemon             ; 6:33:03]METS Db CONNECTION !! 
[FimsReadDemon             ; 6:33:03]2번>>>> 자재 수량 분배 신규 데이터 없음.
[FimsReadDemon             ; 6:33:03]5번>>>> 인수 승인 신규 데이터 없음.
[FimsReadDemon             ; 6:33:03]METS Db Dis_Conn !! 
[FimsReadDemon             ; 6:33:03]Program End.
[FimsSendDemon             ; 6:35:01] SKT FIMS INF SEND DEMON START >>>>> 
[FimsSendDemon             ; 6:35:02]METS Db CONNECTION !! 
[FimsSendDemon             ; 6:35:02]1번>>>> 납품지시내역 신규 데이터 없음
[FimsSendDemon             ; 6:35:02]METS Db Dis_Conn !! 
[FimsSendDemon             ; 6:35:02]Program End.
[FimsSendDemon             ; 6:38:00] SKT FIMS INF 10MIN SEND DEMON START >>>>> 
[FimsSendDemon - 10min     ; 6:38:01]METS Db CONNECTION !! 
[FimsSendDemon             ; 6:38:01]3번>>>> 제조사 배송 정보 신규 데이터 없음
[FimsSendDemon             ; 6:38:01]4번>>>> 제조사 배송 내역 신규 데이터 없음
[FimsSendDemon             ; 6:38:01]METS Db Dis_Conn !! 
[FimsSendDemon             ; 6:38:01]Program End.
[FimsReadDemon             ; 6:43:02] SKT FIMS INF READ DEMON START >>>>> 
[FimsReadDemon             ; 6:43:03]METS Db CONNECTION !! 
[FimsReadDemon             ; 6:43:03]2번>>>> 자재 수량 분배 신규 데이터 없음.
[FimsReadDemon             ; 6:43:03]5번>>>> 인수 승인 신규 데이터 없음.
[FimsReadDemon             ; 6:43:03]METS Db Dis_Conn !! 
[FimsReadDemon             ; 6:43:03]Program End.
[FimsSendDemon             ; 6:48:01] SKT FIMS INF 10MIN SEND DEMON START >>>>> 
[FimsSendDemon - 10min     ; 6:48:01]METS Db CONNECTION !! 
[FimsSendDemon             ; 6:48:01]3번>>>> 제조사 배송 정보 신규 데이터 없음
[FimsSendDemon             ; 6:48:01]4번>>>> 제조사 배송 내역 신규 데이터 없음
[FimsSendDemon             ; 6:48:01]METS Db Dis_Conn !! 
[FimsSendDemon             ; 6:48:01]Program End.
[FimsReadDemon             ; 6:53:02] SKT FIMS INF READ DEMON START >>>>> 
[FimsReadDemon             ; 6:53:03]METS Db CONNECTION !! 
[FimsReadDemon             ; 6:53:03]2번>>>> 자재 수량 분배 신규 데이터 없음.
[FimsReadDemon             ; 6:53:03]5번>>>> 인수 승인 신규 데이터 없음.
[FimsReadDemon             ; 6:53:03]METS Db Dis_Conn !! 
[FimsReadDemon             ; 6:53:03]Program End.
[FimsSendDemon             ; 6:58:01] SKT FIMS INF 10MIN SEND DEMON START >>>>> 
[FimsSendDemon - 10min     ; 6:58:01]METS Db CONNECTION !! 
[FimsSendDemon             ; 6:58:02]3번>>>> 제조사 배송 정보 신규 데이터 없음
[FimsSendDemon             ; 6:58:02]4번>>>> 제조사 배송 내역 신규 데이터 없음
[FimsSendDemon             ; 6:58:02]METS Db Dis_Conn !! 
[FimsSendDemon             ; 6:58:02]Program End.
[FimsReadDemon             ; 7:03:02] SKT FIMS INF READ DEMON START >>>>> 
[FimsReadDemon             ; 7:03:03]METS Db CONNECTION !! 
[FimsReadDemon             ; 7:03:03]2번>>>> 자재 수량 분배 신규 데이터 없음.
[FimsReadDemon             ; 7:03:03]5번>>>> 인수 승인 신규 데이터 없음.
[FimsReadDemon             ; 7:03:03]METS Db Dis_Conn !! 
[FimsReadDemon             ; 7:03:03]Program End.
[FimsSendDemon             ; 7:05:01] SKT FIMS INF SEND DEMON START >>>>> 
[FimsSendDemon             ; 7:05:03]METS Db CONNECTION !! 
[FimsSendDemon             ; 7:05:03]1번>>>> 납품지시내역 신규 데이터 없음
[FimsSendDemon             ; 7:05:03]METS Db Dis_Conn !! 
[FimsSendDemon             ; 7:05:03]Program End.
[FimsSendDemon             ; 7:08:00] SKT FIMS INF 10MIN SEND DEMON START >>>>> 
[FimsSendDemon - 10min     ; 7:08:01]METS Db CONNECTION !! 
[FimsSendDemon             ; 7:08:01]3번>>>> 제조사 배송 정보 신규 데이터 없음
[FimsSendDemon             ; 7:08:01]4번>>>> 제조사 배송 내역 신규 데이터 없음
[FimsSendDemon             ; 7:08:01]METS Db Dis_Conn !! 
[FimsSendDemon             ; 7:08:01]Program End.
[FimsReadDemon             ; 7:13:02] SKT FIMS INF READ DEMON START >>>>> 
[FimsReadDemon             ; 7:13:03]METS Db CONNECTION !! 
[FimsReadDemon             ; 7:13:03]2번>>>> 자재 수량 분배 신규 데이터 없음.
[FimsReadDemon             ; 7:13:03]5번>>>> 인수 승인 신규 데이터 없음.
[FimsReadDemon             ; 7:13:03]METS Db Dis_Conn !! 
[FimsReadDemon             ; 7:13:03]Program End.
[FimsSendDemon             ; 7:18:00] SKT FIMS INF 10MIN SEND DEMON START >>>>> 
[FimsSendDemon - 10min     ; 7:18:01]METS Db CONNECTION !! 
[FimsSendDemon             ; 7:18:01]3번>>>> 제조사 배송 정보 신규 데이터 없음
[FimsSendDemon             ; 7:18:01]4번>>>> 제조사 배송 내역 신규 데이터 없음
[FimsSendDemon             ; 7:18:01]METS Db Dis_Conn !! 
[FimsSendDemon             ; 7:18:01]Program End.
[FimsReadDemon             ; 7:23:02] SKT FIMS INF READ DEMON START >>>>> 
[FimsReadDemon             ; 7:23:03]METS Db CONNECTION !! 
[FimsReadDemon             ; 7:23:03]2번>>>> 자재 수량 분배 신규 데이터 없음.
[FimsReadDemon             ; 7:23:03]5번>>>> 인수 승인 신규 데이터 없음.
[FimsReadDemon             ; 7:23:03]METS Db Dis_Conn !! 
[FimsReadDemon             ; 7:23:03]Program End.
[FimsSendDemon             ; 7:28:01] SKT FIMS INF 10MIN SEND DEMON START >>>>> 
[FimsSendDemon - 10min     ; 7:28:01]METS Db CONNECTION !! 
[FimsSendDemon             ; 7:28:02]3번>>>> 제조사 배송 정보 신규 데이터 없음
[FimsSendDemon             ; 7:28:02]4번>>>> 제조사 배송 내역 신규 데이터 없음
[FimsSendDemon             ; 7:28:02]METS Db Dis_Conn !! 
[FimsSendDemon             ; 7:28:02]Program End.
[FimsReadDemon             ; 7:33:02] SKT FIMS INF READ DEMON START >>>>> 
[FimsReadDemon             ; 7:33:03]METS Db CONNECTION !! 
[FimsReadDemon             ; 7:33:03]2번>>>> 자재 수량 분배 신규 데이터 없음.
[FimsReadDemon             ; 7:33:03]5번>>>> 인수 승인 신규 데이터 없음.
[FimsReadDemon             ; 7:33:03]METS Db Dis_Conn !! 
[FimsReadDemon             ; 7:33:03]Program End.
[FimsSendDemon             ; 7:35:02] SKT FIMS INF SEND DEMON START >>>>> 
[FimsSendDemon             ; 7:35:02]METS Db CONNECTION !! 
[FimsSendDemon             ; 7:35:03]1번>>>> 납품지시내역 신규 데이터 없음
[FimsSendDemon             ; 7:35:03]METS Db Dis_Conn !! 
[FimsSendDemon             ; 7:35:03]Program End.
[FimsSendDemon             ; 7:38:01] SKT FIMS INF 10MIN SEND DEMON START >>>>> 
[FimsSendDemon - 10min     ; 7:38:02]METS Db CONNECTION !! 
[FimsSendDemon             ; 7:38:02]3번>>>> 제조사 배송 정보 신규 데이터 없음
[FimsSendDemon             ; 7:38:02]4번>>>> 제조사 배송 내역 신규 데이터 없음
[FimsSendDemon             ; 7:38:02]METS Db Dis_Conn !! 
[FimsSendDemon             ; 7:38:02]Program End.
[FimsReadDemon             ; 7:43:02] SKT FIMS INF READ DEMON START >>>>> 
[FimsReadDemon             ; 7:43:03]METS Db CONNECTION !! 
[FimsReadDemon             ; 7:43:03]2번>>>> 자재 수량 분배 신규 데이터 없음.
[FimsReadDemon             ; 7:43:03]5번>>>> 인수 승인 신규 데이터 없음.
[FimsReadDemon             ; 7:43:03]METS Db Dis_Conn !! 
[FimsReadDemon             ; 7:43:03]Program End.
[FimsSendDemon             ; 7:48:01] SKT FIMS INF 10MIN SEND DEMON START >>>>> 
[FimsSendDemon - 10min     ; 7:48:02]METS Db CONNECTION !! 
[FimsSendDemon             ; 7:48:02]3번>>>> 제조사 배송 정보 신규 데이터 없음
[FimsSendDemon             ; 7:48:02]4번>>>> 제조사 배송 내역 신규 데이터 없음
[FimsSendDemon             ; 7:48:02]METS Db Dis_Conn !! 
[FimsSendDemon             ; 7:48:02]Program End.
[FimsReadDemon             ; 7:53:02] SKT FIMS INF READ DEMON START >>>>> 
[FimsReadDemon             ; 7:53:03]METS Db CONNECTION !! 
[FimsReadDemon             ; 7:53:03]2번>>>> 자재 수량 분배 신규 데이터 없음.
[FimsReadDemon             ; 7:53:03]5번>>>> 인수 승인 신규 데이터 없음.
[FimsReadDemon             ; 7:53:03]METS Db Dis_Conn !! 
[FimsReadDemon             ; 7:53:03]Program End.
[FimsSendDemon             ; 7:58:01] SKT FIMS INF 10MIN SEND DEMON START >>>>> 
[FimsSendDemon - 10min     ; 7:58:01]METS Db CONNECTION !! 
[FimsSendDemon             ; 7:58:02]3번>>>> 제조사 배송 정보 신규 데이터 없음
[FimsSendDemon             ; 7:58:02]4번>>>> 제조사 배송 내역 신규 데이터 없음
[FimsSendDemon             ; 7:58:02]METS Db Dis_Conn !! 
[FimsSendDemon             ; 7:58:02]Program End.
[FimsReadDemon             ; 8:03:02] SKT FIMS INF READ DEMON START >>>>> 
[FimsReadDemon             ; 8:03:03]METS Db CONNECTION !! 
[FimsReadDemon             ; 8:03:03]2번>>>> 자재 수량 분배 신규 데이터 없음.
[FimsReadDemon             ; 8:03:03]5번>>>> 인수 승인 신규 데이터 없음.
[FimsReadDemon             ; 8:03:03]METS Db Dis_Conn !! 
[FimsReadDemon             ; 8:03:03]Program End.
[FimsSendDemon             ; 8:05:02] SKT FIMS INF SEND DEMON START >>>>> 
[FimsSendDemon             ; 8:05:02]METS Db CONNECTION !! 
[FimsSendDemon             ; 8:05:03]1번>>>> 납품지시내역 신규 데이터 없음
[FimsSendDemon             ; 8:05:03]METS Db Dis_Conn !! 
[FimsSendDemon             ; 8:05:03]Program End.
[FimsSendDemon             ; 8:08:01] SKT FIMS INF 10MIN SEND DEMON START >>>>> 
[FimsSendDemon - 10min     ; 8:08:01]METS Db CONNECTION !! 
[FimsSendDemon             ; 8:08:01]3번>>>> 제조사 배송 정보 신규 데이터 없음
[FimsSendDemon             ; 8:08:01]4번>>>> 제조사 배송 내역 신규 데이터 없음
[FimsSendDemon             ; 8:08:01]METS Db Dis_Conn !! 
[FimsSendDemon             ; 8:08:01]Program End.
[FimsReadDemon             ; 8:13:02] SKT FIMS INF READ DEMON START >>>>> 
[FimsReadDemon             ; 8:13:03]METS Db CONNECTION !! 
[FimsReadDemon             ; 8:13:03]2번>>>> 자재 수량 분배 신규 데이터 없음.
[FimsReadDemon             ; 8:13:03]5번>>>> 인수 승인 신규 데이터 없음.
[FimsReadDemon             ; 8:13:03]METS Db Dis_Conn !! 
[FimsReadDemon             ; 8:13:03]Program End.
[FimsSendDemon             ; 8:18:01] SKT FIMS INF 10MIN SEND DEMON START >>>>> 
[FimsSendDemon - 10min     ; 8:18:01]METS Db CONNECTION !! 
[FimsSendDemon             ; 8:18:02]3번>>>> 제조사 배송 정보 신규 데이터 없음
[FimsSendDemon             ; 8:18:02]4번>>>> 제조사 배송 내역 신규 데이터 없음
[FimsSendDemon             ; 8:18:02]METS Db Dis_Conn !! 
[FimsSendDemon             ; 8:18:02]Program End.
[FimsReadDemon             ; 8:23:02] SKT FIMS INF READ DEMON START >>>>> 
[FimsReadDemon             ; 8:23:03]METS Db CONNECTION !! 
[FimsReadDemon             ; 8:23:03]2번>>>> 자재 수량 분배 신규 데이터 없음.
[FimsReadDemon             ; 8:23:03]5번>>>> 인수 승인 신규 데이터 없음.
[FimsReadDemon             ; 8:23:03]METS Db Dis_Conn !! 
[FimsReadDemon             ; 8:23:03]Program End.
[FimsSendDemon             ; 8:28:01] SKT FIMS INF 10MIN SEND DEMON START >>>>> 
[FimsSendDemon - 10min     ; 8:28:01]METS Db CONNECTION !! 
[FimsSendDemon             ; 8:28:02]3번>>>> 제조사 배송 정보 신규 데이터 없음
[FimsSendDemon             ; 8:28:02]4번>>>> 제조사 배송 내역 신규 데이터 없음
[FimsSendDemon             ; 8:28:02]METS Db Dis_Conn !! 
[FimsSendDemon             ; 8:28:02]Program End.
[FimsReadDemon             ; 8:33:01] SKT FIMS INF READ DEMON START >>>>> 
[FimsReadDemon             ; 8:33:02]METS Db CONNECTION !! 
[FimsReadDemon             ; 8:33:03]2번>>>> 자재 수량 분배 신규 데이터 없음.
[FimsReadDemon             ; 8:33:03]5번>>>> 인수 승인 신규 데이터 없음.
[FimsReadDemon             ; 8:33:03]METS Db Dis_Conn !! 
[FimsReadDemon             ; 8:33:03]Program End.
[FimsSendDemon             ; 8:35:01] SKT FIMS INF SEND DEMON START >>>>> 
[FimsSendDemon             ; 8:35:02]METS Db CONNECTION !! 
[FimsSendDemon             ; 8:35:03]1번>>>> 납품지시내역 신규 데이터 없음
[FimsSendDemon             ; 8:35:03]METS Db Dis_Conn !! 
[FimsSendDemon             ; 8:35:03]Program End.
[FimsSendDemon             ; 8:38:01] SKT FIMS INF 10MIN SEND DEMON START >>>>> 
[FimsSendDemon - 10min     ; 8:38:02]METS Db CONNECTION !! 
[FimsSendDemon             ; 8:38:02]3번>>>> 제조사 배송 정보 신규 데이터 없음
[FimsSendDemon             ; 8:38:02]4번>>>> 제조사 배송 내역 신규 데이터 없음
[FimsSendDemon             ; 8:38:02]METS Db Dis_Conn !! 
[FimsSendDemon             ; 8:38:02]Program End.
[FimsReadDemon             ; 8:43:02] SKT FIMS INF READ DEMON START >>>>> 
[FimsReadDemon             ; 8:43:04]METS Db CONNECTION !! 
[FimsReadDemon             ; 8:43:04]2번>>>> 자재 수량 분배 신규 데이터 없음.
[FimsReadDemon             ; 8:43:04]5번>>>> 인수 승인 신규 데이터 없음.
[FimsReadDemon             ; 8:43:04]METS Db Dis_Conn !! 
[FimsReadDemon             ; 8:43:04]Program End.
[FimsSendDemon             ; 8:48:02] SKT FIMS INF 10MIN SEND DEMON START >>>>> 
[FimsSendDemon - 10min     ; 8:48:02]METS Db CONNECTION !! 
[FimsSendDemon             ; 8:48:03]3번>>>> 제조사 배송 정보 신규 데이터 없음
[FimsSendDemon             ; 8:48:03]4번>>>> 제조사 배송 내역 신규 데이터 없음
[FimsSendDemon             ; 8:48:03]METS Db Dis_Conn !! 
[FimsSendDemon             ; 8:48:03]Program End.
[FimsReadDemon             ; 8:53:01] SKT FIMS INF READ DEMON START >>>>> 
[FimsReadDemon             ; 8:53:02]METS Db CONNECTION !! 
[FimsReadDemon             ; 8:53:02]2번>>>> 자재 수량 분배 신규 데이터 없음.
[FimsReadDemon             ; 8:53:03]5번>>>> 인수 승인 신규 데이터 없음.
[FimsReadDemon             ; 8:53:03]METS Db Dis_Conn !! 
[FimsReadDemon             ; 8:53:03]Program End.
[FimsSendDemon             ; 8:58:01] SKT FIMS INF 10MIN SEND DEMON START >>>>> 
[FimsSendDemon - 10min     ; 8:58:02]METS Db CONNECTION !! 
[FimsSendDemon             ; 8:58:02]3번>>>> 제조사 배송 정보 신규 데이터 없음
[FimsSendDemon             ; 8:58:02]4번>>>> 제조사 배송 내역 신규 데이터 없음
[FimsSendDemon             ; 8:58:02]METS Db Dis_Conn !! 
[FimsSendDemon             ; 8:58:02]Program End.
[FimsReadDemon             ; 9:03:01] SKT FIMS INF READ DEMON START >>>>> 
[FimsReadDemon             ; 9:03:02]METS Db CONNECTION !! 
[FimsReadDemon             ; 9:03:03]2번>>>> 자재 수량 분배 신규 데이터 없음.
[FimsReadDemon             ; 9:03:03]5번>>>> 인수 승인 신규 데이터 없음.
[FimsReadDemon             ; 9:03:03]METS Db Dis_Conn !! 
[FimsReadDemon             ; 9:03:03]Program End.
[FimsSendDemon             ; 9:05:02] SKT FIMS INF SEND DEMON START >>>>> 
[FimsSendDemon             ; 9:05:02]METS Db CONNECTION !! 
[FimsSendDemon             ; 9:05:03]1번>>>> 납품지시내역 신규 데이터 없음
[FimsSendDemon             ; 9:05:03]METS Db Dis_Conn !! 
[FimsSendDemon             ; 9:05:03]Program End.
[FimsSendDemon             ; 9:08:01] SKT FIMS INF 10MIN SEND DEMON START >>>>> 
[FimsSendDemon - 10min     ; 9:08:02]METS Db CONNECTION !! 
[FimsSendDemon             ; 9:08:02]3번>>>> 제조사 배송 정보 신규 데이터 없음
[FimsSendDemon             ; 9:08:02]4번>>>> 제조사 배송 내역 신규 데이터 없음
[FimsSendDemon             ; 9:08:02]METS Db Dis_Conn !! 
[FimsSendDemon             ; 9:08:02]Program End.
[FimsReadDemon             ; 9:13:02] SKT FIMS INF READ DEMON START >>>>> 
[FimsReadDemon             ; 9:13:03]METS Db CONNECTION !! 
[FimsReadDemon             ; 9:13:03]2번>>>> 자재 수량 분배 신규 데이터 없음.
[FimsReadDemon             ; 9:13:03]5번>>>> 인수 승인 신규 데이터 없음.
[FimsReadDemon             ; 9:13:03]METS Db Dis_Conn !! 
[FimsReadDemon             ; 9:13:03]Program End.
[FimsSendDemon             ; 9:18:01] SKT FIMS INF 10MIN SEND DEMON START >>>>> 
[FimsSendDemon - 10min     ; 9:18:02]METS Db CONNECTION !! 
[FimsSendDemon             ; 9:18:02]3번>>>> 제조사 배송 정보 신규 데이터 없음
[FimsSendDemon             ; 9:18:02]4번>>>> 제조사 배송 내역 신규 데이터 없음
[FimsSendDemon             ; 9:18:02]METS Db Dis_Conn !! 
[FimsSendDemon             ; 9:18:02]Program End.
[FimsReadDemon             ; 9:23:02] SKT FIMS INF READ DEMON START >>>>> 
[FimsReadDemon             ; 9:23:03]METS Db CONNECTION !! 
[FimsReadDemon             ; 9:23:03]2번>>>> 자재 수량 분배 신규 데이터 없음.
[FimsReadDemon             ; 9:23:03]5번>>>> 인수 승인 내역 다운로드 시작: HavisDlvrInsuData_20200107092004.dat
[FimsReadDemon             ; 9:23:04]5번>>>> 다운로드 완료 / 건수: 1
[FimsReadDemon             ; 9:23:04]METS Db Dis_Conn !! 
[FimsReadDemon             ; 9:23:04]Program End.
[FimsSendDemon             ; 9:28:01] SKT FIMS INF 10MIN SEND DEMON START >>>>> 
[FimsSendDemon - 10min     ; 9:28:02]METS Db CONNECTION !! 
[FimsSendDemon             ; 9:28:02]3번>>>> 제조사 배송 정보 신규 데이터 없음
[FimsSendDemon             ; 9:28:02]4번>>>> 제조사 배송 내역 신규 데이터 없음
[FimsSendDemon             ; 9:28:02]METS Db Dis_Conn !! 
[FimsSendDemon             ; 9:28:02]Program End.
[FimsReadDemon             ; 9:33:03] SKT FIMS INF READ DEMON START >>>>> 
[FimsReadDemon             ; 9:33:04]METS Db CONNECTION !! 
[FimsReadDemon             ; 9:33:04]2번>>>> 자재 수량 분배 신규 데이터 없음.
[FimsReadDemon             ; 9:33:04]5번>>>> 인수 승인 신규 데이터 없음.
[FimsReadDemon             ; 9:33:04]METS Db Dis_Conn !! 
[FimsReadDemon             ; 9:33:04]Program End.
[FimsSendDemon             ; 9:35:02] SKT FIMS INF SEND DEMON START >>>>> 
[FimsSendDemon             ; 9:35:03]METS Db CONNECTION !! 
[FimsSendDemon             ; 9:35:03]1번>>>> 납품지시내역 신규 데이터 없음
[FimsSendDemon             ; 9:35:03]METS Db Dis_Conn !! 
[FimsSendDemon             ; 9:35:03]Program End.
[FimsSendDemon             ; 9:38:01] SKT FIMS INF 10MIN SEND DEMON START >>>>> 
[FimsSendDemon - 10min     ; 9:38:01]METS Db CONNECTION !! 
[FimsSendDemon             ; 9:38:02]3번>>>> 제조사 배송 정보 신규 데이터 없음
[FimsSendDemon             ; 9:38:02]4번>>>> 제조사 배송 내역 신규 데이터 없음
[FimsSendDemon             ; 9:38:02]METS Db Dis_Conn !! 
[FimsSendDemon             ; 9:38:02]Program End.
[FimsReadDemon             ; 9:43:04] SKT FIMS INF READ DEMON START >>>>> 
[FimsReadDemon             ; 9:43:04]METS Db CONNECTION !! 
[FimsReadDemon             ; 9:43:05]2번>>>> 자재 수량 분배 신규 데이터 없음.
[FimsReadDemon             ; 9:43:05]5번>>>> 인수 승인 내역 다운로드 시작: HavisDlvrInsuData_20200107094004.dat
[FimsReadDemon             ; 9:43:05]5번>>>> 다운로드 완료 / 건수: 1
[FimsReadDemon             ; 9:43:05]METS Db Dis_Conn !! 
[FimsReadDemon             ; 9:43:05]Program End.
[FimsSendDemon             ; 9:48:02] SKT FIMS INF 10MIN SEND DEMON START >>>>> 
[FimsSendDemon - 10min     ; 9:48:03]METS Db CONNECTION !! 
[FimsSendDemon             ; 9:48:03]3번>>>> 제조사 배송 정보 신규 데이터 없음
[FimsSendDemon             ; 9:48:03]4번>>>> 제조사 배송 내역 신규 데이터 없음
[FimsSendDemon             ; 9:48:03]METS Db Dis_Conn !! 
[FimsSendDemon             ; 9:48:03]Program End.
[FimsReadDemon             ; 9:53:04] SKT FIMS INF READ DEMON START >>>>> 
[FimsReadDemon             ; 9:53:06]METS Db CONNECTION !! 
[FimsReadDemon             ; 9:53:07]2번>>>> 자재 수량 분배 신규 데이터 없음.
[FimsReadDemon             ; 9:53:07]5번>>>> 인수 승인 신규 데이터 없음.
[FimsReadDemon             ; 9:53:07]METS Db Dis_Conn !! 
[FimsReadDemon             ; 9:53:07]Program End.
[FimsSendDemon             ; 9:58:01] SKT FIMS INF 10MIN SEND DEMON START >>>>> 
[FimsSendDemon - 10min     ; 9:58:01]METS Db CONNECTION !! 
[FimsSendDemon             ; 9:58:02]3번>>>> 제조사 배송 정보 신규 데이터 없음
[FimsSendDemon             ; 9:58:02]4번>>>> 제조사 배송 내역 신규 데이터 없음
[FimsSendDemon             ; 9:58:02]METS Db Dis_Conn !! 
[FimsSendDemon             ; 9:58:02]Program End.
[FimsReadDemon             ; 10:03:08] SKT FIMS INF READ DEMON START >>>>> 
[FimsReadDemon             ; 10:03:10]METS Db CONNECTION !! 
[FimsReadDemon             ; 10:03:10]2번>>>> 자재 수량 분배 신규 데이터 없음.
[FimsReadDemon             ; 10:03:10]5번>>>> 인수 승인 신규 데이터 없음.
[FimsReadDemon             ; 10:03:10]METS Db Dis_Conn !! 
[FimsReadDemon             ; 10:03:10]Program End.
[FimsSendDemon             ; 10:05:03] SKT FIMS INF SEND DEMON START >>>>> 
[FimsSendDemon             ; 10:05:07]METS Db CONNECTION !! 
[FimsSendDemon             ; 10:05:08]1번>>>> 납품지시내역 신규 데이터 없음
[FimsSendDemon             ; 10:05:08]METS Db Dis_Conn !! 
[FimsSendDemon             ; 10:05:08]Program End.
[FimsSendDemon             ; 10:08:01] SKT FIMS INF 10MIN SEND DEMON START >>>>> 
[FimsSendDemon - 10min     ; 10:08:02]METS Db CONNECTION !! 
[FimsSendDemon             ; 10:08:02]3번>>>> 제조사 배송 정보 신규 데이터 없음
[FimsSendDemon             ; 10:08:02]4번>>>> 제조사 배송 내역 신규 데이터 없음
[FimsSendDemon             ; 10:08:02]METS Db Dis_Conn !! 
[FimsSendDemon             ; 10:08:02]Program End.
[FimsReadDemon             ; 10:13:03] SKT FIMS INF READ DEMON START >>>>> 
[FimsReadDemon             ; 10:13:05]METS Db CONNECTION !! 
[FimsReadDemon             ; 10:13:05]2번>>>> 자재 수량 분배 신규 데이터 없음.
[FimsReadDemon             ; 10:13:05]5번>>>> 인수 승인 신규 데이터 없음.
[FimsReadDemon             ; 10:13:05]METS Db Dis_Conn !! 
[FimsReadDemon             ; 10:13:05]Program End.
[FimsSendDemon             ; 10:18:01] SKT FIMS INF 10MIN SEND DEMON START >>>>> 
[FimsSendDemon - 10min     ; 10:18:01]METS Db CONNECTION !! 
[FimsSendDemon             ; 10:18:02]3번>>>> 제조사 배송 정보 신규 데이터 없음
[FimsSendDemon             ; 10:18:02]4번>>>> 제조사 배송 내역 연동 시작: FimsDeliDlvr_20200107101802.dat
[FimsSendDemon             ; 10:18:02]METS Db Dis_Conn !! 
[FimsSendDemon             ; 10:18:02]Program End.
[FimsReadDemon             ; 10:23:03] SKT FIMS INF READ DEMON START >>>>> 
[FimsReadDemon             ; 10:23:05]METS Db CONNECTION !! 
[FimsReadDemon             ; 10:23:05]2번>>>> 자재 수량 분배 신규 데이터 없음.
[FimsReadDemon             ; 10:23:05]5번>>>> 인수 승인 신규 데이터 없음.
[FimsReadDemon             ; 10:23:05]METS Db Dis_Conn !! 
[FimsReadDemon             ; 10:23:05]Program End.
[FimsSendDemon             ; 10:28:03] SKT FIMS INF 10MIN SEND DEMON START >>>>> 
[FimsSendDemon - 10min     ; 10:28:04]METS Db CONNECTION !! 
[FimsSendDemon             ; 10:28:05]3번>>>> 제조사 배송 정보 신규 데이터 없음
[FimsSendDemon             ; 10:28:05]4번>>>> 제조사 배송 내역 연동 시작: FimsDeliDlvr_20200107102805.dat
[FimsSendDemon             ; 10:28:06]METS Db Dis_Conn !! 
[FimsSendDemon             ; 10:28:06]Program End.
[FimsReadDemon             ; 10:33:05] SKT FIMS INF READ DEMON START >>>>> 
[FimsReadDemon             ; 10:33:06]METS Db CONNECTION !! 
[FimsReadDemon             ; 10:33:06]2번>>>> 자재 수량 분배 신규 데이터 없음.
[FimsReadDemon             ; 10:33:06]5번>>>> 인수 승인 신규 데이터 없음.
[FimsReadDemon             ; 10:33:06]METS Db Dis_Conn !! 
[FimsReadDemon             ; 10:33:06]Program End.
[FimsSendDemon             ; 10:35:04] SKT FIMS INF SEND DEMON START >>>>> 
[FimsSendDemon             ; 10:35:06]METS Db CONNECTION !! 
[FimsSendDemon             ; 10:35:09]1번>>>> 납품지시내역 신규 데이터 없음
[FimsSendDemon             ; 10:35:09]METS Db Dis_Conn !! 
[FimsSendDemon             ; 10:35:09]Program End.
[FimsSendDemon             ; 10:38:01] SKT FIMS INF 10MIN SEND DEMON START >>>>> 
[FimsSendDemon - 10min     ; 10:38:01]METS Db CONNECTION !! 
[FimsSendDemon             ; 10:38:02]3번>>>> 제조사 배송 정보 신규 데이터 없음
[FimsSendDemon             ; 10:38:02]4번>>>> 제조사 배송 내역 연동 시작: FimsDeliDlvr_20200107103802.dat
[FimsSendDemon             ; 10:38:02]METS Db Dis_Conn !! 
[FimsSendDemon             ; 10:38:02]Program End.
[FimsReadDemon             ; 10:43:04] SKT FIMS INF READ DEMON START >>>>> 
[FimsReadDemon             ; 10:43:05]METS Db CONNECTION !! 
[FimsReadDemon             ; 10:43:05]2번>>>> 자재 수량 분배 신규 데이터 없음.
[FimsReadDemon             ; 10:43:05]5번>>>> 인수 승인 신규 데이터 없음.
[FimsReadDemon             ; 10:43:05]METS Db Dis_Conn !! 
[FimsReadDemon             ; 10:43:05]Program End.
[FimsSendDemon             ; 10:48:00] SKT FIMS INF 10MIN SEND DEMON START >>>>> 
[FimsSendDemon - 10min     ; 10:48:01]METS Db CONNECTION !! 
[FimsSendDemon             ; 10:48:01]3번>>>> 제조사 배송 정보 신규 데이터 없음
[FimsSendDemon             ; 10:48:01]4번>>>> 제조사 배송 내역 연동 시작: FimsDeliDlvr_20200107104801.dat
[FimsSendDemon             ; 10:48:02]METS Db Dis_Conn !! 
[FimsSendDemon             ; 10:48:02]Program End.
[FimsReadDemon             ; 10:53:03] SKT FIMS INF READ DEMON START >>>>> 
[FimsReadDemon             ; 10:53:04]METS Db CONNECTION !! 
[FimsReadDemon             ; 10:53:04]2번>>>> 자재 수량 분배 신규 데이터 없음.
[FimsReadDemon             ; 10:53:04]5번>>>> 인수 승인 신규 데이터 없음.
[FimsReadDemon             ; 10:53:04]METS Db Dis_Conn !! 
[FimsReadDemon             ; 10:53:04]Program End.
