[FimsReadDemon             ; 0:03:04] SKT FIMS INF READ DEMON START >>>>> 
[FimsReadDemon             ; 0:03:04]METS Db CONNECTION !! 
[FimsReadDemon             ; 0:03:04]2번>>>> 자재 수량 분배 신규 데이터 없음.
[FimsReadDemon             ; 0:03:04]5번>>>> 인수 승인 신규 데이터 없음.
[FimsReadDemon             ; 0:03:06]METS Db Dis_Conn !! 
[FimsReadDemon             ; 0:03:06]Program End.
[FimsSendDemon             ; 0:05:01] SKT FIMS INF SEND DEMON START >>>>> 
[FimsSendDemon             ; 0:05:08]METS Db CONNECTION !! 
[FimsSendDemon             ; 0:05:08]1번>>>> 납품지시내역 신규 데이터 없음
[FimsSendDemon             ; 0:05:08]METS Db Dis_Conn !! 
[FimsSendDemon             ; 0:05:08]Program End.
[FimsSendDemon             ; 0:08:01] SKT FIMS INF 10MIN SEND DEMON START >>>>> 
[FimsSendDemon - 10min     ; 0:08:01]METS Db CONNECTION !! 
[FimsSendDemon             ; 0:08:01]3번>>>> 제조사 배송 정보 신규 데이터 없음
[FimsSendDemon             ; 0:08:01]4번>>>> 제조사 배송 내역 신규 데이터 없음
[FimsSendDemon             ; 0:08:01]METS Db Dis_Conn !! 
[FimsSendDemon             ; 0:08:01]Program End.
[FimsReadDemon             ; 0:13:02] SKT FIMS INF READ DEMON START >>>>> 
[FimsReadDemon             ; 0:13:03]METS Db CONNECTION !! 
[FimsReadDemon             ; 0:13:03]2번>>>> 자재 수량 분배 신규 데이터 없음.
[FimsReadDemon             ; 0:13:03]5번>>>> 인수 승인 신규 데이터 없음.
[FimsReadDemon             ; 0:13:05]METS Db Dis_Conn !! 
[FimsReadDemon             ; 0:13:05]Program End.
[FimsSendDemon             ; 0:18:01] SKT FIMS INF 10MIN SEND DEMON START >>>>> 
[FimsSendDemon - 10min     ; 0:18:03]METS Db CONNECTION !! 
[FimsSendDemon             ; 0:18:03]3번>>>> 제조사 배송 정보 신규 데이터 없음
[FimsSendDemon             ; 0:18:03]4번>>>> 제조사 배송 내역 신규 데이터 없음
[FimsSendDemon             ; 0:18:05]METS Db Dis_Conn !! 
[FimsSendDemon             ; 0:18:05]Program End.
[FimsReadDemon             ; 0:23:01] SKT FIMS INF READ DEMON START >>>>> 
[FimsReadDemon             ; 0:23:01]METS Db CONNECTION !! 
[FimsReadDemon             ; 0:23:01]2번>>>> 자재 수량 분배 신규 데이터 없음.
[FimsReadDemon             ; 0:23:10]5번>>>> 인수 승인 신규 데이터 없음.
[FimsReadDemon             ; 0:23:12]METS Db Dis_Conn !! 
[FimsReadDemon             ; 0:23:12]Program End.
[FimsSendDemon             ; 0:28:01] SKT FIMS INF 10MIN SEND DEMON START >>>>> 
[FimsSendDemon - 10min     ; 0:28:02]METS Db CONNECTION !! 
[FimsSendDemon             ; 0:28:02]3번>>>> 제조사 배송 정보 신규 데이터 없음
[FimsSendDemon             ; 0:28:02]4번>>>> 제조사 배송 내역 신규 데이터 없음
[FimsSendDemon             ; 0:28:04]METS Db Dis_Conn !! 
[FimsSendDemon             ; 0:28:04]Program End.
[FimsReadDemon             ; 0:33:01] SKT FIMS INF READ DEMON START >>>>> 
[FimsReadDemon             ; 0:33:03]METS Db CONNECTION !! 
[FimsReadDemon             ; 0:33:03]2번>>>> 자재 수량 분배 신규 데이터 없음.
[FimsReadDemon             ; 0:33:03]5번>>>> 인수 승인 신규 데이터 없음.
[FimsReadDemon             ; 0:33:04]METS Db Dis_Conn !! 
[FimsReadDemon             ; 0:33:04]Program End.
[FimsSendDemon             ; 0:35:01] SKT FIMS INF SEND DEMON START >>>>> 
[FimsSendDemon             ; 0:35:02]METS Db CONNECTION !! 
[FimsSendDemon             ; 0:35:03]1번>>>> 납품지시내역 신규 데이터 없음
[FimsSendDemon             ; 0:35:03]METS Db Dis_Conn !! 
[FimsSendDemon             ; 0:35:03]Program End.
[FimsSendDemon             ; 0:38:01] SKT FIMS INF 10MIN SEND DEMON START >>>>> 
[FimsSendDemon - 10min     ; 0:38:02]METS Db CONNECTION !! 
[FimsSendDemon             ; 0:38:02]3번>>>> 제조사 배송 정보 신규 데이터 없음
[FimsSendDemon             ; 0:38:02]4번>>>> 제조사 배송 내역 신규 데이터 없음
[FimsSendDemon             ; 0:38:02]METS Db Dis_Conn !! 
[FimsSendDemon             ; 0:38:02]Program End.
[FimsReadDemon             ; 0:43:02] SKT FIMS INF READ DEMON START >>>>> 
[FimsReadDemon             ; 0:43:02]METS Db CONNECTION !! 
[FimsReadDemon             ; 0:43:02]2번>>>> 자재 수량 분배 신규 데이터 없음.
[FimsReadDemon             ; 0:43:02]5번>>>> 인수 승인 신규 데이터 없음.
[FimsReadDemon             ; 0:43:03]METS Db Dis_Conn !! 
[FimsReadDemon             ; 0:43:03]Program End.
[FimsSendDemon             ; 0:48:01] SKT FIMS INF 10MIN SEND DEMON START >>>>> 
[FimsSendDemon - 10min     ; 0:48:02]METS Db CONNECTION !! 
[FimsSendDemon             ; 0:48:02]3번>>>> 제조사 배송 정보 신규 데이터 없음
[FimsSendDemon             ; 0:48:02]4번>>>> 제조사 배송 내역 신규 데이터 없음
[FimsSendDemon             ; 0:48:03]METS Db Dis_Conn !! 
[FimsSendDemon             ; 0:48:03]Program End.
[FimsReadDemon             ; 0:53:02] SKT FIMS INF READ DEMON START >>>>> 
[FimsReadDemon             ; 0:53:03]METS Db CONNECTION !! 
[FimsReadDemon             ; 0:53:03]2번>>>> 자재 수량 분배 신규 데이터 없음.
[FimsReadDemon             ; 0:53:03]5번>>>> 인수 승인 신규 데이터 없음.
[FimsReadDemon             ; 0:53:03]METS Db Dis_Conn !! 
[FimsReadDemon             ; 0:53:03]Program End.
[FimsSendDemon             ; 0:58:01] SKT FIMS INF 10MIN SEND DEMON START >>>>> 
[FimsSendDemon - 10min     ; 0:58:02]METS Db CONNECTION !! 
[FimsSendDemon             ; 0:58:03]3번>>>> 제조사 배송 정보 신규 데이터 없음
[FimsSendDemon             ; 0:58:03]4번>>>> 제조사 배송 내역 신규 데이터 없음
[FimsSendDemon             ; 0:58:03]METS Db Dis_Conn !! 
[FimsSendDemon             ; 0:58:03]Program End.
[FimsReadDemon             ; 1:03:01] SKT FIMS INF READ DEMON START >>>>> 
[FimsReadDemon             ; 1:03:03]METS Db CONNECTION !! 
[FimsReadDemon             ; 1:03:03]2번>>>> 자재 수량 분배 신규 데이터 없음.
[FimsReadDemon             ; 1:03:03]5번>>>> 인수 승인 신규 데이터 없음.
[FimsReadDemon             ; 1:03:03]METS Db Dis_Conn !! 
[FimsReadDemon             ; 1:03:03]Program End.
[FimsSendDemon             ; 1:05:01] SKT FIMS INF SEND DEMON START >>>>> 
[FimsSendDemon             ; 1:05:01]METS Db CONNECTION !! 
[FimsSendDemon             ; 1:05:02]1번>>>> 납품지시내역 신규 데이터 없음
[FimsSendDemon             ; 1:05:02]METS Db Dis_Conn !! 
[FimsSendDemon             ; 1:05:02]Program End.
[FimsSendDemon             ; 1:08:02] SKT FIMS INF 10MIN SEND DEMON START >>>>> 
[FimsSendDemon - 10min     ; 1:08:03]METS Db CONNECTION !! 
[FimsSendDemon             ; 1:08:03]3번>>>> 제조사 배송 정보 신규 데이터 없음
[FimsSendDemon             ; 1:08:03]4번>>>> 제조사 배송 내역 신규 데이터 없음
[FimsSendDemon             ; 1:08:03]METS Db Dis_Conn !! 
[FimsSendDemon             ; 1:08:03]Program End.
[FimsReadDemon             ; 1:13:01] SKT FIMS INF READ DEMON START >>>>> 
[FimsReadDemon             ; 1:13:02]METS Db CONNECTION !! 
[FimsReadDemon             ; 1:13:02]2번>>>> 자재 수량 분배 신규 데이터 없음.
[FimsReadDemon             ; 1:13:02]5번>>>> 인수 승인 신규 데이터 없음.
[FimsReadDemon             ; 1:13:03]METS Db Dis_Conn !! 
[FimsReadDemon             ; 1:13:03]Program End.
[FimsSendDemon             ; 1:18:01] SKT FIMS INF 10MIN SEND DEMON START >>>>> 
[FimsSendDemon - 10min     ; 1:18:02]METS Db CONNECTION !! 
[FimsSendDemon             ; 1:18:02]3번>>>> 제조사 배송 정보 신규 데이터 없음
[FimsSendDemon             ; 1:18:02]4번>>>> 제조사 배송 내역 신규 데이터 없음
[FimsSendDemon             ; 1:18:02]METS Db Dis_Conn !! 
[FimsSendDemon             ; 1:18:02]Program End.
[FimsReadDemon             ; 1:23:01] SKT FIMS INF READ DEMON START >>>>> 
[FimsReadDemon             ; 1:23:03]METS Db CONNECTION !! 
[FimsReadDemon             ; 1:23:03]2번>>>> 자재 수량 분배 신규 데이터 없음.
[FimsReadDemon             ; 1:23:03]5번>>>> 인수 승인 신규 데이터 없음.
[FimsReadDemon             ; 1:23:05]METS Db Dis_Conn !! 
[FimsReadDemon             ; 1:23:05]Program End.
[FimsSendDemon             ; 1:28:01] SKT FIMS INF 10MIN SEND DEMON START >>>>> 
[FimsSendDemon - 10min     ; 1:28:02]METS Db CONNECTION !! 
[FimsSendDemon             ; 1:28:02]3번>>>> 제조사 배송 정보 신규 데이터 없음
[FimsSendDemon             ; 1:28:02]4번>>>> 제조사 배송 내역 신규 데이터 없음
[FimsSendDemon             ; 1:28:03]METS Db Dis_Conn !! 
[FimsSendDemon             ; 1:28:03]Program End.
[FimsReadDemon             ; 1:33:01] SKT FIMS INF READ DEMON START >>>>> 
[FimsReadDemon             ; 1:33:03]METS Db CONNECTION !! 
[FimsReadDemon             ; 1:33:03]2번>>>> 자재 수량 분배 신규 데이터 없음.
[FimsReadDemon             ; 1:33:03]5번>>>> 인수 승인 신규 데이터 없음.
[FimsReadDemon             ; 1:33:04]METS Db Dis_Conn !! 
[FimsReadDemon             ; 1:33:04]Program End.
[FimsSendDemon             ; 1:35:01] SKT FIMS INF SEND DEMON START >>>>> 
[FimsSendDemon             ; 1:35:07]METS Db CONNECTION !! 
[FimsSendDemon             ; 1:35:07]1번>>>> 납품지시내역 신규 데이터 없음
[FimsSendDemon             ; 1:35:07]METS Db Dis_Conn !! 
[FimsSendDemon             ; 1:35:07]Program End.
[FimsSendDemon             ; 1:38:01] SKT FIMS INF 10MIN SEND DEMON START >>>>> 
[FimsSendDemon - 10min     ; 1:38:01]METS Db CONNECTION !! 
[FimsSendDemon             ; 1:38:01]3번>>>> 제조사 배송 정보 신규 데이터 없음
[FimsSendDemon             ; 1:38:01]4번>>>> 제조사 배송 내역 신규 데이터 없음
[FimsSendDemon             ; 1:38:01]METS Db Dis_Conn !! 
[FimsSendDemon             ; 1:38:01]Program End.
[FimsReadDemon             ; 1:43:01] SKT FIMS INF READ DEMON START >>>>> 
[FimsReadDemon             ; 1:43:03]METS Db CONNECTION !! 
[FimsReadDemon             ; 1:43:03]2번>>>> 자재 수량 분배 신규 데이터 없음.
[FimsReadDemon             ; 1:43:03]5번>>>> 인수 승인 신규 데이터 없음.
[FimsReadDemon             ; 1:43:06]METS Db Dis_Conn !! 
[FimsReadDemon             ; 1:43:06]Program End.
[FimsSendDemon             ; 1:48:03] SKT FIMS INF 10MIN SEND DEMON START >>>>> 
[FimsSendDemon - 10min     ; 1:48:04]METS Db CONNECTION !! 
[FimsSendDemon             ; 1:48:04]3번>>>> 제조사 배송 정보 신규 데이터 없음
[FimsSendDemon             ; 1:48:04]4번>>>> 제조사 배송 내역 신규 데이터 없음
[FimsSendDemon             ; 1:48:04]METS Db Dis_Conn !! 
[FimsSendDemon             ; 1:48:04]Program End.
[FimsReadDemon             ; 1:53:02] SKT FIMS INF READ DEMON START >>>>> 
[FimsReadDemon             ; 1:53:02]METS Db CONNECTION !! 
[FimsReadDemon             ; 1:53:02]2번>>>> 자재 수량 분배 신규 데이터 없음.
[FimsReadDemon             ; 1:53:02]5번>>>> 인수 승인 신규 데이터 없음.
[FimsReadDemon             ; 1:53:05]METS Db Dis_Conn !! 
[FimsReadDemon             ; 1:53:05]Program End.
[FimsSendDemon             ; 1:58:03] SKT FIMS INF 10MIN SEND DEMON START >>>>> 
[FimsSendDemon - 10min     ; 1:58:04]METS Db CONNECTION !! 
[FimsSendDemon             ; 1:58:04]3번>>>> 제조사 배송 정보 신규 데이터 없음
[FimsSendDemon             ; 1:58:04]4번>>>> 제조사 배송 내역 신규 데이터 없음
[FimsSendDemon             ; 1:58:04]METS Db Dis_Conn !! 
[FimsSendDemon             ; 1:58:04]Program End.
[FimsReadDemon             ; 2:03:01] SKT FIMS INF READ DEMON START >>>>> 
[FimsReadDemon             ; 2:03:02]METS Db CONNECTION !! 
[FimsReadDemon             ; 2:03:02]2번>>>> 자재 수량 분배 신규 데이터 없음.
[FimsReadDemon             ; 2:03:02]5번>>>> 인수 승인 신규 데이터 없음.
[FimsReadDemon             ; 2:03:02]METS Db Dis_Conn !! 
[FimsReadDemon             ; 2:03:02]Program End.
[FimsSendDemon             ; 2:05:02] SKT FIMS INF SEND DEMON START >>>>> 
[FimsSendDemon             ; 2:05:02]METS Db CONNECTION !! 
[FimsSendDemon             ; 2:05:02]1번>>>> 납품지시내역 신규 데이터 없음
[FimsSendDemon             ; 2:05:02]METS Db Dis_Conn !! 
[FimsSendDemon             ; 2:05:02]Program End.
[FimsSendDemon             ; 2:08:02] SKT FIMS INF 10MIN SEND DEMON START >>>>> 
[FimsSendDemon - 10min     ; 2:08:02]METS Db CONNECTION !! 
[FimsSendDemon             ; 2:08:02]3번>>>> 제조사 배송 정보 신규 데이터 없음
[FimsSendDemon             ; 2:08:02]4번>>>> 제조사 배송 내역 신규 데이터 없음
[FimsSendDemon             ; 2:08:02]METS Db Dis_Conn !! 
[FimsSendDemon             ; 2:08:02]Program End.
[FimsReadDemon             ; 2:13:01] SKT FIMS INF READ DEMON START >>>>> 
[FimsReadDemon             ; 2:13:03]METS Db CONNECTION !! 
[FimsReadDemon             ; 2:13:03]2번>>>> 자재 수량 분배 신규 데이터 없음.
[FimsReadDemon             ; 2:13:03]5번>>>> 인수 승인 신규 데이터 없음.
[FimsReadDemon             ; 2:13:03]METS Db Dis_Conn !! 
[FimsReadDemon             ; 2:13:03]Program End.
[FimsSendDemon             ; 2:18:02] SKT FIMS INF 10MIN SEND DEMON START >>>>> 
[FimsSendDemon - 10min     ; 2:18:03]METS Db CONNECTION !! 
[FimsSendDemon             ; 2:18:03]3번>>>> 제조사 배송 정보 신규 데이터 없음
[FimsSendDemon             ; 2:18:03]4번>>>> 제조사 배송 내역 신규 데이터 없음
[FimsSendDemon             ; 2:18:03]METS Db Dis_Conn !! 
[FimsSendDemon             ; 2:18:03]Program End.
[FimsReadDemon             ; 2:23:02] SKT FIMS INF READ DEMON START >>>>> 
[FimsReadDemon             ; 2:23:03]METS Db CONNECTION !! 
[FimsReadDemon             ; 2:23:03]2번>>>> 자재 수량 분배 신규 데이터 없음.
[FimsReadDemon             ; 2:23:03]5번>>>> 인수 승인 신규 데이터 없음.
[FimsReadDemon             ; 2:23:05]METS Db Dis_Conn !! 
[FimsReadDemon             ; 2:23:05]Program End.
[FimsSendDemon             ; 2:28:01] SKT FIMS INF 10MIN SEND DEMON START >>>>> 
[FimsSendDemon - 10min     ; 2:28:03]METS Db CONNECTION !! 
[FimsSendDemon             ; 2:28:03]3번>>>> 제조사 배송 정보 신규 데이터 없음
[FimsSendDemon             ; 2:28:03]4번>>>> 제조사 배송 내역 신규 데이터 없음
[FimsSendDemon             ; 2:28:03]METS Db Dis_Conn !! 
[FimsSendDemon             ; 2:28:03]Program End.
[FimsReadDemon             ; 2:33:01] SKT FIMS INF READ DEMON START >>>>> 
[FimsReadDemon             ; 2:33:01]METS Db CONNECTION !! 
[FimsReadDemon             ; 2:33:01]2번>>>> 자재 수량 분배 신규 데이터 없음.
[FimsReadDemon             ; 2:33:01]5번>>>> 인수 승인 신규 데이터 없음.
[FimsReadDemon             ; 2:33:01]METS Db Dis_Conn !! 
[FimsReadDemon             ; 2:33:01]Program End.
[FimsSendDemon             ; 2:35:01] SKT FIMS INF SEND DEMON START >>>>> 
[FimsSendDemon             ; 2:35:03]METS Db CONNECTION !! 
[FimsSendDemon             ; 2:35:03]1번>>>> 납품지시내역 신규 데이터 없음
[FimsSendDemon             ; 2:35:03]METS Db Dis_Conn !! 
[FimsSendDemon             ; 2:35:03]Program End.
[FimsSendDemon             ; 2:38:03] SKT FIMS INF 10MIN SEND DEMON START >>>>> 
[FimsSendDemon - 10min     ; 2:38:06]METS Db CONNECTION !! 
[FimsSendDemon             ; 2:38:06]3번>>>> 제조사 배송 정보 신규 데이터 없음
[FimsSendDemon             ; 2:38:06]4번>>>> 제조사 배송 내역 신규 데이터 없음
[FimsSendDemon             ; 2:38:07]METS Db Dis_Conn !! 
[FimsSendDemon             ; 2:38:07]Program End.
[FimsReadDemon             ; 2:43:02] SKT FIMS INF READ DEMON START >>>>> 
[FimsReadDemon             ; 2:43:03]METS Db CONNECTION !! 
[FimsReadDemon             ; 2:43:03]2번>>>> 자재 수량 분배 신규 데이터 없음.
[FimsReadDemon             ; 2:43:03]5번>>>> 인수 승인 신규 데이터 없음.
[FimsReadDemon             ; 2:43:05]METS Db Dis_Conn !! 
[FimsReadDemon             ; 2:43:05]Program End.
[FimsSendDemon             ; 2:48:01] SKT FIMS INF 10MIN SEND DEMON START >>>>> 
[FimsSendDemon - 10min     ; 2:48:02]METS Db CONNECTION !! 
[FimsSendDemon             ; 2:48:02]3번>>>> 제조사 배송 정보 신규 데이터 없음
[FimsSendDemon             ; 2:48:02]4번>>>> 제조사 배송 내역 신규 데이터 없음
[FimsSendDemon             ; 2:48:03]METS Db Dis_Conn !! 
[FimsSendDemon             ; 2:48:03]Program End.
[FimsReadDemon             ; 2:53:02] SKT FIMS INF READ DEMON START >>>>> 
[FimsReadDemon             ; 2:53:08]METS Db CONNECTION !! 
[FimsReadDemon             ; 2:53:08]2번>>>> 자재 수량 분배 신규 데이터 없음.
[FimsReadDemon             ; 2:53:08]5번>>>> 인수 승인 신규 데이터 없음.
[FimsReadDemon             ; 2:53:10]METS Db Dis_Conn !! 
[FimsReadDemon             ; 2:53:10]Program End.
[FimsSendDemon             ; 2:58:01] SKT FIMS INF 10MIN SEND DEMON START >>>>> 
[FimsSendDemon - 10min     ; 2:58:01]METS Db CONNECTION !! 
[FimsSendDemon             ; 2:58:01]3번>>>> 제조사 배송 정보 신규 데이터 없음
[FimsSendDemon             ; 2:58:01]4번>>>> 제조사 배송 내역 신규 데이터 없음
[FimsSendDemon             ; 2:58:03]METS Db Dis_Conn !! 
[FimsSendDemon             ; 2:58:03]Program End.
[FimsReadDemon             ; 3:03:01] SKT FIMS INF READ DEMON START >>>>> 
[FimsReadDemon             ; 3:03:04]METS Db CONNECTION !! 
[FimsReadDemon             ; 3:03:04]2번>>>> 자재 수량 분배 신규 데이터 없음.
[FimsReadDemon             ; 3:03:04]5번>>>> 인수 승인 신규 데이터 없음.
[FimsReadDemon             ; 3:03:06]METS Db Dis_Conn !! 
[FimsReadDemon             ; 3:03:06]Program End.
[FimsSendDemon             ; 3:05:01] SKT FIMS INF SEND DEMON START >>>>> 
[FimsSendDemon             ; 3:05:04]METS Db CONNECTION !! 
[FimsSendDemon             ; 3:05:04]1번>>>> 납품지시내역 신규 데이터 없음
[FimsSendDemon             ; 3:05:04]METS Db Dis_Conn !! 
[FimsSendDemon             ; 3:05:04]Program End.
[FimsSendDemon             ; 3:08:02] SKT FIMS INF 10MIN SEND DEMON START >>>>> 
[FimsSendDemon - 10min     ; 3:08:03]METS Db CONNECTION !! 
[FimsSendDemon             ; 3:08:03]3번>>>> 제조사 배송 정보 신규 데이터 없음
[FimsSendDemon             ; 3:08:03]4번>>>> 제조사 배송 내역 신규 데이터 없음
[FimsSendDemon             ; 3:08:03]METS Db Dis_Conn !! 
[FimsSendDemon             ; 3:08:03]Program End.
[FimsReadDemon             ; 3:13:01] SKT FIMS INF READ DEMON START >>>>> 
[FimsReadDemon             ; 3:13:05]METS Db CONNECTION !! 
[FimsReadDemon             ; 3:13:06]2번>>>> 자재 수량 분배 신규 데이터 없음.
[FimsReadDemon             ; 3:13:06]5번>>>> 인수 승인 신규 데이터 없음.
[FimsReadDemon             ; 3:13:07]METS Db Dis_Conn !! 
[FimsReadDemon             ; 3:13:07]Program End.
[FimsSendDemon             ; 3:18:01] SKT FIMS INF 10MIN SEND DEMON START >>>>> 
[FimsSendDemon - 10min     ; 3:18:03]METS Db CONNECTION !! 
[FimsSendDemon             ; 3:18:03]3번>>>> 제조사 배송 정보 신규 데이터 없음
[FimsSendDemon             ; 3:18:03]4번>>>> 제조사 배송 내역 신규 데이터 없음
[FimsSendDemon             ; 3:18:04]METS Db Dis_Conn !! 
[FimsSendDemon             ; 3:18:04]Program End.
[FimsReadDemon             ; 3:23:01] SKT FIMS INF READ DEMON START >>>>> 
[FimsReadDemon             ; 3:23:02]METS Db CONNECTION !! 
[FimsReadDemon             ; 3:23:02]2번>>>> 자재 수량 분배 신규 데이터 없음.
[FimsReadDemon             ; 3:23:02]5번>>>> 인수 승인 신규 데이터 없음.
[FimsReadDemon             ; 3:23:05]METS Db Dis_Conn !! 
[FimsReadDemon             ; 3:23:05]Program End.
[FimsSendDemon             ; 3:28:01] SKT FIMS INF 10MIN SEND DEMON START >>>>> 
[FimsSendDemon - 10min     ; 3:28:02]METS Db CONNECTION !! 
[FimsSendDemon             ; 3:28:02]3번>>>> 제조사 배송 정보 신규 데이터 없음
[FimsSendDemon             ; 3:28:02]4번>>>> 제조사 배송 내역 신규 데이터 없음
[FimsSendDemon             ; 3:28:04]METS Db Dis_Conn !! 
[FimsSendDemon             ; 3:28:04]Program End.
[FimsReadDemon             ; 3:33:01] SKT FIMS INF READ DEMON START >>>>> 
[FimsReadDemon             ; 3:33:01]METS Db CONNECTION !! 
[FimsReadDemon             ; 3:33:01]2번>>>> 자재 수량 분배 신규 데이터 없음.
[FimsReadDemon             ; 3:33:01]5번>>>> 인수 승인 신규 데이터 없음.
[FimsReadDemon             ; 3:33:05]METS Db Dis_Conn !! 
[FimsReadDemon             ; 3:33:05]Program End.
[FimsSendDemon             ; 3:35:01] SKT FIMS INF SEND DEMON START >>>>> 
[FimsSendDemon             ; 3:35:03]METS Db CONNECTION !! 
[FimsSendDemon             ; 3:35:03]1번>>>> 납품지시내역 신규 데이터 없음
[FimsSendDemon             ; 3:35:03]METS Db Dis_Conn !! 
[FimsSendDemon             ; 3:35:03]Program End.
[FimsSendDemon             ; 3:38:02] SKT FIMS INF 10MIN SEND DEMON START >>>>> 
[FimsSendDemon - 10min     ; 3:38:03]METS Db CONNECTION !! 
[FimsSendDemon             ; 3:38:03]3번>>>> 제조사 배송 정보 신규 데이터 없음
[FimsSendDemon             ; 3:38:03]4번>>>> 제조사 배송 내역 신규 데이터 없음
[FimsSendDemon             ; 3:38:03]METS Db Dis_Conn !! 
[FimsSendDemon             ; 3:38:03]Program End.
[FimsReadDemon             ; 3:43:01] SKT FIMS INF READ DEMON START >>>>> 
[FimsReadDemon             ; 3:43:06]METS Db CONNECTION !! 
[FimsReadDemon             ; 3:43:06]2번>>>> 자재 수량 분배 신규 데이터 없음.
[FimsReadDemon             ; 3:43:06]5번>>>> 인수 승인 신규 데이터 없음.
[FimsReadDemon             ; 3:43:07]METS Db Dis_Conn !! 
[FimsReadDemon             ; 3:43:07]Program End.
[FimsSendDemon             ; 3:48:01] SKT FIMS INF 10MIN SEND DEMON START >>>>> 
[FimsSendDemon - 10min     ; 3:48:04]METS Db CONNECTION !! 
[FimsSendDemon             ; 3:48:04]3번>>>> 제조사 배송 정보 신규 데이터 없음
[FimsSendDemon             ; 3:48:04]4번>>>> 제조사 배송 내역 신규 데이터 없음
[FimsSendDemon             ; 3:48:04]METS Db Dis_Conn !! 
[FimsSendDemon             ; 3:48:04]Program End.
[FimsReadDemon             ; 3:53:01] SKT FIMS INF READ DEMON START >>>>> 
[FimsReadDemon             ; 3:53:06]METS Db CONNECTION !! 
[FimsReadDemon             ; 3:53:06]2번>>>> 자재 수량 분배 신규 데이터 없음.
[FimsReadDemon             ; 3:53:06]5번>>>> 인수 승인 신규 데이터 없음.
[FimsReadDemon             ; 3:53:10]METS Db Dis_Conn !! 
[FimsReadDemon             ; 3:53:10]Program End.
[FimsSendDemon             ; 3:58:02] SKT FIMS INF 10MIN SEND DEMON START >>>>> 
[FimsSendDemon - 10min     ; 3:58:03]METS Db CONNECTION !! 
[FimsSendDemon             ; 3:58:03]3번>>>> 제조사 배송 정보 신규 데이터 없음
[FimsSendDemon             ; 3:58:03]4번>>>> 제조사 배송 내역 신규 데이터 없음
[FimsSendDemon             ; 3:58:03]METS Db Dis_Conn !! 
[FimsSendDemon             ; 3:58:03]Program End.
[FimsReadDemon             ; 4:03:01] SKT FIMS INF READ DEMON START >>>>> 
[FimsReadDemon             ; 4:03:04]METS Db CONNECTION !! 
[FimsReadDemon             ; 4:03:04]2번>>>> 자재 수량 분배 신규 데이터 없음.
[FimsReadDemon             ; 4:03:04]5번>>>> 인수 승인 신규 데이터 없음.
[FimsReadDemon             ; 4:03:06]METS Db Dis_Conn !! 
[FimsReadDemon             ; 4:03:06]Program End.
[FimsSendDemon             ; 4:05:01] SKT FIMS INF SEND DEMON START >>>>> 
[FimsSendDemon             ; 4:05:02]METS Db CONNECTION !! 
[FimsSendDemon             ; 4:05:02]1번>>>> 납품지시내역 신규 데이터 없음
[FimsSendDemon             ; 4:05:02]METS Db Dis_Conn !! 
[FimsSendDemon             ; 4:05:02]Program End.
[FimsSendDemon             ; 4:08:01] SKT FIMS INF 10MIN SEND DEMON START >>>>> 
[FimsSendDemon - 10min     ; 4:08:03]METS Db CONNECTION !! 
[FimsSendDemon             ; 4:08:03]3번>>>> 제조사 배송 정보 신규 데이터 없음
[FimsSendDemon             ; 4:08:03]4번>>>> 제조사 배송 내역 신규 데이터 없음
[FimsSendDemon             ; 4:08:04]METS Db Dis_Conn !! 
[FimsSendDemon             ; 4:08:04]Program End.
[FimsReadDemon             ; 4:13:02] SKT FIMS INF READ DEMON START >>>>> 
[FimsReadDemon             ; 4:13:03]METS Db CONNECTION !! 
[FimsReadDemon             ; 4:13:03]2번>>>> 자재 수량 분배 신규 데이터 없음.
[FimsReadDemon             ; 4:13:03]5번>>>> 인수 승인 신규 데이터 없음.
[FimsReadDemon             ; 4:13:03]METS Db Dis_Conn !! 
[FimsReadDemon             ; 4:13:03]Program End.
[FimsSendDemon             ; 4:18:01] SKT FIMS INF 10MIN SEND DEMON START >>>>> 
[FimsSendDemon - 10min     ; 4:18:03]METS Db CONNECTION !! 
[FimsSendDemon             ; 4:18:03]3번>>>> 제조사 배송 정보 신규 데이터 없음
[FimsSendDemon             ; 4:18:03]4번>>>> 제조사 배송 내역 신규 데이터 없음
[FimsSendDemon             ; 4:18:05]METS Db Dis_Conn !! 
[FimsSendDemon             ; 4:18:05]Program End.
[FimsReadDemon             ; 4:23:01] SKT FIMS INF READ DEMON START >>>>> 
[FimsReadDemon             ; 4:23:03]METS Db CONNECTION !! 
[FimsReadDemon             ; 4:23:03]2번>>>> 자재 수량 분배 신규 데이터 없음.
[FimsReadDemon             ; 4:23:05]5번>>>> 인수 승인 신규 데이터 없음.
[FimsReadDemon             ; 4:23:06]METS Db Dis_Conn !! 
[FimsReadDemon             ; 4:23:06]Program End.
[FimsSendDemon             ; 4:28:02] SKT FIMS INF 10MIN SEND DEMON START >>>>> 
[FimsSendDemon - 10min     ; 4:28:03]METS Db CONNECTION !! 
[FimsSendDemon             ; 4:28:03]3번>>>> 제조사 배송 정보 신규 데이터 없음
[FimsSendDemon             ; 4:28:03]4번>>>> 제조사 배송 내역 신규 데이터 없음
[FimsSendDemon             ; 4:28:03]METS Db Dis_Conn !! 
[FimsSendDemon             ; 4:28:03]Program End.
[FimsReadDemon             ; 4:33:01] SKT FIMS INF READ DEMON START >>>>> 
[FimsReadDemon             ; 4:33:02]METS Db CONNECTION !! 
[FimsReadDemon             ; 4:33:02]2번>>>> 자재 수량 분배 신규 데이터 없음.
[FimsReadDemon             ; 4:33:02]5번>>>> 인수 승인 신규 데이터 없음.
[FimsReadDemon             ; 4:33:04]METS Db Dis_Conn !! 
[FimsReadDemon             ; 4:33:04]Program End.
[FimsSendDemon             ; 4:35:01] SKT FIMS INF SEND DEMON START >>>>> 
[FimsSendDemon             ; 4:35:02]METS Db CONNECTION !! 
[FimsSendDemon             ; 4:35:02]1번>>>> 납품지시내역 신규 데이터 없음
[FimsSendDemon             ; 4:35:02]METS Db Dis_Conn !! 
[FimsSendDemon             ; 4:35:02]Program End.
[FimsSendDemon             ; 4:38:01] SKT FIMS INF 10MIN SEND DEMON START >>>>> 
[FimsSendDemon - 10min     ; 4:38:03]METS Db CONNECTION !! 
[FimsSendDemon             ; 4:38:03]3번>>>> 제조사 배송 정보 신규 데이터 없음
[FimsSendDemon             ; 4:38:03]4번>>>> 제조사 배송 내역 신규 데이터 없음
[FimsSendDemon             ; 4:38:06]METS Db Dis_Conn !! 
[FimsSendDemon             ; 4:38:06]Program End.
[FimsReadDemon             ; 4:43:01] SKT FIMS INF READ DEMON START >>>>> 
[FimsReadDemon             ; 4:43:03]METS Db CONNECTION !! 
[FimsReadDemon             ; 4:43:03]2번>>>> 자재 수량 분배 신규 데이터 없음.
[FimsReadDemon             ; 4:43:03]5번>>>> 인수 승인 신규 데이터 없음.
[FimsReadDemon             ; 4:43:05]METS Db Dis_Conn !! 
[FimsReadDemon             ; 4:43:05]Program End.
[FimsSendDemon             ; 4:48:01] SKT FIMS INF 10MIN SEND DEMON START >>>>> 
[FimsSendDemon - 10min     ; 4:48:02]METS Db CONNECTION !! 
[FimsSendDemon             ; 4:48:02]3번>>>> 제조사 배송 정보 신규 데이터 없음
[FimsSendDemon             ; 4:48:02]4번>>>> 제조사 배송 내역 신규 데이터 없음
[FimsSendDemon             ; 4:48:02]METS Db Dis_Conn !! 
[FimsSendDemon             ; 4:48:02]Program End.
[FimsReadDemon             ; 4:53:01] SKT FIMS INF READ DEMON START >>>>> 
[FimsReadDemon             ; 4:53:05]METS Db CONNECTION !! 
[FimsReadDemon             ; 4:53:05]2번>>>> 자재 수량 분배 신규 데이터 없음.
[FimsReadDemon             ; 4:53:05]5번>>>> 인수 승인 신규 데이터 없음.
[FimsReadDemon             ; 4:53:06]METS Db Dis_Conn !! 
[FimsReadDemon             ; 4:53:06]Program End.
[FimsSendDemon             ; 4:58:01] SKT FIMS INF 10MIN SEND DEMON START >>>>> 
[FimsSendDemon - 10min     ; 4:58:03]METS Db CONNECTION !! 
[FimsSendDemon             ; 4:58:03]3번>>>> 제조사 배송 정보 신규 데이터 없음
[FimsSendDemon             ; 4:58:03]4번>>>> 제조사 배송 내역 신규 데이터 없음
[FimsSendDemon             ; 4:58:03]METS Db Dis_Conn !! 
[FimsSendDemon             ; 4:58:03]Program End.
[FimsReadDemon             ; 5:03:01] SKT FIMS INF READ DEMON START >>>>> 
[FimsReadDemon             ; 5:03:02]METS Db CONNECTION !! 
[FimsReadDemon             ; 5:03:02]2번>>>> 자재 수량 분배 신규 데이터 없음.
[FimsReadDemon             ; 5:03:02]5번>>>> 인수 승인 신규 데이터 없음.
[FimsReadDemon             ; 5:03:03]METS Db Dis_Conn !! 
[FimsReadDemon             ; 5:03:03]Program End.
[FimsSendDemon             ; 5:05:03] SKT FIMS INF SEND DEMON START >>>>> 
[FimsSendDemon             ; 5:05:03]METS Db CONNECTION !! 
[FimsSendDemon             ; 5:05:03]1번>>>> 납품지시내역 신규 데이터 없음
[FimsSendDemon             ; 5:05:03]METS Db Dis_Conn !! 
[FimsSendDemon             ; 5:05:03]Program End.
[FimsSendDemon             ; 5:08:01] SKT FIMS INF 10MIN SEND DEMON START >>>>> 
[FimsSendDemon - 10min     ; 5:08:03]METS Db CONNECTION !! 
[FimsSendDemon             ; 5:08:03]3번>>>> 제조사 배송 정보 신규 데이터 없음
[FimsSendDemon             ; 5:08:03]4번>>>> 제조사 배송 내역 신규 데이터 없음
[FimsSendDemon             ; 5:08:05]METS Db Dis_Conn !! 
[FimsSendDemon             ; 5:08:05]Program End.
[FimsReadDemon             ; 5:13:02] SKT FIMS INF READ DEMON START >>>>> 
[FimsReadDemon             ; 5:13:05]METS Db CONNECTION !! 
[FimsReadDemon             ; 5:13:05]2번>>>> 자재 수량 분배 신규 데이터 없음.
[FimsReadDemon             ; 5:13:05]5번>>>> 인수 승인 신규 데이터 없음.
[FimsReadDemon             ; 5:13:06]METS Db Dis_Conn !! 
[FimsReadDemon             ; 5:13:06]Program End.
[FimsSendDemon             ; 5:18:02] SKT FIMS INF 10MIN SEND DEMON START >>>>> 
[FimsSendDemon - 10min     ; 5:18:04]METS Db CONNECTION !! 
[FimsSendDemon             ; 5:18:04]3번>>>> 제조사 배송 정보 신규 데이터 없음
[FimsSendDemon             ; 5:18:04]4번>>>> 제조사 배송 내역 신규 데이터 없음
[FimsSendDemon             ; 5:18:05]METS Db Dis_Conn !! 
[FimsSendDemon             ; 5:18:05]Program End.
[FimsReadDemon             ; 5:23:02] SKT FIMS INF READ DEMON START >>>>> 
[FimsReadDemon             ; 5:23:04]METS Db CONNECTION !! 
[FimsReadDemon             ; 5:23:05]2번>>>> 자재 수량 분배 신규 데이터 없음.
[FimsReadDemon             ; 5:23:05]5번>>>> 인수 승인 신규 데이터 없음.
[FimsReadDemon             ; 5:23:07]METS Db Dis_Conn !! 
[FimsReadDemon             ; 5:23:07]Program End.
[FimsSendDemon             ; 5:28:01] SKT FIMS INF 10MIN SEND DEMON START >>>>> 
[FimsSendDemon - 10min     ; 5:28:03]METS Db CONNECTION !! 
[FimsSendDemon             ; 5:28:03]3번>>>> 제조사 배송 정보 신규 데이터 없음
[FimsSendDemon             ; 5:28:03]4번>>>> 제조사 배송 내역 신규 데이터 없음
[FimsSendDemon             ; 5:28:03]METS Db Dis_Conn !! 
[FimsSendDemon             ; 5:28:03]Program End.
[FimsReadDemon             ; 5:33:01] SKT FIMS INF READ DEMON START >>>>> 
[FimsReadDemon             ; 5:33:02]METS Db CONNECTION !! 
[FimsReadDemon             ; 5:33:03]2번>>>> 자재 수량 분배 신규 데이터 없음.
[FimsReadDemon             ; 5:33:03]5번>>>> 인수 승인 신규 데이터 없음.
[FimsReadDemon             ; 5:33:04]METS Db Dis_Conn !! 
[FimsReadDemon             ; 5:33:04]Program End.
[FimsSendDemon             ; 5:35:01] SKT FIMS INF SEND DEMON START >>>>> 
[FimsSendDemon             ; 5:35:01]METS Db CONNECTION !! 
[FimsSendDemon             ; 5:35:01]1번>>>> 납품지시내역 신규 데이터 없음
[FimsSendDemon             ; 5:35:01]METS Db Dis_Conn !! 
[FimsSendDemon             ; 5:35:01]Program End.
[FimsSendDemon             ; 5:38:01] SKT FIMS INF 10MIN SEND DEMON START >>>>> 
[FimsSendDemon - 10min     ; 5:38:03]METS Db CONNECTION !! 
[FimsSendDemon             ; 5:38:03]3번>>>> 제조사 배송 정보 신규 데이터 없음
[FimsSendDemon             ; 5:38:03]4번>>>> 제조사 배송 내역 신규 데이터 없음
[FimsSendDemon             ; 5:38:03]METS Db Dis_Conn !! 
[FimsSendDemon             ; 5:38:03]Program End.
[FimsReadDemon             ; 5:43:01] SKT FIMS INF READ DEMON START >>>>> 
[FimsReadDemon             ; 5:43:02]METS Db CONNECTION !! 
[FimsReadDemon             ; 5:43:02]2번>>>> 자재 수량 분배 신규 데이터 없음.
[FimsReadDemon             ; 5:43:02]5번>>>> 인수 승인 신규 데이터 없음.
[FimsReadDemon             ; 5:43:05]METS Db Dis_Conn !! 
[FimsReadDemon             ; 5:43:05]Program End.
[FimsSendDemon             ; 5:48:01] SKT FIMS INF 10MIN SEND DEMON START >>>>> 
[FimsSendDemon - 10min     ; 5:48:01]METS Db CONNECTION !! 
[FimsSendDemon             ; 5:48:01]3번>>>> 제조사 배송 정보 신규 데이터 없음
[FimsSendDemon             ; 5:48:01]4번>>>> 제조사 배송 내역 신규 데이터 없음
[FimsSendDemon             ; 5:48:01]METS Db Dis_Conn !! 
[FimsSendDemon             ; 5:48:01]Program End.
[FimsReadDemon             ; 5:53:01] SKT FIMS INF READ DEMON START >>>>> 
[FimsReadDemon             ; 5:53:01]METS Db CONNECTION !! 
[FimsReadDemon             ; 5:53:01]2번>>>> 자재 수량 분배 신규 데이터 없음.
[FimsReadDemon             ; 5:53:03]5번>>>> 인수 승인 신규 데이터 없음.
[FimsReadDemon             ; 5:53:04]METS Db Dis_Conn !! 
[FimsReadDemon             ; 5:53:04]Program End.
[FimsSendDemon             ; 5:58:01] SKT FIMS INF 10MIN SEND DEMON START >>>>> 
[FimsSendDemon - 10min     ; 5:58:07]METS Db CONNECTION !! 
[FimsSendDemon             ; 5:58:07]3번>>>> 제조사 배송 정보 신규 데이터 없음
[FimsSendDemon             ; 5:58:07]4번>>>> 제조사 배송 내역 신규 데이터 없음
[FimsSendDemon             ; 5:58:07]METS Db Dis_Conn !! 
[FimsSendDemon             ; 5:58:07]Program End.
[FimsReadDemon             ; 6:03:01] SKT FIMS INF READ DEMON START >>>>> 
[FimsReadDemon             ; 6:03:02]METS Db CONNECTION !! 
[FimsReadDemon             ; 6:03:03]2번>>>> 자재 수량 분배 신규 데이터 없음.
[FimsReadDemon             ; 6:03:03]5번>>>> 인수 승인 신규 데이터 없음.
[FimsReadDemon             ; 6:03:03]METS Db Dis_Conn !! 
[FimsReadDemon             ; 6:03:03]Program End.
[FimsSendDemon             ; 6:05:02] SKT FIMS INF SEND DEMON START >>>>> 
[FimsSendDemon             ; 6:05:02]METS Db CONNECTION !! 
[FimsSendDemon             ; 6:05:03]1번>>>> 납품지시내역 신규 데이터 없음
[FimsSendDemon             ; 6:05:03]METS Db Dis_Conn !! 
[FimsSendDemon             ; 6:05:03]Program End.
[FimsSendDemon             ; 6:08:02] SKT FIMS INF 10MIN SEND DEMON START >>>>> 
[FimsSendDemon - 10min     ; 6:08:02]METS Db CONNECTION !! 
[FimsSendDemon             ; 6:08:02]3번>>>> 제조사 배송 정보 신규 데이터 없음
[FimsSendDemon             ; 6:08:02]4번>>>> 제조사 배송 내역 신규 데이터 없음
[FimsSendDemon             ; 6:08:02]METS Db Dis_Conn !! 
[FimsSendDemon             ; 6:08:02]Program End.
[FimsReadDemon             ; 6:13:01] SKT FIMS INF READ DEMON START >>>>> 
[FimsReadDemon             ; 6:13:04]METS Db CONNECTION !! 
[FimsReadDemon             ; 6:13:04]2번>>>> 자재 수량 분배 신규 데이터 없음.
[FimsReadDemon             ; 6:13:04]5번>>>> 인수 승인 신규 데이터 없음.
[FimsReadDemon             ; 6:13:04]METS Db Dis_Conn !! 
[FimsReadDemon             ; 6:13:04]Program End.
[FimsSendDemon             ; 6:18:01] SKT FIMS INF 10MIN SEND DEMON START >>>>> 
[FimsSendDemon - 10min     ; 6:18:04]METS Db CONNECTION !! 
[FimsSendDemon             ; 6:18:04]3번>>>> 제조사 배송 정보 신규 데이터 없음
[FimsSendDemon             ; 6:18:04]4번>>>> 제조사 배송 내역 신규 데이터 없음
[FimsSendDemon             ; 6:18:04]METS Db Dis_Conn !! 
[FimsSendDemon             ; 6:18:04]Program End.
[FimsReadDemon             ; 6:23:01] SKT FIMS INF READ DEMON START >>>>> 
[FimsReadDemon             ; 6:23:03]METS Db CONNECTION !! 
[FimsReadDemon             ; 6:23:03]2번>>>> 자재 수량 분배 신규 데이터 없음.
[FimsReadDemon             ; 6:23:03]5번>>>> 인수 승인 신규 데이터 없음.
[FimsReadDemon             ; 6:23:04]METS Db Dis_Conn !! 
[FimsReadDemon             ; 6:23:04]Program End.
[FimsSendDemon             ; 6:28:01] SKT FIMS INF 10MIN SEND DEMON START >>>>> 
[FimsSendDemon - 10min     ; 6:28:04]METS Db CONNECTION !! 
[FimsSendDemon             ; 6:28:04]3번>>>> 제조사 배송 정보 신규 데이터 없음
[FimsSendDemon             ; 6:28:04]4번>>>> 제조사 배송 내역 신규 데이터 없음
[FimsSendDemon             ; 6:28:04]METS Db Dis_Conn !! 
[FimsSendDemon             ; 6:28:04]Program End.
[FimsReadDemon             ; 6:33:02] SKT FIMS INF READ DEMON START >>>>> 
[FimsReadDemon             ; 6:33:03]METS Db CONNECTION !! 
[FimsReadDemon             ; 6:33:03]2번>>>> 자재 수량 분배 신규 데이터 없음.
[FimsReadDemon             ; 6:33:03]5번>>>> 인수 승인 신규 데이터 없음.
[FimsReadDemon             ; 6:33:05]METS Db Dis_Conn !! 
[FimsReadDemon             ; 6:33:05]Program End.
[FimsSendDemon             ; 6:35:01] SKT FIMS INF SEND DEMON START >>>>> 
[FimsSendDemon             ; 6:35:02]METS Db CONNECTION !! 
[FimsSendDemon             ; 6:35:02]1번>>>> 납품지시내역 신규 데이터 없음
[FimsSendDemon             ; 6:35:02]METS Db Dis_Conn !! 
[FimsSendDemon             ; 6:35:02]Program End.
[FimsSendDemon             ; 6:38:02] SKT FIMS INF 10MIN SEND DEMON START >>>>> 
[FimsSendDemon - 10min     ; 6:38:03]METS Db CONNECTION !! 
[FimsSendDemon             ; 6:38:03]3번>>>> 제조사 배송 정보 신규 데이터 없음
[FimsSendDemon             ; 6:38:03]4번>>>> 제조사 배송 내역 신규 데이터 없음
[FimsSendDemon             ; 6:38:05]METS Db Dis_Conn !! 
[FimsSendDemon             ; 6:38:05]Program End.
[FimsReadDemon             ; 6:43:02] SKT FIMS INF READ DEMON START >>>>> 
[FimsReadDemon             ; 6:43:04]METS Db CONNECTION !! 
[FimsReadDemon             ; 6:43:04]2번>>>> 자재 수량 분배 신규 데이터 없음.
[FimsReadDemon             ; 6:43:04]5번>>>> 인수 승인 신규 데이터 없음.
[FimsReadDemon             ; 6:43:06]METS Db Dis_Conn !! 
[FimsReadDemon             ; 6:43:06]Program End.
[FimsSendDemon             ; 6:48:01] SKT FIMS INF 10MIN SEND DEMON START >>>>> 
[FimsSendDemon - 10min     ; 6:48:04]METS Db CONNECTION !! 
[FimsSendDemon             ; 6:48:04]3번>>>> 제조사 배송 정보 신규 데이터 없음
[FimsSendDemon             ; 6:48:04]4번>>>> 제조사 배송 내역 신규 데이터 없음
[FimsSendDemon             ; 6:48:04]METS Db Dis_Conn !! 
[FimsSendDemon             ; 6:48:04]Program End.
[FimsReadDemon             ; 6:53:01] SKT FIMS INF READ DEMON START >>>>> 
[FimsReadDemon             ; 6:53:06]METS Db CONNECTION !! 
[FimsReadDemon             ; 6:53:06]2번>>>> 자재 수량 분배 신규 데이터 없음.
[FimsReadDemon             ; 6:53:06]5번>>>> 인수 승인 신규 데이터 없음.
[FimsReadDemon             ; 6:53:09]METS Db Dis_Conn !! 
[FimsReadDemon             ; 6:53:09]Program End.
[FimsSendDemon             ; 6:58:02] SKT FIMS INF 10MIN SEND DEMON START >>>>> 
[FimsSendDemon - 10min     ; 6:58:03]METS Db CONNECTION !! 
[FimsSendDemon             ; 6:58:03]3번>>>> 제조사 배송 정보 신규 데이터 없음
[FimsSendDemon             ; 6:58:03]4번>>>> 제조사 배송 내역 신규 데이터 없음
[FimsSendDemon             ; 6:58:03]METS Db Dis_Conn !! 
[FimsSendDemon             ; 6:58:03]Program End.
[FimsReadDemon             ; 7:03:01] SKT FIMS INF READ DEMON START >>>>> 
[FimsReadDemon             ; 7:03:03]METS Db CONNECTION !! 
[FimsReadDemon             ; 7:03:03]2번>>>> 자재 수량 분배 신규 데이터 없음.
[FimsReadDemon             ; 7:03:08]5번>>>> 인수 승인 신규 데이터 없음.
[FimsReadDemon             ; 7:03:09]METS Db Dis_Conn !! 
[FimsReadDemon             ; 7:03:09]Program End.
[FimsSendDemon             ; 7:05:01] SKT FIMS INF SEND DEMON START >>>>> 
[FimsSendDemon             ; 7:05:02]METS Db CONNECTION !! 
[FimsSendDemon             ; 7:05:02]1번>>>> 납품지시내역 신규 데이터 없음
[FimsSendDemon             ; 7:05:02]METS Db Dis_Conn !! 
[FimsSendDemon             ; 7:05:02]Program End.
[FimsSendDemon             ; 7:08:01] SKT FIMS INF 10MIN SEND DEMON START >>>>> 
[FimsSendDemon - 10min     ; 7:08:03]METS Db CONNECTION !! 
[FimsSendDemon             ; 7:08:03]3번>>>> 제조사 배송 정보 신규 데이터 없음
[FimsSendDemon             ; 7:08:03]4번>>>> 제조사 배송 내역 신규 데이터 없음
[FimsSendDemon             ; 7:08:03]METS Db Dis_Conn !! 
[FimsSendDemon             ; 7:08:03]Program End.
[FimsReadDemon             ; 7:13:02] SKT FIMS INF READ DEMON START >>>>> 
[FimsReadDemon             ; 7:13:04]METS Db CONNECTION !! 
[FimsReadDemon             ; 7:13:04]2번>>>> 자재 수량 분배 신규 데이터 없음.
[FimsReadDemon             ; 7:13:05]5번>>>> 인수 승인 신규 데이터 없음.
[FimsReadDemon             ; 7:13:06]METS Db Dis_Conn !! 
[FimsReadDemon             ; 7:13:06]Program End.
[FimsSendDemon             ; 7:18:01] SKT FIMS INF 10MIN SEND DEMON START >>>>> 
[FimsSendDemon - 10min     ; 7:18:02]METS Db CONNECTION !! 
[FimsSendDemon             ; 7:18:02]3번>>>> 제조사 배송 정보 신규 데이터 없음
[FimsSendDemon             ; 7:18:02]4번>>>> 제조사 배송 내역 신규 데이터 없음
[FimsSendDemon             ; 7:18:02]METS Db Dis_Conn !! 
[FimsSendDemon             ; 7:18:02]Program End.
[FimsReadDemon             ; 7:23:01] SKT FIMS INF READ DEMON START >>>>> 
[FimsReadDemon             ; 7:23:03]METS Db CONNECTION !! 
[FimsReadDemon             ; 7:23:03]2번>>>> 자재 수량 분배 신규 데이터 없음.
[FimsReadDemon             ; 7:23:03]5번>>>> 인수 승인 신규 데이터 없음.
[FimsReadDemon             ; 7:23:04]METS Db Dis_Conn !! 
[FimsReadDemon             ; 7:23:04]Program End.
[FimsSendDemon             ; 7:28:01] SKT FIMS INF 10MIN SEND DEMON START >>>>> 
[FimsSendDemon - 10min     ; 7:28:01]METS Db CONNECTION !! 
[FimsSendDemon             ; 7:28:01]3번>>>> 제조사 배송 정보 신규 데이터 없음
[FimsSendDemon             ; 7:28:01]4번>>>> 제조사 배송 내역 신규 데이터 없음
[FimsSendDemon             ; 7:28:01]METS Db Dis_Conn !! 
[FimsSendDemon             ; 7:28:01]Program End.
[FimsReadDemon             ; 7:33:01] SKT FIMS INF READ DEMON START >>>>> 
[FimsReadDemon             ; 7:33:03]METS Db CONNECTION !! 
[FimsReadDemon             ; 7:33:03]2번>>>> 자재 수량 분배 신규 데이터 없음.
[FimsReadDemon             ; 7:33:03]5번>>>> 인수 승인 신규 데이터 없음.
[FimsReadDemon             ; 7:33:05]METS Db Dis_Conn !! 
[FimsReadDemon             ; 7:33:05]Program End.
[FimsSendDemon             ; 7:35:01] SKT FIMS INF SEND DEMON START >>>>> 
[FimsSendDemon             ; 7:35:03]METS Db CONNECTION !! 
[FimsSendDemon             ; 7:35:03]1번>>>> 납품지시내역 신규 데이터 없음
[FimsSendDemon             ; 7:35:03]METS Db Dis_Conn !! 
[FimsSendDemon             ; 7:35:03]Program End.
[FimsSendDemon             ; 7:38:01] SKT FIMS INF 10MIN SEND DEMON START >>>>> 
[FimsSendDemon - 10min     ; 7:38:07]METS Db CONNECTION !! 
[FimsSendDemon             ; 7:38:07]3번>>>> 제조사 배송 정보 신규 데이터 없음
[FimsSendDemon             ; 7:38:07]4번>>>> 제조사 배송 내역 신규 데이터 없음
[FimsSendDemon             ; 7:38:07]METS Db Dis_Conn !! 
[FimsSendDemon             ; 7:38:07]Program End.
[FimsReadDemon             ; 7:43:01] SKT FIMS INF READ DEMON START >>>>> 
[FimsReadDemon             ; 7:43:01]METS Db CONNECTION !! 
[FimsReadDemon             ; 7:43:01]2번>>>> 자재 수량 분배 신규 데이터 없음.
[FimsReadDemon             ; 7:43:01]5번>>>> 인수 승인 신규 데이터 없음.
[FimsReadDemon             ; 7:43:02]METS Db Dis_Conn !! 
[FimsReadDemon             ; 7:43:02]Program End.
[FimsSendDemon             ; 7:48:01] SKT FIMS INF 10MIN SEND DEMON START >>>>> 
[FimsSendDemon - 10min     ; 7:48:03]METS Db CONNECTION !! 
[FimsSendDemon             ; 7:48:03]3번>>>> 제조사 배송 정보 신규 데이터 없음
[FimsSendDemon             ; 7:48:03]4번>>>> 제조사 배송 내역 신규 데이터 없음
[FimsSendDemon             ; 7:48:05]METS Db Dis_Conn !! 
[FimsSendDemon             ; 7:48:05]Program End.
[FimsReadDemon             ; 7:53:02] SKT FIMS INF READ DEMON START >>>>> 
[FimsReadDemon             ; 7:53:05]METS Db CONNECTION !! 
[FimsReadDemon             ; 7:53:05]2번>>>> 자재 수량 분배 신규 데이터 없음.
[FimsReadDemon             ; 7:53:05]5번>>>> 인수 승인 신규 데이터 없음.
[FimsReadDemon             ; 7:53:05]METS Db Dis_Conn !! 
[FimsReadDemon             ; 7:53:05]Program End.
[FimsSendDemon             ; 7:58:02] SKT FIMS INF 10MIN SEND DEMON START >>>>> 
[FimsSendDemon - 10min     ; 7:58:03]METS Db CONNECTION !! 
[FimsSendDemon             ; 7:58:03]3번>>>> 제조사 배송 정보 신규 데이터 없음
[FimsSendDemon             ; 7:58:03]4번>>>> 제조사 배송 내역 신규 데이터 없음
[FimsSendDemon             ; 7:58:03]METS Db Dis_Conn !! 
[FimsSendDemon             ; 7:58:03]Program End.
[FimsReadDemon             ; 8:03:01] SKT FIMS INF READ DEMON START >>>>> 
[FimsReadDemon             ; 8:03:04]METS Db CONNECTION !! 
[FimsReadDemon             ; 8:03:04]2번>>>> 자재 수량 분배 신규 데이터 없음.
[FimsReadDemon             ; 8:03:04]5번>>>> 인수 승인 신규 데이터 없음.
[FimsReadDemon             ; 8:03:04]METS Db Dis_Conn !! 
[FimsReadDemon             ; 8:03:04]Program End.
[FimsSendDemon             ; 8:05:01] SKT FIMS INF SEND DEMON START >>>>> 
[FimsSendDemon             ; 8:05:07]METS Db CONNECTION !! 
[FimsSendDemon             ; 8:05:08]1번>>>> 납품지시내역 신규 데이터 없음
[FimsSendDemon             ; 8:05:08]METS Db Dis_Conn !! 
[FimsSendDemon             ; 8:05:08]Program End.
[FimsSendDemon             ; 8:08:01] SKT FIMS INF 10MIN SEND DEMON START >>>>> 
[FimsSendDemon - 10min     ; 8:08:02]METS Db CONNECTION !! 
[FimsSendDemon             ; 8:08:02]3번>>>> 제조사 배송 정보 신규 데이터 없음
[FimsSendDemon             ; 8:08:02]4번>>>> 제조사 배송 내역 신규 데이터 없음
[FimsSendDemon             ; 8:08:02]METS Db Dis_Conn !! 
[FimsSendDemon             ; 8:08:02]Program End.
[FimsReadDemon             ; 8:13:02] SKT FIMS INF READ DEMON START >>>>> 
[FimsReadDemon             ; 8:13:04]METS Db CONNECTION !! 
[FimsReadDemon             ; 8:13:05]2번>>>> 자재 수량 분배 신규 데이터 없음.
[FimsReadDemon             ; 8:13:05]5번>>>> 인수 승인 신규 데이터 없음.
[FimsReadDemon             ; 8:13:06]METS Db Dis_Conn !! 
[FimsReadDemon             ; 8:13:06]Program End.
[FimsSendDemon             ; 8:18:02] SKT FIMS INF 10MIN SEND DEMON START >>>>> 
[FimsSendDemon - 10min     ; 8:18:02]METS Db CONNECTION !! 
[FimsSendDemon             ; 8:18:02]3번>>>> 제조사 배송 정보 신규 데이터 없음
[FimsSendDemon             ; 8:18:02]4번>>>> 제조사 배송 내역 신규 데이터 없음
[FimsSendDemon             ; 8:18:02]METS Db Dis_Conn !! 
[FimsSendDemon             ; 8:18:02]Program End.
[FimsReadDemon             ; 8:23:02] SKT FIMS INF READ DEMON START >>>>> 
[FimsReadDemon             ; 8:23:08]METS Db CONNECTION !! 
[FimsReadDemon             ; 8:23:08]2번>>>> 자재 수량 분배 신규 데이터 없음.
[FimsReadDemon             ; 8:23:08]5번>>>> 인수 승인 신규 데이터 없음.
[FimsReadDemon             ; 8:23:09]METS Db Dis_Conn !! 
[FimsReadDemon             ; 8:23:09]Program End.
[FimsSendDemon             ; 8:28:02] SKT FIMS INF 10MIN SEND DEMON START >>>>> 
[FimsSendDemon - 10min     ; 8:28:03]METS Db CONNECTION !! 
[FimsSendDemon             ; 8:28:03]3번>>>> 제조사 배송 정보 신규 데이터 없음
[FimsSendDemon             ; 8:28:03]4번>>>> 제조사 배송 내역 신규 데이터 없음
[FimsSendDemon             ; 8:28:03]METS Db Dis_Conn !! 
[FimsSendDemon             ; 8:28:03]Program End.
[FimsReadDemon             ; 8:33:01] SKT FIMS INF READ DEMON START >>>>> 
[FimsReadDemon             ; 8:33:03]METS Db CONNECTION !! 
[FimsReadDemon             ; 8:33:03]2번>>>> 자재 수량 분배 신규 데이터 없음.
[FimsReadDemon             ; 8:33:03]5번>>>> 인수 승인 신규 데이터 없음.
[FimsReadDemon             ; 8:33:03]METS Db Dis_Conn !! 
[FimsReadDemon             ; 8:33:03]Program End.
[FimsSendDemon             ; 8:35:03] SKT FIMS INF SEND DEMON START >>>>> 
[FimsSendDemon             ; 8:35:05]METS Db CONNECTION !! 
[FimsSendDemon             ; 8:35:05]1번>>>> 납품지시내역 신규 데이터 없음
[FimsSendDemon             ; 8:35:05]METS Db Dis_Conn !! 
[FimsSendDemon             ; 8:35:05]Program End.
[FimsSendDemon             ; 8:38:02] SKT FIMS INF 10MIN SEND DEMON START >>>>> 
[FimsSendDemon - 10min     ; 8:38:08]METS Db CONNECTION !! 
[FimsSendDemon             ; 8:38:08]3번>>>> 제조사 배송 정보 신규 데이터 없음
[FimsSendDemon             ; 8:38:08]4번>>>> 제조사 배송 내역 신규 데이터 없음
[FimsSendDemon             ; 8:38:08]METS Db Dis_Conn !! 
[FimsSendDemon             ; 8:38:08]Program End.
[FimsReadDemon             ; 8:43:01] SKT FIMS INF READ DEMON START >>>>> 
[FimsReadDemon             ; 8:43:02]METS Db CONNECTION !! 
[FimsReadDemon             ; 8:43:03]2번>>>> 자재 수량 분배 신규 데이터 없음.
[FimsReadDemon             ; 8:43:03]5번>>>> 인수 승인 신규 데이터 없음.
[FimsReadDemon             ; 8:43:04]METS Db Dis_Conn !! 
[FimsReadDemon             ; 8:43:04]Program End.
[FimsSendDemon             ; 8:48:02] SKT FIMS INF 10MIN SEND DEMON START >>>>> 
[FimsSendDemon - 10min     ; 8:48:02]METS Db CONNECTION !! 
[FimsSendDemon             ; 8:48:02]3번>>>> 제조사 배송 정보 신규 데이터 없음
[FimsSendDemon             ; 8:48:02]4번>>>> 제조사 배송 내역 신규 데이터 없음
[FimsSendDemon             ; 8:48:02]METS Db Dis_Conn !! 
[FimsSendDemon             ; 8:48:02]Program End.
[FimsReadDemon             ; 8:53:02] SKT FIMS INF READ DEMON START >>>>> 
[FimsReadDemon             ; 8:53:03]METS Db CONNECTION !! 
[FimsReadDemon             ; 8:53:03]2번>>>> 자재 수량 분배 신규 데이터 없음.
[FimsReadDemon             ; 8:53:03]5번>>>> 인수 승인 신규 데이터 없음.
[FimsReadDemon             ; 8:53:04]METS Db Dis_Conn !! 
[FimsReadDemon             ; 8:53:04]Program End.
[FimsSendDemon             ; 8:58:01] SKT FIMS INF 10MIN SEND DEMON START >>>>> 
[FimsSendDemon - 10min     ; 8:58:05]METS Db CONNECTION !! 
[FimsSendDemon             ; 8:58:05]3번>>>> 제조사 배송 정보 신규 데이터 없음
[FimsSendDemon             ; 8:58:05]4번>>>> 제조사 배송 내역 신규 데이터 없음
[FimsSendDemon             ; 8:58:05]METS Db Dis_Conn !! 
[FimsSendDemon             ; 8:58:05]Program End.
[FimsReadDemon             ; 9:03:01] SKT FIMS INF READ DEMON START >>>>> 
[FimsReadDemon             ; 9:03:03]METS Db CONNECTION !! 
[FimsReadDemon             ; 9:03:03]2번>>>> 자재 수량 분배 신규 데이터 없음.
[FimsReadDemon             ; 9:03:03]5번>>>> 인수 승인 신규 데이터 없음.
[FimsReadDemon             ; 9:03:05]METS Db Dis_Conn !! 
[FimsReadDemon             ; 9:03:05]Program End.
[FimsSendDemon             ; 9:05:01] SKT FIMS INF SEND DEMON START >>>>> 
[FimsSendDemon             ; 9:05:06]METS Db CONNECTION !! 
[FimsSendDemon             ; 9:05:06]1번>>>> 납품지시내역 신규 데이터 없음
[FimsSendDemon             ; 9:05:06]METS Db Dis_Conn !! 
[FimsSendDemon             ; 9:05:06]Program End.
[FimsSendDemon             ; 9:08:01] SKT FIMS INF 10MIN SEND DEMON START >>>>> 
[FimsSendDemon - 10min     ; 9:08:04]METS Db CONNECTION !! 
[FimsSendDemon             ; 9:08:04]3번>>>> 제조사 배송 정보 신규 데이터 없음
[FimsSendDemon             ; 9:08:04]4번>>>> 제조사 배송 내역 신규 데이터 없음
[FimsSendDemon             ; 9:08:04]METS Db Dis_Conn !! 
[FimsSendDemon             ; 9:08:04]Program End.
[FimsReadDemon             ; 9:13:01] SKT FIMS INF READ DEMON START >>>>> 
[FimsReadDemon             ; 9:13:02]METS Db CONNECTION !! 
[FimsReadDemon             ; 9:13:03]2번>>>> 자재 수량 분배 신규 데이터 없음.
[FimsReadDemon             ; 9:13:03]5번>>>> 인수 승인 신규 데이터 없음.
[FimsReadDemon             ; 9:13:04]METS Db Dis_Conn !! 
[FimsReadDemon             ; 9:13:04]Program End.
[FimsSendDemon             ; 9:18:02] SKT FIMS INF 10MIN SEND DEMON START >>>>> 
[FimsSendDemon - 10min     ; 9:18:03]METS Db CONNECTION !! 
[FimsSendDemon             ; 9:18:04]3번>>>> 제조사 배송 정보 신규 데이터 없음
[FimsSendDemon             ; 9:18:04]4번>>>> 제조사 배송 내역 신규 데이터 없음
[FimsSendDemon             ; 9:18:04]METS Db Dis_Conn !! 
[FimsSendDemon             ; 9:18:04]Program End.
[FimsReadDemon             ; 9:23:01] SKT FIMS INF READ DEMON START >>>>> 
[FimsReadDemon             ; 9:23:03]METS Db CONNECTION !! 
[FimsReadDemon             ; 9:23:03]2번>>>> 자재 수량 분배 신규 데이터 없음.
[FimsReadDemon             ; 9:23:03]5번>>>> 인수 승인 신규 데이터 없음.
[FimsReadDemon             ; 9:23:05]METS Db Dis_Conn !! 
[FimsReadDemon             ; 9:23:05]Program End.
[FimsSendDemon             ; 9:28:01] SKT FIMS INF 10MIN SEND DEMON START >>>>> 
[FimsSendDemon - 10min     ; 9:28:01]METS Db CONNECTION !! 
[FimsSendDemon             ; 9:28:01]3번>>>> 제조사 배송 정보 신규 데이터 없음
[FimsSendDemon             ; 9:28:01]4번>>>> 제조사 배송 내역 신규 데이터 없음
[FimsSendDemon             ; 9:28:01]METS Db Dis_Conn !! 
[FimsSendDemon             ; 9:28:01]Program End.
[FimsReadDemon             ; 9:33:01] SKT FIMS INF READ DEMON START >>>>> 
[FimsReadDemon             ; 9:33:03]METS Db CONNECTION !! 
[FimsReadDemon             ; 9:33:03]2번>>>> 자재 수량 분배 신규 데이터 없음.
[FimsReadDemon             ; 9:33:03]5번>>>> 인수 승인 신규 데이터 없음.
[FimsReadDemon             ; 9:33:04]METS Db Dis_Conn !! 
[FimsReadDemon             ; 9:33:04]Program End.
[FimsSendDemon             ; 9:35:01] SKT FIMS INF SEND DEMON START >>>>> 
[FimsSendDemon             ; 9:35:02]METS Db CONNECTION !! 
[FimsSendDemon             ; 9:35:02]1번>>>> 납품지시내역 신규 데이터 없음
[FimsSendDemon             ; 9:35:02]METS Db Dis_Conn !! 
[FimsSendDemon             ; 9:35:02]Program End.
[FimsSendDemon             ; 9:38:02] SKT FIMS INF 10MIN SEND DEMON START >>>>> 
[FimsSendDemon - 10min     ; 9:38:04]METS Db CONNECTION !! 
[FimsSendDemon             ; 9:38:04]3번>>>> 제조사 배송 정보 신규 데이터 없음
[FimsSendDemon             ; 9:38:04]4번>>>> 제조사 배송 내역 신규 데이터 없음
[FimsSendDemon             ; 9:38:04]METS Db Dis_Conn !! 
[FimsSendDemon             ; 9:38:04]Program End.
[FimsReadDemon             ; 9:43:02] SKT FIMS INF READ DEMON START >>>>> 
[FimsReadDemon             ; 9:43:03]METS Db CONNECTION !! 
[FimsReadDemon             ; 9:43:03]2번>>>> 자재 수량 분배 신규 데이터 없음.
[FimsReadDemon             ; 9:43:03]5번>>>> 인수 승인 신규 데이터 없음.
[FimsReadDemon             ; 9:43:05]METS Db Dis_Conn !! 
[FimsReadDemon             ; 9:43:05]Program End.
[FimsSendDemon             ; 9:48:01] SKT FIMS INF 10MIN SEND DEMON START >>>>> 
[FimsSendDemon - 10min     ; 9:48:01]METS Db CONNECTION !! 
[FimsSendDemon             ; 9:48:01]3번>>>> 제조사 배송 정보 신규 데이터 없음
[FimsSendDemon             ; 9:48:01]4번>>>> 제조사 배송 내역 신규 데이터 없음
[FimsSendDemon             ; 9:48:03]METS Db Dis_Conn !! 
[FimsSendDemon             ; 9:48:03]Program End.
[FimsReadDemon             ; 9:53:01] SKT FIMS INF READ DEMON START >>>>> 
[FimsReadDemon             ; 9:53:01]METS Db CONNECTION !! 
[FimsReadDemon             ; 9:53:01]2번>>>> 자재 수량 분배 신규 데이터 없음.
[FimsReadDemon             ; 9:53:01]5번>>>> 인수 승인 신규 데이터 없음.
[FimsReadDemon             ; 9:53:04]METS Db Dis_Conn !! 
[FimsReadDemon             ; 9:53:04]Program End.
[FimsSendDemon             ; 9:58:01] SKT FIMS INF 10MIN SEND DEMON START >>>>> 
[FimsSendDemon - 10min     ; 9:58:03]METS Db CONNECTION !! 
[FimsSendDemon             ; 9:58:03]3번>>>> 제조사 배송 정보 신규 데이터 없음
[FimsSendDemon             ; 9:58:03]4번>>>> 제조사 배송 내역 신규 데이터 없음
[FimsSendDemon             ; 9:58:03]METS Db Dis_Conn !! 
[FimsSendDemon             ; 9:58:03]Program End.
[FimsReadDemon             ; 10:03:01] SKT FIMS INF READ DEMON START >>>>> 
[FimsReadDemon             ; 10:03:02]METS Db CONNECTION !! 
[FimsReadDemon             ; 10:03:02]2번>>>> 자재 수량 분배 신규 데이터 없음.
[FimsReadDemon             ; 10:03:02]5번>>>> 인수 승인 신규 데이터 없음.
[FimsReadDemon             ; 10:03:12]METS Db Dis_Conn !! 
[FimsReadDemon             ; 10:03:12]Program End.
[FimsSendDemon             ; 10:05:02] SKT FIMS INF SEND DEMON START >>>>> 
[FimsSendDemon             ; 10:05:02]METS Db CONNECTION !! 
[FimsSendDemon             ; 10:05:02]1번>>>> 납품지시내역 신규 데이터 없음
[FimsSendDemon             ; 10:05:03]METS Db Dis_Conn !! 
[FimsSendDemon             ; 10:05:03]Program End.
[FimsSendDemon             ; 10:08:01] SKT FIMS INF 10MIN SEND DEMON START >>>>> 
[FimsSendDemon - 10min     ; 10:08:04]METS Db CONNECTION !! 
[FimsSendDemon             ; 10:08:05]3번>>>> 제조사 배송 정보 신규 데이터 없음
[FimsSendDemon             ; 10:08:05]4번>>>> 제조사 배송 내역 신규 데이터 없음
[FimsSendDemon             ; 10:08:05]METS Db Dis_Conn !! 
[FimsSendDemon             ; 10:08:05]Program End.
[FimsReadDemon             ; 10:13:02] SKT FIMS INF READ DEMON START >>>>> 
[FimsReadDemon             ; 10:13:05]METS Db CONNECTION !! 
[FimsReadDemon             ; 10:13:05]2번>>>> 자재 수량 분배 신규 데이터 없음.
[FimsReadDemon             ; 10:13:05]5번>>>> 인수 승인 신규 데이터 없음.
[FimsReadDemon             ; 10:13:06]METS Db Dis_Conn !! 
[FimsReadDemon             ; 10:13:06]Program End.
[FimsSendDemon             ; 10:18:01] SKT FIMS INF 10MIN SEND DEMON START >>>>> 
[FimsSendDemon - 10min     ; 10:18:05]METS Db CONNECTION !! 
[FimsSendDemon             ; 10:18:05]3번>>>> 제조사 배송 정보 신규 데이터 없음
[FimsSendDemon             ; 10:18:05]4번>>>> 제조사 배송 내역 신규 데이터 없음
[FimsSendDemon             ; 10:18:05]METS Db Dis_Conn !! 
[FimsSendDemon             ; 10:18:05]Program End.
[FimsReadDemon             ; 10:23:01] SKT FIMS INF READ DEMON START >>>>> 
[FimsReadDemon             ; 10:23:02]METS Db CONNECTION !! 
[FimsReadDemon             ; 10:23:02]2번>>>> 자재 수량 분배 신규 데이터 없음.
[FimsReadDemon             ; 10:23:02]5번>>>> 인수 승인 신규 데이터 없음.
[FimsReadDemon             ; 10:23:03]METS Db Dis_Conn !! 
[FimsReadDemon             ; 10:23:03]Program End.
[FimsSendDemon             ; 10:28:01] SKT FIMS INF 10MIN SEND DEMON START >>>>> 
[FimsSendDemon - 10min     ; 10:28:02]METS Db CONNECTION !! 
[FimsSendDemon             ; 10:28:02]3번>>>> 제조사 배송 정보 신규 데이터 없음
[FimsSendDemon             ; 10:28:02]4번>>>> 제조사 배송 내역 신규 데이터 없음
[FimsSendDemon             ; 10:28:03]METS Db Dis_Conn !! 
[FimsSendDemon             ; 10:28:03]Program End.
[FimsReadDemon             ; 10:33:01] SKT FIMS INF READ DEMON START >>>>> 
[FimsReadDemon             ; 10:33:09]METS Db CONNECTION !! 
[FimsReadDemon             ; 10:33:09]2번>>>> 자재 수량 분배 신규 데이터 없음.
[FimsReadDemon             ; 10:33:11]5번>>>> 인수 승인 신규 데이터 없음.
[FimsReadDemon             ; 10:33:13]METS Db Dis_Conn !! 
[FimsReadDemon             ; 10:33:13]Program End.
[FimsSendDemon             ; 10:35:01] SKT FIMS INF SEND DEMON START >>>>> 
[FimsSendDemon             ; 10:35:13]METS Db CONNECTION !! 
[FimsSendDemon             ; 10:35:13]1번>>>> 납품지시내역 신규 데이터 없음
[FimsSendDemon             ; 10:35:13]METS Db Dis_Conn !! 
[FimsSendDemon             ; 10:35:13]Program End.
[FimsSendDemon             ; 10:38:01] SKT FIMS INF 10MIN SEND DEMON START >>>>> 
[FimsSendDemon - 10min     ; 10:38:04]METS Db CONNECTION !! 
[FimsSendDemon             ; 10:38:04]3번>>>> 제조사 배송 정보 신규 데이터 없음
[FimsSendDemon             ; 10:38:04]4번>>>> 제조사 배송 내역 신규 데이터 없음
[FimsSendDemon             ; 10:38:05]METS Db Dis_Conn !! 
[FimsSendDemon             ; 10:38:05]Program End.
[FimsReadDemon             ; 10:43:01] SKT FIMS INF READ DEMON START >>>>> 
[FimsReadDemon             ; 10:43:13]METS Db CONNECTION !! 
[FimsReadDemon             ; 10:43:15]2번>>>> 자재 수량 분배 신규 데이터 없음.
[FimsReadDemon             ; 10:43:15]5번>>>> 인수 승인 신규 데이터 없음.
[FimsReadDemon             ; 10:43:15]METS Db Dis_Conn !! 
[FimsReadDemon             ; 10:43:15]Program End.
[FimsSendDemon             ; 10:48:01] SKT FIMS INF 10MIN SEND DEMON START >>>>> 
[FimsSendDemon - 10min     ; 10:48:12]METS Db CONNECTION !! 
[FimsSendDemon             ; 10:48:12]3번>>>> 제조사 배송 정보 신규 데이터 없음
[FimsSendDemon             ; 10:48:13]4번>>>> 제조사 배송 내역 신규 데이터 없음
[FimsSendDemon             ; 10:48:14]METS Db Dis_Conn !! 
[FimsSendDemon             ; 10:48:14]Program End.
[FimsReadDemon             ; 10:53:01] SKT FIMS INF READ DEMON START >>>>> 
[FimsReadDemon             ; 10:53:10]METS Db CONNECTION !! 
[FimsReadDemon             ; 10:53:10]2번>>>> 자재 수량 분배 신규 데이터 없음.
[FimsReadDemon             ; 10:53:10]5번>>>> 인수 승인 내역 다운로드 시작: HavisDlvrInsuData_20200203105003.dat
[FimsReadDemon             ; 10:53:11]5번>>>> 다운로드 완료 / 건수: 4
[FimsReadDemon             ; 10:53:12]METS Db Dis_Conn !! 
[FimsReadDemon             ; 10:53:12]Program End.
[FimsSendDemon             ; 10:58:01] SKT FIMS INF 10MIN SEND DEMON START >>>>> 
[FimsSendDemon - 10min     ; 10:58:07]METS Db CONNECTION !! 
[FimsSendDemon             ; 10:58:07]3번>>>> 제조사 배송 정보 신규 데이터 없음
[FimsSendDemon             ; 10:58:07]4번>>>> 제조사 배송 내역 신규 데이터 없음
[FimsSendDemon             ; 10:58:07]METS Db Dis_Conn !! 
[FimsSendDemon             ; 10:58:07]Program End.
[FimsReadDemon             ; 11:03:01] SKT FIMS INF READ DEMON START >>>>> 
[FimsReadDemon             ; 11:03:01]METS Db CONNECTION !! 
[FimsReadDemon             ; 11:03:01]2번>>>> 자재 수량 분배 신규 데이터 없음.
[FimsReadDemon             ; 11:03:01]5번>>>> 인수 승인 신규 데이터 없음.
[FimsReadDemon             ; 11:03:01]METS Db Dis_Conn !! 
[FimsReadDemon             ; 11:03:01]Program End.
[FimsSendDemon             ; 11:05:01] SKT FIMS INF SEND DEMON START >>>>> 
[FimsSendDemon             ; 11:05:02]METS Db CONNECTION !! 
[FimsSendDemon             ; 11:05:03]1번>>>> 납품지시내역 신규 데이터 없음
[FimsSendDemon             ; 11:05:03]METS Db Dis_Conn !! 
[FimsSendDemon             ; 11:05:03]Program End.
[FimsSendDemon             ; 11:08:01] SKT FIMS INF 10MIN SEND DEMON START >>>>> 
[FimsSendDemon - 10min     ; 11:08:02]METS Db CONNECTION !! 
[FimsSendDemon             ; 11:08:02]3번>>>> 제조사 배송 정보 신규 데이터 없음
[FimsSendDemon             ; 11:08:02]4번>>>> 제조사 배송 내역 신규 데이터 없음
[FimsSendDemon             ; 11:08:02]METS Db Dis_Conn !! 
[FimsSendDemon             ; 11:08:02]Program End.
[FimsReadDemon             ; 11:13:02] SKT FIMS INF READ DEMON START >>>>> 
[FimsReadDemon             ; 11:13:03]METS Db CONNECTION !! 
[FimsReadDemon             ; 11:13:03]2번>>>> 자재 수량 분배 신규 데이터 없음.
[FimsReadDemon             ; 11:13:03]5번>>>> 인수 승인 신규 데이터 없음.
[FimsReadDemon             ; 11:13:05]METS Db Dis_Conn !! 
[FimsReadDemon             ; 11:13:05]Program End.
[FimsSendDemon             ; 11:18:01] SKT FIMS INF 10MIN SEND DEMON START >>>>> 
[FimsSendDemon - 10min     ; 11:18:12]METS Db CONNECTION !! 
[FimsSendDemon             ; 11:18:12]3번>>>> 제조사 배송 정보 신규 데이터 없음
[FimsSendDemon             ; 11:18:12]4번>>>> 제조사 배송 내역 신규 데이터 없음
[FimsSendDemon             ; 11:18:12]METS Db Dis_Conn !! 
[FimsSendDemon             ; 11:18:12]Program End.
[FimsReadDemon             ; 11:23:01] SKT FIMS INF READ DEMON START >>>>> 
[FimsReadDemon             ; 11:23:08]METS Db CONNECTION !! 
[FimsReadDemon             ; 11:23:08]2번>>>> 자재 수량 분배 신규 데이터 없음.
[FimsReadDemon             ; 11:23:08]5번>>>> 인수 승인 신규 데이터 없음.
[FimsReadDemon             ; 11:23:08]METS Db Dis_Conn !! 
[FimsReadDemon             ; 11:23:08]Program End.
[FimsSendDemon             ; 11:28:01] SKT FIMS INF 10MIN SEND DEMON START >>>>> 
[FimsSendDemon - 10min     ; 11:28:01]METS Db CONNECTION !! 
[FimsSendDemon             ; 11:28:01]3번>>>> 제조사 배송 정보 신규 데이터 없음
[FimsSendDemon             ; 11:28:01]4번>>>> 제조사 배송 내역 신규 데이터 없음
[FimsSendDemon             ; 11:28:01]METS Db Dis_Conn !! 
[FimsSendDemon             ; 11:28:01]Program End.
[FimsReadDemon             ; 11:33:01] SKT FIMS INF READ DEMON START >>>>> 
[FimsReadDemon             ; 11:33:05]METS Db CONNECTION !! 
[FimsReadDemon             ; 11:33:05]2번>>>> 자재 수량 분배 신규 데이터 없음.
[FimsReadDemon             ; 11:33:05]5번>>>> 인수 승인 신규 데이터 없음.
[FimsReadDemon             ; 11:33:07]METS Db Dis_Conn !! 
[FimsReadDemon             ; 11:33:07]Program End.
[FimsSendDemon             ; 11:35:01] SKT FIMS INF SEND DEMON START >>>>> 
[FimsSendDemon             ; 11:35:01]METS Db CONNECTION !! 
[FimsSendDemon             ; 11:35:01]1번>>>> 납품지시내역 신규 데이터 없음
[FimsSendDemon             ; 11:35:01]METS Db Dis_Conn !! 
[FimsSendDemon             ; 11:35:01]Program End.
[FimsSendDemon             ; 11:38:01] SKT FIMS INF 10MIN SEND DEMON START >>>>> 
[FimsSendDemon - 10min     ; 11:38:04]METS Db CONNECTION !! 
[FimsSendDemon             ; 11:38:04]3번>>>> 제조사 배송 정보 신규 데이터 없음
[FimsSendDemon             ; 11:38:06]4번>>>> 제조사 배송 내역 신규 데이터 없음
[FimsSendDemon             ; 11:38:06]METS Db Dis_Conn !! 
[FimsSendDemon             ; 11:38:06]Program End.
[FimsReadDemon             ; 11:43:01] SKT FIMS INF READ DEMON START >>>>> 
[FimsReadDemon             ; 11:43:03]METS Db CONNECTION !! 
[FimsReadDemon             ; 11:43:03]2번>>>> 자재 수량 분배 신규 데이터 없음.
[FimsReadDemon             ; 11:43:03]5번>>>> 인수 승인 신규 데이터 없음.
[FimsReadDemon             ; 11:43:04]METS Db Dis_Conn !! 
[FimsReadDemon             ; 11:43:04]Program End.
[FimsSendDemon             ; 11:48:04] SKT FIMS INF 10MIN SEND DEMON START >>>>> 
[FimsSendDemon - 10min     ; 11:48:51]METS Db CONNECTION !! 
[FimsSendDemon             ; 11:48:51]3번>>>> 제조사 배송 정보 신규 데이터 없음
[FimsSendDemon             ; 11:48:51]4번>>>> 제조사 배송 내역 신규 데이터 없음
[FimsSendDemon             ; 11:48:51]METS Db Dis_Conn !! 
[FimsSendDemon             ; 11:48:51]Program End.
[FimsReadDemon             ; 11:53:01] SKT FIMS INF READ DEMON START >>>>> 
[FimsReadDemon             ; 11:53:02]METS Db CONNECTION !! 
[FimsReadDemon             ; 11:53:02]2번>>>> 자재 수량 분배 신규 데이터 없음.
[FimsReadDemon             ; 11:53:02]5번>>>> 인수 승인 신규 데이터 없음.
[FimsReadDemon             ; 11:53:02]METS Db Dis_Conn !! 
[FimsReadDemon             ; 11:53:02]Program End.
[FimsSendDemon             ; 11:58:01] SKT FIMS INF 10MIN SEND DEMON START >>>>> 
[FimsSendDemon - 10min     ; 11:58:07]METS Db CONNECTION !! 
[FimsSendDemon             ; 11:58:07]3번>>>> 제조사 배송 정보 신규 데이터 없음
[FimsSendDemon             ; 11:58:07]4번>>>> 제조사 배송 내역 신규 데이터 없음
[FimsSendDemon             ; 11:58:09]METS Db Dis_Conn !! 
[FimsSendDemon             ; 11:58:09]Program End.
[FimsReadDemon             ; 12:03:01] SKT FIMS INF READ DEMON START >>>>> 
[FimsReadDemon             ; 12:03:08]METS Db CONNECTION !! 
[FimsReadDemon             ; 12:03:08]2번>>>> 자재 수량 분배 신규 데이터 없음.
[FimsReadDemon             ; 12:03:10]5번>>>> 인수 승인 내역 다운로드 시작: HavisDlvrInsuData_20200203120003.dat
[FimsReadDemon             ; 12:03:10]5번>>>> 다운로드 완료 / 건수: 4
[FimsReadDemon             ; 12:03:12]METS Db Dis_Conn !! 
[FimsReadDemon             ; 12:03:12]Program End.
[FimsSendDemon             ; 12:05:01] SKT FIMS INF SEND DEMON START >>>>> 
[FimsSendDemon             ; 12:05:01]METS Db CONNECTION !! 
[FimsSendDemon             ; 12:05:01]1번>>>> 납품지시내역 신규 데이터 없음
[FimsSendDemon             ; 12:05:01]METS Db Dis_Conn !! 
[FimsSendDemon             ; 12:05:01]Program End.
[FimsSendDemon             ; 12:08:01] SKT FIMS INF 10MIN SEND DEMON START >>>>> 
[FimsSendDemon - 10min     ; 12:08:03]METS Db CONNECTION !! 
[FimsSendDemon             ; 12:08:04]3번>>>> 제조사 배송 정보 신규 데이터 없음
[FimsSendDemon             ; 12:08:04]4번>>>> 제조사 배송 내역 신규 데이터 없음
[FimsSendDemon             ; 12:08:04]METS Db Dis_Conn !! 
[FimsSendDemon             ; 12:08:04]Program End.
[FimsReadDemon             ; 12:13:01] SKT FIMS INF READ DEMON START >>>>> 
[FimsReadDemon             ; 12:13:01]METS Db CONNECTION !! 
[FimsReadDemon             ; 12:13:01]2번>>>> 자재 수량 분배 신규 데이터 없음.
[FimsReadDemon             ; 12:13:01]5번>>>> 인수 승인 신규 데이터 없음.
[FimsReadDemon             ; 12:13:02]METS Db Dis_Conn !! 
[FimsReadDemon             ; 12:13:02]Program End.
[FimsSendDemon             ; 12:18:02] SKT FIMS INF 10MIN SEND DEMON START >>>>> 
[FimsSendDemon - 10min     ; 12:18:03]METS Db CONNECTION !! 
[FimsSendDemon             ; 12:18:03]3번>>>> 제조사 배송 정보 신규 데이터 없음
[FimsSendDemon             ; 12:18:03]4번>>>> 제조사 배송 내역 신규 데이터 없음
[FimsSendDemon             ; 12:18:03]METS Db Dis_Conn !! 
[FimsSendDemon             ; 12:18:03]Program End.
[FimsReadDemon             ; 12:23:01] SKT FIMS INF READ DEMON START >>>>> 
[FimsReadDemon             ; 12:23:06]METS Db CONNECTION !! 
[FimsReadDemon             ; 12:23:06]2번>>>> 자재 수량 분배 신규 데이터 없음.
[FimsReadDemon             ; 12:23:06]5번>>>> 인수 승인 신규 데이터 없음.
[FimsReadDemon             ; 12:23:08]METS Db Dis_Conn !! 
[FimsReadDemon             ; 12:23:08]Program End.
[FimsSendDemon             ; 12:28:01] SKT FIMS INF 10MIN SEND DEMON START >>>>> 
[FimsSendDemon - 10min     ; 12:28:03]METS Db CONNECTION !! 
[FimsSendDemon             ; 12:28:03]3번>>>> 제조사 배송 정보 신규 데이터 없음
[FimsSendDemon             ; 12:28:03]4번>>>> 제조사 배송 내역 신규 데이터 없음
[FimsSendDemon             ; 12:28:03]METS Db Dis_Conn !! 
[FimsSendDemon             ; 12:28:03]Program End.
[FimsReadDemon             ; 12:33:01] SKT FIMS INF READ DEMON START >>>>> 
[FimsReadDemon             ; 12:33:01]METS Db CONNECTION !! 
[FimsReadDemon             ; 12:33:01]2번>>>> 자재 수량 분배 신규 데이터 없음.
[FimsReadDemon             ; 12:33:01]5번>>>> 인수 승인 신규 데이터 없음.
[FimsReadDemon             ; 12:33:03]METS Db Dis_Conn !! 
[FimsReadDemon             ; 12:33:03]Program End.
[FimsSendDemon             ; 12:35:01] SKT FIMS INF SEND DEMON START >>>>> 
[FimsSendDemon             ; 12:35:04]METS Db CONNECTION !! 
[FimsSendDemon             ; 12:35:04]1번>>>> 납품지시내역 신규 데이터 없음
[FimsSendDemon             ; 12:35:04]METS Db Dis_Conn !! 
[FimsSendDemon             ; 12:35:04]Program End.
[FimsSendDemon             ; 12:38:01] SKT FIMS INF 10MIN SEND DEMON START >>>>> 
[FimsSendDemon - 10min     ; 12:38:03]METS Db CONNECTION !! 
[FimsSendDemon             ; 12:38:03]3번>>>> 제조사 배송 정보 신규 데이터 없음
[FimsSendDemon             ; 12:38:03]4번>>>> 제조사 배송 내역 연동 시작: FimsDeliDlvr_20200203123803.dat
[FimsSendDemon             ; 12:38:03]METS Db Dis_Conn !! 
[FimsSendDemon             ; 12:38:03]Program End.
[FimsReadDemon             ; 12:43:01] SKT FIMS INF READ DEMON START >>>>> 
[FimsReadDemon             ; 12:43:01]METS Db CONNECTION !! 
[FimsReadDemon             ; 12:43:01]2번>>>> 자재 수량 분배 신규 데이터 없음.
[FimsReadDemon             ; 12:43:01]5번>>>> 인수 승인 신규 데이터 없음.
[FimsReadDemon             ; 12:43:02]METS Db Dis_Conn !! 
[FimsReadDemon             ; 12:43:02]Program End.
[FimsSendDemon             ; 12:48:01] SKT FIMS INF 10MIN SEND DEMON START >>>>> 
[FimsSendDemon - 10min     ; 12:48:03]METS Db CONNECTION !! 
[FimsSendDemon             ; 12:48:03]3번>>>> 제조사 배송 정보 신규 데이터 없음
[FimsSendDemon             ; 12:48:03]4번>>>> 제조사 배송 내역 연동 시작: FimsDeliDlvr_20200203124803.dat
[FimsSendDemon             ; 12:48:07]METS Db Dis_Conn !! 
[FimsSendDemon             ; 12:48:07]Program End.
[FimsReadDemon             ; 12:53:01] SKT FIMS INF READ DEMON START >>>>> 
[FimsReadDemon             ; 12:53:01]METS Db CONNECTION !! 
[FimsReadDemon             ; 12:53:01]2번>>>> 자재 수량 분배 신규 데이터 없음.
[FimsReadDemon             ; 12:53:01]5번>>>> 인수 승인 신규 데이터 없음.
[FimsReadDemon             ; 12:53:03]METS Db Dis_Conn !! 
[FimsReadDemon             ; 12:53:03]Program End.
[FimsSendDemon             ; 12:58:01] SKT FIMS INF 10MIN SEND DEMON START >>>>> 
[FimsSendDemon - 10min     ; 12:58:50]METS Db CONNECTION !! 
[FimsSendDemon             ; 12:58:51]3번>>>> 제조사 배송 정보 신규 데이터 없음
[FimsSendDemon             ; 12:58:51]4번>>>> 제조사 배송 내역 신규 데이터 없음
[FimsSendDemon             ; 12:58:51]METS Db Dis_Conn !! 
[FimsSendDemon             ; 12:58:51]Program End.
[FimsReadDemon             ; 13:03:03] SKT FIMS INF READ DEMON START >>>>> 
[FimsReadDemon             ; 13:03:03]METS Db CONNECTION !! 
[FimsReadDemon             ; 13:03:03]2번>>>> 자재 수량 분배 신규 데이터 없음.
[FimsReadDemon             ; 13:03:03]5번>>>> 인수 승인 신규 데이터 없음.
[FimsReadDemon             ; 13:03:05]METS Db Dis_Conn !! 
[FimsReadDemon             ; 13:03:05]Program End.
[FimsSendDemon             ; 13:05:01] SKT FIMS INF SEND DEMON START >>>>> 
[FimsSendDemon             ; 13:05:04]METS Db CONNECTION !! 
[FimsSendDemon             ; 13:05:04]1번>>>> 납품지시내역 신규 데이터 없음
[FimsSendDemon             ; 13:05:04]METS Db Dis_Conn !! 
[FimsSendDemon             ; 13:05:04]Program End.
[FimsSendDemon             ; 13:08:02] SKT FIMS INF 10MIN SEND DEMON START >>>>> 
[FimsSendDemon - 10min     ; 13:08:06]METS Db CONNECTION !! 
[FimsSendDemon             ; 13:08:06]3번>>>> 제조사 배송 정보 신규 데이터 없음
[FimsSendDemon             ; 13:08:06]4번>>>> 제조사 배송 내역 신규 데이터 없음
[FimsSendDemon             ; 13:08:08]METS Db Dis_Conn !! 
[FimsSendDemon             ; 13:08:08]Program End.
[FimsReadDemon             ; 13:13:01] SKT FIMS INF READ DEMON START >>>>> 
[FimsReadDemon             ; 13:13:13]METS Db CONNECTION !! 
[FimsReadDemon             ; 13:13:16]2번>>>> 자재 수량 분배 신규 데이터 없음.
[FimsReadDemon             ; 13:13:16]5번>>>> 인수 승인 신규 데이터 없음.
[FimsReadDemon             ; 13:13:18]METS Db Dis_Conn !! 
[FimsReadDemon             ; 13:13:18]Program End.
[FimsSendDemon             ; 13:18:03] SKT FIMS INF 10MIN SEND DEMON START >>>>> 
[FimsSendDemon - 10min     ; 13:18:10]METS Db CONNECTION !! 
[FimsSendDemon             ; 13:18:10]3번>>>> 제조사 배송 정보 신규 데이터 없음
[FimsSendDemon             ; 13:18:10]4번>>>> 제조사 배송 내역 신규 데이터 없음
[FimsSendDemon             ; 13:18:10]METS Db Dis_Conn !! 
[FimsSendDemon             ; 13:18:10]Program End.
[FimsReadDemon             ; 13:23:02] SKT FIMS INF READ DEMON START >>>>> 
[FimsReadDemon             ; 13:23:06]METS Db CONNECTION !! 
[FimsReadDemon             ; 13:23:08]2번>>>> 자재 수량 분배 신규 데이터 없음.
[FimsReadDemon             ; 13:23:12]5번>>>> 인수 승인 신규 데이터 없음.
[FimsReadDemon             ; 13:23:13]METS Db Dis_Conn !! 
[FimsReadDemon             ; 13:23:13]Program End.
[FimsSendDemon             ; 13:28:02] SKT FIMS INF 10MIN SEND DEMON START >>>>> 
[FimsSendDemon - 10min     ; 13:28:15]METS Db CONNECTION !! 
[FimsSendDemon             ; 13:28:15]3번>>>> 제조사 배송 정보 신규 데이터 없음
[FimsSendDemon             ; 13:28:15]4번>>>> 제조사 배송 내역 신규 데이터 없음
[FimsSendDemon             ; 13:28:15]METS Db Dis_Conn !! 
[FimsSendDemon             ; 13:28:15]Program End.
[FimsReadDemon             ; 19:12:37] SKT FIMS INF READ DEMON START >>>>> 
[FimsReadDemon             ; 19:12:38]METS Db CONNECTION !! 
[FimsReadDemon             ; 19:12:38]2번>>>> 자재 수량 분배 신규 데이터 없음.
[FimsReadDemon             ; 19:12:39]5번>>>> 인수 승인 신규 데이터 없음.
[FimsReadDemon             ; 19:12:39]METS Db Dis_Conn !! 
[FimsReadDemon             ; 19:12:39]Program End.
[FimsSendDemon             ; 19:12:49] SKT FIMS INF SEND DEMON START >>>>> 
[FimsSendDemon             ; 19:12:50]METS Db CONNECTION !! 
[FimsSendDemon             ; 19:12:50]1번>>>> 납품지시내역 신규 데이터 없음
[FimsSendDemon             ; 19:12:50]METS Db Dis_Conn !! 
[FimsSendDemon             ; 19:12:50]Program End.
[FimsSendDemon             ; 19:13:02] SKT FIMS INF 10MIN SEND DEMON START >>>>> 
[FimsSendDemon - 10min     ; 19:13:03]METS Db CONNECTION !! 
[FimsSendDemon             ; 19:13:03]3번>>>> 제조사 배송 정보 신규 데이터 없음
[FimsSendDemon             ; 19:13:03]4번>>>> 제조사 배송 내역 신규 데이터 없음
[FimsSendDemon             ; 19:13:03]METS Db Dis_Conn !! 
[FimsSendDemon             ; 19:13:03]Program End.
[FimsReadDemon             ; 19:43:01] SKT FIMS INF READ DEMON START >>>>> 
[FimsReadDemon             ; 19:43:02]METS Db CONNECTION !! 
[FimsReadDemon             ; 19:43:02]2번>>>> 자재 수량 분배 신규 데이터 없음.
[FimsReadDemon             ; 19:43:02]5번>>>> 인수 승인 신규 데이터 없음.
[FimsReadDemon             ; 19:43:02]METS Db Dis_Conn !! 
[FimsReadDemon             ; 19:43:02]Program End.
[FimsSendDemon             ; 19:48:03] SKT FIMS INF 10MIN SEND DEMON START >>>>> 
[FimsSendDemon - 10min     ; 19:48:04]METS Db CONNECTION !! 
[FimsSendDemon             ; 19:48:05]3번>>>> 제조사 배송 정보 신규 데이터 없음
[FimsSendDemon             ; 19:48:05]4번>>>> 제조사 배송 내역 신규 데이터 없음
[FimsSendDemon             ; 19:48:05]METS Db Dis_Conn !! 
[FimsSendDemon             ; 19:48:05]Program End.
[FimsReadDemon             ; 19:53:03] SKT FIMS INF READ DEMON START >>>>> 
[FimsReadDemon             ; 19:53:04]METS Db CONNECTION !! 
[FimsReadDemon             ; 19:53:04]2번>>>> 자재 수량 분배 신규 데이터 없음.
[FimsReadDemon             ; 19:53:04]5번>>>> 인수 승인 신규 데이터 없음.
[FimsReadDemon             ; 19:53:04]METS Db Dis_Conn !! 
[FimsReadDemon             ; 19:53:04]Program End.
[FimsSendDemon             ; 19:58:04] SKT FIMS INF 10MIN SEND DEMON START >>>>> 
[FimsSendDemon - 10min     ; 19:58:05]METS Db CONNECTION !! 
[FimsSendDemon             ; 19:58:06]3번>>>> 제조사 배송 정보 신규 데이터 없음
[FimsSendDemon             ; 19:58:06]4번>>>> 제조사 배송 내역 신규 데이터 없음
[FimsSendDemon             ; 19:58:06]METS Db Dis_Conn !! 
[FimsSendDemon             ; 19:58:06]Program End.
[FimsReadDemon             ; 20:03:01] SKT FIMS INF READ DEMON START >>>>> 
[FimsReadDemon             ; 20:03:02]METS Db CONNECTION !! 
[FimsReadDemon             ; 20:03:02]2번>>>> 자재 수량 분배 신규 데이터 없음.
[FimsReadDemon             ; 20:03:02]5번>>>> 인수 승인 신규 데이터 없음.
[FimsReadDemon             ; 20:03:02]METS Db Dis_Conn !! 
[FimsReadDemon             ; 20:03:02]Program End.
[FimsSendDemon             ; 20:05:04] SKT FIMS INF SEND DEMON START >>>>> 
[FimsSendDemon             ; 20:05:04]METS Db CONNECTION !! 
[FimsSendDemon             ; 20:05:05]1번>>>> 납품지시내역 신규 데이터 없음
[FimsSendDemon             ; 20:05:05]METS Db Dis_Conn !! 
[FimsSendDemon             ; 20:05:05]Program End.
[FimsSendDemon             ; 20:08:01] SKT FIMS INF 10MIN SEND DEMON START >>>>> 
[FimsSendDemon - 10min     ; 20:08:01]METS Db CONNECTION !! 
[FimsSendDemon             ; 20:08:02]3번>>>> 제조사 배송 정보 신규 데이터 없음
[FimsSendDemon             ; 20:08:02]4번>>>> 제조사 배송 내역 신규 데이터 없음
[FimsSendDemon             ; 20:08:02]METS Db Dis_Conn !! 
[FimsSendDemon             ; 20:08:02]Program End.
[FimsReadDemon             ; 20:13:02] SKT FIMS INF READ DEMON START >>>>> 
[FimsReadDemon             ; 20:13:04]METS Db CONNECTION !! 
[FimsReadDemon             ; 20:13:04]2번>>>> 자재 수량 분배 신규 데이터 없음.
[FimsReadDemon             ; 20:13:04]5번>>>> 인수 승인 신규 데이터 없음.
[FimsReadDemon             ; 20:13:04]METS Db Dis_Conn !! 
[FimsReadDemon             ; 20:13:04]Program End.
[FimsSendDemon             ; 20:18:00] SKT FIMS INF 10MIN SEND DEMON START >>>>> 
[FimsSendDemon - 10min     ; 20:18:01]METS Db CONNECTION !! 
[FimsSendDemon             ; 20:18:02]3번>>>> 제조사 배송 정보 신규 데이터 없음
[FimsSendDemon             ; 20:18:02]4번>>>> 제조사 배송 내역 신규 데이터 없음
[FimsSendDemon             ; 20:18:02]METS Db Dis_Conn !! 
[FimsSendDemon             ; 20:18:02]Program End.
[FimsReadDemon             ; 20:23:01] SKT FIMS INF READ DEMON START >>>>> 
[FimsReadDemon             ; 20:23:02]METS Db CONNECTION !! 
[FimsReadDemon             ; 20:23:02]2번>>>> 자재 수량 분배 신규 데이터 없음.
[FimsReadDemon             ; 20:23:02]5번>>>> 인수 승인 신규 데이터 없음.
[FimsReadDemon             ; 20:23:02]METS Db Dis_Conn !! 
[FimsReadDemon             ; 20:23:02]Program End.
[FimsSendDemon             ; 20:28:00] SKT FIMS INF 10MIN SEND DEMON START >>>>> 
[FimsSendDemon - 10min     ; 20:28:01]METS Db CONNECTION !! 
[FimsSendDemon             ; 20:28:02]3번>>>> 제조사 배송 정보 신규 데이터 없음
[FimsSendDemon             ; 20:28:02]4번>>>> 제조사 배송 내역 신규 데이터 없음
[FimsSendDemon             ; 20:28:02]METS Db Dis_Conn !! 
[FimsSendDemon             ; 20:28:02]Program End.
[FimsReadDemon             ; 20:33:02] SKT FIMS INF READ DEMON START >>>>> 
[FimsReadDemon             ; 20:33:03]METS Db CONNECTION !! 
[FimsReadDemon             ; 20:33:03]2번>>>> 자재 수량 분배 신규 데이터 없음.
[FimsReadDemon             ; 20:33:03]5번>>>> 인수 승인 신규 데이터 없음.
[FimsReadDemon             ; 20:33:03]METS Db Dis_Conn !! 
[FimsReadDemon             ; 20:33:03]Program End.
[FimsSendDemon             ; 20:35:02] SKT FIMS INF SEND DEMON START >>>>> 
[FimsSendDemon             ; 20:35:03]METS Db CONNECTION !! 
[FimsSendDemon             ; 20:35:04]1번>>>> 납품지시내역 신규 데이터 없음
[FimsSendDemon             ; 20:35:04]METS Db Dis_Conn !! 
[FimsSendDemon             ; 20:35:04]Program End.
[FimsSendDemon             ; 20:38:01] SKT FIMS INF 10MIN SEND DEMON START >>>>> 
[FimsSendDemon - 10min     ; 20:38:01]METS Db CONNECTION !! 
[FimsSendDemon             ; 20:38:02]3번>>>> 제조사 배송 정보 신규 데이터 없음
[FimsSendDemon             ; 20:38:02]4번>>>> 제조사 배송 내역 신규 데이터 없음
[FimsSendDemon             ; 20:38:02]METS Db Dis_Conn !! 
[FimsSendDemon             ; 20:38:02]Program End.
[FimsReadDemon             ; 20:43:02] SKT FIMS INF READ DEMON START >>>>> 
[FimsReadDemon             ; 20:43:03]METS Db CONNECTION !! 
[FimsReadDemon             ; 20:43:03]2번>>>> 자재 수량 분배 신규 데이터 없음.
[FimsReadDemon             ; 20:43:03]5번>>>> 인수 승인 신규 데이터 없음.
[FimsReadDemon             ; 20:43:03]METS Db Dis_Conn !! 
[FimsReadDemon             ; 20:43:03]Program End.
[FimsSendDemon             ; 20:48:00] SKT FIMS INF 10MIN SEND DEMON START >>>>> 
[FimsSendDemon - 10min     ; 20:48:01]METS Db CONNECTION !! 
[FimsSendDemon             ; 20:48:01]3번>>>> 제조사 배송 정보 신규 데이터 없음
[FimsSendDemon             ; 20:48:01]4번>>>> 제조사 배송 내역 신규 데이터 없음
[FimsSendDemon             ; 20:48:01]METS Db Dis_Conn !! 
[FimsSendDemon             ; 20:48:01]Program End.
[FimsReadDemon             ; 20:53:02] SKT FIMS INF READ DEMON START >>>>> 
[FimsReadDemon             ; 20:53:03]METS Db CONNECTION !! 
[FimsReadDemon             ; 20:53:03]2번>>>> 자재 수량 분배 신규 데이터 없음.
[FimsReadDemon             ; 20:53:04]5번>>>> 인수 승인 신규 데이터 없음.
[FimsReadDemon             ; 20:53:04]METS Db Dis_Conn !! 
[FimsReadDemon             ; 20:53:04]Program End.
[FimsSendDemon             ; 20:58:01] SKT FIMS INF 10MIN SEND DEMON START >>>>> 
[FimsSendDemon - 10min     ; 20:58:02]METS Db CONNECTION !! 
[FimsSendDemon             ; 20:58:02]3번>>>> 제조사 배송 정보 신규 데이터 없음
[FimsSendDemon             ; 20:58:02]4번>>>> 제조사 배송 내역 신규 데이터 없음
[FimsSendDemon             ; 20:58:02]METS Db Dis_Conn !! 
[FimsSendDemon             ; 20:58:02]Program End.
[FimsReadDemon             ; 21:03:00] SKT FIMS INF READ DEMON START >>>>> 
[FimsReadDemon             ; 21:03:01]METS Db CONNECTION !! 
[FimsReadDemon             ; 21:03:01]2번>>>> 자재 수량 분배 신규 데이터 없음.
[FimsReadDemon             ; 21:03:01]5번>>>> 인수 승인 신규 데이터 없음.
[FimsReadDemon             ; 21:03:01]METS Db Dis_Conn !! 
[FimsReadDemon             ; 21:03:01]Program End.
[FimsSendDemon             ; 21:05:02] SKT FIMS INF SEND DEMON START >>>>> 
[FimsSendDemon             ; 21:05:03]METS Db CONNECTION !! 
[FimsSendDemon             ; 21:05:04]1번>>>> 납품지시내역 신규 데이터 없음
[FimsSendDemon             ; 21:05:04]METS Db Dis_Conn !! 
[FimsSendDemon             ; 21:05:04]Program End.
[FimsSendDemon             ; 21:08:00] SKT FIMS INF 10MIN SEND DEMON START >>>>> 
[FimsSendDemon - 10min     ; 21:08:01]METS Db CONNECTION !! 
[FimsSendDemon             ; 21:08:02]3번>>>> 제조사 배송 정보 신규 데이터 없음
[FimsSendDemon             ; 21:08:02]4번>>>> 제조사 배송 내역 신규 데이터 없음
[FimsSendDemon             ; 21:08:02]METS Db Dis_Conn !! 
[FimsSendDemon             ; 21:08:02]Program End.
[FimsReadDemon             ; 21:13:02] SKT FIMS INF READ DEMON START >>>>> 
[FimsReadDemon             ; 21:13:03]METS Db CONNECTION !! 
[FimsReadDemon             ; 21:13:03]2번>>>> 자재 수량 분배 신규 데이터 없음.
[FimsReadDemon             ; 21:13:03]5번>>>> 인수 승인 신규 데이터 없음.
[FimsReadDemon             ; 21:13:03]METS Db Dis_Conn !! 
[FimsReadDemon             ; 21:13:03]Program End.
[FimsSendDemon             ; 21:18:01] SKT FIMS INF 10MIN SEND DEMON START >>>>> 
[FimsSendDemon - 10min     ; 21:18:01]METS Db CONNECTION !! 
[FimsSendDemon             ; 21:18:02]3번>>>> 제조사 배송 정보 신규 데이터 없음
[FimsSendDemon             ; 21:18:02]4번>>>> 제조사 배송 내역 신규 데이터 없음
[FimsSendDemon             ; 21:18:02]METS Db Dis_Conn !! 
[FimsSendDemon             ; 21:18:02]Program End.
[FimsReadDemon             ; 21:23:02] SKT FIMS INF READ DEMON START >>>>> 
[FimsReadDemon             ; 21:23:03]METS Db CONNECTION !! 
[FimsReadDemon             ; 21:23:03]2번>>>> 자재 수량 분배 신규 데이터 없음.
[FimsReadDemon             ; 21:23:03]5번>>>> 인수 승인 신규 데이터 없음.
[FimsReadDemon             ; 21:23:03]METS Db Dis_Conn !! 
[FimsReadDemon             ; 21:23:03]Program End.
[FimsSendDemon             ; 21:28:01] SKT FIMS INF 10MIN SEND DEMON START >>>>> 
[FimsSendDemon - 10min     ; 21:28:02]METS Db CONNECTION !! 
[FimsSendDemon             ; 21:28:02]3번>>>> 제조사 배송 정보 신규 데이터 없음
[FimsSendDemon             ; 21:28:02]4번>>>> 제조사 배송 내역 신규 데이터 없음
[FimsSendDemon             ; 21:28:02]METS Db Dis_Conn !! 
[FimsSendDemon             ; 21:28:02]Program End.
[FimsReadDemon             ; 21:33:01] SKT FIMS INF READ DEMON START >>>>> 
[FimsReadDemon             ; 21:33:02]METS Db CONNECTION !! 
[FimsReadDemon             ; 21:33:02]2번>>>> 자재 수량 분배 신규 데이터 없음.
[FimsReadDemon             ; 21:33:02]5번>>>> 인수 승인 신규 데이터 없음.
[FimsReadDemon             ; 21:33:02]METS Db Dis_Conn !! 
[FimsReadDemon             ; 21:33:02]Program End.
[FimsSendDemon             ; 21:35:02] SKT FIMS INF SEND DEMON START >>>>> 
[FimsSendDemon             ; 21:35:03]METS Db CONNECTION !! 
[FimsSendDemon             ; 21:35:04]1번>>>> 납품지시내역 신규 데이터 없음
[FimsSendDemon             ; 21:35:04]METS Db Dis_Conn !! 
[FimsSendDemon             ; 21:35:04]Program End.
[FimsSendDemon             ; 21:38:01] SKT FIMS INF 10MIN SEND DEMON START >>>>> 
[FimsSendDemon - 10min     ; 21:38:02]METS Db CONNECTION !! 
[FimsSendDemon             ; 21:38:02]3번>>>> 제조사 배송 정보 신규 데이터 없음
[FimsSendDemon             ; 21:38:02]4번>>>> 제조사 배송 내역 신규 데이터 없음
[FimsSendDemon             ; 21:38:02]METS Db Dis_Conn !! 
[FimsSendDemon             ; 21:38:02]Program End.
[FimsReadDemon             ; 21:43:01] SKT FIMS INF READ DEMON START >>>>> 
[FimsReadDemon             ; 21:43:02]METS Db CONNECTION !! 
[FimsReadDemon             ; 21:43:02]2번>>>> 자재 수량 분배 신규 데이터 없음.
[FimsReadDemon             ; 21:43:03]5번>>>> 인수 승인 신규 데이터 없음.
[FimsReadDemon             ; 21:43:03]METS Db Dis_Conn !! 
[FimsReadDemon             ; 21:43:03]Program End.
[FimsSendDemon             ; 21:48:01] SKT FIMS INF 10MIN SEND DEMON START >>>>> 
[FimsSendDemon - 10min     ; 21:48:02]METS Db CONNECTION !! 
[FimsSendDemon             ; 21:48:02]3번>>>> 제조사 배송 정보 신규 데이터 없음
[FimsSendDemon             ; 21:48:02]4번>>>> 제조사 배송 내역 신규 데이터 없음
[FimsSendDemon             ; 21:48:02]METS Db Dis_Conn !! 
[FimsSendDemon             ; 21:48:02]Program End.
[FimsReadDemon             ; 21:53:01] SKT FIMS INF READ DEMON START >>>>> 
[FimsReadDemon             ; 21:53:02]METS Db CONNECTION !! 
[FimsReadDemon             ; 21:53:02]2번>>>> 자재 수량 분배 신규 데이터 없음.
[FimsReadDemon             ; 21:53:03]5번>>>> 인수 승인 신규 데이터 없음.
[FimsReadDemon             ; 21:53:03]METS Db Dis_Conn !! 
[FimsReadDemon             ; 21:53:03]Program End.
[FimsSendDemon             ; 21:58:01] SKT FIMS INF 10MIN SEND DEMON START >>>>> 
[FimsSendDemon - 10min     ; 21:58:02]METS Db CONNECTION !! 
[FimsSendDemon             ; 21:58:02]3번>>>> 제조사 배송 정보 신규 데이터 없음
[FimsSendDemon             ; 21:58:02]4번>>>> 제조사 배송 내역 신규 데이터 없음
[FimsSendDemon             ; 21:58:02]METS Db Dis_Conn !! 
[FimsSendDemon             ; 21:58:02]Program End.
[FimsReadDemon             ; 22:03:01] SKT FIMS INF READ DEMON START >>>>> 
[FimsReadDemon             ; 22:03:01]METS Db CONNECTION !! 
[FimsReadDemon             ; 22:03:01]2번>>>> 자재 수량 분배 신규 데이터 없음.
[FimsReadDemon             ; 22:03:02]5번>>>> 인수 승인 신규 데이터 없음.
[FimsReadDemon             ; 22:03:02]METS Db Dis_Conn !! 
[FimsReadDemon             ; 22:03:02]Program End.
[FimsSendDemon             ; 22:05:02] SKT FIMS INF SEND DEMON START >>>>> 
[FimsSendDemon             ; 22:05:03]METS Db CONNECTION !! 
[FimsSendDemon             ; 22:05:04]1번>>>> 납품지시내역 신규 데이터 없음
[FimsSendDemon             ; 22:05:04]METS Db Dis_Conn !! 
[FimsSendDemon             ; 22:05:04]Program End.
[FimsSendDemon             ; 22:08:00] SKT FIMS INF 10MIN SEND DEMON START >>>>> 
[FimsSendDemon - 10min     ; 22:08:01]METS Db CONNECTION !! 
[FimsSendDemon             ; 22:08:02]3번>>>> 제조사 배송 정보 신규 데이터 없음
[FimsSendDemon             ; 22:08:02]4번>>>> 제조사 배송 내역 신규 데이터 없음
[FimsSendDemon             ; 22:08:02]METS Db Dis_Conn !! 
[FimsSendDemon             ; 22:08:02]Program End.
[FimsReadDemon             ; 22:13:01] SKT FIMS INF READ DEMON START >>>>> 
[FimsReadDemon             ; 22:13:02]METS Db CONNECTION !! 
[FimsReadDemon             ; 22:13:02]2번>>>> 자재 수량 분배 신규 데이터 없음.
[FimsReadDemon             ; 22:13:03]5번>>>> 인수 승인 신규 데이터 없음.
[FimsReadDemon             ; 22:13:03]METS Db Dis_Conn !! 
[FimsReadDemon             ; 22:13:03]Program End.
[FimsSendDemon             ; 22:18:00] SKT FIMS INF 10MIN SEND DEMON START >>>>> 
[FimsSendDemon - 10min     ; 22:18:01]METS Db CONNECTION !! 
[FimsSendDemon             ; 22:18:02]3번>>>> 제조사 배송 정보 신규 데이터 없음
[FimsSendDemon             ; 22:18:02]4번>>>> 제조사 배송 내역 신규 데이터 없음
[FimsSendDemon             ; 22:18:02]METS Db Dis_Conn !! 
[FimsSendDemon             ; 22:18:02]Program End.
[FimsReadDemon             ; 22:23:01] SKT FIMS INF READ DEMON START >>>>> 
[FimsReadDemon             ; 22:23:02]METS Db CONNECTION !! 
[FimsReadDemon             ; 22:23:03]2번>>>> 자재 수량 분배 신규 데이터 없음.
[FimsReadDemon             ; 22:23:03]5번>>>> 인수 승인 신규 데이터 없음.
[FimsReadDemon             ; 22:23:03]METS Db Dis_Conn !! 
[FimsReadDemon             ; 22:23:03]Program End.
[FimsSendDemon             ; 22:28:01] SKT FIMS INF 10MIN SEND DEMON START >>>>> 
[FimsSendDemon - 10min     ; 22:28:01]METS Db CONNECTION !! 
[FimsSendDemon             ; 22:28:02]3번>>>> 제조사 배송 정보 신규 데이터 없음
[FimsSendDemon             ; 22:28:02]4번>>>> 제조사 배송 내역 신규 데이터 없음
[FimsSendDemon             ; 22:28:02]METS Db Dis_Conn !! 
[FimsSendDemon             ; 22:28:02]Program End.
[FimsReadDemon             ; 22:33:02] SKT FIMS INF READ DEMON START >>>>> 
[FimsReadDemon             ; 22:33:03]METS Db CONNECTION !! 
[FimsReadDemon             ; 22:33:03]2번>>>> 자재 수량 분배 신규 데이터 없음.
[FimsReadDemon             ; 22:33:03]5번>>>> 인수 승인 신규 데이터 없음.
[FimsReadDemon             ; 22:33:03]METS Db Dis_Conn !! 
[FimsReadDemon             ; 22:33:03]Program End.
[FimsSendDemon             ; 22:35:02] SKT FIMS INF SEND DEMON START >>>>> 
[FimsSendDemon             ; 22:35:04]METS Db CONNECTION !! 
[FimsSendDemon             ; 22:35:04]1번>>>> 납품지시내역 신규 데이터 없음
[FimsSendDemon             ; 22:35:04]METS Db Dis_Conn !! 
[FimsSendDemon             ; 22:35:04]Program End.
[FimsSendDemon             ; 22:38:01] SKT FIMS INF 10MIN SEND DEMON START >>>>> 
[FimsSendDemon - 10min     ; 22:38:02]METS Db CONNECTION !! 
[FimsSendDemon             ; 22:38:02]3번>>>> 제조사 배송 정보 신규 데이터 없음
[FimsSendDemon             ; 22:38:02]4번>>>> 제조사 배송 내역 신규 데이터 없음
[FimsSendDemon             ; 22:38:02]METS Db Dis_Conn !! 
[FimsSendDemon             ; 22:38:02]Program End.
[FimsReadDemon             ; 22:43:01] SKT FIMS INF READ DEMON START >>>>> 
[FimsReadDemon             ; 22:43:02]METS Db CONNECTION !! 
[FimsReadDemon             ; 22:43:03]2번>>>> 자재 수량 분배 신규 데이터 없음.
[FimsReadDemon             ; 22:43:03]5번>>>> 인수 승인 신규 데이터 없음.
[FimsReadDemon             ; 22:43:03]METS Db Dis_Conn !! 
[FimsReadDemon             ; 22:43:03]Program End.
[FimsSendDemon             ; 22:48:01] SKT FIMS INF 10MIN SEND DEMON START >>>>> 
[FimsSendDemon - 10min     ; 22:48:02]METS Db CONNECTION !! 
[FimsSendDemon             ; 22:48:02]3번>>>> 제조사 배송 정보 신규 데이터 없음
[FimsSendDemon             ; 22:48:02]4번>>>> 제조사 배송 내역 신규 데이터 없음
[FimsSendDemon             ; 22:48:02]METS Db Dis_Conn !! 
[FimsSendDemon             ; 22:48:02]Program End.
[FimsReadDemon             ; 22:53:02] SKT FIMS INF READ DEMON START >>>>> 
[FimsReadDemon             ; 22:53:03]METS Db CONNECTION !! 
[FimsReadDemon             ; 22:53:03]2번>>>> 자재 수량 분배 신규 데이터 없음.
[FimsReadDemon             ; 22:53:03]5번>>>> 인수 승인 신규 데이터 없음.
[FimsReadDemon             ; 22:53:03]METS Db Dis_Conn !! 
[FimsReadDemon             ; 22:53:03]Program End.
[FimsSendDemon             ; 22:58:01] SKT FIMS INF 10MIN SEND DEMON START >>>>> 
[FimsSendDemon - 10min     ; 22:58:02]METS Db CONNECTION !! 
[FimsSendDemon             ; 22:58:02]3번>>>> 제조사 배송 정보 신규 데이터 없음
[FimsSendDemon             ; 22:58:02]4번>>>> 제조사 배송 내역 신규 데이터 없음
[FimsSendDemon             ; 22:58:02]METS Db Dis_Conn !! 
[FimsSendDemon             ; 22:58:02]Program End.
[FimsReadDemon             ; 23:03:01] SKT FIMS INF READ DEMON START >>>>> 
[FimsReadDemon             ; 23:03:02]METS Db CONNECTION !! 
[FimsReadDemon             ; 23:03:02]2번>>>> 자재 수량 분배 신규 데이터 없음.
[FimsReadDemon             ; 23:03:02]5번>>>> 인수 승인 신규 데이터 없음.
[FimsReadDemon             ; 23:03:02]METS Db Dis_Conn !! 
[FimsReadDemon             ; 23:03:02]Program End.
[FimsSendDemon             ; 23:05:02] SKT FIMS INF SEND DEMON START >>>>> 
[FimsSendDemon             ; 23:05:04]METS Db CONNECTION !! 
[FimsSendDemon             ; 23:05:04]1번>>>> 납품지시내역 신규 데이터 없음
[FimsSendDemon             ; 23:05:04]METS Db Dis_Conn !! 
[FimsSendDemon             ; 23:05:04]Program End.
[FimsSendDemon             ; 23:08:00] SKT FIMS INF 10MIN SEND DEMON START >>>>> 
[FimsSendDemon - 10min     ; 23:08:01]METS Db CONNECTION !! 
[FimsSendDemon             ; 23:08:01]3번>>>> 제조사 배송 정보 신규 데이터 없음
[FimsSendDemon             ; 23:08:01]4번>>>> 제조사 배송 내역 신규 데이터 없음
[FimsSendDemon             ; 23:08:01]METS Db Dis_Conn !! 
[FimsSendDemon             ; 23:08:01]Program End.
[FimsReadDemon             ; 23:13:02] SKT FIMS INF READ DEMON START >>>>> 
[FimsReadDemon             ; 23:13:03]METS Db CONNECTION !! 
[FimsReadDemon             ; 23:13:03]2번>>>> 자재 수량 분배 신규 데이터 없음.
[FimsReadDemon             ; 23:13:03]5번>>>> 인수 승인 신규 데이터 없음.
[FimsReadDemon             ; 23:13:03]METS Db Dis_Conn !! 
[FimsReadDemon             ; 23:13:03]Program End.
[FimsSendDemon             ; 23:18:01] SKT FIMS INF 10MIN SEND DEMON START >>>>> 
[FimsSendDemon - 10min     ; 23:18:02]METS Db CONNECTION !! 
[FimsSendDemon             ; 23:18:02]3번>>>> 제조사 배송 정보 신규 데이터 없음
[FimsSendDemon             ; 23:18:02]4번>>>> 제조사 배송 내역 신규 데이터 없음
[FimsSendDemon             ; 23:18:02]METS Db Dis_Conn !! 
[FimsSendDemon             ; 23:18:02]Program End.
[FimsReadDemon             ; 23:23:02] SKT FIMS INF READ DEMON START >>>>> 
[FimsReadDemon             ; 23:23:03]METS Db CONNECTION !! 
[FimsReadDemon             ; 23:23:03]2번>>>> 자재 수량 분배 신규 데이터 없음.
[FimsReadDemon             ; 23:23:03]5번>>>> 인수 승인 신규 데이터 없음.
[FimsReadDemon             ; 23:23:03]METS Db Dis_Conn !! 
[FimsReadDemon             ; 23:23:03]Program End.
[FimsSendDemon             ; 23:28:00] SKT FIMS INF 10MIN SEND DEMON START >>>>> 
[FimsSendDemon - 10min     ; 23:28:01]METS Db CONNECTION !! 
[FimsSendDemon             ; 23:28:01]3번>>>> 제조사 배송 정보 신규 데이터 없음
[FimsSendDemon             ; 23:28:01]4번>>>> 제조사 배송 내역 신규 데이터 없음
[FimsSendDemon             ; 23:28:01]METS Db Dis_Conn !! 
[FimsSendDemon             ; 23:28:01]Program End.
[FimsReadDemon             ; 23:33:02] SKT FIMS INF READ DEMON START >>>>> 
[FimsReadDemon             ; 23:33:03]METS Db CONNECTION !! 
[FimsReadDemon             ; 23:33:03]2번>>>> 자재 수량 분배 신규 데이터 없음.
[FimsReadDemon             ; 23:33:03]5번>>>> 인수 승인 신규 데이터 없음.
[FimsReadDemon             ; 23:33:03]METS Db Dis_Conn !! 
[FimsReadDemon             ; 23:33:03]Program End.
[FimsSendDemon             ; 23:35:02] SKT FIMS INF SEND DEMON START >>>>> 
[FimsSendDemon             ; 23:35:04]METS Db CONNECTION !! 
[FimsSendDemon             ; 23:35:04]1번>>>> 납품지시내역 신규 데이터 없음
[FimsSendDemon             ; 23:35:04]METS Db Dis_Conn !! 
[FimsSendDemon             ; 23:35:04]Program End.
[FimsSendDemon             ; 23:38:01] SKT FIMS INF 10MIN SEND DEMON START >>>>> 
[FimsSendDemon - 10min     ; 23:38:01]METS Db CONNECTION !! 
[FimsSendDemon             ; 23:38:02]3번>>>> 제조사 배송 정보 신규 데이터 없음
[FimsSendDemon             ; 23:38:02]4번>>>> 제조사 배송 내역 신규 데이터 없음
[FimsSendDemon             ; 23:38:02]METS Db Dis_Conn !! 
[FimsSendDemon             ; 23:38:02]Program End.
[FimsReadDemon             ; 23:43:02] SKT FIMS INF READ DEMON START >>>>> 
[FimsReadDemon             ; 23:43:03]METS Db CONNECTION !! 
[FimsReadDemon             ; 23:43:03]2번>>>> 자재 수량 분배 신규 데이터 없음.
[FimsReadDemon             ; 23:43:03]5번>>>> 인수 승인 신규 데이터 없음.
[FimsReadDemon             ; 23:43:03]METS Db Dis_Conn !! 
[FimsReadDemon             ; 23:43:03]Program End.
[FimsSendDemon             ; 23:48:01] SKT FIMS INF 10MIN SEND DEMON START >>>>> 
[FimsSendDemon - 10min     ; 23:48:02]METS Db CONNECTION !! 
[FimsSendDemon             ; 23:48:02]3번>>>> 제조사 배송 정보 신규 데이터 없음
[FimsSendDemon             ; 23:48:02]4번>>>> 제조사 배송 내역 신규 데이터 없음
[FimsSendDemon             ; 23:48:02]METS Db Dis_Conn !! 
[FimsSendDemon             ; 23:48:02]Program End.
[FimsReadDemon             ; 23:53:02] SKT FIMS INF READ DEMON START >>>>> 
[FimsReadDemon             ; 23:53:03]METS Db CONNECTION !! 
[FimsReadDemon             ; 23:53:03]2번>>>> 자재 수량 분배 신규 데이터 없음.
[FimsReadDemon             ; 23:53:03]5번>>>> 인수 승인 신규 데이터 없음.
[FimsReadDemon             ; 23:53:03]METS Db Dis_Conn !! 
[FimsReadDemon             ; 23:53:03]Program End.
[FimsSendDemon             ; 23:58:00] SKT FIMS INF 10MIN SEND DEMON START >>>>> 
[FimsSendDemon - 10min     ; 23:58:01]METS Db CONNECTION !! 
[FimsSendDemon             ; 23:58:02]3번>>>> 제조사 배송 정보 신규 데이터 없음
[FimsSendDemon             ; 23:58:02]4번>>>> 제조사 배송 내역 신규 데이터 없음
[FimsSendDemon             ; 23:58:02]METS Db Dis_Conn !! 
[FimsSendDemon             ; 23:58:02]Program End.
