[FimsReadDemon             ; 0:03:01] SKT FIMS INF READ DEMON START >>>>> 
[FimsReadDemon             ; 0:03:01]METS Db CONNECTION !! 
[FimsReadDemon             ; 0:03:01]2번>>>> 자재 수량 분배 신규 데이터 없음.
[FimsReadDemon             ; 0:03:02]5번>>>> 인수 승인 신규 데이터 없음.
[FimsReadDemon             ; 0:03:02]METS Db Dis_Conn !! 
[FimsReadDemon             ; 0:03:02]Program End.
[FimsSendDemon             ; 0:05:01] SKT FIMS INF SEND DEMON START >>>>> 
[FimsSendDemon             ; 0:05:02]METS Db CONNECTION !! 
[FimsSendDemon             ; 0:05:02]1번>>>> 납품지시내역 신규 데이터 없음
[FimsSendDemon             ; 0:05:02]METS Db Dis_Conn !! 
[FimsSendDemon             ; 0:05:02]Program End.
[FimsSendDemon             ; 0:08:02] SKT FIMS INF 10MIN SEND DEMON START >>>>> 
[FimsSendDemon - 10min     ; 0:08:02]METS Db CONNECTION !! 
[FimsSendDemon             ; 0:08:02]3번>>>> 제조사 배송 정보 신규 데이터 없음
[FimsSendDemon             ; 0:08:02]4번>>>> 제조사 배송 내역 신규 데이터 없음
[FimsSendDemon             ; 0:08:02]METS Db Dis_Conn !! 
[FimsSendDemon             ; 0:08:02]Program End.
[FimsReadDemon             ; 0:13:01] SKT FIMS INF READ DEMON START >>>>> 
[FimsReadDemon             ; 0:13:02]METS Db CONNECTION !! 
[FimsReadDemon             ; 0:13:02]2번>>>> 자재 수량 분배 신규 데이터 없음.
[FimsReadDemon             ; 0:13:02]5번>>>> 인수 승인 신규 데이터 없음.
[FimsReadDemon             ; 0:13:02]METS Db Dis_Conn !! 
[FimsReadDemon             ; 0:13:02]Program End.
[FimsSendDemon             ; 0:18:01] SKT FIMS INF 10MIN SEND DEMON START >>>>> 
[FimsSendDemon - 10min     ; 0:18:01]METS Db CONNECTION !! 
[FimsSendDemon             ; 0:18:01]3번>>>> 제조사 배송 정보 신규 데이터 없음
[FimsSendDemon             ; 0:18:01]4번>>>> 제조사 배송 내역 신규 데이터 없음
[FimsSendDemon             ; 0:18:01]METS Db Dis_Conn !! 
[FimsSendDemon             ; 0:18:01]Program End.
[FimsReadDemon             ; 0:23:02] SKT FIMS INF READ DEMON START >>>>> 
[FimsReadDemon             ; 0:23:02]METS Db CONNECTION !! 
[FimsReadDemon             ; 0:23:02]2번>>>> 자재 수량 분배 신규 데이터 없음.
[FimsReadDemon             ; 0:23:02]5번>>>> 인수 승인 신규 데이터 없음.
[FimsReadDemon             ; 0:23:02]METS Db Dis_Conn !! 
[FimsReadDemon             ; 0:23:02]Program End.
[FimsSendDemon             ; 0:28:01] SKT FIMS INF 10MIN SEND DEMON START >>>>> 
[FimsSendDemon - 10min     ; 0:28:01]METS Db CONNECTION !! 
[FimsSendDemon             ; 0:28:01]3번>>>> 제조사 배송 정보 신규 데이터 없음
[FimsSendDemon             ; 0:28:01]4번>>>> 제조사 배송 내역 신규 데이터 없음
[FimsSendDemon             ; 0:28:01]METS Db Dis_Conn !! 
[FimsSendDemon             ; 0:28:01]Program End.
[FimsReadDemon             ; 0:33:01] SKT FIMS INF READ DEMON START >>>>> 
[FimsReadDemon             ; 0:33:01]METS Db CONNECTION !! 
[FimsReadDemon             ; 0:33:01]2번>>>> 자재 수량 분배 신규 데이터 없음.
[FimsReadDemon             ; 0:33:01]5번>>>> 인수 승인 신규 데이터 없음.
[FimsReadDemon             ; 0:33:01]METS Db Dis_Conn !! 
[FimsReadDemon             ; 0:33:01]Program End.
[FimsSendDemon             ; 0:35:02] SKT FIMS INF SEND DEMON START >>>>> 
[FimsSendDemon             ; 0:35:02]METS Db CONNECTION !! 
[FimsSendDemon             ; 0:35:02]1번>>>> 납품지시내역 신규 데이터 없음
[FimsSendDemon             ; 0:35:02]METS Db Dis_Conn !! 
[FimsSendDemon             ; 0:35:02]Program End.
[FimsSendDemon             ; 0:38:01] SKT FIMS INF 10MIN SEND DEMON START >>>>> 
[FimsSendDemon - 10min     ; 0:38:01]METS Db CONNECTION !! 
[FimsSendDemon             ; 0:38:01]3번>>>> 제조사 배송 정보 신규 데이터 없음
[FimsSendDemon             ; 0:38:02]4번>>>> 제조사 배송 내역 신규 데이터 없음
[FimsSendDemon             ; 0:38:02]METS Db Dis_Conn !! 
[FimsSendDemon             ; 0:38:02]Program End.
[FimsReadDemon             ; 0:43:01] SKT FIMS INF READ DEMON START >>>>> 
[FimsReadDemon             ; 0:43:02]METS Db CONNECTION !! 
[FimsReadDemon             ; 0:43:02]2번>>>> 자재 수량 분배 신규 데이터 없음.
[FimsReadDemon             ; 0:43:02]5번>>>> 인수 승인 신규 데이터 없음.
[FimsReadDemon             ; 0:43:02]METS Db Dis_Conn !! 
[FimsReadDemon             ; 0:43:02]Program End.
[FimsSendDemon             ; 0:48:01] SKT FIMS INF 10MIN SEND DEMON START >>>>> 
[FimsSendDemon - 10min     ; 0:48:01]METS Db CONNECTION !! 
[FimsSendDemon             ; 0:48:01]3번>>>> 제조사 배송 정보 신규 데이터 없음
[FimsSendDemon             ; 0:48:01]4번>>>> 제조사 배송 내역 신규 데이터 없음
[FimsSendDemon             ; 0:48:01]METS Db Dis_Conn !! 
[FimsSendDemon             ; 0:48:01]Program End.
[FimsReadDemon             ; 0:53:01] SKT FIMS INF READ DEMON START >>>>> 
[FimsReadDemon             ; 0:53:01]METS Db CONNECTION !! 
[FimsReadDemon             ; 0:53:01]2번>>>> 자재 수량 분배 신규 데이터 없음.
[FimsReadDemon             ; 0:53:01]5번>>>> 인수 승인 신규 데이터 없음.
[FimsReadDemon             ; 0:53:01]METS Db Dis_Conn !! 
[FimsReadDemon             ; 0:53:01]Program End.
[FimsSendDemon             ; 0:58:01] SKT FIMS INF 10MIN SEND DEMON START >>>>> 
[FimsSendDemon - 10min     ; 0:58:02]METS Db CONNECTION !! 
[FimsSendDemon             ; 0:58:02]3번>>>> 제조사 배송 정보 신규 데이터 없음
[FimsSendDemon             ; 0:58:02]4번>>>> 제조사 배송 내역 신규 데이터 없음
[FimsSendDemon             ; 0:58:02]METS Db Dis_Conn !! 
[FimsSendDemon             ; 0:58:02]Program End.
[FimsReadDemon             ; 1:03:01] SKT FIMS INF READ DEMON START >>>>> 
[FimsReadDemon             ; 1:03:01]METS Db CONNECTION !! 
[FimsReadDemon             ; 1:03:01]2번>>>> 자재 수량 분배 신규 데이터 없음.
[FimsReadDemon             ; 1:03:01]5번>>>> 인수 승인 신규 데이터 없음.
[FimsReadDemon             ; 1:03:01]METS Db Dis_Conn !! 
[FimsReadDemon             ; 1:03:01]Program End.
[FimsSendDemon             ; 1:05:01] SKT FIMS INF SEND DEMON START >>>>> 
[FimsSendDemon             ; 1:05:01]METS Db CONNECTION !! 
[FimsSendDemon             ; 1:05:01]1번>>>> 납품지시내역 신규 데이터 없음
[FimsSendDemon             ; 1:05:01]METS Db Dis_Conn !! 
[FimsSendDemon             ; 1:05:01]Program End.
[FimsSendDemon             ; 1:08:01] SKT FIMS INF 10MIN SEND DEMON START >>>>> 
[FimsSendDemon - 10min     ; 1:08:02]METS Db CONNECTION !! 
[FimsSendDemon             ; 1:08:02]3번>>>> 제조사 배송 정보 신규 데이터 없음
[FimsSendDemon             ; 1:08:02]4번>>>> 제조사 배송 내역 신규 데이터 없음
[FimsSendDemon             ; 1:08:02]METS Db Dis_Conn !! 
[FimsSendDemon             ; 1:08:02]Program End.
[FimsReadDemon             ; 1:13:02] SKT FIMS INF READ DEMON START >>>>> 
[FimsReadDemon             ; 1:13:02]METS Db CONNECTION !! 
[FimsReadDemon             ; 1:13:02]2번>>>> 자재 수량 분배 신규 데이터 없음.
[FimsReadDemon             ; 1:13:02]5번>>>> 인수 승인 신규 데이터 없음.
[FimsReadDemon             ; 1:13:02]METS Db Dis_Conn !! 
[FimsReadDemon             ; 1:13:02]Program End.
[FimsSendDemon             ; 1:18:01] SKT FIMS INF 10MIN SEND DEMON START >>>>> 
[FimsSendDemon - 10min     ; 1:18:01]METS Db CONNECTION !! 
[FimsSendDemon             ; 1:18:01]3번>>>> 제조사 배송 정보 신규 데이터 없음
[FimsSendDemon             ; 1:18:01]4번>>>> 제조사 배송 내역 신규 데이터 없음
[FimsSendDemon             ; 1:18:01]METS Db Dis_Conn !! 
[FimsSendDemon             ; 1:18:01]Program End.
[FimsReadDemon             ; 1:23:01] SKT FIMS INF READ DEMON START >>>>> 
[FimsReadDemon             ; 1:23:01]METS Db CONNECTION !! 
[FimsReadDemon             ; 1:23:01]2번>>>> 자재 수량 분배 신규 데이터 없음.
[FimsReadDemon             ; 1:23:01]5번>>>> 인수 승인 신규 데이터 없음.
[FimsReadDemon             ; 1:23:01]METS Db Dis_Conn !! 
[FimsReadDemon             ; 1:23:01]Program End.
[FimsSendDemon             ; 1:28:01] SKT FIMS INF 10MIN SEND DEMON START >>>>> 
[FimsSendDemon - 10min     ; 1:28:01]METS Db CONNECTION !! 
[FimsSendDemon             ; 1:28:01]3번>>>> 제조사 배송 정보 신규 데이터 없음
[FimsSendDemon             ; 1:28:01]4번>>>> 제조사 배송 내역 신규 데이터 없음
[FimsSendDemon             ; 1:28:01]METS Db Dis_Conn !! 
[FimsSendDemon             ; 1:28:01]Program End.
[FimsReadDemon             ; 1:33:02] SKT FIMS INF READ DEMON START >>>>> 
[FimsReadDemon             ; 1:33:02]METS Db CONNECTION !! 
[FimsReadDemon             ; 1:33:02]2번>>>> 자재 수량 분배 신규 데이터 없음.
[FimsReadDemon             ; 1:33:02]5번>>>> 인수 승인 신규 데이터 없음.
[FimsReadDemon             ; 1:33:02]METS Db Dis_Conn !! 
[FimsReadDemon             ; 1:33:02]Program End.
[FimsSendDemon             ; 1:35:01] SKT FIMS INF SEND DEMON START >>>>> 
[FimsSendDemon             ; 1:35:01]METS Db CONNECTION !! 
[FimsSendDemon             ; 1:35:01]1번>>>> 납품지시내역 신규 데이터 없음
[FimsSendDemon             ; 1:35:01]METS Db Dis_Conn !! 
[FimsSendDemon             ; 1:35:01]Program End.
[FimsSendDemon             ; 1:38:01] SKT FIMS INF 10MIN SEND DEMON START >>>>> 
[FimsSendDemon - 10min     ; 1:38:01]METS Db CONNECTION !! 
[FimsSendDemon             ; 1:38:02]3번>>>> 제조사 배송 정보 신규 데이터 없음
[FimsSendDemon             ; 1:38:02]4번>>>> 제조사 배송 내역 신규 데이터 없음
[FimsSendDemon             ; 1:38:02]METS Db Dis_Conn !! 
[FimsSendDemon             ; 1:38:02]Program End.
[FimsReadDemon             ; 1:43:02] SKT FIMS INF READ DEMON START >>>>> 
[FimsReadDemon             ; 1:43:02]METS Db CONNECTION !! 
[FimsReadDemon             ; 1:43:02]2번>>>> 자재 수량 분배 신규 데이터 없음.
[FimsReadDemon             ; 1:43:02]5번>>>> 인수 승인 신규 데이터 없음.
[FimsReadDemon             ; 1:43:02]METS Db Dis_Conn !! 
[FimsReadDemon             ; 1:43:02]Program End.
[FimsSendDemon             ; 1:48:02] SKT FIMS INF 10MIN SEND DEMON START >>>>> 
[FimsSendDemon - 10min     ; 1:48:02]METS Db CONNECTION !! 
[FimsSendDemon             ; 1:48:02]3번>>>> 제조사 배송 정보 신규 데이터 없음
[FimsSendDemon             ; 1:48:02]4번>>>> 제조사 배송 내역 신규 데이터 없음
[FimsSendDemon             ; 1:48:02]METS Db Dis_Conn !! 
[FimsSendDemon             ; 1:48:02]Program End.
[FimsReadDemon             ; 1:53:01] SKT FIMS INF READ DEMON START >>>>> 
[FimsReadDemon             ; 1:53:01]METS Db CONNECTION !! 
[FimsReadDemon             ; 1:53:01]2번>>>> 자재 수량 분배 신규 데이터 없음.
[FimsReadDemon             ; 1:53:01]5번>>>> 인수 승인 신규 데이터 없음.
[FimsReadDemon             ; 1:53:01]METS Db Dis_Conn !! 
[FimsReadDemon             ; 1:53:01]Program End.
[FimsSendDemon             ; 1:58:02] SKT FIMS INF 10MIN SEND DEMON START >>>>> 
[FimsSendDemon - 10min     ; 1:58:02]METS Db CONNECTION !! 
[FimsSendDemon             ; 1:58:02]3번>>>> 제조사 배송 정보 신규 데이터 없음
[FimsSendDemon             ; 1:58:02]4번>>>> 제조사 배송 내역 신규 데이터 없음
[FimsSendDemon             ; 1:58:02]METS Db Dis_Conn !! 
[FimsSendDemon             ; 1:58:02]Program End.
[FimsReadDemon             ; 2:03:01] SKT FIMS INF READ DEMON START >>>>> 
[FimsReadDemon             ; 2:03:02]METS Db CONNECTION !! 
[FimsReadDemon             ; 2:03:02]2번>>>> 자재 수량 분배 신규 데이터 없음.
[FimsReadDemon             ; 2:03:02]5번>>>> 인수 승인 신규 데이터 없음.
[FimsReadDemon             ; 2:03:02]METS Db Dis_Conn !! 
[FimsReadDemon             ; 2:03:02]Program End.
[FimsSendDemon             ; 2:05:01] SKT FIMS INF SEND DEMON START >>>>> 
[FimsSendDemon             ; 2:05:02]METS Db CONNECTION !! 
[FimsSendDemon             ; 2:05:02]1번>>>> 납품지시내역 신규 데이터 없음
[FimsSendDemon             ; 2:05:02]METS Db Dis_Conn !! 
[FimsSendDemon             ; 2:05:02]Program End.
[FimsSendDemon             ; 2:08:01] SKT FIMS INF 10MIN SEND DEMON START >>>>> 
[FimsSendDemon - 10min     ; 2:08:01]METS Db CONNECTION !! 
[FimsSendDemon             ; 2:08:01]3번>>>> 제조사 배송 정보 신규 데이터 없음
[FimsSendDemon             ; 2:08:01]4번>>>> 제조사 배송 내역 신규 데이터 없음
[FimsSendDemon             ; 2:08:01]METS Db Dis_Conn !! 
[FimsSendDemon             ; 2:08:01]Program End.
[FimsReadDemon             ; 2:13:01] SKT FIMS INF READ DEMON START >>>>> 
[FimsReadDemon             ; 2:13:02]METS Db CONNECTION !! 
[FimsReadDemon             ; 2:13:02]2번>>>> 자재 수량 분배 신규 데이터 없음.
[FimsReadDemon             ; 2:13:02]5번>>>> 인수 승인 신규 데이터 없음.
[FimsReadDemon             ; 2:13:02]METS Db Dis_Conn !! 
[FimsReadDemon             ; 2:13:02]Program End.
[FimsSendDemon             ; 2:18:01] SKT FIMS INF 10MIN SEND DEMON START >>>>> 
[FimsSendDemon - 10min     ; 2:18:02]METS Db CONNECTION !! 
[FimsSendDemon             ; 2:18:02]3번>>>> 제조사 배송 정보 신규 데이터 없음
[FimsSendDemon             ; 2:18:02]4번>>>> 제조사 배송 내역 신규 데이터 없음
[FimsSendDemon             ; 2:18:02]METS Db Dis_Conn !! 
[FimsSendDemon             ; 2:18:02]Program End.
[FimsReadDemon             ; 2:23:01] SKT FIMS INF READ DEMON START >>>>> 
[FimsReadDemon             ; 2:23:02]METS Db CONNECTION !! 
[FimsReadDemon             ; 2:23:02]2번>>>> 자재 수량 분배 신규 데이터 없음.
[FimsReadDemon             ; 2:23:02]5번>>>> 인수 승인 신규 데이터 없음.
[FimsReadDemon             ; 2:23:02]METS Db Dis_Conn !! 
[FimsReadDemon             ; 2:23:02]Program End.
[FimsSendDemon             ; 2:28:02] SKT FIMS INF 10MIN SEND DEMON START >>>>> 
[FimsSendDemon - 10min     ; 2:28:02]METS Db CONNECTION !! 
[FimsSendDemon             ; 2:28:02]3번>>>> 제조사 배송 정보 신규 데이터 없음
[FimsSendDemon             ; 2:28:02]4번>>>> 제조사 배송 내역 신규 데이터 없음
[FimsSendDemon             ; 2:28:02]METS Db Dis_Conn !! 
[FimsSendDemon             ; 2:28:02]Program End.
[FimsReadDemon             ; 2:33:02] SKT FIMS INF READ DEMON START >>>>> 
[FimsReadDemon             ; 2:33:04]METS Db CONNECTION !! 
[FimsReadDemon             ; 2:33:04]2번>>>> 자재 수량 분배 신규 데이터 없음.
[FimsReadDemon             ; 2:33:04]5번>>>> 인수 승인 신규 데이터 없음.
[FimsReadDemon             ; 2:33:06]METS Db Dis_Conn !! 
[FimsReadDemon             ; 2:33:06]Program End.
[FimsSendDemon             ; 2:35:01] SKT FIMS INF SEND DEMON START >>>>> 
[FimsSendDemon             ; 2:35:01]METS Db CONNECTION !! 
[FimsSendDemon             ; 2:35:01]1번>>>> 납품지시내역 신규 데이터 없음
[FimsSendDemon             ; 2:35:01]METS Db Dis_Conn !! 
[FimsSendDemon             ; 2:35:01]Program End.
[FimsSendDemon             ; 2:38:02] SKT FIMS INF 10MIN SEND DEMON START >>>>> 
[FimsSendDemon - 10min     ; 2:38:02]METS Db CONNECTION !! 
[FimsSendDemon             ; 2:38:02]3번>>>> 제조사 배송 정보 신규 데이터 없음
[FimsSendDemon             ; 2:38:02]4번>>>> 제조사 배송 내역 신규 데이터 없음
[FimsSendDemon             ; 2:38:02]METS Db Dis_Conn !! 
[FimsSendDemon             ; 2:38:02]Program End.
[FimsReadDemon             ; 2:43:01] SKT FIMS INF READ DEMON START >>>>> 
[FimsReadDemon             ; 2:43:01]METS Db CONNECTION !! 
[FimsReadDemon             ; 2:43:01]2번>>>> 자재 수량 분배 신규 데이터 없음.
[FimsReadDemon             ; 2:43:02]5번>>>> 인수 승인 신규 데이터 없음.
[FimsReadDemon             ; 2:43:02]METS Db Dis_Conn !! 
[FimsReadDemon             ; 2:43:02]Program End.
[FimsSendDemon             ; 2:48:01] SKT FIMS INF 10MIN SEND DEMON START >>>>> 
[FimsSendDemon - 10min     ; 2:48:01]METS Db CONNECTION !! 
[FimsSendDemon             ; 2:48:02]3번>>>> 제조사 배송 정보 신규 데이터 없음
[FimsSendDemon             ; 2:48:02]4번>>>> 제조사 배송 내역 신규 데이터 없음
[FimsSendDemon             ; 2:48:02]METS Db Dis_Conn !! 
[FimsSendDemon             ; 2:48:02]Program End.
[FimsReadDemon             ; 2:53:01] SKT FIMS INF READ DEMON START >>>>> 
[FimsReadDemon             ; 2:53:01]METS Db CONNECTION !! 
[FimsReadDemon             ; 2:53:01]2번>>>> 자재 수량 분배 신규 데이터 없음.
[FimsReadDemon             ; 2:53:01]5번>>>> 인수 승인 신규 데이터 없음.
[FimsReadDemon             ; 2:53:01]METS Db Dis_Conn !! 
[FimsReadDemon             ; 2:53:01]Program End.
[FimsSendDemon             ; 2:58:01] SKT FIMS INF 10MIN SEND DEMON START >>>>> 
[FimsSendDemon - 10min     ; 2:58:02]METS Db CONNECTION !! 
[FimsSendDemon             ; 2:58:02]3번>>>> 제조사 배송 정보 신규 데이터 없음
[FimsSendDemon             ; 2:58:02]4번>>>> 제조사 배송 내역 신규 데이터 없음
[FimsSendDemon             ; 2:58:02]METS Db Dis_Conn !! 
[FimsSendDemon             ; 2:58:02]Program End.
[FimsReadDemon             ; 3:03:01] SKT FIMS INF READ DEMON START >>>>> 
[FimsReadDemon             ; 3:03:02]METS Db CONNECTION !! 
[FimsReadDemon             ; 3:03:02]2번>>>> 자재 수량 분배 신규 데이터 없음.
[FimsReadDemon             ; 3:03:02]5번>>>> 인수 승인 신규 데이터 없음.
[FimsReadDemon             ; 3:03:02]METS Db Dis_Conn !! 
[FimsReadDemon             ; 3:03:02]Program End.
[FimsSendDemon             ; 3:05:02] SKT FIMS INF SEND DEMON START >>>>> 
[FimsSendDemon             ; 3:05:02]METS Db CONNECTION !! 
[FimsSendDemon             ; 3:05:02]1번>>>> 납품지시내역 신규 데이터 없음
[FimsSendDemon             ; 3:05:02]METS Db Dis_Conn !! 
[FimsSendDemon             ; 3:05:02]Program End.
[FimsSendDemon             ; 3:08:01] SKT FIMS INF 10MIN SEND DEMON START >>>>> 
[FimsSendDemon - 10min     ; 3:08:01]METS Db CONNECTION !! 
[FimsSendDemon             ; 3:08:01]3번>>>> 제조사 배송 정보 신규 데이터 없음
[FimsSendDemon             ; 3:08:01]4번>>>> 제조사 배송 내역 신규 데이터 없음
[FimsSendDemon             ; 3:08:01]METS Db Dis_Conn !! 
[FimsSendDemon             ; 3:08:01]Program End.
[FimsReadDemon             ; 3:13:02] SKT FIMS INF READ DEMON START >>>>> 
[FimsReadDemon             ; 3:13:02]METS Db CONNECTION !! 
[FimsReadDemon             ; 3:13:02]2번>>>> 자재 수량 분배 신규 데이터 없음.
[FimsReadDemon             ; 3:13:02]5번>>>> 인수 승인 신규 데이터 없음.
[FimsReadDemon             ; 3:13:02]METS Db Dis_Conn !! 
[FimsReadDemon             ; 3:13:02]Program End.
[FimsSendDemon             ; 3:18:01] SKT FIMS INF 10MIN SEND DEMON START >>>>> 
[FimsSendDemon - 10min     ; 3:18:01]METS Db CONNECTION !! 
[FimsSendDemon             ; 3:18:02]3번>>>> 제조사 배송 정보 신규 데이터 없음
[FimsSendDemon             ; 3:18:02]4번>>>> 제조사 배송 내역 신규 데이터 없음
[FimsSendDemon             ; 3:18:02]METS Db Dis_Conn !! 
[FimsSendDemon             ; 3:18:02]Program End.
[FimsReadDemon             ; 3:23:01] SKT FIMS INF READ DEMON START >>>>> 
[FimsReadDemon             ; 3:23:02]METS Db CONNECTION !! 
[FimsReadDemon             ; 3:23:02]2번>>>> 자재 수량 분배 신규 데이터 없음.
[FimsReadDemon             ; 3:23:02]5번>>>> 인수 승인 신규 데이터 없음.
[FimsReadDemon             ; 3:23:02]METS Db Dis_Conn !! 
[FimsReadDemon             ; 3:23:02]Program End.
[FimsSendDemon             ; 3:28:01] SKT FIMS INF 10MIN SEND DEMON START >>>>> 
[FimsSendDemon - 10min     ; 3:28:01]METS Db CONNECTION !! 
[FimsSendDemon             ; 3:28:01]3번>>>> 제조사 배송 정보 신규 데이터 없음
[FimsSendDemon             ; 3:28:01]4번>>>> 제조사 배송 내역 신규 데이터 없음
[FimsSendDemon             ; 3:28:01]METS Db Dis_Conn !! 
[FimsSendDemon             ; 3:28:01]Program End.
[FimsReadDemon             ; 3:33:02] SKT FIMS INF READ DEMON START >>>>> 
[FimsReadDemon             ; 3:33:02]METS Db CONNECTION !! 
[FimsReadDemon             ; 3:33:02]2번>>>> 자재 수량 분배 신규 데이터 없음.
[FimsReadDemon             ; 3:33:02]5번>>>> 인수 승인 신규 데이터 없음.
[FimsReadDemon             ; 3:33:02]METS Db Dis_Conn !! 
[FimsReadDemon             ; 3:33:02]Program End.
[FimsSendDemon             ; 3:35:01] SKT FIMS INF SEND DEMON START >>>>> 
[FimsSendDemon             ; 3:35:01]METS Db CONNECTION !! 
[FimsSendDemon             ; 3:35:01]1번>>>> 납품지시내역 신규 데이터 없음
[FimsSendDemon             ; 3:35:01]METS Db Dis_Conn !! 
[FimsSendDemon             ; 3:35:01]Program End.
[FimsSendDemon             ; 3:38:01] SKT FIMS INF 10MIN SEND DEMON START >>>>> 
[FimsSendDemon - 10min     ; 3:38:01]METS Db CONNECTION !! 
[FimsSendDemon             ; 3:38:02]3번>>>> 제조사 배송 정보 신규 데이터 없음
[FimsSendDemon             ; 3:38:02]4번>>>> 제조사 배송 내역 신규 데이터 없음
[FimsSendDemon             ; 3:38:02]METS Db Dis_Conn !! 
[FimsSendDemon             ; 3:38:02]Program End.
[FimsReadDemon             ; 3:43:01] SKT FIMS INF READ DEMON START >>>>> 
[FimsReadDemon             ; 3:43:01]METS Db CONNECTION !! 
[FimsReadDemon             ; 3:43:01]2번>>>> 자재 수량 분배 신규 데이터 없음.
[FimsReadDemon             ; 3:43:01]5번>>>> 인수 승인 신규 데이터 없음.
[FimsReadDemon             ; 3:43:01]METS Db Dis_Conn !! 
[FimsReadDemon             ; 3:43:01]Program End.
[FimsSendDemon             ; 3:48:01] SKT FIMS INF 10MIN SEND DEMON START >>>>> 
[FimsSendDemon - 10min     ; 3:48:01]METS Db CONNECTION !! 
[FimsSendDemon             ; 3:48:01]3번>>>> 제조사 배송 정보 신규 데이터 없음
[FimsSendDemon             ; 3:48:01]4번>>>> 제조사 배송 내역 신규 데이터 없음
[FimsSendDemon             ; 3:48:02]METS Db Dis_Conn !! 
[FimsSendDemon             ; 3:48:02]Program End.
[FimsReadDemon             ; 3:53:01] SKT FIMS INF READ DEMON START >>>>> 
[FimsReadDemon             ; 3:53:01]METS Db CONNECTION !! 
[FimsReadDemon             ; 3:53:01]2번>>>> 자재 수량 분배 신규 데이터 없음.
[FimsReadDemon             ; 3:53:01]5번>>>> 인수 승인 신규 데이터 없음.
[FimsReadDemon             ; 3:53:01]METS Db Dis_Conn !! 
[FimsReadDemon             ; 3:53:01]Program End.
[FimsSendDemon             ; 3:58:01] SKT FIMS INF 10MIN SEND DEMON START >>>>> 
[FimsSendDemon - 10min     ; 3:58:01]METS Db CONNECTION !! 
[FimsSendDemon             ; 3:58:01]3번>>>> 제조사 배송 정보 신규 데이터 없음
[FimsSendDemon             ; 3:58:01]4번>>>> 제조사 배송 내역 신규 데이터 없음
[FimsSendDemon             ; 3:58:01]METS Db Dis_Conn !! 
[FimsSendDemon             ; 3:58:01]Program End.
[FimsReadDemon             ; 4:03:01] SKT FIMS INF READ DEMON START >>>>> 
[FimsReadDemon             ; 4:03:02]METS Db CONNECTION !! 
[FimsReadDemon             ; 4:03:02]2번>>>> 자재 수량 분배 신규 데이터 없음.
[FimsReadDemon             ; 4:03:02]5번>>>> 인수 승인 신규 데이터 없음.
[FimsReadDemon             ; 4:03:02]METS Db Dis_Conn !! 
[FimsReadDemon             ; 4:03:02]Program End.
[FimsSendDemon             ; 4:05:01] SKT FIMS INF SEND DEMON START >>>>> 
[FimsSendDemon             ; 4:05:01]METS Db CONNECTION !! 
[FimsSendDemon             ; 4:05:01]1번>>>> 납품지시내역 신규 데이터 없음
[FimsSendDemon             ; 4:05:01]METS Db Dis_Conn !! 
[FimsSendDemon             ; 4:05:01]Program End.
[FimsSendDemon             ; 4:08:01] SKT FIMS INF 10MIN SEND DEMON START >>>>> 
[FimsSendDemon - 10min     ; 4:08:01]METS Db CONNECTION !! 
[FimsSendDemon             ; 4:08:01]3번>>>> 제조사 배송 정보 신규 데이터 없음
[FimsSendDemon             ; 4:08:01]4번>>>> 제조사 배송 내역 신규 데이터 없음
[FimsSendDemon             ; 4:08:01]METS Db Dis_Conn !! 
[FimsSendDemon             ; 4:08:01]Program End.
[FimsReadDemon             ; 4:13:02] SKT FIMS INF READ DEMON START >>>>> 
[FimsReadDemon             ; 4:13:02]METS Db CONNECTION !! 
[FimsReadDemon             ; 4:13:02]2번>>>> 자재 수량 분배 신규 데이터 없음.
[FimsReadDemon             ; 4:13:02]5번>>>> 인수 승인 신규 데이터 없음.
[FimsReadDemon             ; 4:13:02]METS Db Dis_Conn !! 
[FimsReadDemon             ; 4:13:02]Program End.
[FimsSendDemon             ; 4:18:01] SKT FIMS INF 10MIN SEND DEMON START >>>>> 
[FimsSendDemon - 10min     ; 4:18:01]METS Db CONNECTION !! 
[FimsSendDemon             ; 4:18:02]3번>>>> 제조사 배송 정보 신규 데이터 없음
[FimsSendDemon             ; 4:18:02]4번>>>> 제조사 배송 내역 신규 데이터 없음
[FimsSendDemon             ; 4:18:02]METS Db Dis_Conn !! 
[FimsSendDemon             ; 4:18:02]Program End.
[FimsReadDemon             ; 4:23:01] SKT FIMS INF READ DEMON START >>>>> 
[FimsReadDemon             ; 4:23:01]METS Db CONNECTION !! 
[FimsReadDemon             ; 4:23:02]2번>>>> 자재 수량 분배 신규 데이터 없음.
[FimsReadDemon             ; 4:23:02]5번>>>> 인수 승인 신규 데이터 없음.
[FimsReadDemon             ; 4:23:02]METS Db Dis_Conn !! 
[FimsReadDemon             ; 4:23:02]Program End.
[FimsSendDemon             ; 4:28:02] SKT FIMS INF 10MIN SEND DEMON START >>>>> 
[FimsSendDemon - 10min     ; 4:28:02]METS Db CONNECTION !! 
[FimsSendDemon             ; 4:28:02]3번>>>> 제조사 배송 정보 신규 데이터 없음
[FimsSendDemon             ; 4:28:02]4번>>>> 제조사 배송 내역 신규 데이터 없음
[FimsSendDemon             ; 4:28:02]METS Db Dis_Conn !! 
[FimsSendDemon             ; 4:28:02]Program End.
[FimsReadDemon             ; 4:33:01] SKT FIMS INF READ DEMON START >>>>> 
[FimsReadDemon             ; 4:33:02]METS Db CONNECTION !! 
[FimsReadDemon             ; 4:33:02]2번>>>> 자재 수량 분배 신규 데이터 없음.
[FimsReadDemon             ; 4:33:02]5번>>>> 인수 승인 신규 데이터 없음.
[FimsReadDemon             ; 4:33:02]METS Db Dis_Conn !! 
[FimsReadDemon             ; 4:33:02]Program End.
[FimsSendDemon             ; 4:35:01] SKT FIMS INF SEND DEMON START >>>>> 
[FimsSendDemon             ; 4:35:01]METS Db CONNECTION !! 
[FimsSendDemon             ; 4:35:02]1번>>>> 납품지시내역 신규 데이터 없음
[FimsSendDemon             ; 4:35:02]METS Db Dis_Conn !! 
[FimsSendDemon             ; 4:35:02]Program End.
[FimsSendDemon             ; 4:38:01] SKT FIMS INF 10MIN SEND DEMON START >>>>> 
[FimsSendDemon - 10min     ; 4:38:01]METS Db CONNECTION !! 
[FimsSendDemon             ; 4:38:01]3번>>>> 제조사 배송 정보 신규 데이터 없음
[FimsSendDemon             ; 4:38:01]4번>>>> 제조사 배송 내역 신규 데이터 없음
[FimsSendDemon             ; 4:38:01]METS Db Dis_Conn !! 
[FimsSendDemon             ; 4:38:01]Program End.
[FimsReadDemon             ; 4:43:02] SKT FIMS INF READ DEMON START >>>>> 
[FimsReadDemon             ; 4:43:02]METS Db CONNECTION !! 
[FimsReadDemon             ; 4:43:02]2번>>>> 자재 수량 분배 신규 데이터 없음.
[FimsReadDemon             ; 4:43:02]5번>>>> 인수 승인 신규 데이터 없음.
[FimsReadDemon             ; 4:43:02]METS Db Dis_Conn !! 
[FimsReadDemon             ; 4:43:02]Program End.
[FimsSendDemon             ; 4:48:02] SKT FIMS INF 10MIN SEND DEMON START >>>>> 
[FimsSendDemon - 10min     ; 4:48:02]METS Db CONNECTION !! 
[FimsSendDemon             ; 4:48:02]3번>>>> 제조사 배송 정보 신규 데이터 없음
[FimsSendDemon             ; 4:48:02]4번>>>> 제조사 배송 내역 신규 데이터 없음
[FimsSendDemon             ; 4:48:02]METS Db Dis_Conn !! 
[FimsSendDemon             ; 4:48:02]Program End.
[FimsReadDemon             ; 4:53:01] SKT FIMS INF READ DEMON START >>>>> 
[FimsReadDemon             ; 4:53:01]METS Db CONNECTION !! 
[FimsReadDemon             ; 4:53:01]2번>>>> 자재 수량 분배 신규 데이터 없음.
[FimsReadDemon             ; 4:53:02]5번>>>> 인수 승인 신규 데이터 없음.
[FimsReadDemon             ; 4:53:02]METS Db Dis_Conn !! 
[FimsReadDemon             ; 4:53:02]Program End.
[FimsSendDemon             ; 4:58:02] SKT FIMS INF 10MIN SEND DEMON START >>>>> 
[FimsSendDemon - 10min     ; 4:58:02]METS Db CONNECTION !! 
[FimsSendDemon             ; 4:58:02]3번>>>> 제조사 배송 정보 신규 데이터 없음
[FimsSendDemon             ; 4:58:02]4번>>>> 제조사 배송 내역 신규 데이터 없음
[FimsSendDemon             ; 4:58:02]METS Db Dis_Conn !! 
[FimsSendDemon             ; 4:58:02]Program End.
[FimsReadDemon             ; 5:03:01] SKT FIMS INF READ DEMON START >>>>> 
[FimsReadDemon             ; 5:03:01]METS Db CONNECTION !! 
[FimsReadDemon             ; 5:03:01]2번>>>> 자재 수량 분배 신규 데이터 없음.
[FimsReadDemon             ; 5:03:01]5번>>>> 인수 승인 신규 데이터 없음.
[FimsReadDemon             ; 5:03:01]METS Db Dis_Conn !! 
[FimsReadDemon             ; 5:03:01]Program End.
[FimsSendDemon             ; 5:05:01] SKT FIMS INF SEND DEMON START >>>>> 
[FimsSendDemon             ; 5:05:01]METS Db CONNECTION !! 
[FimsSendDemon             ; 5:05:02]1번>>>> 납품지시내역 신규 데이터 없음
[FimsSendDemon             ; 5:05:02]METS Db Dis_Conn !! 
[FimsSendDemon             ; 5:05:02]Program End.
[FimsSendDemon             ; 5:08:01] SKT FIMS INF 10MIN SEND DEMON START >>>>> 
[FimsSendDemon - 10min     ; 5:08:01]METS Db CONNECTION !! 
[FimsSendDemon             ; 5:08:01]3번>>>> 제조사 배송 정보 신규 데이터 없음
[FimsSendDemon             ; 5:08:01]4번>>>> 제조사 배송 내역 신규 데이터 없음
[FimsSendDemon             ; 5:08:01]METS Db Dis_Conn !! 
[FimsSendDemon             ; 5:08:01]Program End.
[FimsReadDemon             ; 5:13:01] SKT FIMS INF READ DEMON START >>>>> 
[FimsReadDemon             ; 5:13:01]METS Db CONNECTION !! 
[FimsReadDemon             ; 5:13:01]2번>>>> 자재 수량 분배 신규 데이터 없음.
[FimsReadDemon             ; 5:13:01]5번>>>> 인수 승인 신규 데이터 없음.
[FimsReadDemon             ; 5:13:01]METS Db Dis_Conn !! 
[FimsReadDemon             ; 5:13:01]Program End.
[FimsSendDemon             ; 5:18:02] SKT FIMS INF 10MIN SEND DEMON START >>>>> 
[FimsSendDemon - 10min     ; 5:18:02]METS Db CONNECTION !! 
[FimsSendDemon             ; 5:18:02]3번>>>> 제조사 배송 정보 신규 데이터 없음
[FimsSendDemon             ; 5:18:02]4번>>>> 제조사 배송 내역 신규 데이터 없음
[FimsSendDemon             ; 5:18:02]METS Db Dis_Conn !! 
[FimsSendDemon             ; 5:18:02]Program End.
[FimsReadDemon             ; 5:23:01] SKT FIMS INF READ DEMON START >>>>> 
[FimsReadDemon             ; 5:23:01]METS Db CONNECTION !! 
[FimsReadDemon             ; 5:23:01]2번>>>> 자재 수량 분배 신규 데이터 없음.
[FimsReadDemon             ; 5:23:01]5번>>>> 인수 승인 신규 데이터 없음.
[FimsReadDemon             ; 5:23:01]METS Db Dis_Conn !! 
[FimsReadDemon             ; 5:23:01]Program End.
[FimsSendDemon             ; 5:28:01] SKT FIMS INF 10MIN SEND DEMON START >>>>> 
[FimsSendDemon - 10min     ; 5:28:02]METS Db CONNECTION !! 
[FimsSendDemon             ; 5:28:02]3번>>>> 제조사 배송 정보 신규 데이터 없음
[FimsSendDemon             ; 5:28:02]4번>>>> 제조사 배송 내역 신규 데이터 없음
[FimsSendDemon             ; 5:28:02]METS Db Dis_Conn !! 
[FimsSendDemon             ; 5:28:02]Program End.
[FimsReadDemon             ; 5:33:02] SKT FIMS INF READ DEMON START >>>>> 
[FimsReadDemon             ; 5:33:02]METS Db CONNECTION !! 
[FimsReadDemon             ; 5:33:02]2번>>>> 자재 수량 분배 신규 데이터 없음.
[FimsReadDemon             ; 5:33:02]5번>>>> 인수 승인 신규 데이터 없음.
[FimsReadDemon             ; 5:33:02]METS Db Dis_Conn !! 
[FimsReadDemon             ; 5:33:02]Program End.
[FimsSendDemon             ; 5:35:01] SKT FIMS INF SEND DEMON START >>>>> 
[FimsSendDemon             ; 5:35:01]METS Db CONNECTION !! 
[FimsSendDemon             ; 5:35:01]1번>>>> 납품지시내역 신규 데이터 없음
[FimsSendDemon             ; 5:35:01]METS Db Dis_Conn !! 
[FimsSendDemon             ; 5:35:01]Program End.
[FimsSendDemon             ; 5:38:01] SKT FIMS INF 10MIN SEND DEMON START >>>>> 
[FimsSendDemon - 10min     ; 5:38:01]METS Db CONNECTION !! 
[FimsSendDemon             ; 5:38:01]3번>>>> 제조사 배송 정보 신규 데이터 없음
[FimsSendDemon             ; 5:38:01]4번>>>> 제조사 배송 내역 신규 데이터 없음
[FimsSendDemon             ; 5:38:01]METS Db Dis_Conn !! 
[FimsSendDemon             ; 5:38:01]Program End.
[FimsReadDemon             ; 5:43:02] SKT FIMS INF READ DEMON START >>>>> 
[FimsReadDemon             ; 5:43:02]METS Db CONNECTION !! 
[FimsReadDemon             ; 5:43:02]2번>>>> 자재 수량 분배 신규 데이터 없음.
[FimsReadDemon             ; 5:43:02]5번>>>> 인수 승인 신규 데이터 없음.
[FimsReadDemon             ; 5:43:02]METS Db Dis_Conn !! 
[FimsReadDemon             ; 5:43:02]Program End.
[FimsSendDemon             ; 5:48:01] SKT FIMS INF 10MIN SEND DEMON START >>>>> 
[FimsSendDemon - 10min     ; 5:48:02]METS Db CONNECTION !! 
[FimsSendDemon             ; 5:48:02]3번>>>> 제조사 배송 정보 신규 데이터 없음
[FimsSendDemon             ; 5:48:02]4번>>>> 제조사 배송 내역 신규 데이터 없음
[FimsSendDemon             ; 5:48:02]METS Db Dis_Conn !! 
[FimsSendDemon             ; 5:48:02]Program End.
[FimsReadDemon             ; 5:53:01] SKT FIMS INF READ DEMON START >>>>> 
[FimsReadDemon             ; 5:53:02]METS Db CONNECTION !! 
[FimsReadDemon             ; 5:53:02]2번>>>> 자재 수량 분배 신규 데이터 없음.
[FimsReadDemon             ; 5:53:02]5번>>>> 인수 승인 신규 데이터 없음.
[FimsReadDemon             ; 5:53:02]METS Db Dis_Conn !! 
[FimsReadDemon             ; 5:53:02]Program End.
[FimsSendDemon             ; 5:58:01] SKT FIMS INF 10MIN SEND DEMON START >>>>> 
[FimsSendDemon - 10min     ; 5:58:01]METS Db CONNECTION !! 
[FimsSendDemon             ; 5:58:01]3번>>>> 제조사 배송 정보 신규 데이터 없음
[FimsSendDemon             ; 5:58:01]4번>>>> 제조사 배송 내역 신규 데이터 없음
[FimsSendDemon             ; 5:58:01]METS Db Dis_Conn !! 
[FimsSendDemon             ; 5:58:01]Program End.
[FimsReadDemon             ; 6:03:01] SKT FIMS INF READ DEMON START >>>>> 
[FimsReadDemon             ; 6:03:01]METS Db CONNECTION !! 
[FimsReadDemon             ; 6:03:01]2번>>>> 자재 수량 분배 신규 데이터 없음.
[FimsReadDemon             ; 6:03:02]5번>>>> 인수 승인 신규 데이터 없음.
[FimsReadDemon             ; 6:03:02]METS Db Dis_Conn !! 
[FimsReadDemon             ; 6:03:02]Program End.
[FimsSendDemon             ; 6:05:01] SKT FIMS INF SEND DEMON START >>>>> 
[FimsSendDemon             ; 6:05:02]METS Db CONNECTION !! 
[FimsSendDemon             ; 6:05:02]1번>>>> 납품지시내역 신규 데이터 없음
[FimsSendDemon             ; 6:05:02]METS Db Dis_Conn !! 
[FimsSendDemon             ; 6:05:02]Program End.
[FimsSendDemon             ; 6:08:01] SKT FIMS INF 10MIN SEND DEMON START >>>>> 
[FimsSendDemon - 10min     ; 6:08:01]METS Db CONNECTION !! 
[FimsSendDemon             ; 6:08:01]3번>>>> 제조사 배송 정보 신규 데이터 없음
[FimsSendDemon             ; 6:08:01]4번>>>> 제조사 배송 내역 신규 데이터 없음
[FimsSendDemon             ; 6:08:01]METS Db Dis_Conn !! 
[FimsSendDemon             ; 6:08:01]Program End.
[FimsReadDemon             ; 6:13:01] SKT FIMS INF READ DEMON START >>>>> 
[FimsReadDemon             ; 6:13:02]METS Db CONNECTION !! 
[FimsReadDemon             ; 6:13:02]2번>>>> 자재 수량 분배 신규 데이터 없음.
[FimsReadDemon             ; 6:13:02]5번>>>> 인수 승인 신규 데이터 없음.
[FimsReadDemon             ; 6:13:02]METS Db Dis_Conn !! 
[FimsReadDemon             ; 6:13:02]Program End.
[FimsSendDemon             ; 6:18:01] SKT FIMS INF 10MIN SEND DEMON START >>>>> 
[FimsSendDemon - 10min     ; 6:18:01]METS Db CONNECTION !! 
[FimsSendDemon             ; 6:18:01]3번>>>> 제조사 배송 정보 신규 데이터 없음
[FimsSendDemon             ; 6:18:01]4번>>>> 제조사 배송 내역 신규 데이터 없음
[FimsSendDemon             ; 6:18:01]METS Db Dis_Conn !! 
[FimsSendDemon             ; 6:18:01]Program End.
[FimsReadDemon             ; 6:23:02] SKT FIMS INF READ DEMON START >>>>> 
[FimsReadDemon             ; 6:23:02]METS Db CONNECTION !! 
[FimsReadDemon             ; 6:23:02]2번>>>> 자재 수량 분배 신규 데이터 없음.
[FimsReadDemon             ; 6:23:02]5번>>>> 인수 승인 신규 데이터 없음.
[FimsReadDemon             ; 6:23:02]METS Db Dis_Conn !! 
[FimsReadDemon             ; 6:23:02]Program End.
[FimsSendDemon             ; 6:28:02] SKT FIMS INF 10MIN SEND DEMON START >>>>> 
[FimsSendDemon - 10min     ; 6:28:02]METS Db CONNECTION !! 
[FimsSendDemon             ; 6:28:02]3번>>>> 제조사 배송 정보 신규 데이터 없음
[FimsSendDemon             ; 6:28:02]4번>>>> 제조사 배송 내역 신규 데이터 없음
[FimsSendDemon             ; 6:28:02]METS Db Dis_Conn !! 
[FimsSendDemon             ; 6:28:02]Program End.
[FimsReadDemon             ; 6:33:01] SKT FIMS INF READ DEMON START >>>>> 
[FimsReadDemon             ; 6:33:01]METS Db CONNECTION !! 
[FimsReadDemon             ; 6:33:01]2번>>>> 자재 수량 분배 신규 데이터 없음.
[FimsReadDemon             ; 6:33:01]5번>>>> 인수 승인 신규 데이터 없음.
[FimsReadDemon             ; 6:33:01]METS Db Dis_Conn !! 
[FimsReadDemon             ; 6:33:01]Program End.
[FimsSendDemon             ; 6:35:01] SKT FIMS INF SEND DEMON START >>>>> 
[FimsSendDemon             ; 6:35:02]METS Db CONNECTION !! 
[FimsSendDemon             ; 6:35:02]1번>>>> 납품지시내역 신규 데이터 없음
[FimsSendDemon             ; 6:35:02]METS Db Dis_Conn !! 
[FimsSendDemon             ; 6:35:02]Program End.
[FimsSendDemon             ; 6:38:01] SKT FIMS INF 10MIN SEND DEMON START >>>>> 
[FimsSendDemon - 10min     ; 6:38:02]METS Db CONNECTION !! 
[FimsSendDemon             ; 6:38:02]3번>>>> 제조사 배송 정보 신규 데이터 없음
[FimsSendDemon             ; 6:38:02]4번>>>> 제조사 배송 내역 신규 데이터 없음
[FimsSendDemon             ; 6:38:02]METS Db Dis_Conn !! 
[FimsSendDemon             ; 6:38:02]Program End.
[FimsReadDemon             ; 6:43:01] SKT FIMS INF READ DEMON START >>>>> 
[FimsReadDemon             ; 6:43:01]METS Db CONNECTION !! 
[FimsReadDemon             ; 6:43:01]2번>>>> 자재 수량 분배 신규 데이터 없음.
[FimsReadDemon             ; 6:43:02]5번>>>> 인수 승인 신규 데이터 없음.
[FimsReadDemon             ; 6:43:02]METS Db Dis_Conn !! 
[FimsReadDemon             ; 6:43:02]Program End.
[FimsSendDemon             ; 6:48:01] SKT FIMS INF 10MIN SEND DEMON START >>>>> 
[FimsSendDemon - 10min     ; 6:48:01]METS Db CONNECTION !! 
[FimsSendDemon             ; 6:48:01]3번>>>> 제조사 배송 정보 신규 데이터 없음
[FimsSendDemon             ; 6:48:01]4번>>>> 제조사 배송 내역 신규 데이터 없음
[FimsSendDemon             ; 6:48:01]METS Db Dis_Conn !! 
[FimsSendDemon             ; 6:48:01]Program End.
[FimsReadDemon             ; 6:53:01] SKT FIMS INF READ DEMON START >>>>> 
[FimsReadDemon             ; 6:53:01]METS Db CONNECTION !! 
[FimsReadDemon             ; 6:53:01]2번>>>> 자재 수량 분배 신규 데이터 없음.
[FimsReadDemon             ; 6:53:01]5번>>>> 인수 승인 신규 데이터 없음.
[FimsReadDemon             ; 6:53:01]METS Db Dis_Conn !! 
[FimsReadDemon             ; 6:53:01]Program End.
[FimsSendDemon             ; 6:58:01] SKT FIMS INF 10MIN SEND DEMON START >>>>> 
[FimsSendDemon - 10min     ; 6:58:01]METS Db CONNECTION !! 
[FimsSendDemon             ; 6:58:01]3번>>>> 제조사 배송 정보 신규 데이터 없음
[FimsSendDemon             ; 6:58:01]4번>>>> 제조사 배송 내역 신규 데이터 없음
[FimsSendDemon             ; 6:58:01]METS Db Dis_Conn !! 
[FimsSendDemon             ; 6:58:01]Program End.
[FimsReadDemon             ; 7:03:01] SKT FIMS INF READ DEMON START >>>>> 
[FimsReadDemon             ; 7:03:01]METS Db CONNECTION !! 
[FimsReadDemon             ; 7:03:01]2번>>>> 자재 수량 분배 신규 데이터 없음.
[FimsReadDemon             ; 7:03:01]5번>>>> 인수 승인 신규 데이터 없음.
[FimsReadDemon             ; 7:03:01]METS Db Dis_Conn !! 
[FimsReadDemon             ; 7:03:01]Program End.
[FimsSendDemon             ; 7:05:02] SKT FIMS INF SEND DEMON START >>>>> 
[FimsSendDemon             ; 7:05:02]METS Db CONNECTION !! 
[FimsSendDemon             ; 7:05:02]1번>>>> 납품지시내역 신규 데이터 없음
[FimsSendDemon             ; 7:05:02]METS Db Dis_Conn !! 
[FimsSendDemon             ; 7:05:02]Program End.
[FimsSendDemon             ; 7:08:01] SKT FIMS INF 10MIN SEND DEMON START >>>>> 
[FimsSendDemon - 10min     ; 7:08:01]METS Db CONNECTION !! 
[FimsSendDemon             ; 7:08:02]3번>>>> 제조사 배송 정보 신규 데이터 없음
[FimsSendDemon             ; 7:08:02]4번>>>> 제조사 배송 내역 신규 데이터 없음
[FimsSendDemon             ; 7:08:02]METS Db Dis_Conn !! 
[FimsSendDemon             ; 7:08:02]Program End.
[FimsReadDemon             ; 7:13:01] SKT FIMS INF READ DEMON START >>>>> 
[FimsReadDemon             ; 7:13:02]METS Db CONNECTION !! 
[FimsReadDemon             ; 7:13:02]2번>>>> 자재 수량 분배 신규 데이터 없음.
[FimsReadDemon             ; 7:13:02]5번>>>> 인수 승인 신규 데이터 없음.
[FimsReadDemon             ; 7:13:02]METS Db Dis_Conn !! 
[FimsReadDemon             ; 7:13:02]Program End.
[FimsSendDemon             ; 7:18:01] SKT FIMS INF 10MIN SEND DEMON START >>>>> 
[FimsSendDemon - 10min     ; 7:18:01]METS Db CONNECTION !! 
[FimsSendDemon             ; 7:18:01]3번>>>> 제조사 배송 정보 신규 데이터 없음
[FimsSendDemon             ; 7:18:01]4번>>>> 제조사 배송 내역 신규 데이터 없음
[FimsSendDemon             ; 7:18:01]METS Db Dis_Conn !! 
[FimsSendDemon             ; 7:18:01]Program End.
[FimsReadDemon             ; 7:23:01] SKT FIMS INF READ DEMON START >>>>> 
[FimsReadDemon             ; 7:23:01]METS Db CONNECTION !! 
[FimsReadDemon             ; 7:23:01]2번>>>> 자재 수량 분배 신규 데이터 없음.
[FimsReadDemon             ; 7:23:01]5번>>>> 인수 승인 신규 데이터 없음.
[FimsReadDemon             ; 7:23:01]METS Db Dis_Conn !! 
[FimsReadDemon             ; 7:23:01]Program End.
[FimsSendDemon             ; 7:28:01] SKT FIMS INF 10MIN SEND DEMON START >>>>> 
[FimsSendDemon - 10min     ; 7:28:01]METS Db CONNECTION !! 
[FimsSendDemon             ; 7:28:02]3번>>>> 제조사 배송 정보 신규 데이터 없음
[FimsSendDemon             ; 7:28:02]4번>>>> 제조사 배송 내역 신규 데이터 없음
[FimsSendDemon             ; 7:28:02]METS Db Dis_Conn !! 
[FimsSendDemon             ; 7:28:02]Program End.
[FimsReadDemon             ; 7:33:01] SKT FIMS INF READ DEMON START >>>>> 
[FimsReadDemon             ; 7:33:01]METS Db CONNECTION !! 
[FimsReadDemon             ; 7:33:01]2번>>>> 자재 수량 분배 신규 데이터 없음.
[FimsReadDemon             ; 7:33:01]5번>>>> 인수 승인 신규 데이터 없음.
[FimsReadDemon             ; 7:33:01]METS Db Dis_Conn !! 
[FimsReadDemon             ; 7:33:01]Program End.
[FimsSendDemon             ; 7:35:01] SKT FIMS INF SEND DEMON START >>>>> 
[FimsSendDemon             ; 7:35:01]METS Db CONNECTION !! 
[FimsSendDemon             ; 7:35:01]1번>>>> 납품지시내역 신규 데이터 없음
[FimsSendDemon             ; 7:35:01]METS Db Dis_Conn !! 
[FimsSendDemon             ; 7:35:01]Program End.
[FimsSendDemon             ; 7:38:01] SKT FIMS INF 10MIN SEND DEMON START >>>>> 
[FimsSendDemon - 10min     ; 7:38:01]METS Db CONNECTION !! 
[FimsSendDemon             ; 7:38:01]3번>>>> 제조사 배송 정보 신규 데이터 없음
[FimsSendDemon             ; 7:38:01]4번>>>> 제조사 배송 내역 신규 데이터 없음
[FimsSendDemon             ; 7:38:01]METS Db Dis_Conn !! 
[FimsSendDemon             ; 7:38:01]Program End.
[FimsReadDemon             ; 7:43:02] SKT FIMS INF READ DEMON START >>>>> 
[FimsReadDemon             ; 7:43:02]METS Db CONNECTION !! 
[FimsReadDemon             ; 7:43:02]2번>>>> 자재 수량 분배 신규 데이터 없음.
[FimsReadDemon             ; 7:43:02]5번>>>> 인수 승인 신규 데이터 없음.
[FimsReadDemon             ; 7:43:02]METS Db Dis_Conn !! 
[FimsReadDemon             ; 7:43:02]Program End.
[FimsSendDemon             ; 7:48:01] SKT FIMS INF 10MIN SEND DEMON START >>>>> 
[FimsSendDemon - 10min     ; 7:48:02]METS Db CONNECTION !! 
[FimsSendDemon             ; 7:48:02]3번>>>> 제조사 배송 정보 신규 데이터 없음
[FimsSendDemon             ; 7:48:02]4번>>>> 제조사 배송 내역 신규 데이터 없음
[FimsSendDemon             ; 7:48:02]METS Db Dis_Conn !! 
[FimsSendDemon             ; 7:48:02]Program End.
[FimsReadDemon             ; 7:53:01] SKT FIMS INF READ DEMON START >>>>> 
[FimsReadDemon             ; 7:53:01]METS Db CONNECTION !! 
[FimsReadDemon             ; 7:53:01]2번>>>> 자재 수량 분배 신규 데이터 없음.
[FimsReadDemon             ; 7:53:01]5번>>>> 인수 승인 신규 데이터 없음.
[FimsReadDemon             ; 7:53:01]METS Db Dis_Conn !! 
[FimsReadDemon             ; 7:53:01]Program End.
[FimsSendDemon             ; 7:58:01] SKT FIMS INF 10MIN SEND DEMON START >>>>> 
[FimsSendDemon - 10min     ; 7:58:02]METS Db CONNECTION !! 
[FimsSendDemon             ; 7:58:02]3번>>>> 제조사 배송 정보 신규 데이터 없음
[FimsSendDemon             ; 7:58:02]4번>>>> 제조사 배송 내역 신규 데이터 없음
[FimsSendDemon             ; 7:58:02]METS Db Dis_Conn !! 
[FimsSendDemon             ; 7:58:02]Program End.
[FimsReadDemon             ; 8:03:02] SKT FIMS INF READ DEMON START >>>>> 
[FimsReadDemon             ; 8:03:02]METS Db CONNECTION !! 
[FimsReadDemon             ; 8:03:02]2번>>>> 자재 수량 분배 신규 데이터 없음.
[FimsReadDemon             ; 8:03:02]5번>>>> 인수 승인 신규 데이터 없음.
[FimsReadDemon             ; 8:03:02]METS Db Dis_Conn !! 
[FimsReadDemon             ; 8:03:02]Program End.
[FimsSendDemon             ; 8:05:02] SKT FIMS INF SEND DEMON START >>>>> 
[FimsSendDemon             ; 8:05:02]METS Db CONNECTION !! 
[FimsSendDemon             ; 8:05:02]1번>>>> 납품지시내역 신규 데이터 없음
[FimsSendDemon             ; 8:05:02]METS Db Dis_Conn !! 
[FimsSendDemon             ; 8:05:02]Program End.
[FimsSendDemon             ; 8:08:01] SKT FIMS INF 10MIN SEND DEMON START >>>>> 
[FimsSendDemon - 10min     ; 8:08:01]METS Db CONNECTION !! 
[FimsSendDemon             ; 8:08:02]3번>>>> 제조사 배송 정보 신규 데이터 없음
[FimsSendDemon             ; 8:08:02]4번>>>> 제조사 배송 내역 신규 데이터 없음
[FimsSendDemon             ; 8:08:02]METS Db Dis_Conn !! 
[FimsSendDemon             ; 8:08:02]Program End.
[FimsReadDemon             ; 8:13:01] SKT FIMS INF READ DEMON START >>>>> 
[FimsReadDemon             ; 8:13:01]METS Db CONNECTION !! 
[FimsReadDemon             ; 8:13:01]2번>>>> 자재 수량 분배 신규 데이터 없음.
[FimsReadDemon             ; 8:13:01]5번>>>> 인수 승인 신규 데이터 없음.
[FimsReadDemon             ; 8:13:01]METS Db Dis_Conn !! 
[FimsReadDemon             ; 8:13:01]Program End.
[FimsSendDemon             ; 8:18:01] SKT FIMS INF 10MIN SEND DEMON START >>>>> 
[FimsSendDemon - 10min     ; 8:18:02]METS Db CONNECTION !! 
[FimsSendDemon             ; 8:18:02]3번>>>> 제조사 배송 정보 신규 데이터 없음
[FimsSendDemon             ; 8:18:02]4번>>>> 제조사 배송 내역 신규 데이터 없음
[FimsSendDemon             ; 8:18:02]METS Db Dis_Conn !! 
[FimsSendDemon             ; 8:18:02]Program End.
[FimsReadDemon             ; 8:23:01] SKT FIMS INF READ DEMON START >>>>> 
[FimsReadDemon             ; 8:23:01]METS Db CONNECTION !! 
[FimsReadDemon             ; 8:23:01]2번>>>> 자재 수량 분배 신규 데이터 없음.
[FimsReadDemon             ; 8:23:01]5번>>>> 인수 승인 신규 데이터 없음.
[FimsReadDemon             ; 8:23:01]METS Db Dis_Conn !! 
[FimsReadDemon             ; 8:23:01]Program End.
[FimsSendDemon             ; 8:28:01] SKT FIMS INF 10MIN SEND DEMON START >>>>> 
[FimsSendDemon - 10min     ; 8:28:01]METS Db CONNECTION !! 
[FimsSendDemon             ; 8:28:02]3번>>>> 제조사 배송 정보 신규 데이터 없음
[FimsSendDemon             ; 8:28:02]4번>>>> 제조사 배송 내역 신규 데이터 없음
[FimsSendDemon             ; 8:28:02]METS Db Dis_Conn !! 
[FimsSendDemon             ; 8:28:02]Program End.
[FimsReadDemon             ; 8:33:01] SKT FIMS INF READ DEMON START >>>>> 
[FimsReadDemon             ; 8:33:01]METS Db CONNECTION !! 
[FimsReadDemon             ; 8:33:01]2번>>>> 자재 수량 분배 신규 데이터 없음.
[FimsReadDemon             ; 8:33:01]5번>>>> 인수 승인 신규 데이터 없음.
[FimsReadDemon             ; 8:33:01]METS Db Dis_Conn !! 
[FimsReadDemon             ; 8:33:01]Program End.
[FimsSendDemon             ; 8:35:01] SKT FIMS INF SEND DEMON START >>>>> 
[FimsSendDemon             ; 8:35:01]METS Db CONNECTION !! 
[FimsSendDemon             ; 8:35:01]1번>>>> 납품지시내역 신규 데이터 없음
[FimsSendDemon             ; 8:35:01]METS Db Dis_Conn !! 
[FimsSendDemon             ; 8:35:01]Program End.
[FimsSendDemon             ; 8:38:01] SKT FIMS INF 10MIN SEND DEMON START >>>>> 
[FimsSendDemon - 10min     ; 8:38:02]METS Db CONNECTION !! 
[FimsSendDemon             ; 8:38:02]3번>>>> 제조사 배송 정보 신규 데이터 없음
[FimsSendDemon             ; 8:38:02]4번>>>> 제조사 배송 내역 신규 데이터 없음
[FimsSendDemon             ; 8:38:02]METS Db Dis_Conn !! 
[FimsSendDemon             ; 8:38:02]Program End.
[FimsReadDemon             ; 8:43:01] SKT FIMS INF READ DEMON START >>>>> 
[FimsReadDemon             ; 8:43:02]METS Db CONNECTION !! 
[FimsReadDemon             ; 8:43:02]2번>>>> 자재 수량 분배 신규 데이터 없음.
[FimsReadDemon             ; 8:43:02]5번>>>> 인수 승인 신규 데이터 없음.
[FimsReadDemon             ; 8:43:02]METS Db Dis_Conn !! 
[FimsReadDemon             ; 8:43:02]Program End.
[FimsSendDemon             ; 8:48:01] SKT FIMS INF 10MIN SEND DEMON START >>>>> 
[FimsSendDemon - 10min     ; 8:48:01]METS Db CONNECTION !! 
[FimsSendDemon             ; 8:48:02]3번>>>> 제조사 배송 정보 신규 데이터 없음
[FimsSendDemon             ; 8:48:02]4번>>>> 제조사 배송 내역 신규 데이터 없음
[FimsSendDemon             ; 8:48:02]METS Db Dis_Conn !! 
[FimsSendDemon             ; 8:48:02]Program End.
[FimsReadDemon             ; 8:53:02] SKT FIMS INF READ DEMON START >>>>> 
[FimsReadDemon             ; 8:53:02]METS Db CONNECTION !! 
[FimsReadDemon             ; 8:53:02]2번>>>> 자재 수량 분배 신규 데이터 없음.
[FimsReadDemon             ; 8:53:02]5번>>>> 인수 승인 신규 데이터 없음.
[FimsReadDemon             ; 8:53:02]METS Db Dis_Conn !! 
[FimsReadDemon             ; 8:53:02]Program End.
[FimsSendDemon             ; 8:58:01] SKT FIMS INF 10MIN SEND DEMON START >>>>> 
[FimsSendDemon - 10min     ; 8:58:01]METS Db CONNECTION !! 
[FimsSendDemon             ; 8:58:01]3번>>>> 제조사 배송 정보 신규 데이터 없음
[FimsSendDemon             ; 8:58:01]4번>>>> 제조사 배송 내역 신규 데이터 없음
[FimsSendDemon             ; 8:58:01]METS Db Dis_Conn !! 
[FimsSendDemon             ; 8:58:01]Program End.
[FimsReadDemon             ; 9:03:02] SKT FIMS INF READ DEMON START >>>>> 
[FimsReadDemon             ; 9:03:02]METS Db CONNECTION !! 
[FimsReadDemon             ; 9:03:02]2번>>>> 자재 수량 분배 신규 데이터 없음.
[FimsReadDemon             ; 9:03:02]5번>>>> 인수 승인 신규 데이터 없음.
[FimsReadDemon             ; 9:03:02]METS Db Dis_Conn !! 
[FimsReadDemon             ; 9:03:02]Program End.
[FimsSendDemon             ; 9:05:02] SKT FIMS INF SEND DEMON START >>>>> 
[FimsSendDemon             ; 9:05:02]METS Db CONNECTION !! 
[FimsSendDemon             ; 9:05:02]1번>>>> 납품지시내역 신규 데이터 없음
[FimsSendDemon             ; 9:05:02]METS Db Dis_Conn !! 
[FimsSendDemon             ; 9:05:02]Program End.
[FimsSendDemon             ; 9:08:01] SKT FIMS INF 10MIN SEND DEMON START >>>>> 
[FimsSendDemon - 10min     ; 9:08:02]METS Db CONNECTION !! 
[FimsSendDemon             ; 9:08:02]3번>>>> 제조사 배송 정보 신규 데이터 없음
[FimsSendDemon             ; 9:08:02]4번>>>> 제조사 배송 내역 신규 데이터 없음
[FimsSendDemon             ; 9:08:02]METS Db Dis_Conn !! 
[FimsSendDemon             ; 9:08:02]Program End.
[FimsReadDemon             ; 9:13:02] SKT FIMS INF READ DEMON START >>>>> 
[FimsReadDemon             ; 9:13:02]METS Db CONNECTION !! 
[FimsReadDemon             ; 9:13:02]2번>>>> 자재 수량 분배 신규 데이터 없음.
[FimsReadDemon             ; 9:13:02]5번>>>> 인수 승인 신규 데이터 없음.
[FimsReadDemon             ; 9:13:02]METS Db Dis_Conn !! 
[FimsReadDemon             ; 9:13:02]Program End.
[FimsSendDemon             ; 9:18:01] SKT FIMS INF 10MIN SEND DEMON START >>>>> 
[FimsSendDemon - 10min     ; 9:18:01]METS Db CONNECTION !! 
[FimsSendDemon             ; 9:18:02]3번>>>> 제조사 배송 정보 신규 데이터 없음
[FimsSendDemon             ; 9:18:02]4번>>>> 제조사 배송 내역 신규 데이터 없음
[FimsSendDemon             ; 9:18:02]METS Db Dis_Conn !! 
[FimsSendDemon             ; 9:18:02]Program End.
[FimsReadDemon             ; 9:23:02] SKT FIMS INF READ DEMON START >>>>> 
[FimsReadDemon             ; 9:23:02]METS Db CONNECTION !! 
[FimsReadDemon             ; 9:23:02]2번>>>> 자재 수량 분배 신규 데이터 없음.
[FimsReadDemon             ; 9:23:02]5번>>>> 인수 승인 신규 데이터 없음.
[FimsReadDemon             ; 9:23:02]METS Db Dis_Conn !! 
[FimsReadDemon             ; 9:23:02]Program End.
[FimsSendDemon             ; 9:28:01] SKT FIMS INF 10MIN SEND DEMON START >>>>> 
[FimsSendDemon - 10min     ; 9:28:02]METS Db CONNECTION !! 
[FimsSendDemon             ; 9:28:02]3번>>>> 제조사 배송 정보 신규 데이터 없음
[FimsSendDemon             ; 9:28:02]4번>>>> 제조사 배송 내역 신규 데이터 없음
[FimsSendDemon             ; 9:28:02]METS Db Dis_Conn !! 
[FimsSendDemon             ; 9:28:02]Program End.
[FimsReadDemon             ; 9:33:02] SKT FIMS INF READ DEMON START >>>>> 
[FimsReadDemon             ; 9:33:02]METS Db CONNECTION !! 
[FimsReadDemon             ; 9:33:02]2번>>>> 자재 수량 분배 신규 데이터 없음.
[FimsReadDemon             ; 9:33:02]5번>>>> 인수 승인 신규 데이터 없음.
[FimsReadDemon             ; 9:33:02]METS Db Dis_Conn !! 
[FimsReadDemon             ; 9:33:02]Program End.
[FimsSendDemon             ; 9:35:02] SKT FIMS INF SEND DEMON START >>>>> 
[FimsSendDemon             ; 9:35:02]METS Db CONNECTION !! 
[FimsSendDemon             ; 9:35:02]1번>>>> 납품지시내역 신규 데이터 없음
[FimsSendDemon             ; 9:35:02]METS Db Dis_Conn !! 
[FimsSendDemon             ; 9:35:02]Program End.
[FimsSendDemon             ; 9:38:01] SKT FIMS INF 10MIN SEND DEMON START >>>>> 
[FimsSendDemon - 10min     ; 9:38:01]METS Db CONNECTION !! 
[FimsSendDemon             ; 9:38:01]3번>>>> 제조사 배송 정보 신규 데이터 없음
[FimsSendDemon             ; 9:38:01]4번>>>> 제조사 배송 내역 신규 데이터 없음
[FimsSendDemon             ; 9:38:01]METS Db Dis_Conn !! 
[FimsSendDemon             ; 9:38:01]Program End.
[FimsReadDemon             ; 9:43:01] SKT FIMS INF READ DEMON START >>>>> 
[FimsReadDemon             ; 9:43:02]METS Db CONNECTION !! 
[FimsReadDemon             ; 9:43:02]2번>>>> 자재 수량 분배 신규 데이터 없음.
[FimsReadDemon             ; 9:43:02]5번>>>> 인수 승인 신규 데이터 없음.
[FimsReadDemon             ; 9:43:02]METS Db Dis_Conn !! 
[FimsReadDemon             ; 9:43:02]Program End.
[FimsSendDemon             ; 9:48:02] SKT FIMS INF 10MIN SEND DEMON START >>>>> 
[FimsSendDemon - 10min     ; 9:48:02]METS Db CONNECTION !! 
[FimsSendDemon             ; 9:48:02]3번>>>> 제조사 배송 정보 신규 데이터 없음
[FimsSendDemon             ; 9:48:02]4번>>>> 제조사 배송 내역 신규 데이터 없음
[FimsSendDemon             ; 9:48:02]METS Db Dis_Conn !! 
[FimsSendDemon             ; 9:48:02]Program End.
